BUILD: [Thrd:Sequence:Type  ] Message
BUILD: [00:0000000000:PROGC ] Build started with parameters: -c
BUILD: [00:0000000001:PROGC ] Build started in directory: C:\WINCE600\PLATFORM\COMMON\SRC\SOC\COMMON_TI_V1\COMMON_TI\SPI
BUILD: [00:0000000002:PROGC ] Checking for C:\WINCE600\sdk\bin\i386\srccheck.exe.
BUILD: [00:0000000003:PROGC ] Running passes WCEFILES0, MIDL, MC, ASN, THUNK, PRECOMPHEADER, COMPILE, LIB, LINK, MANAGEDRESX, MANAGEDMOD, MANAGEDDLL, MANAGEDEXE, MANAGEDWIN for ARM.
BUILD: [00:0000000004:PROGC ] Ignoring build database (-c specified).
BUILD: [00:0000000005:PROGC ] Computing include file dependencies:
BUILD: [00:0000000006:PROGC ] Checking for SDK include directory: C:\WINCE600\sdk\CE\inc.
BUILD: [00:0000000007:PROGC ] Scan C:\WINCE600\PLATFORM\COMMON\SRC\SOC\COMMON_TI_V1\COMMON_TI\SPI\
BUILD: [00:0000000008:PROGC ] Saving C:\WINCE600\PLATFORM\COMMON\Build.dat.
BUILD: [00:0000000009:INFO  ] Done.
BUILD: [00:0000000010:INFO  ] Will Build C:\WINCE600\PLATFORM\COMMON\SRC\SOC\COMMON_TI_V1\COMMON_TI\SPI\dma_init.c because target: obj\ARMV4I\retail\dma_init.obj is missing.
BUILD: [00:0000000011:INFO  ] Will Build C:\WINCE600\PLATFORM\COMMON\SRC\SOC\COMMON_TI_V1\COMMON_TI\SPI\spi.c because target: obj\ARMV4I\retail\spi.obj is missing.
BUILD: [00:0000000012:PROGC ] Building COMPILE Pass in C:\WINCE600\PLATFORM\COMMON\SRC\SOC\COMMON_TI_V1\COMMON_TI\SPI\ directory.
BUILD: [00:0000000013:PROG  ] 'NMAKE.EXE TargetCompilePass  -i -c BUILDMSG=Stop.  BUILDROOT=C:\WINCE600\PLATFORM\COMMON CLEANBUILD=1 NOLINK=1 NOPASS0=1'
BUILD: [01:0000000014:INFO  ] makefile.def: Including C:\WINCE600\public\common\oak\misc\Sources.default
BUILD: [01:0000000015:INFO  ] makefile.def: BUILDROOT is C:\WINCE600\PLATFORM\COMMON
BUILD: [01:0000000016:INFO  ] makefile.def: Including C:\WINCE600\PLATFORM\COMMON\sources.cmn
BUILD: [01:0000000017:INFO  ] makefile.def: Including C:\WINCE600\PLATFORM\COMMON\SRC\SOC\COMMON_TI_V1\COMMON_TI\SPI\sources
BUILD: [01:0000000018:INFO  ] makefile.def: Including C:\WINCE600\public\common\oak\misc\Sources.CE
BUILD: [01:0000000019:INFO  ] Directory: C:\WINCE600\PLATFORM\COMMON\SRC\SOC\COMMON_TI_V1\COMMON_TI\SPI
BUILD: [01:0000000020:INFO  ] TARGETNAME: common_ti_mcspi
BUILD: [01:0000000021:INFO  ] makefile.def: Including C:\WINCE600\public\common\oak\misc\sources.ReleaseType_PLATFORMCOMMON
BUILD: [01:0000000022:PROGC ] Compiling .\dma_init.c
BUILD: [01:0000000023:INFO  ] cl -nologo   /Gy -Foobj\ARMV4I\retail\dma_init.obj -c -IARM\ -I. -IC:\WINCE600\platform\common\src\inc -IC:\WINCE600\platform\COMMON\src\soc\COMMON_TI_V1\COMMON_TI\inc -IC:\WINCE600\public\common\oak\inc -IC:\WINCE600\public\common\sdk\inc -IC:\WINCE600\public\common\ddk\inc -IC:\WINCE600\sdk\CE\inc -I.\Resource\0409 -Ox -Os -GF -Zi -FdC:\WINCE600\platform\common\lib\ARMV4I\retail\common_ti_mcspi.pdb -D_CRT_SECURE_NO_DEPRECATE -D_USE_32BIT_TIME_T -DUNICODE -D_UNICODE -DUNDER_CE=600 -D_WIN32_WCE=0x600 -DWINCEOEM -DWINCEINTERNAL -DWIN32 -DSTRICT -DARM -DARMV4I -D_ARM_ -DNDEBUG=1  -Dproject_cebase -DCEDDK_USEDDKMACRO -D_WINCEOSVER=600 -DOAL_BSP_CALLBACKS -DOAL_ILTIMING -DCEDDK_USEDDKMACRO -DINTERNATIONAL -DINTLMSG_CODEPAGE=1252 -FAsc -Faobj\ARMV4I\retail\dma_init.cod -WX -QRimplicit-import- -Zi  -Zc:wchar_t- -Zc:forScope- -wd4867 -wd4430 -MT -U_MT -W4    /GR- -QRarch4T -DTHUMBSUPPORT -QRinterwork-return  /GS C:\WINCE600\PLATFORM\COMMON\SRC\SOC\COMMON_TI_V1\COMMON_TI\SPI\.\dma_init.c
BUILD: [01:0000000024:INFO  ] dma_init.c
BUILD: [01:0000000025:PROGC ] Compiling .\spi.c
BUILD: [01:0000000026:INFO  ] cl -nologo   /Gy -Foobj\ARMV4I\retail\spi.obj -c -IARM\ -I. -IC:\WINCE600\platform\common\src\inc -IC:\WINCE600\platform\COMMON\src\soc\COMMON_TI_V1\COMMON_TI\inc -IC:\WINCE600\public\common\oak\inc -IC:\WINCE600\public\common\sdk\inc -IC:\WINCE600\public\common\ddk\inc -IC:\WINCE600\sdk\CE\inc -I.\Resource\0409 -Ox -Os -GF -Zi -FdC:\WINCE600\platform\common\lib\ARMV4I\retail\common_ti_mcspi.pdb -D_CRT_SECURE_NO_DEPRECATE -D_USE_32BIT_TIME_T -DUNICODE -D_UNICODE -DUNDER_CE=600 -D_WIN32_WCE=0x600 -DWINCEOEM -DWINCEINTERNAL -DWIN32 -DSTRICT -DARM -DARMV4I -D_ARM_ -DNDEBUG=1  -Dproject_cebase -DCEDDK_USEDDKMACRO -D_WINCEOSVER=600 -DOAL_BSP_CALLBACKS -DOAL_ILTIMING -DCEDDK_USEDDKMACRO -DINTERNATIONAL -DINTLMSG_CODEPAGE=1252 -FAsc -Faobj\ARMV4I\retail\spi.cod -WX -QRimplicit-import- -Zi  -Zc:wchar_t- -Zc:forScope- -wd4867 -wd4430 -MT -U_MT -W4    /GR- -QRarch4T -DTHUMBSUPPORT -QRinterwork-return  /GS C:\WINCE600\PLATFORM\COMMON\SRC\SOC\COMMON_TI_V1\COMMON_TI\SPI\.\spi.c
BUILD: [01:0000000027:INFO  ] spi.c
BUILD: [00:0000000028:INFO  ] Will Build C:\WINCE600\PLATFORM\COMMON\SRC\SOC\COMMON_TI_V1\COMMON_TI\SPI\obj\ARMV4I\retail\dma_init.obj because target: C:\WINCE600\platform\common\lib\ARMV4I\retail\common_ti_mcspi.lib is missing.
BUILD: [00:0000000029:INFO  ] Will Build C:\WINCE600\PLATFORM\COMMON\SRC\SOC\COMMON_TI_V1\COMMON_TI\SPI\obj\ARMV4I\retail\spi.obj because target: C:\WINCE600\platform\common\lib\ARMV4I\retail\common_ti_mcspi.lib is missing.
BUILD: [00:0000000030:INFO  ] Will Build C:\WINCE600\PLATFORM\COMMON\SRC\SOC\COMMON_TI_V1\COMMON_TI\SPI\ because target: C:\WINCE600\platform\common\lib\ARMV4I\retail\common_ti_mcspi.lib is missing.
BUILD: [00:0000000031:PROGC ] Building LIB Pass in C:\WINCE600\PLATFORM\COMMON\SRC\SOC\COMMON_TI_V1\COMMON_TI\SPI\ directory.
BUILD: [00:0000000032:PROG  ] 'NMAKE.EXE TargetLibFiles  -i -c BUILDMSG=Stop.  BUILDROOT=C:\WINCE600\PLATFORM\COMMON CLEANBUILD=1 LINKONLY=1 NOPASS0=1'
BUILD: [01:0000000033:INFO  ] makefile.def: Including C:\WINCE600\public\common\oak\misc\Sources.default
BUILD: [01:0000000034:INFO  ] makefile.def: BUILDROOT is C:\WINCE600\PLATFORM\COMMON
BUILD: [01:0000000035:INFO  ] makefile.def: Including C:\WINCE600\PLATFORM\COMMON\sources.cmn
BUILD: [01:0000000036:INFO  ] makefile.def: Including C:\WINCE600\PLATFORM\COMMON\SRC\SOC\COMMON_TI_V1\COMMON_TI\SPI\sources
BUILD: [01:0000000037:INFO  ] makefile.def: Including C:\WINCE600\public\common\oak\misc\Sources.CE
BUILD: [01:0000000038:INFO  ] Directory: C:\WINCE600\PLATFORM\COMMON\SRC\SOC\COMMON_TI_V1\COMMON_TI\SPI
BUILD: [01:0000000039:INFO  ] TARGETNAME: common_ti_mcspi
BUILD: [01:0000000040:INFO  ] makefile.def: Including C:\WINCE600\public\common\oak\misc\sources.ReleaseType_PLATFORMCOMMON
BUILD: [01:0000000041:PROGC ] Linking C:\WINCE600\platform\common\lib\ARMV4I\retail\common_ti_mcspi.lib
BUILD: [01:0000000042:INFO  ] 	link -lib -out:C:\WINCE600\platform\common\lib\ARMV4I\retail\common_ti_mcspi.lib -machine:thumb @C:\DOCUME~1\brian.hsu\LOCALS~1\Temp\nmBB0.tmp
BUILD: [00:0000000043:PROGC ] Saving C:\WINCE600\PLATFORM\COMMON\Build.dat.
BUILD: [00:0000000044:INFO  ] Done.
BUILD: [00:0000000045:PROGC ] Done.
BUILD: [00:0000000046:PROGC ]                        Files  Warnings  Errors
BUILD: [00:0000000047:PROGC ] Midl                       0         0       0
BUILD: [00:0000000048:PROGC ] Message                    0         0       0
BUILD: [00:0000000049:PROGC ] Precomp Header             0         0       0
BUILD: [00:0000000050:PROGC ] Resource                   0         0       0
BUILD: [00:0000000051:PROGC ] MASM                       0         0       0
BUILD: [00:0000000052:PROGC ] SHASM                      0         0       0
BUILD: [00:0000000053:PROGC ] ARMASM                     0         0       0
BUILD: [00:0000000054:PROGC ] MIPSASM                    0         0       0
BUILD: [00:0000000055:PROGC ] C++                        0         0       0
BUILD: [00:0000000056:PROGC ] C                          2         0       0
BUILD: [00:0000000057:PROGC ] Static Libraries           1         0       0
BUILD: [00:0000000058:PROGC ] Exe's                      0         0       0
BUILD: [00:0000000059:PROGC ] Dll's                      0         0       0
BUILD: [00:0000000060:PROGC ] Preprocess deffile         0         0       0
BUILD: [00:0000000061:PROGC ] Resx                       0         0       0
BUILD: [00:0000000062:PROGC ] CSharp Compile             0         0       0
BUILD: [00:0000000063:PROGC ] Other                      0         0       0
BUILD: [00:0000000064:PROGC ] 
BUILD: [00:0000000065:PROGC ] Total                      3         0       0
BUILD: [00:0000000066:PROGC ] 
BUILD: [00:0000000067:PROGC ] 0 Warnings,  0 Errors
BUILD: [00:0000000068:PROGC ] GetSystemTimes (seconds): Idle: 11    Kernel: 14    User: 1    
BUILD: [00:0000000069:PROGC ] Elapsed  time  (seconds): 3    
