BUILD: [Thrd:Sequence:Type  ] Message
BUILD: [00:0000000000:PROGC ] Build started with parameters: -c
BUILD: [00:0000000001:PROGC ] Build started in directory: C:\WINCE600\PLATFORM\COMMON\SRC\SOC\COMMON_TI_V1\COMMON_TI\BOOT\SDHC
BUILD: [00:0000000002:PROGC ] Checking for C:\WINCE600\sdk\bin\i386\srccheck.exe.
BUILD: [00:0000000003:PROGC ] Running passes WCEFILES0, MIDL, MC, ASN, THUNK, PRECOMPHEADER, COMPILE, LIB, LINK, MANAGEDRESX, MANAGEDMOD, MANAGEDDLL, MANAGEDEXE, MANAGEDWIN for ARM.
BUILD: [00:0000000004:PROGC ] Ignoring build database (-c specified).
BUILD: [00:0000000005:PROGC ] Computing include file dependencies:
BUILD: [00:0000000006:PROGC ] Checking for SDK include directory: C:\WINCE600\sdk\CE\inc.
BUILD: [00:0000000007:PROGC ] Scan C:\WINCE600\PLATFORM\COMMON\SRC\SOC\COMMON_TI_V1\COMMON_TI\BOOT\SDHC\
BUILD: [00:0000000008:PROGC ] Saving C:\WINCE600\PLATFORM\COMMON\Build.dat.
BUILD: [00:0000000009:INFO  ] Done.
BUILD: [00:0000000010:INFO  ] Will Build C:\WINCE600\PLATFORM\COMMON\SRC\SOC\COMMON_TI_V1\COMMON_TI\BOOT\SDHC\sdhc.c because target: obj\ARMV4I\retail\sdhc.obj is missing.
BUILD: [00:0000000011:INFO  ] Will Build C:\WINCE600\PLATFORM\COMMON\SRC\SOC\COMMON_TI_V1\COMMON_TI\BOOT\SDHC\getidcode.s because target: obj\ARMV4I\retail\getidcode.obj is missing.
BUILD: [00:0000000012:PROGC ] Building COMPILE Pass in C:\WINCE600\PLATFORM\COMMON\SRC\SOC\COMMON_TI_V1\COMMON_TI\BOOT\SDHC\ directory.
BUILD: [00:0000000013:PROG  ] 'NMAKE.EXE TargetCompilePass  -i -c BUILDMSG=Stop.  BUILDROOT=C:\WINCE600\PLATFORM\COMMON CLEANBUILD=1 NOLINK=1 NOPASS0=1'
BUILD: [01:0000000014:INFO  ] makefile.def: Including C:\WINCE600\public\common\oak\misc\Sources.default
BUILD: [01:0000000015:INFO  ] makefile.def: BUILDROOT is C:\WINCE600\PLATFORM\COMMON
BUILD: [01:0000000016:INFO  ] makefile.def: Including C:\WINCE600\PLATFORM\COMMON\sources.cmn
BUILD: [01:0000000017:INFO  ] makefile.def: Including C:\WINCE600\PLATFORM\COMMON\SRC\SOC\COMMON_TI_V1\COMMON_TI\BOOT\SDHC\sources
BUILD: [01:0000000018:INFO  ] makefile.def: Including C:\WINCE600\public\common\oak\misc\Sources.CE
BUILD: [01:0000000019:INFO  ] Directory: C:\WINCE600\PLATFORM\COMMON\SRC\SOC\COMMON_TI_V1\COMMON_TI\BOOT\SDHC
BUILD: [01:0000000020:INFO  ] TARGETNAME: common_ti_boot_sdhc
BUILD: [01:0000000021:INFO  ] makefile.def: Including C:\WINCE600\public\common\oak\misc\sources.ReleaseType_PLATFORMCOMMON
BUILD: [01:0000000022:PROGC ] Compiling .\sdhc.c
BUILD: [01:0000000023:INFO  ] cl -nologo   /Gy -Foobj\ARMV4I\retail\sdhc.obj -c -IARM\ -I. -IC:\WINCE600\platform\common\src\inc -IC:\WINCE600\platform\COMMON\src\soc\COMMON_TI_V1\COMMON_TI\inc -IC:\WINCE600\public\common\oak\inc -IC:\WINCE600\public\common\sdk\inc -IC:\WINCE600\public\common\ddk\inc -IC:\WINCE600\sdk\CE\inc -I.\Resource\0409 -Ox -Os -GF -Zi -FdC:\WINCE600\platform\common\lib\ARMV4I\retail\common_ti_boot_sdhc.pdb -D_CRT_SECURE_NO_DEPRECATE -D_USE_32BIT_TIME_T -DUNICODE -D_UNICODE -DUNDER_CE=600 -D_WIN32_WCE=0x600 -DWINCEOEM -DWINCEINTERNAL -DWIN32 -DSTRICT -DARM -DARMV4I -D_ARM_ -DNDEBUG=1  -Dproject_cebase -DCEDDK_USEDDKMACRO -D_WINCEOSVER=600 -DOAL_BSP_CALLBACKS -DOAL_ILTIMING -DINTERNATIONAL -DINTLMSG_CODEPAGE=1252 -FAsc -Faobj\ARMV4I\retail\sdhc.cod -WX -QRimplicit-import- -Zi  -Zc:wchar_t- -Zc:forScope- -wd4867 -wd4430 -MT -U_MT -W4    /GR- -QRarch4T -DTHUMBSUPPORT -QRinterwork-return  /GS C:\WINCE600\PLATFORM\COMMON\SRC\SOC\COMMON_TI_V1\COMMON_TI\BOOT\SDHC\.\sdhc.c
BUILD: [01:0000000024:INFO  ] sdhc.c
BUILD: [01:0000000025:PROGC ] Assembling .\getidcode.s
BUILD: [01:0000000026:INFO  ] 	armasm -coff  -list obj\ARMV4I\retail\getidcode.lst -wi 150 -l 0 -cr  -i C:\WINCE600\platform\common\src\inc,C:\WINCE600\platform\COMMON\src\soc\COMMON_TI_V1\COMMON_TI\inc,C:\WINCE600\public\common\oak\inc,C:\WINCE600\public\common\sdk\inc,C:\WINCE600\public\common\ddk\inc,C:\WINCE600\sdk\CE\inc -i arm -arch 4t -pd "Thumbing SETL {FALSE}" -pd "Interworking SETL {TRUE}"  C:\WINCE600\PLATFORM\COMMON\SRC\SOC\COMMON_TI_V1\COMMON_TI\BOOT\SDHC\.\getidcode.s obj\ARMV4I\retail\getidcode.obj
BUILD: [01:0000000027:INFO  ] Microsoft (R) ARM Macro Assembler Version 14.01.60511
BUILD: [01:0000000028:INFO  ] Copyright (C) Microsoft Corporation.  All rights reserved.
BUILD: [01:0000000029:INFO  ] 
BUILD: [00:0000000030:INFO  ] Will Build C:\WINCE600\PLATFORM\COMMON\SRC\SOC\COMMON_TI_V1\COMMON_TI\BOOT\SDHC\obj\ARMV4I\retail\sdhc.obj because target: C:\WINCE600\platform\common\lib\ARMV4I\retail\common_ti_boot_sdhc.lib is missing.
BUILD: [00:0000000031:INFO  ] Will Build C:\WINCE600\PLATFORM\COMMON\SRC\SOC\COMMON_TI_V1\COMMON_TI\BOOT\SDHC\obj\ARMV4I\retail\getidcode.obj because target: C:\WINCE600\platform\common\lib\ARMV4I\retail\common_ti_boot_sdhc.lib is missing.
BUILD: [00:0000000032:INFO  ] Will Build C:\WINCE600\PLATFORM\COMMON\SRC\SOC\COMMON_TI_V1\COMMON_TI\BOOT\SDHC\ because target: C:\WINCE600\platform\common\lib\ARMV4I\retail\common_ti_boot_sdhc.lib is missing.
BUILD: [00:0000000033:PROGC ] Building LIB Pass in C:\WINCE600\PLATFORM\COMMON\SRC\SOC\COMMON_TI_V1\COMMON_TI\BOOT\SDHC\ directory.
BUILD: [00:0000000034:PROG  ] 'NMAKE.EXE TargetLibFiles  -i -c BUILDMSG=Stop.  BUILDROOT=C:\WINCE600\PLATFORM\COMMON CLEANBUILD=1 LINKONLY=1 NOPASS0=1'
BUILD: [01:0000000035:INFO  ] makefile.def: Including C:\WINCE600\public\common\oak\misc\Sources.default
BUILD: [01:0000000036:INFO  ] makefile.def: BUILDROOT is C:\WINCE600\PLATFORM\COMMON
BUILD: [01:0000000037:INFO  ] makefile.def: Including C:\WINCE600\PLATFORM\COMMON\sources.cmn
BUILD: [01:0000000038:INFO  ] makefile.def: Including C:\WINCE600\PLATFORM\COMMON\SRC\SOC\COMMON_TI_V1\COMMON_TI\BOOT\SDHC\sources
BUILD: [01:0000000039:INFO  ] makefile.def: Including C:\WINCE600\public\common\oak\misc\Sources.CE
BUILD: [01:0000000040:INFO  ] Directory: C:\WINCE600\PLATFORM\COMMON\SRC\SOC\COMMON_TI_V1\COMMON_TI\BOOT\SDHC
BUILD: [01:0000000041:INFO  ] TARGETNAME: common_ti_boot_sdhc
BUILD: [01:0000000042:INFO  ] makefile.def: Including C:\WINCE600\public\common\oak\misc\sources.ReleaseType_PLATFORMCOMMON
BUILD: [01:0000000043:PROGC ] Linking C:\WINCE600\platform\common\lib\ARMV4I\retail\common_ti_boot_sdhc.lib
BUILD: [01:0000000044:INFO  ] 	link -lib -out:C:\WINCE600\platform\common\lib\ARMV4I\retail\common_ti_boot_sdhc.lib -machine:thumb @C:\DOCUME~1\brian.hsu\LOCALS~1\Temp\nm4518.tmp
BUILD: [00:0000000045:PROGC ] Saving C:\WINCE600\PLATFORM\COMMON\Build.dat.
BUILD: [00:0000000046:INFO  ] Done.
BUILD: [00:0000000047:PROGC ] Done.
BUILD: [00:0000000048:PROGC ]                        Files  Warnings  Errors
BUILD: [00:0000000049:PROGC ] Midl                       0         0       0
BUILD: [00:0000000050:PROGC ] Message                    0         0       0
BUILD: [00:0000000051:PROGC ] Precomp Header             0         0       0
BUILD: [00:0000000052:PROGC ] Resource                   0         0       0
BUILD: [00:0000000053:PROGC ] MASM                       0         0       0
BUILD: [00:0000000054:PROGC ] SHASM                      0         0       0
BUILD: [00:0000000055:PROGC ] ARMASM                     1         0       0
BUILD: [00:0000000056:PROGC ] MIPSASM                    0         0       0
BUILD: [00:0000000057:PROGC ] C++                        0         0       0
BUILD: [00:0000000058:PROGC ] C                          1         0       0
BUILD: [00:0000000059:PROGC ] Static Libraries           1         0       0
BUILD: [00:0000000060:PROGC ] Exe's                      0         0       0
BUILD: [00:0000000061:PROGC ] Dll's                      0         0       0
BUILD: [00:0000000062:PROGC ] Preprocess deffile         0         0       0
BUILD: [00:0000000063:PROGC ] Resx                       0         0       0
BUILD: [00:0000000064:PROGC ] CSharp Compile             0         0       0
BUILD: [00:0000000065:PROGC ] Other                      0         0       0
BUILD: [00:0000000066:PROGC ] 
BUILD: [00:0000000067:PROGC ] Total                      3         0       0
BUILD: [00:0000000068:PROGC ] 
BUILD: [00:0000000069:PROGC ] 0 Warnings,  0 Errors
BUILD: [00:0000000070:PROGC ] GetSystemTimes (seconds): Idle: 4     Kernel: 5     User: 0    
BUILD: [00:0000000071:PROGC ] Elapsed  time  (seconds): 1    
