BUILD: [Thrd:Sequence:Type  ] Message
BUILD: [00:0000000000:PROGC ] Build started with parameters: -c
BUILD: [00:0000000001:PROGC ] Build started in directory: C:\WINCE600\PLATFORM\Z2170P\SRC\BSP_COMMON
BUILD: [00:0000000002:PROGC ] Checking for C:\WINCE600\sdk\bin\i386\srccheck.exe.
BUILD: [00:0000000003:PROGC ] Running passes WCEFILES0, MIDL, MC, ASN, THUNK, PRECOMPHEADER, COMPILE, LIB, LINK, MANAGEDRESX, MANAGEDMOD, MANAGEDDLL, MANAGEDEXE, MANAGEDWIN for ARM.
BUILD: [00:0000000004:PROGC ] Ignoring build database (-c specified).
BUILD: [00:0000000005:PROGC ] Computing include file dependencies:
BUILD: [00:0000000006:PROGC ] Checking for SDK include directory: C:\WINCE600\sdk\CE\inc.
BUILD: [00:0000000007:PROGC ] Scan C:\WINCE600\PLATFORM\Z2170P\SRC\BSP_COMMON\BSPCFG\
BUILD: [00:0000000008:PROGC ] Scan C:\WINCE600\PLATFORM\Z2170P\SRC\BSP_COMMON\STALL\
BUILD: [00:0000000009:PROGC ] Scan C:\WINCE600\PLATFORM\Z2170P\SRC\BSP_COMMON\ARGS\
BUILD: [00:0000000010:PROGC ] Scan C:\WINCE600\PLATFORM\Z2170P\SRC\BSP_COMMON\DISPLAY\
BUILD: [00:0000000011:PROGC ] Scan C:\WINCE600\PLATFORM\Z2170P\SRC\BSP_COMMON\BSP_PADCFG\
BUILD: [00:0000000012:PROGC ] Scan C:\WINCE600\PLATFORM\Z2170P\SRC\BSP_COMMON\TPS659XX\
BUILD: [00:0000000013:PROGC ] Scan C:\WINCE600\PLATFORM\Z2170P\SRC\BSP_COMMON\USBFN\BOOT\
BUILD: [00:0000000014:PROGC ] Scan C:\WINCE600\PLATFORM\Z2170P\SRC\BSP_COMMON\USBFN\KITL\
BUILD: [00:0000000015:PROGC ] Saving C:\WINCE600\PLATFORM\Z2170P\Build.dat.
BUILD: [00:0000000016:INFO  ] Done.
BUILD: [00:0000000017:INFO  ] Will Build C:\WINCE600\PLATFORM\Z2170P\SRC\BSP_COMMON\BSPCFG\bspcfg.c because target: obj\ARMV4I\retail\bspcfg.obj is missing.
BUILD: [00:0000000018:PROGC ] Building COMPILE Pass in C:\WINCE600\PLATFORM\Z2170P\SRC\BSP_COMMON\BSPCFG\ directory.
BUILD: [00:0000000019:PROG  ] 'NMAKE.EXE TargetCompilePass  -i -c BUILDMSG=Stop.  BUILDROOT=C:\WINCE600\PLATFORM\Z2170P CLEANBUILD=1 NOLINK=1 NOPASS0=1'
BUILD: [01:0000000020:INFO  ] makefile.def: Including C:\WINCE600\public\common\oak\misc\Sources.default
BUILD: [01:0000000021:INFO  ] makefile.def: BUILDROOT is C:\WINCE600\PLATFORM\Z2170P
BUILD: [01:0000000022:INFO  ] makefile.def: Including C:\WINCE600\PLATFORM\Z2170P\sources.cmn
BUILD: [01:0000000023:INFO  ] makefile.def: Including C:\WINCE600\PLATFORM\Z2170P\SRC\BSP_COMMON\BSPCFG\sources
BUILD: [01:0000000024:INFO  ] makefile.def: Including C:\WINCE600\public\common\oak\misc\Sources.CE
BUILD: [01:0000000025:INFO  ] Directory: C:\WINCE600\PLATFORM\Z2170P\SRC\BSP_COMMON\BSPCFG
BUILD: [01:0000000026:INFO  ] TARGETNAME: BSPCFG
BUILD: [01:0000000027:INFO  ] makefile.def: Including C:\WINCE600\public\common\oak\misc\sources.ReleaseType_PLATFORM
BUILD: [01:0000000028:PROGC ] Compiling .\bspcfg.c
BUILD: [01:0000000029:INFO  ] cl -nologo   /Gy -Foobj\ARMV4I\retail\bspcfg.obj -c -IARM\ -I. -IC:\WINCE600\platform\COMMON\src\inc -IC:\WINCE600\platform\Z2170P\src\inc -IC:\WINCE600\platform\COMMON\src\soc\COMMON_TI_V1\TRITON\inc -IC:\WINCE600\platform\COMMON\src\soc\COMMON_TI_V1\TPS659xx\inc -IC:\WINCE600\platform\COMMON\src\soc\COMMON_TI_V1\COMMON_TI\inc -IC:\WINCE600\platform\COMMON\src\soc\COMMON_TI_V1\OMAP3530\inc -IC:\WINCE600\public\common\sdk\inc -IC:\WINCE600\public\common\oak\inc -IC:\WINCE600\public\common\ddk\inc -IC:\WINCE600\sdk\CE\inc -I.\Resource\0409 -Ox -Os -GF -Zi -FdC:\WINCE600\platform\Z2170P\lib\ARMV4I\retail\BSPCFG.pdb -D_CRT_SECURE_NO_DEPRECATE -D_USE_32BIT_TIME_T -DUNICODE -D_UNICODE -DUNDER_CE=600 -D_WIN32_WCE=0x600 -DWINCEOEM -DWINCEINTERNAL -DWIN32 -DSTRICT -DARM -DARMV4I -D_ARM_ -DNDEBUG=1  -D_SOC_MODEL=OMAP3530 -D_TRITON_MODEL=TPS659xx -DCEDDK_USEDDKMACRO -D_WINCEOSVER=600 -DBSP_EVM2 -DBSP_OPM_SELECT_37XX=4 -DBSP_OPM_SELECT_35XX=5 -DBSP_RTC_WAKES_CPU -DBSP_SDRAM_BANK1_ENABLE -DINTERNATIONAL -DINTLMSG_CODEPAGE=1252 -FAsc -Faobj\ARMV4I\retail\bspcfg.cod -WX -QRimplicit-import- -Zi  -Zc:wchar_t- -Zc:forScope- -wd4867 -wd4430 -MT -U_MT -W4 /analyze   /GR- -QRarch4T -DTHUMBSUPPORT -QRinterwork-return  /GS C:\WINCE600\PLATFORM\Z2170P\SRC\BSP_COMMON\BSPCFG\.\bspcfg.c
BUILD: [01:0000000030:INFO  ] bspcfg.c
BUILD: [00:0000000031:INFO  ] Will Build C:\WINCE600\PLATFORM\Z2170P\SRC\BSP_COMMON\STALL\stall.s because target: obj\ARMV4I\retail\stall.obj is missing.
BUILD: [00:0000000032:PROGC ] Building COMPILE Pass in C:\WINCE600\PLATFORM\Z2170P\SRC\BSP_COMMON\STALL\ directory.
BUILD: [00:0000000033:PROG  ] 'NMAKE.EXE TargetCompilePass  -i -c BUILDMSG=Stop.  BUILDROOT=C:\WINCE600\PLATFORM\Z2170P CLEANBUILD=1 NOLINK=1 NOPASS0=1'
BUILD: [01:0000000034:INFO  ] makefile.def: Including C:\WINCE600\public\common\oak\misc\Sources.default
BUILD: [01:0000000035:INFO  ] makefile.def: BUILDROOT is C:\WINCE600\PLATFORM\Z2170P
BUILD: [01:0000000036:INFO  ] makefile.def: Including C:\WINCE600\PLATFORM\Z2170P\sources.cmn
BUILD: [01:0000000037:INFO  ] makefile.def: Including C:\WINCE600\PLATFORM\Z2170P\SRC\BSP_COMMON\STALL\sources
BUILD: [01:0000000038:INFO  ] makefile.def: Including C:\WINCE600\public\common\oak\misc\Sources.CE
BUILD: [01:0000000039:INFO  ] Directory: C:\WINCE600\PLATFORM\Z2170P\SRC\BSP_COMMON\STALL
BUILD: [01:0000000040:INFO  ] TARGETNAME: bsp_stall
BUILD: [01:0000000041:INFO  ] makefile.def: Including C:\WINCE600\public\common\oak\misc\sources.ReleaseType_PLATFORM
BUILD: [01:0000000042:PROGC ] Assembling .\stall.s
BUILD: [01:0000000043:INFO  ] 	armasm -coff  -list obj\ARMV4I\retail\stall.lst -wi 150 -l 0 -cr -pd "BSP_SDRAM_BANK1_ENABLE SETL {TRUE}"  -i C:\WINCE600\platform\COMMON\src\inc,C:\WINCE600\platform\Z2170P\src\inc,C:\WINCE600\platform\COMMON\src\soc\COMMON_TI_V1\TRITON\inc,C:\WINCE600\platform\COMMON\src\soc\COMMON_TI_V1\TPS659xx\inc,C:\WINCE600\platform\COMMON\src\soc\COMMON_TI_V1\COMMON_TI\inc,C:\WINCE600\platform\COMMON\src\soc\COMMON_TI_V1\OMAP3530\inc,C:\WINCE600\public\common\sdk\inc,C:\WINCE600\public\common\oak\inc,C:\WINCE600\public\common\ddk\inc,C:\WINCE600\sdk\CE\inc -i arm -arch 4t -pd "Thumbing SETL {FALSE}" -pd "Interworking SETL {TRUE}"  C:\WINCE600\PLATFORM\Z2170P\SRC\BSP_COMMON\STALL\.\stall.s obj\ARMV4I\retail\stall.obj
BUILD: [01:0000000044:INFO  ] Microsoft (R) ARM Macro Assembler Version 14.01.60511
BUILD: [01:0000000045:INFO  ] Copyright (C) Microsoft Corporation.  All rights reserved.
BUILD: [01:0000000046:INFO  ] 
BUILD: [00:0000000047:INFO  ] Will Build C:\WINCE600\PLATFORM\Z2170P\SRC\BSP_COMMON\ARGS\args.c because target: obj\ARMV4I\retail\args.obj is missing.
BUILD: [00:0000000048:PROGC ] Building COMPILE Pass in C:\WINCE600\PLATFORM\Z2170P\SRC\BSP_COMMON\ARGS\ directory.
BUILD: [00:0000000049:PROG  ] 'NMAKE.EXE TargetCompilePass  -i -c BUILDMSG=Stop.  BUILDROOT=C:\WINCE600\PLATFORM\Z2170P CLEANBUILD=1 NOLINK=1 NOPASS0=1'
BUILD: [01:0000000050:INFO  ] makefile.def: Including C:\WINCE600\public\common\oak\misc\Sources.default
BUILD: [01:0000000051:INFO  ] makefile.def: BUILDROOT is C:\WINCE600\PLATFORM\Z2170P
BUILD: [01:0000000052:INFO  ] makefile.def: Including C:\WINCE600\PLATFORM\Z2170P\sources.cmn
BUILD: [01:0000000053:INFO  ] makefile.def: Including C:\WINCE600\PLATFORM\Z2170P\SRC\BSP_COMMON\ARGS\sources
BUILD: [01:0000000054:INFO  ] makefile.def: Including C:\WINCE600\public\common\oak\misc\Sources.CE
BUILD: [01:0000000055:INFO  ] Directory: C:\WINCE600\PLATFORM\Z2170P\SRC\BSP_COMMON\ARGS
BUILD: [01:0000000056:INFO  ] TARGETNAME: bsp_args
BUILD: [01:0000000057:INFO  ] makefile.def: Including C:\WINCE600\public\common\oak\misc\sources.ReleaseType_PLATFORM
BUILD: [01:0000000058:PROGC ] Compiling .\args.c
BUILD: [01:0000000059:INFO  ] cl -nologo   /Gy -Foobj\ARMV4I\retail\args.obj -c -IARM\ -I. -IC:\WINCE600\platform\COMMON\src\inc -IC:\WINCE600\platform\Z2170P\src\inc -IC:\WINCE600\platform\COMMON\src\soc\COMMON_TI_V1\TRITON\inc -IC:\WINCE600\platform\COMMON\src\soc\COMMON_TI_V1\TPS659xx\inc -IC:\WINCE600\platform\COMMON\src\soc\COMMON_TI_V1\COMMON_TI\inc -IC:\WINCE600\platform\COMMON\src\soc\COMMON_TI_V1\OMAP3530\inc -IC:\WINCE600\public\common\sdk\inc -IC:\WINCE600\public\common\oak\inc -IC:\WINCE600\public\common\ddk\inc -IC:\WINCE600\sdk\CE\inc -I.\Resource\0409 -Ox -Os -GF -Zi -FdC:\WINCE600\platform\Z2170P\lib\ARMV4I\retail\bsp_args.pdb -D_CRT_SECURE_NO_DEPRECATE -D_USE_32BIT_TIME_T -DUNICODE -D_UNICODE -DUNDER_CE=600 -D_WIN32_WCE=0x600 -DWINCEOEM -DWINCEINTERNAL -DWIN32 -DSTRICT -DARM -DARMV4I -D_ARM_ -DNDEBUG=1  -D_SOC_MODEL=OMAP3530 -D_TRITON_MODEL=TPS659xx -DCEDDK_USEDDKMACRO -D_WINCEOSVER=600 -DBSP_EVM2 -DBSP_OPM_SELECT_37XX=4 -DBSP_OPM_SELECT_35XX=5 -DBSP_RTC_WAKES_CPU -DBSP_SDRAM_BANK1_ENABLE -DINTERNATIONAL -DINTLMSG_CODEPAGE=1252 -FAsc -Faobj\ARMV4I\retail\args.cod -WX -QRimplicit-import- -Zi  -Zc:wchar_t- -Zc:forScope- -wd4867 -wd4430 -MT -U_MT -W4 /analyze   /GR- -QRarch4T -DTHUMBSUPPORT -QRinterwork-return  /GS C:\WINCE600\PLATFORM\Z2170P\SRC\BSP_COMMON\ARGS\.\args.c
BUILD: [01:0000000060:INFO  ] args.c
BUILD: [00:0000000061:INFO  ] Will Build C:\WINCE600\PLATFORM\Z2170P\SRC\BSP_COMMON\DISPLAY\lcd_qvga.c because target: obj\ARMV4I\retail\lcd_qvga.obj is missing.
BUILD: [00:0000000062:INFO  ] Will Build C:\WINCE600\PLATFORM\Z2170P\SRC\BSP_COMMON\DISPLAY\lcd_support.c because target: obj\ARMV4I\retail\lcd_support.obj is missing.
BUILD: [00:0000000063:PROGC ] Building COMPILE Pass in C:\WINCE600\PLATFORM\Z2170P\SRC\BSP_COMMON\DISPLAY\ directory.
BUILD: [00:0000000064:PROG  ] 'NMAKE.EXE TargetCompilePass  -i -c BUILDMSG=Stop.  BUILDROOT=C:\WINCE600\PLATFORM\Z2170P CLEANBUILD=1 NOLINK=1 NOPASS0=1'
BUILD: [01:0000000065:INFO  ] makefile.def: Including C:\WINCE600\public\common\oak\misc\Sources.default
BUILD: [01:0000000066:INFO  ] makefile.def: BUILDROOT is C:\WINCE600\PLATFORM\Z2170P
BUILD: [01:0000000067:INFO  ] makefile.def: Including C:\WINCE600\PLATFORM\Z2170P\sources.cmn
BUILD: [01:0000000068:INFO  ] makefile.def: Including C:\WINCE600\PLATFORM\Z2170P\SRC\BSP_COMMON\DISPLAY\sources
BUILD: [01:0000000069:INFO  ] makefile.def: Including C:\WINCE600\public\common\oak\misc\Sources.CE
BUILD: [01:0000000070:INFO  ] Directory: C:\WINCE600\PLATFORM\Z2170P\SRC\BSP_COMMON\DISPLAY
BUILD: [01:0000000071:INFO  ] TARGETNAME: bsp_display_init
BUILD: [01:0000000072:INFO  ] makefile.def: Including C:\WINCE600\public\common\oak\misc\sources.ReleaseType_PLATFORM
BUILD: [01:0000000073:PROGC ] Compiling .\lcd_qvga.c
BUILD: [01:0000000074:INFO  ] cl -nologo   /Gy -Foobj\ARMV4I\retail\lcd_qvga.obj -c -IARM\ -I. -IC:\WINCE600\platform\COMMON\src\inc -IC:\WINCE600\platform\Z2170P\src\inc -IC:\WINCE600\platform\COMMON\src\soc\COMMON_TI_V1\TRITON\inc -IC:\WINCE600\platform\COMMON\src\soc\COMMON_TI_V1\TPS659xx\inc -IC:\WINCE600\platform\COMMON\src\soc\COMMON_TI_V1\COMMON_TI\inc -IC:\WINCE600\platform\COMMON\src\soc\COMMON_TI_V1\OMAP3530\inc -IC:\WINCE600\public\common\sdk\inc -IC:\WINCE600\public\common\oak\inc -IC:\WINCE600\public\common\ddk\inc -IC:\WINCE600\sdk\CE\inc -I.\Resource\0409 -Ox -Os -GF -Zi -FdC:\WINCE600\platform\Z2170P\lib\ARMV4I\retail\bsp_display_init.pdb -D_CRT_SECURE_NO_DEPRECATE -D_USE_32BIT_TIME_T -DUNICODE -D_UNICODE -DUNDER_CE=600 -D_WIN32_WCE=0x600 -DWINCEOEM -DWINCEINTERNAL -DWIN32 -DSTRICT -DARM -DARMV4I -D_ARM_ -DNDEBUG=1  -D_SOC_MODEL=OMAP3530 -D_TRITON_MODEL=TPS659xx -DCEDDK_USEDDKMACRO -D_WINCEOSVER=600 -DBSP_EVM2 -DBSP_OPM_SELECT_37XX=4 -DBSP_OPM_SELECT_35XX=5 -DBSP_RTC_WAKES_CPU -DBSP_SDRAM_BANK1_ENABLE -DINTERNATIONAL -DINTLMSG_CODEPAGE=1252 -FAsc -Faobj\ARMV4I\retail\lcd_qvga.cod -WX -QRimplicit-import- -Zi  -Zc:wchar_t- -Zc:forScope- -wd4867 -wd4430 -MT -U_MT -W4 /analyze   /GR- -QRarch4T -DTHUMBSUPPORT -QRinterwork-return  /GS C:\WINCE600\PLATFORM\Z2170P\SRC\BSP_COMMON\DISPLAY\.\lcd_qvga.c
BUILD: [01:0000000075:INFO  ] lcd_qvga.c
BUILD: [01:0000000076:PROGC ] Compiling .\lcd_support.c
BUILD: [01:0000000077:INFO  ] cl -nologo   /Gy -Foobj\ARMV4I\retail\lcd_support.obj -c -IARM\ -I. -IC:\WINCE600\platform\COMMON\src\inc -IC:\WINCE600\platform\Z2170P\src\inc -IC:\WINCE600\platform\COMMON\src\soc\COMMON_TI_V1\TRITON\inc -IC:\WINCE600\platform\COMMON\src\soc\COMMON_TI_V1\TPS659xx\inc -IC:\WINCE600\platform\COMMON\src\soc\COMMON_TI_V1\COMMON_TI\inc -IC:\WINCE600\platform\COMMON\src\soc\COMMON_TI_V1\OMAP3530\inc -IC:\WINCE600\public\common\sdk\inc -IC:\WINCE600\public\common\oak\inc -IC:\WINCE600\public\common\ddk\inc -IC:\WINCE600\sdk\CE\inc -I.\Resource\0409 -Ox -Os -GF -Zi -FdC:\WINCE600\platform\Z2170P\lib\ARMV4I\retail\bsp_display_init.pdb -D_CRT_SECURE_NO_DEPRECATE -D_USE_32BIT_TIME_T -DUNICODE -D_UNICODE -DUNDER_CE=600 -D_WIN32_WCE=0x600 -DWINCEOEM -DWINCEINTERNAL -DWIN32 -DSTRICT -DARM -DARMV4I -D_ARM_ -DNDEBUG=1  -D_SOC_MODEL=OMAP3530 -D_TRITON_MODEL=TPS659xx -DCEDDK_USEDDKMACRO -D_WINCEOSVER=600 -DBSP_EVM2 -DBSP_OPM_SELECT_37XX=4 -DBSP_OPM_SELECT_35XX=5 -DBSP_RTC_WAKES_CPU -DBSP_SDRAM_BANK1_ENABLE -DINTERNATIONAL -DINTLMSG_CODEPAGE=1252 -FAsc -Faobj\ARMV4I\retail\lcd_support.cod -WX -QRimplicit-import- -Zi  -Zc:wchar_t- -Zc:forScope- -wd4867 -wd4430 -MT -U_MT -W4 /analyze   /GR- -QRarch4T -DTHUMBSUPPORT -QRinterwork-return  /GS C:\WINCE600\PLATFORM\Z2170P\SRC\BSP_COMMON\DISPLAY\.\lcd_support.c
BUILD: [01:0000000078:INFO  ] lcd_support.c
BUILD: [00:0000000079:INFO  ] Will Build C:\WINCE600\PLATFORM\Z2170P\SRC\BSP_COMMON\BSP_PADCFG\bsp_padcfg.c because target: obj\ARMV4I\retail\bsp_padcfg.obj is missing.
BUILD: [00:0000000080:PROGC ] Building COMPILE Pass in C:\WINCE600\PLATFORM\Z2170P\SRC\BSP_COMMON\BSP_PADCFG\ directory.
BUILD: [00:0000000081:PROG  ] 'NMAKE.EXE TargetCompilePass  -i -c BUILDMSG=Stop.  BUILDROOT=C:\WINCE600\PLATFORM\Z2170P CLEANBUILD=1 NOLINK=1 NOPASS0=1'
BUILD: [01:0000000082:INFO  ] makefile.def: Including C:\WINCE600\public\common\oak\misc\Sources.default
BUILD: [01:0000000083:INFO  ] makefile.def: BUILDROOT is C:\WINCE600\PLATFORM\Z2170P
BUILD: [01:0000000084:INFO  ] makefile.def: Including C:\WINCE600\PLATFORM\Z2170P\sources.cmn
BUILD: [01:0000000085:INFO  ] makefile.def: Including C:\WINCE600\PLATFORM\Z2170P\SRC\BSP_COMMON\BSP_PADCFG\sources
BUILD: [01:0000000086:INFO  ] makefile.def: Including C:\WINCE600\public\common\oak\misc\Sources.CE
BUILD: [01:0000000087:INFO  ] Directory: C:\WINCE600\PLATFORM\Z2170P\SRC\BSP_COMMON\BSP_PADCFG
BUILD: [01:0000000088:INFO  ] TARGETNAME: BSP_PADCFG
BUILD: [01:0000000089:INFO  ] makefile.def: Including C:\WINCE600\public\common\oak\misc\sources.ReleaseType_PLATFORM
BUILD: [01:0000000090:PROGC ] Compiling .\bsp_padcfg.c
BUILD: [01:0000000091:INFO  ] cl -nologo   /Gy -Foobj\ARMV4I\retail\bsp_padcfg.obj -c -IARM\ -I. -IC:\WINCE600\platform\COMMON\src\inc -IC:\WINCE600\platform\Z2170P\src\inc -IC:\WINCE600\platform\COMMON\src\soc\COMMON_TI_V1\TRITON\inc -IC:\WINCE600\platform\COMMON\src\soc\COMMON_TI_V1\TPS659xx\inc -IC:\WINCE600\platform\COMMON\src\soc\COMMON_TI_V1\COMMON_TI\inc -IC:\WINCE600\platform\COMMON\src\soc\COMMON_TI_V1\OMAP3530\inc -IC:\WINCE600\public\common\sdk\inc -IC:\WINCE600\public\common\oak\inc -IC:\WINCE600\public\common\ddk\inc -IC:\WINCE600\sdk\CE\inc -I.\Resource\0409 -Ox -Os -GF -Zi -FdC:\WINCE600\platform\Z2170P\lib\ARMV4I\retail\BSP_PADCFG.pdb -D_CRT_SECURE_NO_DEPRECATE -D_USE_32BIT_TIME_T -DUNICODE -D_UNICODE -DUNDER_CE=600 -D_WIN32_WCE=0x600 -DWINCEOEM -DWINCEINTERNAL -DWIN32 -DSTRICT -DARM -DARMV4I -D_ARM_ -DNDEBUG=1  -D_SOC_MODEL=OMAP3530 -D_TRITON_MODEL=TPS659xx -DCEDDK_USEDDKMACRO -D_WINCEOSVER=600 -DBSP_EVM2 -DBSP_OPM_SELECT_37XX=4 -DBSP_OPM_SELECT_35XX=5 -DBSP_RTC_WAKES_CPU -DBSP_SDRAM_BANK1_ENABLE -DINTERNATIONAL -DINTLMSG_CODEPAGE=1252 -FAsc -Faobj\ARMV4I\retail\bsp_padcfg.cod -WX -QRimplicit-import- -Zi  -Zc:wchar_t- -Zc:forScope- -wd4867 -wd4430 -MT -U_MT -W4 /analyze   /GR- -QRarch4T -DTHUMBSUPPORT -QRinterwork-return  /GS C:\WINCE600\PLATFORM\Z2170P\SRC\BSP_COMMON\BSP_PADCFG\.\bsp_padcfg.c
BUILD: [01:0000000092:INFO  ] bsp_padcfg.c
BUILD: [00:0000000093:INFO  ] Will Build C:\WINCE600\PLATFORM\Z2170P\SRC\BSP_COMMON\TPS659XX\bsp_tps659xx.c because target: obj\ARMV4I\retail\bsp_tps659xx.obj is missing.
BUILD: [00:0000000094:PROGC ] Building COMPILE Pass in C:\WINCE600\PLATFORM\Z2170P\SRC\BSP_COMMON\TPS659XX\ directory.
BUILD: [00:0000000095:PROG  ] 'NMAKE.EXE TargetCompilePass  -i -c BUILDMSG=Stop.  BUILDROOT=C:\WINCE600\PLATFORM\Z2170P CLEANBUILD=1 NOLINK=1 NOPASS0=1'
BUILD: [01:0000000096:INFO  ] makefile.def: Including C:\WINCE600\public\common\oak\misc\Sources.default
BUILD: [01:0000000097:INFO  ] makefile.def: BUILDROOT is C:\WINCE600\PLATFORM\Z2170P
BUILD: [01:0000000098:INFO  ] makefile.def: Including C:\WINCE600\PLATFORM\Z2170P\sources.cmn
BUILD: [01:0000000099:INFO  ] makefile.def: Including C:\WINCE600\PLATFORM\Z2170P\SRC\BSP_COMMON\TPS659XX\sources
BUILD: [01:0000000100:INFO  ] makefile.def: Including C:\WINCE600\public\common\oak\misc\Sources.CE
BUILD: [01:0000000101:INFO  ] Directory: C:\WINCE600\PLATFORM\Z2170P\SRC\BSP_COMMON\TPS659XX
BUILD: [01:0000000102:INFO  ] TARGETNAME: bsp_tps659xx
BUILD: [01:0000000103:INFO  ] makefile.def: Including C:\WINCE600\public\common\oak\misc\sources.ReleaseType_PLATFORM
BUILD: [01:0000000104:PROGC ] Compiling .\bsp_tps659xx.c
BUILD: [01:0000000105:INFO  ] cl -nologo   /Gy -Foobj\ARMV4I\retail\bsp_tps659xx.obj -c -IARM\ -I. -IC:\WINCE600\platform\COMMON\src\inc -IC:\WINCE600\platform\Z2170P\src\inc -IC:\WINCE600\platform\COMMON\src\soc\COMMON_TI_V1\TRITON\inc -IC:\WINCE600\platform\COMMON\src\soc\COMMON_TI_V1\TPS659xx\inc -IC:\WINCE600\platform\COMMON\src\soc\COMMON_TI_V1\COMMON_TI\inc -IC:\WINCE600\platform\COMMON\src\soc\COMMON_TI_V1\OMAP3530\inc -IC:\WINCE600\public\common\sdk\inc -IC:\WINCE600\public\common\oak\inc -IC:\WINCE600\public\common\ddk\inc -IC:\WINCE600\sdk\CE\inc -I.\Resource\0409 -Ox -Os -GF -Zi -FdC:\WINCE600\platform\Z2170P\lib\ARMV4I\retail\bsp_tps659xx.pdb -D_CRT_SECURE_NO_DEPRECATE -D_USE_32BIT_TIME_T -DUNICODE -D_UNICODE -DUNDER_CE=600 -D_WIN32_WCE=0x600 -DWINCEOEM -DWINCEINTERNAL -DWIN32 -DSTRICT -DARM -DARMV4I -D_ARM_ -DNDEBUG=1  -D_SOC_MODEL=OMAP3530 -D_TRITON_MODEL=TPS659xx -DCEDDK_USEDDKMACRO -D_WINCEOSVER=600 -DBSP_EVM2 -DBSP_OPM_SELECT_37XX=4 -DBSP_OPM_SELECT_35XX=5 -DBSP_RTC_WAKES_CPU -DBSP_SDRAM_BANK1_ENABLE -DINTERNATIONAL -DINTLMSG_CODEPAGE=1252 -FAsc -Faobj\ARMV4I\retail\bsp_tps659xx.cod -WX -QRimplicit-import- -Zi  -Zc:wchar_t- -Zc:forScope- -wd4867 -wd4430 -MT -U_MT -W4 /analyze   /GR- -QRarch4T -DTHUMBSUPPORT -QRinterwork-return  /GS C:\WINCE600\PLATFORM\Z2170P\SRC\BSP_COMMON\TPS659XX\.\bsp_tps659xx.c
BUILD: [01:0000000106:INFO  ] bsp_tps659xx.c
BUILD: [00:0000000107:INFO  ] Will Build C:\WINCE600\PLATFORM\Z2170P\SRC\BSP_COMMON\USBFN\trans.c because target: obj\ARMV4I\retail\trans.obj is missing.
BUILD: [00:0000000108:PROGC ] Building COMPILE Pass in C:\WINCE600\PLATFORM\Z2170P\SRC\BSP_COMMON\USBFN\BOOT\ directory.
BUILD: [00:0000000109:PROG  ] 'NMAKE.EXE TargetCompilePass  -i -c BUILDMSG=Stop.  BUILDROOT=C:\WINCE600\PLATFORM\Z2170P CLEANBUILD=1 NOLINK=1 NOPASS0=1'
BUILD: [01:0000000110:INFO  ] makefile.def: Including C:\WINCE600\public\common\oak\misc\Sources.default
BUILD: [01:0000000111:INFO  ] makefile.def: BUILDROOT is C:\WINCE600\PLATFORM\Z2170P
BUILD: [01:0000000112:INFO  ] makefile.def: Including C:\WINCE600\PLATFORM\Z2170P\sources.cmn
BUILD: [01:0000000113:INFO  ] makefile.def: Including C:\WINCE600\PLATFORM\Z2170P\SRC\BSP_COMMON\USBFN\BOOT\sources
BUILD: [01:0000000114:INFO  ] makefile.def: Including C:\WINCE600\public\common\oak\misc\Sources.CE
BUILD: [01:0000000115:INFO  ] Directory: C:\WINCE600\PLATFORM\Z2170P\SRC\BSP_COMMON\USBFN\BOOT
BUILD: [01:0000000116:INFO  ] TARGETNAME: bsp_boot_ethdrv_usbfn
BUILD: [01:0000000117:INFO  ] makefile.def: Including C:\WINCE600\public\common\oak\misc\sources.ReleaseType_PLATFORM
BUILD: [01:0000000118:PROGC ] Compiling ..\trans.c
BUILD: [01:0000000119:INFO  ] cl -nologo   /Gy -Foobj\ARMV4I\retail\trans.obj -c -IARM\ -I. -IC:\WINCE600\platform\COMMON\src\inc -IC:\WINCE600\platform\Z2170P\src\inc -IC:\WINCE600\platform\COMMON\src\soc\COMMON_TI_V1\TRITON\inc -IC:\WINCE600\platform\COMMON\src\soc\COMMON_TI_V1\TPS659xx\inc -IC:\WINCE600\platform\COMMON\src\soc\COMMON_TI_V1\COMMON_TI\inc -IC:\WINCE600\platform\COMMON\src\soc\COMMON_TI_V1\OMAP3530\inc -IC:\WINCE600\public\common\sdk\inc -IC:\WINCE600\public\common\oak\inc -IC:\WINCE600\public\common\ddk\inc -IC:\WINCE600\sdk\CE\inc -I.\Resource\0409 -Ox -Os -GF -Zi -FdC:\WINCE600\platform\Z2170P\lib\ARMV4I\retail\bsp_boot_ethdrv_usbfn.pdb -D_CRT_SECURE_NO_DEPRECATE -D_USE_32BIT_TIME_T -DUNICODE -D_UNICODE -DUNDER_CE=600 -D_WIN32_WCE=0x600 -DWINCEOEM -DWINCEINTERNAL -DWIN32 -DSTRICT -DARM -DARMV4I -D_ARM_ -DNDEBUG=1  -D_SOC_MODEL=OMAP3530 -D_TRITON_MODEL=TPS659xx -DCEDDK_USEDDKMACRO -D_WINCEOSVER=600 -DBSP_EVM2 -DBSP_OPM_SELECT_37XX=4 -DBSP_OPM_SELECT_35XX=5 -DBSP_RTC_WAKES_CPU -DBSP_SDRAM_BANK1_ENABLE -DCEDDK_USEDDKMACRO -DBUILDING_BOOTLOADER -DINTERNATIONAL -DINTLMSG_CODEPAGE=1252 -FAsc -Faobj\ARMV4I\retail\trans.cod -WX -QRimplicit-import- -Zi  -Zc:wchar_t- -Zc:forScope- -wd4867 -wd4430 -MT -U_MT -W4 /analyze   /GR- -QRarch4T -DTHUMBSUPPORT -QRinterwork-return  /GS C:\WINCE600\PLATFORM\Z2170P\SRC\BSP_COMMON\USBFN\BOOT\..\trans.c
BUILD: [01:0000000120:INFO  ] trans.c
BUILD: [00:0000000121:INFO  ] Will Build C:\WINCE600\PLATFORM\Z2170P\SRC\BSP_COMMON\USBFN\trans.c because target: obj\ARMV4I\retail\trans.obj is missing.
BUILD: [00:0000000122:PROGC ] Building COMPILE Pass in C:\WINCE600\PLATFORM\Z2170P\SRC\BSP_COMMON\USBFN\KITL\ directory.
BUILD: [00:0000000123:PROG  ] 'NMAKE.EXE TargetCompilePass  -i -c BUILDMSG=Stop.  BUILDROOT=C:\WINCE600\PLATFORM\Z2170P CLEANBUILD=1 NOLINK=1 NOPASS0=1'
BUILD: [01:0000000124:INFO  ] makefile.def: Including C:\WINCE600\public\common\oak\misc\Sources.default
BUILD: [01:0000000125:INFO  ] makefile.def: BUILDROOT is C:\WINCE600\PLATFORM\Z2170P
BUILD: [01:0000000126:INFO  ] makefile.def: Including C:\WINCE600\PLATFORM\Z2170P\sources.cmn
BUILD: [01:0000000127:INFO  ] makefile.def: Including C:\WINCE600\PLATFORM\Z2170P\SRC\BSP_COMMON\USBFN\KITL\sources
BUILD: [01:0000000128:INFO  ] makefile.def: Including C:\WINCE600\public\common\oak\misc\Sources.CE
BUILD: [01:0000000129:INFO  ] Directory: C:\WINCE600\PLATFORM\Z2170P\SRC\BSP_COMMON\USBFN\KITL
BUILD: [01:0000000130:INFO  ] TARGETNAME: bsp_kitl_ethdrv_usbfn
BUILD: [01:0000000131:INFO  ] makefile.def: Including C:\WINCE600\public\common\oak\misc\sources.ReleaseType_PLATFORM
BUILD: [01:0000000132:PROGC ] Compiling ..\trans.c
BUILD: [01:0000000133:INFO  ] cl -nologo   /Gy -Foobj\ARMV4I\retail\trans.obj -c -IARM\ -I. -IC:\WINCE600\platform\COMMON\src\inc -IC:\WINCE600\platform\Z2170P\src\inc -IC:\WINCE600\platform\COMMON\src\soc\COMMON_TI_V1\TRITON\inc -IC:\WINCE600\platform\COMMON\src\soc\COMMON_TI_V1\TPS659xx\inc -IC:\WINCE600\platform\COMMON\src\soc\COMMON_TI_V1\COMMON_TI\inc -IC:\WINCE600\platform\COMMON\src\soc\COMMON_TI_V1\OMAP3530\inc -IC:\WINCE600\public\common\sdk\inc -IC:\WINCE600\public\common\oak\inc -IC:\WINCE600\public\common\ddk\inc -IC:\WINCE600\sdk\CE\inc -I.\Resource\0409 -Ox -Os -GF -Zi -FdC:\WINCE600\platform\Z2170P\lib\ARMV4I\retail\bsp_kitl_ethdrv_usbfn.pdb -D_CRT_SECURE_NO_DEPRECATE -D_USE_32BIT_TIME_T -DUNICODE -D_UNICODE -DUNDER_CE=600 -D_WIN32_WCE=0x600 -DWINCEOEM -DWINCEINTERNAL -DWIN32 -DSTRICT -DARM -DARMV4I -D_ARM_ -DNDEBUG=1  -D_SOC_MODEL=OMAP3530 -D_TRITON_MODEL=TPS659xx -DCEDDK_USEDDKMACRO -D_WINCEOSVER=600 -DBSP_EVM2 -DBSP_OPM_SELECT_37XX=4 -DBSP_OPM_SELECT_35XX=5 -DBSP_RTC_WAKES_CPU -DBSP_SDRAM_BANK1_ENABLE -DCEDDK_USEDDKMACRO -DBUILDING_KITL -DINTERNATIONAL -DINTLMSG_CODEPAGE=1252 -FAsc -Faobj\ARMV4I\retail\trans.cod -WX -QRimplicit-import- -Zi  -Zc:wchar_t- -Zc:forScope- -wd4867 -wd4430 -MT -U_MT -W4 /analyze   /GR- -QRarch4T -DTHUMBSUPPORT -QRinterwork-return  /GS C:\WINCE600\PLATFORM\Z2170P\SRC\BSP_COMMON\USBFN\KITL\..\trans.c
BUILD: [01:0000000134:INFO  ] trans.c
BUILD: [00:0000000135:INFO  ] Will Build C:\WINCE600\PLATFORM\Z2170P\SRC\BSP_COMMON\BSPCFG\obj\ARMV4I\retail\bspcfg.obj because target: C:\WINCE600\platform\Z2170P\lib\ARMV4I\retail\BSPCFG.lib is missing.
BUILD: [00:0000000136:INFO  ] Will Build C:\WINCE600\PLATFORM\Z2170P\SRC\BSP_COMMON\BSPCFG\ because target: C:\WINCE600\platform\Z2170P\lib\ARMV4I\retail\BSPCFG.lib is missing.
BUILD: [00:0000000137:PROGC ] Building LIB Pass in C:\WINCE600\PLATFORM\Z2170P\SRC\BSP_COMMON\BSPCFG\ directory.
BUILD: [00:0000000138:PROG  ] 'NMAKE.EXE TargetLibFiles  -i -c BUILDMSG=Stop.  BUILDROOT=C:\WINCE600\PLATFORM\Z2170P CLEANBUILD=1 LINKONLY=1 NOPASS0=1'
BUILD: [01:0000000139:INFO  ] makefile.def: Including C:\WINCE600\public\common\oak\misc\Sources.default
BUILD: [01:0000000140:INFO  ] makefile.def: BUILDROOT is C:\WINCE600\PLATFORM\Z2170P
BUILD: [01:0000000141:INFO  ] makefile.def: Including C:\WINCE600\PLATFORM\Z2170P\sources.cmn
BUILD: [01:0000000142:INFO  ] makefile.def: Including C:\WINCE600\PLATFORM\Z2170P\SRC\BSP_COMMON\BSPCFG\sources
BUILD: [01:0000000143:INFO  ] makefile.def: Including C:\WINCE600\public\common\oak\misc\Sources.CE
BUILD: [01:0000000144:INFO  ] Directory: C:\WINCE600\PLATFORM\Z2170P\SRC\BSP_COMMON\BSPCFG
BUILD: [01:0000000145:INFO  ] TARGETNAME: BSPCFG
BUILD: [01:0000000146:INFO  ] makefile.def: Including C:\WINCE600\public\common\oak\misc\sources.ReleaseType_PLATFORM
BUILD: [01:0000000147:PROGC ] Linking C:\WINCE600\platform\Z2170P\lib\ARMV4I\retail\BSPCFG.lib
BUILD: [01:0000000148:INFO  ] 	link -lib -out:C:\WINCE600\platform\Z2170P\lib\ARMV4I\retail\BSPCFG.lib -machine:thumb @C:\DOCUME~1\brian.hsu\LOCALS~1\Temp\nm5A6.tmp
BUILD: [00:0000000149:INFO  ] Will Build C:\WINCE600\PLATFORM\Z2170P\SRC\BSP_COMMON\STALL\obj\ARMV4I\retail\stall.obj because target: C:\WINCE600\platform\Z2170P\lib\ARMV4I\retail\bsp_stall.lib is missing.
BUILD: [00:0000000150:INFO  ] Will Build C:\WINCE600\PLATFORM\Z2170P\SRC\BSP_COMMON\STALL\ because target: C:\WINCE600\platform\Z2170P\lib\ARMV4I\retail\bsp_stall.lib is missing.
BUILD: [00:0000000151:PROGC ] Building LIB Pass in C:\WINCE600\PLATFORM\Z2170P\SRC\BSP_COMMON\STALL\ directory.
BUILD: [00:0000000152:PROG  ] 'NMAKE.EXE TargetLibFiles  -i -c BUILDMSG=Stop.  BUILDROOT=C:\WINCE600\PLATFORM\Z2170P CLEANBUILD=1 LINKONLY=1 NOPASS0=1'
BUILD: [01:0000000153:INFO  ] makefile.def: Including C:\WINCE600\public\common\oak\misc\Sources.default
BUILD: [01:0000000154:INFO  ] makefile.def: BUILDROOT is C:\WINCE600\PLATFORM\Z2170P
BUILD: [01:0000000155:INFO  ] makefile.def: Including C:\WINCE600\PLATFORM\Z2170P\sources.cmn
BUILD: [01:0000000156:INFO  ] makefile.def: Including C:\WINCE600\PLATFORM\Z2170P\SRC\BSP_COMMON\STALL\sources
BUILD: [01:0000000157:INFO  ] makefile.def: Including C:\WINCE600\public\common\oak\misc\Sources.CE
BUILD: [01:0000000158:INFO  ] Directory: C:\WINCE600\PLATFORM\Z2170P\SRC\BSP_COMMON\STALL
BUILD: [01:0000000159:INFO  ] TARGETNAME: bsp_stall
BUILD: [01:0000000160:INFO  ] makefile.def: Including C:\WINCE600\public\common\oak\misc\sources.ReleaseType_PLATFORM
BUILD: [01:0000000161:PROGC ] Linking C:\WINCE600\platform\Z2170P\lib\ARMV4I\retail\bsp_stall.lib
BUILD: [01:0000000162:INFO  ] 	link -lib -out:C:\WINCE600\platform\Z2170P\lib\ARMV4I\retail\bsp_stall.lib -machine:thumb @C:\DOCUME~1\brian.hsu\LOCALS~1\Temp\nm5A7.tmp
BUILD: [00:0000000163:INFO  ] Will Build C:\WINCE600\PLATFORM\Z2170P\SRC\BSP_COMMON\ARGS\obj\ARMV4I\retail\args.obj because target: C:\WINCE600\platform\Z2170P\lib\ARMV4I\retail\bsp_args.lib is missing.
BUILD: [00:0000000164:INFO  ] Will Build C:\WINCE600\PLATFORM\Z2170P\SRC\BSP_COMMON\ARGS\ because target: C:\WINCE600\platform\Z2170P\lib\ARMV4I\retail\bsp_args.lib is missing.
BUILD: [00:0000000165:PROGC ] Building LIB Pass in C:\WINCE600\PLATFORM\Z2170P\SRC\BSP_COMMON\ARGS\ directory.
BUILD: [00:0000000166:PROG  ] 'NMAKE.EXE TargetLibFiles  -i -c BUILDMSG=Stop.  BUILDROOT=C:\WINCE600\PLATFORM\Z2170P CLEANBUILD=1 LINKONLY=1 NOPASS0=1'
BUILD: [01:0000000167:INFO  ] makefile.def: Including C:\WINCE600\public\common\oak\misc\Sources.default
BUILD: [01:0000000168:INFO  ] makefile.def: BUILDROOT is C:\WINCE600\PLATFORM\Z2170P
BUILD: [01:0000000169:INFO  ] makefile.def: Including C:\WINCE600\PLATFORM\Z2170P\sources.cmn
BUILD: [01:0000000170:INFO  ] makefile.def: Including C:\WINCE600\PLATFORM\Z2170P\SRC\BSP_COMMON\ARGS\sources
BUILD: [01:0000000171:INFO  ] makefile.def: Including C:\WINCE600\public\common\oak\misc\Sources.CE
BUILD: [01:0000000172:INFO  ] Directory: C:\WINCE600\PLATFORM\Z2170P\SRC\BSP_COMMON\ARGS
BUILD: [01:0000000173:INFO  ] TARGETNAME: bsp_args
BUILD: [01:0000000174:INFO  ] makefile.def: Including C:\WINCE600\public\common\oak\misc\sources.ReleaseType_PLATFORM
BUILD: [01:0000000175:PROGC ] Linking C:\WINCE600\platform\Z2170P\lib\ARMV4I\retail\bsp_args.lib
BUILD: [01:0000000176:INFO  ] 	link -lib -out:C:\WINCE600\platform\Z2170P\lib\ARMV4I\retail\bsp_args.lib -machine:thumb @C:\DOCUME~1\brian.hsu\LOCALS~1\Temp\nm5A8.tmp
BUILD: [00:0000000177:INFO  ] Will Build C:\WINCE600\PLATFORM\Z2170P\SRC\BSP_COMMON\DISPLAY\obj\ARMV4I\retail\lcd_qvga.obj because target: C:\WINCE600\platform\Z2170P\lib\ARMV4I\retail\bsp_display_init.lib is missing.
BUILD: [00:0000000178:INFO  ] Will Build C:\WINCE600\PLATFORM\Z2170P\SRC\BSP_COMMON\DISPLAY\obj\ARMV4I\retail\lcd_support.obj because target: C:\WINCE600\platform\Z2170P\lib\ARMV4I\retail\bsp_display_init.lib is missing.
BUILD: [00:0000000179:INFO  ] Will Build C:\WINCE600\PLATFORM\Z2170P\SRC\BSP_COMMON\DISPLAY\ because target: C:\WINCE600\platform\Z2170P\lib\ARMV4I\retail\bsp_display_init.lib is missing.
BUILD: [00:0000000180:PROGC ] Building LIB Pass in C:\WINCE600\PLATFORM\Z2170P\SRC\BSP_COMMON\DISPLAY\ directory.
BUILD: [00:0000000181:PROG  ] 'NMAKE.EXE TargetLibFiles  -i -c BUILDMSG=Stop.  BUILDROOT=C:\WINCE600\PLATFORM\Z2170P CLEANBUILD=1 LINKONLY=1 NOPASS0=1'
BUILD: [01:0000000182:INFO  ] makefile.def: Including C:\WINCE600\public\common\oak\misc\Sources.default
BUILD: [01:0000000183:INFO  ] makefile.def: BUILDROOT is C:\WINCE600\PLATFORM\Z2170P
BUILD: [01:0000000184:INFO  ] makefile.def: Including C:\WINCE600\PLATFORM\Z2170P\sources.cmn
BUILD: [01:0000000185:INFO  ] makefile.def: Including C:\WINCE600\PLATFORM\Z2170P\SRC\BSP_COMMON\DISPLAY\sources
BUILD: [01:0000000186:INFO  ] makefile.def: Including C:\WINCE600\public\common\oak\misc\Sources.CE
BUILD: [01:0000000187:INFO  ] Directory: C:\WINCE600\PLATFORM\Z2170P\SRC\BSP_COMMON\DISPLAY
BUILD: [01:0000000188:INFO  ] TARGETNAME: bsp_display_init
BUILD: [01:0000000189:INFO  ] makefile.def: Including C:\WINCE600\public\common\oak\misc\sources.ReleaseType_PLATFORM
BUILD: [01:0000000190:PROGC ] Linking C:\WINCE600\platform\Z2170P\lib\ARMV4I\retail\bsp_display_init.lib
BUILD: [01:0000000191:INFO  ] 	link -lib -out:C:\WINCE600\platform\Z2170P\lib\ARMV4I\retail\bsp_display_init.lib -machine:thumb @C:\DOCUME~1\brian.hsu\LOCALS~1\Temp\nm5A9.tmp
BUILD: [00:0000000192:INFO  ] Will Build C:\WINCE600\PLATFORM\Z2170P\SRC\BSP_COMMON\BSP_PADCFG\obj\ARMV4I\retail\bsp_padcfg.obj because target: C:\WINCE600\platform\Z2170P\lib\ARMV4I\retail\BSP_PADCFG.lib is missing.
BUILD: [00:0000000193:INFO  ] Will Build C:\WINCE600\PLATFORM\Z2170P\SRC\BSP_COMMON\BSP_PADCFG\ because target: C:\WINCE600\platform\Z2170P\lib\ARMV4I\retail\BSP_PADCFG.lib is missing.
BUILD: [00:0000000194:PROGC ] Building LIB Pass in C:\WINCE600\PLATFORM\Z2170P\SRC\BSP_COMMON\BSP_PADCFG\ directory.
BUILD: [00:0000000195:PROG  ] 'NMAKE.EXE TargetLibFiles  -i -c BUILDMSG=Stop.  BUILDROOT=C:\WINCE600\PLATFORM\Z2170P CLEANBUILD=1 LINKONLY=1 NOPASS0=1'
BUILD: [01:0000000196:INFO  ] makefile.def: Including C:\WINCE600\public\common\oak\misc\Sources.default
BUILD: [01:0000000197:INFO  ] makefile.def: BUILDROOT is C:\WINCE600\PLATFORM\Z2170P
BUILD: [01:0000000198:INFO  ] makefile.def: Including C:\WINCE600\PLATFORM\Z2170P\sources.cmn
BUILD: [01:0000000199:INFO  ] makefile.def: Including C:\WINCE600\PLATFORM\Z2170P\SRC\BSP_COMMON\BSP_PADCFG\sources
BUILD: [01:0000000200:INFO  ] makefile.def: Including C:\WINCE600\public\common\oak\misc\Sources.CE
BUILD: [01:0000000201:INFO  ] Directory: C:\WINCE600\PLATFORM\Z2170P\SRC\BSP_COMMON\BSP_PADCFG
BUILD: [01:0000000202:INFO  ] TARGETNAME: BSP_PADCFG
BUILD: [01:0000000203:INFO  ] makefile.def: Including C:\WINCE600\public\common\oak\misc\sources.ReleaseType_PLATFORM
BUILD: [01:0000000204:PROGC ] Linking C:\WINCE600\platform\Z2170P\lib\ARMV4I\retail\BSP_PADCFG.lib
BUILD: [01:0000000205:INFO  ] 	link -lib -out:C:\WINCE600\platform\Z2170P\lib\ARMV4I\retail\BSP_PADCFG.lib -machine:thumb @C:\DOCUME~1\brian.hsu\LOCALS~1\Temp\nm5AA.tmp
BUILD: [00:0000000206:INFO  ] Will Build C:\WINCE600\PLATFORM\Z2170P\SRC\BSP_COMMON\TPS659XX\obj\ARMV4I\retail\bsp_tps659xx.obj because target: C:\WINCE600\platform\Z2170P\lib\ARMV4I\retail\bsp_tps659xx.lib is missing.
BUILD: [00:0000000207:INFO  ] Will Build C:\WINCE600\PLATFORM\Z2170P\SRC\BSP_COMMON\TPS659XX\ because target: C:\WINCE600\platform\Z2170P\lib\ARMV4I\retail\bsp_tps659xx.lib is missing.
BUILD: [00:0000000208:PROGC ] Building LIB Pass in C:\WINCE600\PLATFORM\Z2170P\SRC\BSP_COMMON\TPS659XX\ directory.
BUILD: [00:0000000209:PROG  ] 'NMAKE.EXE TargetLibFiles  -i -c BUILDMSG=Stop.  BUILDROOT=C:\WINCE600\PLATFORM\Z2170P CLEANBUILD=1 LINKONLY=1 NOPASS0=1'
BUILD: [01:0000000210:INFO  ] makefile.def: Including C:\WINCE600\public\common\oak\misc\Sources.default
BUILD: [01:0000000211:INFO  ] makefile.def: BUILDROOT is C:\WINCE600\PLATFORM\Z2170P
BUILD: [01:0000000212:INFO  ] makefile.def: Including C:\WINCE600\PLATFORM\Z2170P\sources.cmn
BUILD: [01:0000000213:INFO  ] makefile.def: Including C:\WINCE600\PLATFORM\Z2170P\SRC\BSP_COMMON\TPS659XX\sources
BUILD: [01:0000000214:INFO  ] makefile.def: Including C:\WINCE600\public\common\oak\misc\Sources.CE
BUILD: [01:0000000215:INFO  ] Directory: C:\WINCE600\PLATFORM\Z2170P\SRC\BSP_COMMON\TPS659XX
BUILD: [01:0000000216:INFO  ] TARGETNAME: bsp_tps659xx
BUILD: [01:0000000217:INFO  ] makefile.def: Including C:\WINCE600\public\common\oak\misc\sources.ReleaseType_PLATFORM
BUILD: [01:0000000218:PROGC ] Linking C:\WINCE600\platform\Z2170P\lib\ARMV4I\retail\bsp_tps659xx.lib
BUILD: [01:0000000219:INFO  ] 	link -lib -out:C:\WINCE600\platform\Z2170P\lib\ARMV4I\retail\bsp_tps659xx.lib -machine:thumb @C:\DOCUME~1\brian.hsu\LOCALS~1\Temp\nm5AB.tmp
BUILD: [00:0000000220:INFO  ] Will Build C:\WINCE600\PLATFORM\Z2170P\SRC\BSP_COMMON\USBFN\BOOT\obj\ARMV4I\retail\trans.obj because target: C:\WINCE600\platform\Z2170P\lib\ARMV4I\retail\bsp_boot_ethdrv_usbfn.lib is missing.
BUILD: [00:0000000221:INFO  ] Will Build C:\WINCE600\PLATFORM\Z2170P\SRC\BSP_COMMON\USBFN\BOOT\ because target: C:\WINCE600\platform\Z2170P\lib\ARMV4I\retail\bsp_boot_ethdrv_usbfn.lib is missing.
BUILD: [00:0000000222:PROGC ] Building LIB Pass in C:\WINCE600\PLATFORM\Z2170P\SRC\BSP_COMMON\USBFN\BOOT\ directory.
BUILD: [00:0000000223:PROG  ] 'NMAKE.EXE TargetLibFiles  -i -c BUILDMSG=Stop.  BUILDROOT=C:\WINCE600\PLATFORM\Z2170P CLEANBUILD=1 LINKONLY=1 NOPASS0=1'
BUILD: [01:0000000224:INFO  ] makefile.def: Including C:\WINCE600\public\common\oak\misc\Sources.default
BUILD: [01:0000000225:INFO  ] makefile.def: BUILDROOT is C:\WINCE600\PLATFORM\Z2170P
BUILD: [01:0000000226:INFO  ] makefile.def: Including C:\WINCE600\PLATFORM\Z2170P\sources.cmn
BUILD: [01:0000000227:INFO  ] makefile.def: Including C:\WINCE600\PLATFORM\Z2170P\SRC\BSP_COMMON\USBFN\BOOT\sources
BUILD: [01:0000000228:INFO  ] makefile.def: Including C:\WINCE600\public\common\oak\misc\Sources.CE
BUILD: [01:0000000229:INFO  ] Directory: C:\WINCE600\PLATFORM\Z2170P\SRC\BSP_COMMON\USBFN\BOOT
BUILD: [01:0000000230:INFO  ] TARGETNAME: bsp_boot_ethdrv_usbfn
BUILD: [01:0000000231:INFO  ] makefile.def: Including C:\WINCE600\public\common\oak\misc\sources.ReleaseType_PLATFORM
BUILD: [01:0000000232:PROGC ] Linking C:\WINCE600\platform\Z2170P\lib\ARMV4I\retail\bsp_boot_ethdrv_usbfn.lib
BUILD: [01:0000000233:INFO  ] 	link -lib -out:C:\WINCE600\platform\Z2170P\lib\ARMV4I\retail\bsp_boot_ethdrv_usbfn.lib -machine:thumb @C:\DOCUME~1\brian.hsu\LOCALS~1\Temp\nm5AC.tmp
BUILD: [00:0000000234:INFO  ] Will Build C:\WINCE600\PLATFORM\Z2170P\SRC\BSP_COMMON\USBFN\KITL\obj\ARMV4I\retail\trans.obj because target: C:\WINCE600\platform\Z2170P\lib\ARMV4I\retail\bsp_kitl_ethdrv_usbfn.lib is missing.
BUILD: [00:0000000235:INFO  ] Will Build C:\WINCE600\PLATFORM\Z2170P\SRC\BSP_COMMON\USBFN\KITL\ because target: C:\WINCE600\platform\Z2170P\lib\ARMV4I\retail\bsp_kitl_ethdrv_usbfn.lib is missing.
BUILD: [00:0000000236:PROGC ] Building LIB Pass in C:\WINCE600\PLATFORM\Z2170P\SRC\BSP_COMMON\USBFN\KITL\ directory.
BUILD: [00:0000000237:PROG  ] 'NMAKE.EXE TargetLibFiles  -i -c BUILDMSG=Stop.  BUILDROOT=C:\WINCE600\PLATFORM\Z2170P CLEANBUILD=1 LINKONLY=1 NOPASS0=1'
BUILD: [01:0000000238:INFO  ] makefile.def: Including C:\WINCE600\public\common\oak\misc\Sources.default
BUILD: [01:0000000239:INFO  ] makefile.def: BUILDROOT is C:\WINCE600\PLATFORM\Z2170P
BUILD: [01:0000000240:INFO  ] makefile.def: Including C:\WINCE600\PLATFORM\Z2170P\sources.cmn
BUILD: [01:0000000241:INFO  ] makefile.def: Including C:\WINCE600\PLATFORM\Z2170P\SRC\BSP_COMMON\USBFN\KITL\sources
BUILD: [01:0000000242:INFO  ] makefile.def: Including C:\WINCE600\public\common\oak\misc\Sources.CE
BUILD: [01:0000000243:INFO  ] Directory: C:\WINCE600\PLATFORM\Z2170P\SRC\BSP_COMMON\USBFN\KITL
BUILD: [01:0000000244:INFO  ] TARGETNAME: bsp_kitl_ethdrv_usbfn
BUILD: [01:0000000245:INFO  ] makefile.def: Including C:\WINCE600\public\common\oak\misc\sources.ReleaseType_PLATFORM
BUILD: [01:0000000246:PROGC ] Linking C:\WINCE600\platform\Z2170P\lib\ARMV4I\retail\bsp_kitl_ethdrv_usbfn.lib
BUILD: [01:0000000247:INFO  ] 	link -lib -out:C:\WINCE600\platform\Z2170P\lib\ARMV4I\retail\bsp_kitl_ethdrv_usbfn.lib -machine:thumb @C:\DOCUME~1\brian.hsu\LOCALS~1\Temp\nm5AD.tmp
BUILD: [00:0000000248:PROGC ] Saving C:\WINCE600\PLATFORM\Z2170P\Build.dat.
BUILD: [00:0000000249:INFO  ] Done.
BUILD: [00:0000000250:PROGC ] Done.
BUILD: [00:0000000251:PROGC ]                        Files  Warnings  Errors
BUILD: [00:0000000252:PROGC ] Midl                       0         0       0
BUILD: [00:0000000253:PROGC ] Message                    0         0       0
BUILD: [00:0000000254:PROGC ] Precomp Header             0         0       0
BUILD: [00:0000000255:PROGC ] Resource                   0         0       0
BUILD: [00:0000000256:PROGC ] MASM                       0         0       0
BUILD: [00:0000000257:PROGC ] SHASM                      0         0       0
BUILD: [00:0000000258:PROGC ] ARMASM                     1         0       0
BUILD: [00:0000000259:PROGC ] MIPSASM                    0         0       0
BUILD: [00:0000000260:PROGC ] C++                        0         0       0
BUILD: [00:0000000261:PROGC ] C                          8         0       0
BUILD: [00:0000000262:PROGC ] Static Libraries           8         0       0
BUILD: [00:0000000263:PROGC ] Exe's                      0         0       0
BUILD: [00:0000000264:PROGC ] Dll's                      0         0       0
BUILD: [00:0000000265:PROGC ] Preprocess deffile         0         0       0
BUILD: [00:0000000266:PROGC ] Resx                       0         0       0
BUILD: [00:0000000267:PROGC ] CSharp Compile             0         0       0
BUILD: [00:0000000268:PROGC ] Other                      0         0       0
BUILD: [00:0000000269:PROGC ] 
BUILD: [00:0000000270:PROGC ] Total                     17         0       0
BUILD: [00:0000000271:PROGC ] 
BUILD: [00:0000000272:PROGC ] 0 Warnings,  0 Errors
BUILD: [00:0000000273:PROGC ] GetSystemTimes (seconds): Idle: 40    Kernel: 46    User: 6    
BUILD: [00:0000000274:PROGC ] Elapsed  time  (seconds): 13   
