BUILD: [Thrd:Sequence:Type  ] Message
BUILD: [00:0000000000:PROGC ] Build started with parameters: -c
BUILD: [00:0000000001:PROGC ] Build started in directory: C:\WINCE600\PLATFORM\Z2170P\SRC\BOOTLOADER\EBOOT\SDMEMORY
BUILD: [00:0000000002:PROGC ] Checking for C:\WINCE600\sdk\bin\i386\srccheck.exe.
BUILD: [00:0000000003:PROGC ] Running passes WCEFILES0, MIDL, MC, ASN, THUNK, PRECOMPHEADER, COMPILE, LIB, LINK, MANAGEDRESX, MANAGEDMOD, MANAGEDDLL, MANAGEDEXE, MANAGEDWIN for ARM.
BUILD: [00:0000000004:PROGC ] Ignoring build database (-c specified).
BUILD: [00:0000000005:PROGC ] Computing include file dependencies:
BUILD: [00:0000000006:PROGC ] Checking for SDK include directory: C:\WINCE600\sdk\CE\inc.
BUILD: [00:0000000007:PROGC ] Scan C:\WINCE600\PLATFORM\Z2170P\SRC\BOOTLOADER\EBOOT\SDMEMORY\
BUILD: [00:0000000008:PROGC ] Saving C:\WINCE600\PLATFORM\Z2170P\Build.dat.
BUILD: [00:0000000009:INFO  ] Done.
BUILD: [00:0000000010:INFO  ] Will Build C:\WINCE600\PLATFORM\Z2170P\SRC\BOOTLOADER\EBOOT\main.c because target: obj\ARMV4I\retail\main.obj is missing.
BUILD: [00:0000000011:INFO  ] Will Build C:\WINCE600\PLATFORM\Z2170P\SRC\BOOTLOADER\EBOOT\eth.c because target: obj\ARMV4I\retail\eth.obj is missing.
BUILD: [00:0000000012:INFO  ] Will Build C:\WINCE600\PLATFORM\Z2170P\SRC\BOOTLOADER\EBOOT\menu.c because target: obj\ARMV4I\retail\menu.obj is missing.
BUILD: [00:0000000013:INFO  ] Will Build C:\WINCE600\PLATFORM\Z2170P\SRC\BOOTLOADER\EBOOT\stub.c because target: obj\ARMV4I\retail\stub.obj is missing.
BUILD: [00:0000000014:INFO  ] Will Build C:\WINCE600\PLATFORM\Z2170P\SRC\BOOTLOADER\EBOOT\flashmenu.c because target: obj\ARMV4I\retail\flashmenu.obj is missing.
BUILD: [00:0000000015:INFO  ] Will Build C:\WINCE600\PLATFORM\Z2170P\SRC\BOOTLOADER\EBOOT\mmu.c because target: obj\ARMV4I\retail\mmu.obj is missing.
BUILD: [00:0000000016:INFO  ] Will Build C:\WINCE600\PLATFORM\Z2170P\SRC\BOOTLOADER\EBOOT\SDMEMORY\flash.c because target: obj\ARMV4I\retail\flash.obj is missing.
BUILD: [00:0000000017:INFO  ] Will Build C:\WINCE600\PLATFORM\Z2170P\SRC\BOOTLOADER\EBOOT\SDMEMORY\cfg.c because target: obj\ARMV4I\retail\cfg.obj is missing.
BUILD: [00:0000000018:INFO  ] Will Build C:\WINCE600\PLATFORM\Z2170P\SRC\BOOTLOADER\EBOOT\startup.s because target: obj\ARMV4I\retail\startup.obj is missing.
BUILD: [00:0000000019:INFO  ] Will Build C:\WINCE600\PLATFORM\Z2170P\SRC\BOOTLOADER\EBOOT\jumpto.s because target: obj\ARMV4I\retail\jumpto.obj is missing.
BUILD: [00:0000000020:INFO  ] Will Build C:\WINCE600\PLATFORM\Z2170P\SRC\BOOTLOADER\EBOOT\SDMEMORY\ because target: BootImage is missing.
BUILD: [00:0000000021:PROGC ] Building COMPILE Pass in C:\WINCE600\PLATFORM\Z2170P\SRC\BOOTLOADER\EBOOT\SDMEMORY\ directory.
BUILD: [00:0000000022:PROG  ] 'NMAKE.EXE TargetCompilePass  -i -c BUILDMSG=Stop.  BUILDROOT=C:\WINCE600\PLATFORM\Z2170P CLEANBUILD=1 NOLINK=1 NOPASS0=1'
BUILD: [01:0000000023:INFO  ] makefile.def: Including C:\WINCE600\public\common\oak\misc\Sources.default
BUILD: [01:0000000024:INFO  ] makefile.def: BUILDROOT is C:\WINCE600\PLATFORM\Z2170P
BUILD: [01:0000000025:INFO  ] makefile.def: Including C:\WINCE600\PLATFORM\Z2170P\sources.cmn
BUILD: [01:0000000026:INFO  ] makefile.def: Including C:\WINCE600\PLATFORM\Z2170P\SRC\BOOTLOADER\EBOOT\SDMEMORY\sources
BUILD: [01:0000000027:INFO  ] makefile.def: Including C:\WINCE600\public\common\oak\misc\Sources.CE
BUILD: [01:0000000028:INFO  ] Directory: C:\WINCE600\PLATFORM\Z2170P\SRC\BOOTLOADER\EBOOT\SDMEMORY
BUILD: [01:0000000029:INFO  ] TARGETNAME: ebootsd
BUILD: [01:0000000030:INFO  ] makefile.def: Including C:\WINCE600\public\common\oak\misc\sources.ReleaseType_PLATFORM
BUILD: [01:0000000031:INFO  ] FULLLIBC.LIB found in TARGETLIBS; forcing NOLIBC=1
BUILD: [01:0000000032:INFO  ] FULLLIBC.LIB found in TARGETLIBS; forcing NOCRTDLL=1
BUILD: [01:0000000033:PROGC ] Compiling ..\main.c
BUILD: [01:0000000034:INFO  ] cl -nologo   /Gy -Foobj\ARMV4I\retail\main.obj -c -IARM\ -I. -IC:\WINCE600\platform\COMMON\src\inc -IC:\WINCE600\platform\Z2170P\src\inc -IC:\WINCE600\platform\COMMON\src\soc\COMMON_TI_V1\TRITON\inc -IC:\WINCE600\platform\COMMON\src\soc\COMMON_TI_V1\TPS659xx\inc -IC:\WINCE600\platform\COMMON\src\soc\COMMON_TI_V1\COMMON_TI\inc -IC:\WINCE600\platform\COMMON\src\soc\COMMON_TI_V1\OMAP3530\inc -IC:\WINCE600\public\common\oak\drivers\block\msflashfmd\inc -I.. -IC:\WINCE600\public\common\sdk\inc -IC:\WINCE600\public\common\oak\inc -IC:\WINCE600\public\common\ddk\inc -IC:\WINCE600\sdk\CE\inc -I.\Resource\0409 -Ox -Os -GF -Zi -FdC:\WINCE600\platform\Z2170P\target\ARMV4I\retail\ebootsd.pdb -D_CRT_SECURE_NO_DEPRECATE -D_USE_32BIT_TIME_T -DUNICODE -D_UNICODE -DUNDER_CE=600 -D_WIN32_WCE=0x600 -DWINCEOEM -DWINCEINTERNAL -DWIN32 -DSTRICT -DARM -DARMV4I -D_ARM_ -DNDEBUG=1  -D_SOC_MODEL=OMAP3530 -D_TRITON_MODEL=TPS659xx -DCEDDK_USEDDKMACRO -D_WINCEOSVER=600 -DBSP_EVM2 -DBSP_OPM_SELECT_37XX=4 -DBSP_OPM_SELECT_35XX=5 -DBSP_RTC_WAKES_CPU -DBSP_SDRAM_BANK1_ENABLE -DCOREDLL -DBUILDING_EBOOT_SD -DBSP_NO_NAND_IN_SDBOOT -DINTERNATIONAL -DINTLMSG_CODEPAGE=1252 -FAsc -Faobj\ARMV4I\retail\main.cod -WX -QRimplicit-import- -Zi  -Zc:wchar_t- -Zc:forScope- -wd4867 -wd4430 -MT -U_MT -W4 /analyze   /GR- -QRarch4T -DTHUMBSUPPORT -QRinterwork-return   C:\WINCE600\PLATFORM\Z2170P\SRC\BOOTLOADER\EBOOT\SDMEMORY\..\main.c
BUILD: [01:0000000035:INFO  ] main.c
BUILD: [01:0000000036:PROGC ] Compiling ..\eth.c
BUILD: [01:0000000037:INFO  ] cl -nologo   /Gy -Foobj\ARMV4I\retail\eth.obj -c -IARM\ -I. -IC:\WINCE600\platform\COMMON\src\inc -IC:\WINCE600\platform\Z2170P\src\inc -IC:\WINCE600\platform\COMMON\src\soc\COMMON_TI_V1\TRITON\inc -IC:\WINCE600\platform\COMMON\src\soc\COMMON_TI_V1\TPS659xx\inc -IC:\WINCE600\platform\COMMON\src\soc\COMMON_TI_V1\COMMON_TI\inc -IC:\WINCE600\platform\COMMON\src\soc\COMMON_TI_V1\OMAP3530\inc -IC:\WINCE600\public\common\oak\drivers\block\msflashfmd\inc -I.. -IC:\WINCE600\public\common\sdk\inc -IC:\WINCE600\public\common\oak\inc -IC:\WINCE600\public\common\ddk\inc -IC:\WINCE600\sdk\CE\inc -I.\Resource\0409 -Ox -Os -GF -Zi -FdC:\WINCE600\platform\Z2170P\target\ARMV4I\retail\ebootsd.pdb -D_CRT_SECURE_NO_DEPRECATE -D_USE_32BIT_TIME_T -DUNICODE -D_UNICODE -DUNDER_CE=600 -D_WIN32_WCE=0x600 -DWINCEOEM -DWINCEINTERNAL -DWIN32 -DSTRICT -DARM -DARMV4I -D_ARM_ -DNDEBUG=1  -D_SOC_MODEL=OMAP3530 -D_TRITON_MODEL=TPS659xx -DCEDDK_USEDDKMACRO -D_WINCEOSVER=600 -DBSP_EVM2 -DBSP_OPM_SELECT_37XX=4 -DBSP_OPM_SELECT_35XX=5 -DBSP_RTC_WAKES_CPU -DBSP_SDRAM_BANK1_ENABLE -DCOREDLL -DBUILDING_EBOOT_SD -DBSP_NO_NAND_IN_SDBOOT -DINTERNATIONAL -DINTLMSG_CODEPAGE=1252 -FAsc -Faobj\ARMV4I\retail\eth.cod -WX -QRimplicit-import- -Zi  -Zc:wchar_t- -Zc:forScope- -wd4867 -wd4430 -MT -U_MT -W4 /analyze   /GR- -QRarch4T -DTHUMBSUPPORT -QRinterwork-return   C:\WINCE600\PLATFORM\Z2170P\SRC\BOOTLOADER\EBOOT\SDMEMORY\..\eth.c
BUILD: [01:0000000038:INFO  ] eth.c
BUILD: [01:0000000039:PROGC ] Compiling ..\menu.c
BUILD: [01:0000000040:INFO  ] cl -nologo   /Gy -Foobj\ARMV4I\retail\menu.obj -c -IARM\ -I. -IC:\WINCE600\platform\COMMON\src\inc -IC:\WINCE600\platform\Z2170P\src\inc -IC:\WINCE600\platform\COMMON\src\soc\COMMON_TI_V1\TRITON\inc -IC:\WINCE600\platform\COMMON\src\soc\COMMON_TI_V1\TPS659xx\inc -IC:\WINCE600\platform\COMMON\src\soc\COMMON_TI_V1\COMMON_TI\inc -IC:\WINCE600\platform\COMMON\src\soc\COMMON_TI_V1\OMAP3530\inc -IC:\WINCE600\public\common\oak\drivers\block\msflashfmd\inc -I.. -IC:\WINCE600\public\common\sdk\inc -IC:\WINCE600\public\common\oak\inc -IC:\WINCE600\public\common\ddk\inc -IC:\WINCE600\sdk\CE\inc -I.\Resource\0409 -Ox -Os -GF -Zi -FdC:\WINCE600\platform\Z2170P\target\ARMV4I\retail\ebootsd.pdb -D_CRT_SECURE_NO_DEPRECATE -D_USE_32BIT_TIME_T -DUNICODE -D_UNICODE -DUNDER_CE=600 -D_WIN32_WCE=0x600 -DWINCEOEM -DWINCEINTERNAL -DWIN32 -DSTRICT -DARM -DARMV4I -D_ARM_ -DNDEBUG=1  -D_SOC_MODEL=OMAP3530 -D_TRITON_MODEL=TPS659xx -DCEDDK_USEDDKMACRO -D_WINCEOSVER=600 -DBSP_EVM2 -DBSP_OPM_SELECT_37XX=4 -DBSP_OPM_SELECT_35XX=5 -DBSP_RTC_WAKES_CPU -DBSP_SDRAM_BANK1_ENABLE -DCOREDLL -DBUILDING_EBOOT_SD -DBSP_NO_NAND_IN_SDBOOT -DINTERNATIONAL -DINTLMSG_CODEPAGE=1252 -FAsc -Faobj\ARMV4I\retail\menu.cod -WX -QRimplicit-import- -Zi  -Zc:wchar_t- -Zc:forScope- -wd4867 -wd4430 -MT -U_MT -W4 /analyze   /GR- -QRarch4T -DTHUMBSUPPORT -QRinterwork-return   C:\WINCE600\PLATFORM\Z2170P\SRC\BOOTLOADER\EBOOT\SDMEMORY\..\menu.c
BUILD: [01:0000000041:INFO  ] menu.c
BUILD: [01:0000000042:PROGC ] Compiling ..\stub.c
BUILD: [01:0000000043:INFO  ] cl -nologo   /Gy -Foobj\ARMV4I\retail\stub.obj -c -IARM\ -I. -IC:\WINCE600\platform\COMMON\src\inc -IC:\WINCE600\platform\Z2170P\src\inc -IC:\WINCE600\platform\COMMON\src\soc\COMMON_TI_V1\TRITON\inc -IC:\WINCE600\platform\COMMON\src\soc\COMMON_TI_V1\TPS659xx\inc -IC:\WINCE600\platform\COMMON\src\soc\COMMON_TI_V1\COMMON_TI\inc -IC:\WINCE600\platform\COMMON\src\soc\COMMON_TI_V1\OMAP3530\inc -IC:\WINCE600\public\common\oak\drivers\block\msflashfmd\inc -I.. -IC:\WINCE600\public\common\sdk\inc -IC:\WINCE600\public\common\oak\inc -IC:\WINCE600\public\common\ddk\inc -IC:\WINCE600\sdk\CE\inc -I.\Resource\0409 -Ox -Os -GF -Zi -FdC:\WINCE600\platform\Z2170P\target\ARMV4I\retail\ebootsd.pdb -D_CRT_SECURE_NO_DEPRECATE -D_USE_32BIT_TIME_T -DUNICODE -D_UNICODE -DUNDER_CE=600 -D_WIN32_WCE=0x600 -DWINCEOEM -DWINCEINTERNAL -DWIN32 -DSTRICT -DARM -DARMV4I -D_ARM_ -DNDEBUG=1  -D_SOC_MODEL=OMAP3530 -D_TRITON_MODEL=TPS659xx -DCEDDK_USEDDKMACRO -D_WINCEOSVER=600 -DBSP_EVM2 -DBSP_OPM_SELECT_37XX=4 -DBSP_OPM_SELECT_35XX=5 -DBSP_RTC_WAKES_CPU -DBSP_SDRAM_BANK1_ENABLE -DCOREDLL -DBUILDING_EBOOT_SD -DBSP_NO_NAND_IN_SDBOOT -DINTERNATIONAL -DINTLMSG_CODEPAGE=1252 -FAsc -Faobj\ARMV4I\retail\stub.cod -WX -QRimplicit-import- -Zi  -Zc:wchar_t- -Zc:forScope- -wd4867 -wd4430 -MT -U_MT -W4 /analyze   /GR- -QRarch4T -DTHUMBSUPPORT -QRinterwork-return   C:\WINCE600\PLATFORM\Z2170P\SRC\BOOTLOADER\EBOOT\SDMEMORY\..\stub.c
BUILD: [01:0000000044:INFO  ] stub.c
BUILD: [01:0000000045:PROGC ] Compiling ..\flashmenu.c
BUILD: [01:0000000046:INFO  ] cl -nologo   /Gy -Foobj\ARMV4I\retail\flashmenu.obj -c -IARM\ -I. -IC:\WINCE600\platform\COMMON\src\inc -IC:\WINCE600\platform\Z2170P\src\inc -IC:\WINCE600\platform\COMMON\src\soc\COMMON_TI_V1\TRITON\inc -IC:\WINCE600\platform\COMMON\src\soc\COMMON_TI_V1\TPS659xx\inc -IC:\WINCE600\platform\COMMON\src\soc\COMMON_TI_V1\COMMON_TI\inc -IC:\WINCE600\platform\COMMON\src\soc\COMMON_TI_V1\OMAP3530\inc -IC:\WINCE600\public\common\oak\drivers\block\msflashfmd\inc -I.. -IC:\WINCE600\public\common\sdk\inc -IC:\WINCE600\public\common\oak\inc -IC:\WINCE600\public\common\ddk\inc -IC:\WINCE600\sdk\CE\inc -I.\Resource\0409 -Ox -Os -GF -Zi -FdC:\WINCE600\platform\Z2170P\target\ARMV4I\retail\ebootsd.pdb -D_CRT_SECURE_NO_DEPRECATE -D_USE_32BIT_TIME_T -DUNICODE -D_UNICODE -DUNDER_CE=600 -D_WIN32_WCE=0x600 -DWINCEOEM -DWINCEINTERNAL -DWIN32 -DSTRICT -DARM -DARMV4I -D_ARM_ -DNDEBUG=1  -D_SOC_MODEL=OMAP3530 -D_TRITON_MODEL=TPS659xx -DCEDDK_USEDDKMACRO -D_WINCEOSVER=600 -DBSP_EVM2 -DBSP_OPM_SELECT_37XX=4 -DBSP_OPM_SELECT_35XX=5 -DBSP_RTC_WAKES_CPU -DBSP_SDRAM_BANK1_ENABLE -DCOREDLL -DBUILDING_EBOOT_SD -DBSP_NO_NAND_IN_SDBOOT -DINTERNATIONAL -DINTLMSG_CODEPAGE=1252 -FAsc -Faobj\ARMV4I\retail\flashmenu.cod -WX -QRimplicit-import- -Zi  -Zc:wchar_t- -Zc:forScope- -wd4867 -wd4430 -MT -U_MT -W4 /analyze   /GR- -QRarch4T -DTHUMBSUPPORT -QRinterwork-return   C:\WINCE600\PLATFORM\Z2170P\SRC\BOOTLOADER\EBOOT\SDMEMORY\..\flashmenu.c
BUILD: [01:0000000047:INFO  ] flashmenu.c
BUILD: [01:0000000048:PROGC ] Compiling ..\mmu.c
BUILD: [01:0000000049:INFO  ] cl -nologo   /Gy -Foobj\ARMV4I\retail\mmu.obj -c -IARM\ -I. -IC:\WINCE600\platform\COMMON\src\inc -IC:\WINCE600\platform\Z2170P\src\inc -IC:\WINCE600\platform\COMMON\src\soc\COMMON_TI_V1\TRITON\inc -IC:\WINCE600\platform\COMMON\src\soc\COMMON_TI_V1\TPS659xx\inc -IC:\WINCE600\platform\COMMON\src\soc\COMMON_TI_V1\COMMON_TI\inc -IC:\WINCE600\platform\COMMON\src\soc\COMMON_TI_V1\OMAP3530\inc -IC:\WINCE600\public\common\oak\drivers\block\msflashfmd\inc -I.. -IC:\WINCE600\public\common\sdk\inc -IC:\WINCE600\public\common\oak\inc -IC:\WINCE600\public\common\ddk\inc -IC:\WINCE600\sdk\CE\inc -I.\Resource\0409 -Ox -Os -GF -Zi -FdC:\WINCE600\platform\Z2170P\target\ARMV4I\retail\ebootsd.pdb -D_CRT_SECURE_NO_DEPRECATE -D_USE_32BIT_TIME_T -DUNICODE -D_UNICODE -DUNDER_CE=600 -D_WIN32_WCE=0x600 -DWINCEOEM -DWINCEINTERNAL -DWIN32 -DSTRICT -DARM -DARMV4I -D_ARM_ -DNDEBUG=1  -D_SOC_MODEL=OMAP3530 -D_TRITON_MODEL=TPS659xx -DCEDDK_USEDDKMACRO -D_WINCEOSVER=600 -DBSP_EVM2 -DBSP_OPM_SELECT_37XX=4 -DBSP_OPM_SELECT_35XX=5 -DBSP_RTC_WAKES_CPU -DBSP_SDRAM_BANK1_ENABLE -DCOREDLL -DBUILDING_EBOOT_SD -DBSP_NO_NAND_IN_SDBOOT -DINTERNATIONAL -DINTLMSG_CODEPAGE=1252 -FAsc -Faobj\ARMV4I\retail\mmu.cod -WX -QRimplicit-import- -Zi  -Zc:wchar_t- -Zc:forScope- -wd4867 -wd4430 -MT -U_MT -W4 /analyze   /GR- -QRarch4T -DTHUMBSUPPORT -QRinterwork-return   C:\WINCE600\PLATFORM\Z2170P\SRC\BOOTLOADER\EBOOT\SDMEMORY\..\mmu.c
BUILD: [01:0000000050:INFO  ] mmu.c
BUILD: [01:0000000051:PROGC ] Assembling ..\startup.s
BUILD: [01:0000000052:INFO  ] 	armasm -coff  -list obj\ARMV4I\retail\startup.lst -wi 150 -l 0 -cr -pd "BSP_SDRAM_BANK1_ENABLE SETL {TRUE}"  -i C:\WINCE600\platform\COMMON\src\inc,C:\WINCE600\platform\Z2170P\src\inc,C:\WINCE600\platform\COMMON\src\soc\COMMON_TI_V1\TRITON\inc,C:\WINCE600\platform\COMMON\src\soc\COMMON_TI_V1\TPS659xx\inc,C:\WINCE600\platform\COMMON\src\soc\COMMON_TI_V1\COMMON_TI\inc,C:\WINCE600\platform\COMMON\src\soc\COMMON_TI_V1\OMAP3530\inc,C:\WINCE600\public\common\oak\drivers\block\msflashfmd\inc,..,C:\WINCE600\public\common\sdk\inc,C:\WINCE600\public\common\oak\inc,C:\WINCE600\public\common\ddk\inc,C:\WINCE600\sdk\CE\inc -i arm -arch 4t -pd "Thumbing SETL {FALSE}" -pd "Interworking SETL {TRUE}"  C:\WINCE600\PLATFORM\Z2170P\SRC\BOOTLOADER\EBOOT\SDMEMORY\..\startup.s obj\ARMV4I\retail\startup.obj
BUILD: [01:0000000053:INFO  ] Microsoft (R) ARM Macro Assembler Version 14.01.60511
BUILD: [01:0000000054:INFO  ] Copyright (C) Microsoft Corporation.  All rights reserved.
BUILD: [01:0000000055:INFO  ] 
BUILD: [01:0000000056:PROGC ] Assembling ..\jumpto.s
BUILD: [01:0000000057:INFO  ] 	armasm -coff  -list obj\ARMV4I\retail\jumpto.lst -wi 150 -l 0 -cr -pd "BSP_SDRAM_BANK1_ENABLE SETL {TRUE}"  -i C:\WINCE600\platform\COMMON\src\inc,C:\WINCE600\platform\Z2170P\src\inc,C:\WINCE600\platform\COMMON\src\soc\COMMON_TI_V1\TRITON\inc,C:\WINCE600\platform\COMMON\src\soc\COMMON_TI_V1\TPS659xx\inc,C:\WINCE600\platform\COMMON\src\soc\COMMON_TI_V1\COMMON_TI\inc,C:\WINCE600\platform\COMMON\src\soc\COMMON_TI_V1\OMAP3530\inc,C:\WINCE600\public\common\oak\drivers\block\msflashfmd\inc,..,C:\WINCE600\public\common\sdk\inc,C:\WINCE600\public\common\oak\inc,C:\WINCE600\public\common\ddk\inc,C:\WINCE600\sdk\CE\inc -i arm -arch 4t -pd "Thumbing SETL {FALSE}" -pd "Interworking SETL {TRUE}"  C:\WINCE600\PLATFORM\Z2170P\SRC\BOOTLOADER\EBOOT\SDMEMORY\..\jumpto.s obj\ARMV4I\retail\jumpto.obj
BUILD: [01:0000000058:INFO  ] Microsoft (R) ARM Macro Assembler Version 14.01.60511
BUILD: [01:0000000059:INFO  ] Copyright (C) Microsoft Corporation.  All rights reserved.
BUILD: [01:0000000060:INFO  ] 
BUILD: [01:0000000061:PROGC ] Compiling .\flash.c
BUILD: [01:0000000062:INFO  ] cl -nologo   /Gy -Foobj\ARMV4I\retail\flash.obj -c -IARM\ -I. -IC:\WINCE600\platform\COMMON\src\inc -IC:\WINCE600\platform\Z2170P\src\inc -IC:\WINCE600\platform\COMMON\src\soc\COMMON_TI_V1\TRITON\inc -IC:\WINCE600\platform\COMMON\src\soc\COMMON_TI_V1\TPS659xx\inc -IC:\WINCE600\platform\COMMON\src\soc\COMMON_TI_V1\COMMON_TI\inc -IC:\WINCE600\platform\COMMON\src\soc\COMMON_TI_V1\OMAP3530\inc -IC:\WINCE600\public\common\oak\drivers\block\msflashfmd\inc -I.. -IC:\WINCE600\public\common\sdk\inc -IC:\WINCE600\public\common\oak\inc -IC:\WINCE600\public\common\ddk\inc -IC:\WINCE600\sdk\CE\inc -I.\Resource\0409 -Ox -Os -GF -Zi -FdC:\WINCE600\platform\Z2170P\target\ARMV4I\retail\ebootsd.pdb -D_CRT_SECURE_NO_DEPRECATE -D_USE_32BIT_TIME_T -DUNICODE -D_UNICODE -DUNDER_CE=600 -D_WIN32_WCE=0x600 -DWINCEOEM -DWINCEINTERNAL -DWIN32 -DSTRICT -DARM -DARMV4I -D_ARM_ -DNDEBUG=1  -D_SOC_MODEL=OMAP3530 -D_TRITON_MODEL=TPS659xx -DCEDDK_USEDDKMACRO -D_WINCEOSVER=600 -DBSP_EVM2 -DBSP_OPM_SELECT_37XX=4 -DBSP_OPM_SELECT_35XX=5 -DBSP_RTC_WAKES_CPU -DBSP_SDRAM_BANK1_ENABLE -DCOREDLL -DBUILDING_EBOOT_SD -DBSP_NO_NAND_IN_SDBOOT -DINTERNATIONAL -DINTLMSG_CODEPAGE=1252 -FAsc -Faobj\ARMV4I\retail\flash.cod -WX -QRimplicit-import- -Zi  -Zc:wchar_t- -Zc:forScope- -wd4867 -wd4430 -MT -U_MT -W4 /analyze   /GR- -QRarch4T -DTHUMBSUPPORT -QRinterwork-return   C:\WINCE600\PLATFORM\Z2170P\SRC\BOOTLOADER\EBOOT\SDMEMORY\.\flash.c
BUILD: [01:0000000063:INFO  ] flash.c
BUILD: [01:0000000064:PROGC ] Compiling .\cfg.c
BUILD: [01:0000000065:INFO  ] cl -nologo   /Gy -Foobj\ARMV4I\retail\cfg.obj -c -IARM\ -I. -IC:\WINCE600\platform\COMMON\src\inc -IC:\WINCE600\platform\Z2170P\src\inc -IC:\WINCE600\platform\COMMON\src\soc\COMMON_TI_V1\TRITON\inc -IC:\WINCE600\platform\COMMON\src\soc\COMMON_TI_V1\TPS659xx\inc -IC:\WINCE600\platform\COMMON\src\soc\COMMON_TI_V1\COMMON_TI\inc -IC:\WINCE600\platform\COMMON\src\soc\COMMON_TI_V1\OMAP3530\inc -IC:\WINCE600\public\common\oak\drivers\block\msflashfmd\inc -I.. -IC:\WINCE600\public\common\sdk\inc -IC:\WINCE600\public\common\oak\inc -IC:\WINCE600\public\common\ddk\inc -IC:\WINCE600\sdk\CE\inc -I.\Resource\0409 -Ox -Os -GF -Zi -FdC:\WINCE600\platform\Z2170P\target\ARMV4I\retail\ebootsd.pdb -D_CRT_SECURE_NO_DEPRECATE -D_USE_32BIT_TIME_T -DUNICODE -D_UNICODE -DUNDER_CE=600 -D_WIN32_WCE=0x600 -DWINCEOEM -DWINCEINTERNAL -DWIN32 -DSTRICT -DARM -DARMV4I -D_ARM_ -DNDEBUG=1  -D_SOC_MODEL=OMAP3530 -D_TRITON_MODEL=TPS659xx -DCEDDK_USEDDKMACRO -D_WINCEOSVER=600 -DBSP_EVM2 -DBSP_OPM_SELECT_37XX=4 -DBSP_OPM_SELECT_35XX=5 -DBSP_RTC_WAKES_CPU -DBSP_SDRAM_BANK1_ENABLE -DCOREDLL -DBUILDING_EBOOT_SD -DBSP_NO_NAND_IN_SDBOOT -DINTERNATIONAL -DINTLMSG_CODEPAGE=1252 -FAsc -Faobj\ARMV4I\retail\cfg.cod -WX -QRimplicit-import- -Zi  -Zc:wchar_t- -Zc:forScope- -wd4867 -wd4430 -MT -U_MT -W4 /analyze   /GR- -QRarch4T -DTHUMBSUPPORT -QRinterwork-return   C:\WINCE600\PLATFORM\Z2170P\SRC\BOOTLOADER\EBOOT\SDMEMORY\.\cfg.c
BUILD: [01:0000000066:INFO  ] cfg.c
BUILD: [00:0000000067:WARNN ] C:\WINCE600\PLATFORM\Z2170P\SRC\BOOTLOADER\EBOOT\SDMEMORY\: Missing source file: C:\WINCE600\public\common\oak\lib\ARMV4I\retail\ceddk_spi_lib.lib.
BUILD: [00:0000000068:WARNN ] File: C:\WINCE600\PLATFORM\Z2170P\SRC\BOOTLOADER\EBOOT\SDMEMORY\BootImage does not exist (2).
BUILD: [00:0000000069:INFO  ] Will Build C:\WINCE600\platform\common\lib\ARMV4I\retail\oal_io.lib because target: C:\WINCE600\platform\Z2170P\target\ARMV4I\retail\ebootsd.exe is missing.
BUILD: [00:0000000070:INFO  ] Will Build C:\WINCE600\platform\common\lib\ARMV4I\retail\oal_kitl_boot.lib because target: C:\WINCE600\platform\Z2170P\target\ARMV4I\retail\ebootsd.exe is missing.
BUILD: [00:0000000071:INFO  ] Will Build C:\WINCE600\platform\common\lib\ARMV4I\retail\oal_log.lib because target: C:\WINCE600\platform\Z2170P\target\ARMV4I\retail\ebootsd.exe is missing.
BUILD: [00:0000000072:INFO  ] Will Build C:\WINCE600\platform\common\lib\ARMV4I\retail\oal_blmenu.lib because target: C:\WINCE600\platform\Z2170P\target\ARMV4I\retail\ebootsd.exe is missing.
BUILD: [00:0000000073:INFO  ] Will Build C:\WINCE600\platform\common\lib\ARMV4I\retail\oal_blnk.lib because target: C:\WINCE600\platform\Z2170P\target\ARMV4I\retail\ebootsd.exe is missing.
BUILD: [00:0000000074:INFO  ] Will Build C:\WINCE600\platform\common\lib\ARMV4I\retail\oal_blcommon.lib because target: C:\WINCE600\platform\Z2170P\target\ARMV4I\retail\ebootsd.exe is missing.
BUILD: [00:0000000075:INFO  ] Will Build C:\WINCE600\platform\common\lib\ARMV4I\retail\common_ti_cortexA8_cache.lib because target: C:\WINCE600\platform\Z2170P\target\ARMV4I\retail\ebootsd.exe is missing.
BUILD: [00:0000000076:INFO  ] Will Build C:\WINCE600\platform\common\lib\ARMV4I\retail\common_ti_oal_flashstore.lib because target: C:\WINCE600\platform\Z2170P\target\ARMV4I\retail\ebootsd.exe is missing.
BUILD: [00:0000000077:INFO  ] Will Build C:\WINCE600\platform\common\lib\ARMV4I\retail\common_ti_fmd_nand_boot.lib because target: C:\WINCE600\platform\Z2170P\target\ARMV4I\retail\ebootsd.exe is missing.
BUILD: [00:0000000078:INFO  ] Will Build C:\WINCE600\platform\common\lib\ARMV4I\retail\common_ti_oal_alloc.lib because target: C:\WINCE600\platform\Z2170P\target\ARMV4I\retail\ebootsd.exe is missing.
BUILD: [00:0000000079:INFO  ] Will Build C:\WINCE600\platform\common\lib\ARMV4I\retail\common_ti_debugserial.lib because target: C:\WINCE600\platform\Z2170P\target\ARMV4I\retail\ebootsd.exe is missing.
BUILD: [00:0000000080:INFO  ] Will Build C:\WINCE600\platform\common\lib\ARMV4I\retail\common_ti_oali2c.lib because target: C:\WINCE600\platform\Z2170P\target\ARMV4I\retail\ebootsd.exe is missing.
BUILD: [00:0000000081:INFO  ] Will Build C:\WINCE600\platform\common\lib\ARMV4I\retail\omap3530_oalcpuver.lib because target: C:\WINCE600\platform\Z2170P\target\ARMV4I\retail\ebootsd.exe is missing.
BUILD: [00:0000000082:INFO  ] Will Build C:\WINCE600\platform\common\lib\ARMV4I\retail\common_ti_devicesmap.lib because target: C:\WINCE600\platform\Z2170P\target\ARMV4I\retail\ebootsd.exe is missing.
BUILD: [00:0000000083:INFO  ] Will Build C:\WINCE600\platform\common\lib\ARMV4I\retail\common_ti_boot_fatfs.lib because target: C:\WINCE600\platform\Z2170P\target\ARMV4I\retail\ebootsd.exe is missing.
BUILD: [00:0000000084:INFO  ] Will Build C:\WINCE600\platform\common\lib\ARMV4I\retail\common_ti_boot_sdmemory.lib because target: C:\WINCE600\platform\Z2170P\target\ARMV4I\retail\ebootsd.exe is missing.
BUILD: [00:0000000085:INFO  ] Will Build C:\WINCE600\platform\common\lib\ARMV4I\retail\common_ti_boot_sdhc.lib because target: C:\WINCE600\platform\Z2170P\target\ARMV4I\retail\ebootsd.exe is missing.
BUILD: [00:0000000086:INFO  ] Will Build C:\WINCE600\platform\common\lib\ARMV4I\retail\common_ti_ethdrv_lan911x.lib because target: C:\WINCE600\platform\Z2170P\target\ARMV4I\retail\ebootsd.exe is missing.
BUILD: [00:0000000087:INFO  ] Will Build C:\WINCE600\platform\common\lib\ARMV4I\retail\common_ti_ethdrv_usbfn.lib because target: C:\WINCE600\platform\Z2170P\target\ARMV4I\retail\ebootsd.exe is missing.
BUILD: [00:0000000088:INFO  ] Will Build C:\WINCE600\platform\common\lib\ARMV4I\retail\common_ti_ethdrv_rndis.lib because target: C:\WINCE600\platform\Z2170P\target\ARMV4I\retail\ebootsd.exe is missing.
BUILD: [00:0000000089:INFO  ] Will Build C:\WINCE600\platform\common\lib\ARMV4I\retail\tps659xx_misc.lib because target: C:\WINCE600\platform\Z2170P\target\ARMV4I\retail\ebootsd.exe is missing.
BUILD: [00:0000000090:INFO  ] Will Build C:\WINCE600\platform\common\lib\ARMV4I\retail\common_ti_oal_gpiodispatch.lib because target: C:\WINCE600\platform\Z2170P\target\ARMV4I\retail\ebootsd.exe is missing.
BUILD: [00:0000000091:INFO  ] Will Build C:\WINCE600\platform\common\lib\ARMV4I\retail\common_ti_oal_omap_gpio.lib because target: C:\WINCE600\platform\Z2170P\target\ARMV4I\retail\ebootsd.exe is missing.
BUILD: [00:0000000092:INFO  ] Will Build C:\WINCE600\platform\common\lib\ARMV4I\retail\tps659xx_oal_gpio.lib because target: C:\WINCE600\platform\Z2170P\target\ARMV4I\retail\ebootsd.exe is missing.
BUILD: [00:0000000093:INFO  ] Will Build C:\WINCE600\platform\common\lib\ARMV4I\retail\triton_oal.lib because target: C:\WINCE600\platform\Z2170P\target\ARMV4I\retail\ebootsd.exe is missing.
BUILD: [00:0000000094:INFO  ] Will Build C:\WINCE600\platform\common\lib\ARMV4I\retail\omap3530_soccfg.lib because target: C:\WINCE600\platform\Z2170P\target\ARMV4I\retail\ebootsd.exe is missing.
BUILD: [00:0000000095:INFO  ] Will Build C:\WINCE600\platform\common\lib\ARMV4I\retail\omap3530_sdhc_boot.lib because target: C:\WINCE600\platform\Z2170P\target\ARMV4I\retail\ebootsd.exe is missing.
BUILD: [00:0000000096:INFO  ] Will Build C:\WINCE600\platform\common\lib\ARMV4I\retail\omap3530_oal_padcfg.lib because target: C:\WINCE600\platform\Z2170P\target\ARMV4I\retail\ebootsd.exe is missing.
BUILD: [00:0000000097:INFO  ] Will Build C:\WINCE600\platform\Z2170P\lib\ARMV4I\retail\BSPCFG.lib because target: C:\WINCE600\platform\Z2170P\target\ARMV4I\retail\ebootsd.exe is missing.
BUILD: [00:0000000098:INFO  ] Will Build C:\WINCE600\platform\Z2170P\lib\ARMV4I\retail\bsp_bootstubs.lib because target: C:\WINCE600\platform\Z2170P\target\ARMV4I\retail\ebootsd.exe is missing.
BUILD: [00:0000000099:INFO  ] Will Build C:\WINCE600\platform\Z2170P\lib\ARMV4I\retail\bsp_stall.lib because target: C:\WINCE600\platform\Z2170P\target\ARMV4I\retail\ebootsd.exe is missing.
BUILD: [00:0000000100:INFO  ] Will Build C:\WINCE600\public\common\oak\lib\ARMV4I\retail\rne_mdd.lib because target: C:\WINCE600\platform\Z2170P\target\ARMV4I\retail\ebootsd.exe is missing.
BUILD: [00:0000000101:INFO  ] Will Build C:\WINCE600\public\common\oak\lib\ARMV4I\retail\gsnull.lib because target: C:\WINCE600\platform\Z2170P\target\ARMV4I\retail\ebootsd.exe is missing.
BUILD: [00:0000000102:INFO  ] Will Build C:\WINCE600\public\common\oak\lib\ARMV4I\retail\fulllibc.lib because target: C:\WINCE600\platform\Z2170P\target\ARMV4I\retail\ebootsd.exe is missing.
BUILD: [00:0000000103:INFO  ] Will Build C:\WINCE600\public\common\oak\lib\ARMV4I\retail\bootpart.lib because target: C:\WINCE600\platform\Z2170P\target\ARMV4I\retail\ebootsd.exe is missing.
BUILD: [00:0000000104:INFO  ] Will Build C:\WINCE600\public\common\oak\lib\ARMV4I\retail\eboot.lib because target: C:\WINCE600\platform\Z2170P\target\ARMV4I\retail\ebootsd.exe is missing.
BUILD: [00:0000000105:INFO  ] Will Build C:\WINCE600\platform\Z2170P\lib\ARMV4I\retail\bsp_boot_ethdrv_usbfn.lib because target: C:\WINCE600\platform\Z2170P\target\ARMV4I\retail\ebootsd.exe is missing.
BUILD: [00:0000000106:INFO  ] Will Build C:\WINCE600\platform\Z2170P\lib\ARMV4I\retail\bsp_display.lib because target: C:\WINCE600\platform\Z2170P\target\ARMV4I\retail\ebootsd.exe is missing.
BUILD: [00:0000000107:INFO  ] Will Build C:\WINCE600\platform\Z2170P\lib\ARMV4I\retail\bsp_display_init.lib because target: C:\WINCE600\platform\Z2170P\target\ARMV4I\retail\ebootsd.exe is missing.
BUILD: [00:0000000108:INFO  ] Will Build C:\WINCE600\public\common\oak\lib\ARMV4I\retail\ceddk_spi_lib.lib because filename is missing from build database
BUILD: [00:0000000109:INFO  ] Will Build C:\WINCE600\PLATFORM\Z2170P\SRC\BOOTLOADER\EBOOT\SDMEMORY\obj\ARMV4I\retail\main.obj because target: C:\WINCE600\platform\Z2170P\target\ARMV4I\retail\ebootsd.exe is missing.
BUILD: [00:0000000110:INFO  ] Will Build C:\WINCE600\PLATFORM\Z2170P\SRC\BOOTLOADER\EBOOT\SDMEMORY\obj\ARMV4I\retail\eth.obj because target: C:\WINCE600\platform\Z2170P\target\ARMV4I\retail\ebootsd.exe is missing.
BUILD: [00:0000000111:INFO  ] Will Build C:\WINCE600\PLATFORM\Z2170P\SRC\BOOTLOADER\EBOOT\SDMEMORY\obj\ARMV4I\retail\menu.obj because target: C:\WINCE600\platform\Z2170P\target\ARMV4I\retail\ebootsd.exe is missing.
BUILD: [00:0000000112:INFO  ] Will Build C:\WINCE600\PLATFORM\Z2170P\SRC\BOOTLOADER\EBOOT\SDMEMORY\obj\ARMV4I\retail\stub.obj because target: C:\WINCE600\platform\Z2170P\target\ARMV4I\retail\ebootsd.exe is missing.
BUILD: [00:0000000113:INFO  ] Will Build C:\WINCE600\PLATFORM\Z2170P\SRC\BOOTLOADER\EBOOT\SDMEMORY\obj\ARMV4I\retail\flashmenu.obj because target: C:\WINCE600\platform\Z2170P\target\ARMV4I\retail\ebootsd.exe is missing.
BUILD: [00:0000000114:INFO  ] Will Build C:\WINCE600\PLATFORM\Z2170P\SRC\BOOTLOADER\EBOOT\SDMEMORY\obj\ARMV4I\retail\mmu.obj because target: C:\WINCE600\platform\Z2170P\target\ARMV4I\retail\ebootsd.exe is missing.
BUILD: [00:0000000115:INFO  ] Will Build C:\WINCE600\PLATFORM\Z2170P\SRC\BOOTLOADER\EBOOT\SDMEMORY\obj\ARMV4I\retail\flash.obj because target: C:\WINCE600\platform\Z2170P\target\ARMV4I\retail\ebootsd.exe is missing.
BUILD: [00:0000000116:INFO  ] Will Build C:\WINCE600\PLATFORM\Z2170P\SRC\BOOTLOADER\EBOOT\SDMEMORY\obj\ARMV4I\retail\cfg.obj because target: C:\WINCE600\platform\Z2170P\target\ARMV4I\retail\ebootsd.exe is missing.
BUILD: [00:0000000117:INFO  ] Will Build C:\WINCE600\PLATFORM\Z2170P\SRC\BOOTLOADER\EBOOT\SDMEMORY\obj\ARMV4I\retail\startup.obj because target: C:\WINCE600\platform\Z2170P\target\ARMV4I\retail\ebootsd.exe is missing.
BUILD: [00:0000000118:INFO  ] Will Build C:\WINCE600\PLATFORM\Z2170P\SRC\BOOTLOADER\EBOOT\SDMEMORY\obj\ARMV4I\retail\jumpto.obj because target: C:\WINCE600\platform\Z2170P\target\ARMV4I\retail\ebootsd.exe is missing.
BUILD: [00:0000000119:INFO  ] Will Build C:\WINCE600\PLATFORM\Z2170P\SRC\BOOTLOADER\EBOOT\SDMEMORY\ because target: C:\WINCE600\platform\Z2170P\target\ARMV4I\retail\ebootsd.exe is missing.
BUILD: [00:0000000120:PROGC ] Building LINK Pass in C:\WINCE600\PLATFORM\Z2170P\SRC\BOOTLOADER\EBOOT\SDMEMORY\ directory.
BUILD: [00:0000000121:PROG  ] 'NMAKE.EXE TargetExeFiles  -i -c BUILDMSG=Stop.  BUILDROOT=C:\WINCE600\PLATFORM\Z2170P CLEANBUILD=1 LINKONLY=1 NOPASS0=1'
BUILD: [01:0000000122:INFO  ] makefile.def: Including C:\WINCE600\public\common\oak\misc\Sources.default
BUILD: [01:0000000123:INFO  ] makefile.def: BUILDROOT is C:\WINCE600\PLATFORM\Z2170P
BUILD: [01:0000000124:INFO  ] makefile.def: Including C:\WINCE600\PLATFORM\Z2170P\sources.cmn
BUILD: [01:0000000125:INFO  ] makefile.def: Including C:\WINCE600\PLATFORM\Z2170P\SRC\BOOTLOADER\EBOOT\SDMEMORY\sources
BUILD: [01:0000000126:INFO  ] makefile.def: Including C:\WINCE600\public\common\oak\misc\Sources.CE
BUILD: [01:0000000127:INFO  ] Directory: C:\WINCE600\PLATFORM\Z2170P\SRC\BOOTLOADER\EBOOT\SDMEMORY
BUILD: [01:0000000128:INFO  ] TARGETNAME: ebootsd
BUILD: [01:0000000129:INFO  ] makefile.def: Including C:\WINCE600\public\common\oak\misc\sources.ReleaseType_PLATFORM
BUILD: [01:0000000130:INFO  ] FULLLIBC.LIB found in TARGETLIBS; forcing NOLIBC=1
BUILD: [01:0000000131:INFO  ] FULLLIBC.LIB found in TARGETLIBS; forcing NOCRTDLL=1
BUILD: [01:0000000132:ERRORE] NMAKE :  U1073: don't know how to make 'C:\WINCE600\OSDesigns\Z2170P\Z2170P\Wince600\Z2170P_ARMV4I\cesysgen\oak\lib\ARMV4I\retail\ceddk_spi_lib.lib'
BUILD: [01:0000000133:INFO  ] Stop.
BUILD: [01:0000000134:ERRORE] NMAKE.EXE TargetExeFiles  -i -c BUILDMSG=Stop.  BUILDROOT=C:\WINCE600\PLATFORM\Z2170P CLEANBUILD=1 LINKONLY=1 NOPASS0=1 failed - rc = 2
BUILD: [00:0000000135:PROGC ]                        Files  Warnings  Errors
BUILD: [00:0000000136:PROGC ] Midl                       0         0       0
BUILD: [00:0000000137:PROGC ] Message                    0         0       0
BUILD: [00:0000000138:PROGC ] Precomp Header             0         0       0
BUILD: [00:0000000139:PROGC ] Resource                   0         0       0
BUILD: [00:0000000140:PROGC ] MASM                       0         0       0
BUILD: [00:0000000141:PROGC ] SHASM                      0         0       0
BUILD: [00:0000000142:PROGC ] ARMASM                     2         0       0
BUILD: [00:0000000143:PROGC ] MIPSASM                    0         0       0
BUILD: [00:0000000144:PROGC ] C++                        0         0       0
BUILD: [00:0000000145:PROGC ] C                          8         0       0
BUILD: [00:0000000146:PROGC ] Static Libraries           0         0       0
BUILD: [00:0000000147:PROGC ] Exe's                      0         0       0
BUILD: [00:0000000148:PROGC ] Dll's                      0         0       0
BUILD: [00:0000000149:PROGC ] Preprocess deffile         0         0       0
BUILD: [00:0000000150:PROGC ] Resx                       0         0       0
BUILD: [00:0000000151:PROGC ] CSharp Compile             0         0       0
BUILD: [00:0000000152:PROGC ] Other                      0         0       2
BUILD: [00:0000000153:PROGC ] 
BUILD: [00:0000000154:PROGC ] Total                     10         0       2
BUILD: [00:0000000155:PROGC ] 
BUILD: [00:0000000156:PROGC ] 0 Warnings,  2 Errors
BUILD: [00:0000000157:PROGC ] GetSystemTimes (seconds): Idle: 12    Kernel: 31    User: 4    
BUILD: [00:0000000158:PROGC ] Elapsed  time  (seconds): 17   
