BUILD: [Thrd:Sequence:Type  ] Message
BUILD: [00:0000000000:PROGC ] Build started with parameters: -c
BUILD: [00:0000000001:PROGC ] Build started in directory: C:\WINCE600\PLATFORM\Z2170P\SRC\DRIVERS\BATTERY\NULL
BUILD: [00:0000000002:PROGC ] Checking for C:\WINCE600\sdk\bin\i386\srccheck.exe.
BUILD: [00:0000000003:PROGC ] Running passes WCEFILES0, MIDL, MC, ASN, THUNK, PRECOMPHEADER, COMPILE, LIB, LINK, MANAGEDRESX, MANAGEDMOD, MANAGEDDLL, MANAGEDEXE, MANAGEDWIN for ARM.
BUILD: [00:0000000004:PROGC ] Ignoring build database (-c specified).
BUILD: [00:0000000005:PROGC ] Computing include file dependencies:
BUILD: [00:0000000006:PROGC ] Checking for SDK include directory: C:\WINCE600\sdk\CE\inc.
BUILD: [00:0000000007:PROGC ] Scan C:\WINCE600\PLATFORM\Z2170P\SRC\DRIVERS\BATTERY\NULL\
BUILD: [00:0000000008:PROGC ] Saving C:\WINCE600\PLATFORM\Z2170P\Build.dat.
BUILD: [00:0000000009:INFO  ] Done.
BUILD: [00:0000000010:INFO  ] Will Build C:\WINCE600\PLATFORM\Z2170P\SRC\DRIVERS\BATTERY\NULL\null_batt_pdd.c because target: obj\ARMV4I\retail\null_batt_pdd.obj is missing.
BUILD: [00:0000000011:PROGC ] Building COMPILE Pass in C:\WINCE600\PLATFORM\Z2170P\SRC\DRIVERS\BATTERY\NULL\ directory.
BUILD: [00:0000000012:PROG  ] 'NMAKE.EXE TargetCompilePass  -i -c BUILDMSG=Stop.  BUILDROOT=C:\WINCE600\PLATFORM\Z2170P CLEANBUILD=1 NOLINK=1 NOPASS0=1'
BUILD: [01:0000000013:INFO  ] makefile.def: Including C:\WINCE600\public\common\oak\misc\Sources.default
BUILD: [01:0000000014:INFO  ] makefile.def: BUILDROOT is C:\WINCE600\PLATFORM\Z2170P
BUILD: [01:0000000015:INFO  ] makefile.def: Including C:\WINCE600\PLATFORM\Z2170P\sources.cmn
BUILD: [01:0000000016:INFO  ] makefile.def: Including C:\WINCE600\PLATFORM\Z2170P\SRC\DRIVERS\BATTERY\NULL\sources
BUILD: [01:0000000017:INFO  ] makefile.def: Including C:\WINCE600\public\common\oak\misc\Sources.CE
BUILD: [01:0000000018:INFO  ] Directory: C:\WINCE600\PLATFORM\Z2170P\SRC\DRIVERS\BATTERY\NULL
BUILD: [01:0000000019:INFO  ] TARGETNAME: null_battdrvr
BUILD: [01:0000000020:INFO  ] makefile.def: Including C:\WINCE600\public\common\oak\misc\sources.ReleaseType_PLATFORM
BUILD: [01:0000000021:PROGC ] Compiling .\null_batt_pdd.c
BUILD: [01:0000000022:INFO  ] cl -nologo   /Gy -Foobj\ARMV4I\retail\null_batt_pdd.obj -c -IARM\ -I. -IC:\WINCE600\platform\COMMON\src\inc -IC:\WINCE600\platform\Z2170P\src\inc -IC:\WINCE600\platform\COMMON\src\soc\COMMON_TI_V1\TRITON\inc -IC:\WINCE600\platform\COMMON\src\soc\COMMON_TI_V1\TPS659xx\inc -IC:\WINCE600\platform\COMMON\src\soc\COMMON_TI_V1\COMMON_TI\inc -IC:\WINCE600\platform\COMMON\src\soc\COMMON_TI_V1\OMAP3530\inc -IC:\WINCE600\public\common\sdk\inc -IC:\WINCE600\public\common\oak\inc -IC:\WINCE600\public\common\ddk\inc -IC:\WINCE600\sdk\CE\inc -I.\Resource\0409 -Ox -Os -GF -Zi -FdC:\WINCE600\platform\Z2170P\target\ARMV4I\retail\null_battdrvr.pdb -D_CRT_SECURE_NO_DEPRECATE -D_USE_32BIT_TIME_T -DUNICODE -D_UNICODE -DUNDER_CE=600 -D_WIN32_WCE=0x600 -DWINCEOEM -DWINCEINTERNAL -DWIN32 -DSTRICT -DARM -DARMV4I -D_ARM_ -DNDEBUG=1  -D_SOC_MODEL=OMAP3530 -D_TRITON_MODEL=TPS659xx -DCEDDK_USEDDKMACRO -D_WINCEOSVER=600 -DBSP_EVM2 -DBSP_OPM_SELECT_37XX=4 -DBSP_OPM_SELECT_35XX=5 -DBSP_SDRAM_BANK1_ENABLE -DCEDDK_USEDDKMACRO -DINTERNATIONAL -DINTLMSG_CODEPAGE=1252 -FAsc -Faobj\ARMV4I\retail\null_batt_pdd.cod -WX -QRimplicit-import- -Zi  -Zc:wchar_t- -Zc:forScope- -wd4867 -wd4430 -MT -U_MT -W4 /analyze   /GR- -QRarch4T -DTHUMBSUPPORT -QRinterwork-return  /GS C:\WINCE600\PLATFORM\Z2170P\SRC\DRIVERS\BATTERY\NULL\.\null_batt_pdd.c
BUILD: [01:0000000023:INFO  ] null_batt_pdd.c
BUILD: [00:0000000024:INFO  ] Will Build C:\WINCE600\public\common\oak\lib\ARMV4I\retail\battdrvr_mdd.lib because target: C:\WINCE600\platform\Z2170P\lib\ARMV4I\retail\null_battdrvr.lib is missing.
BUILD: [00:0000000025:INFO  ] Will Build C:\WINCE600\PLATFORM\Z2170P\SRC\DRIVERS\BATTERY\NULL\obj\ARMV4I\retail\null_batt_pdd.obj because target: C:\WINCE600\platform\Z2170P\lib\ARMV4I\retail\null_battdrvr.lib is missing.
BUILD: [00:0000000026:INFO  ] Will Build C:\WINCE600\PLATFORM\Z2170P\SRC\DRIVERS\BATTERY\NULL\ because target: C:\WINCE600\platform\Z2170P\lib\ARMV4I\retail\null_battdrvr.lib is missing.
BUILD: [00:0000000027:PROGC ] Building LIB Pass in C:\WINCE600\PLATFORM\Z2170P\SRC\DRIVERS\BATTERY\NULL\ directory.
BUILD: [00:0000000028:PROG  ] 'NMAKE.EXE TargetLibFiles  -i -c BUILDMSG=Stop.  BUILDROOT=C:\WINCE600\PLATFORM\Z2170P CLEANBUILD=1 LINKONLY=1 NOPASS0=1'
BUILD: [01:0000000029:INFO  ] makefile.def: Including C:\WINCE600\public\common\oak\misc\Sources.default
BUILD: [01:0000000030:INFO  ] makefile.def: BUILDROOT is C:\WINCE600\PLATFORM\Z2170P
BUILD: [01:0000000031:INFO  ] makefile.def: Including C:\WINCE600\PLATFORM\Z2170P\sources.cmn
BUILD: [01:0000000032:INFO  ] makefile.def: Including C:\WINCE600\PLATFORM\Z2170P\SRC\DRIVERS\BATTERY\NULL\sources
BUILD: [01:0000000033:INFO  ] makefile.def: Including C:\WINCE600\public\common\oak\misc\Sources.CE
BUILD: [01:0000000034:INFO  ] Directory: C:\WINCE600\PLATFORM\Z2170P\SRC\DRIVERS\BATTERY\NULL
BUILD: [01:0000000035:INFO  ] TARGETNAME: null_battdrvr
BUILD: [01:0000000036:INFO  ] makefile.def: Including C:\WINCE600\public\common\oak\misc\sources.ReleaseType_PLATFORM
BUILD: [01:0000000037:PROGC ] Linking C:\WINCE600\platform\Z2170P\lib\ARMV4I\retail\null_battdrvr.lib
BUILD: [01:0000000038:INFO  ] 	link -lib -out:C:\WINCE600\platform\Z2170P\lib\ARMV4I\retail\null_battdrvr.lib -def:..\battdrvr.def -machine:thumb @C:\DOCUME~1\brian.hsu\LOCALS~1\Temp\nm108.tmp
BUILD: [01:0000000039:INFO  ] Microsoft (R) Library Manager Version 8.00.50727.42
BUILD: [01:0000000040:INFO  ] Copyright (C) Microsoft Corporation.  All rights reserved.
BUILD: [01:0000000041:INFO  ] 
BUILD: [01:0000000042:INFO  ] -nodefaultlib 
BUILD: [01:0000000043:INFO  ] -ignore:4001 
BUILD: [01:0000000044:INFO  ] /subsystem:windowsce,6.00 
BUILD: [01:0000000045:INFO  ] obj\ARMV4I\retail\null_batt_pdd.obj 
BUILD: [01:0000000046:INFO  ] C:\WINCE600\OSDesigns\Z2170P\Z2170P\Wince600\Z2170P_ARMV4I\cesysgen\oak\lib\ARMV4I\retail\battdrvr_mdd.lib 
BUILD: [01:0000000047:INFO  ]    Creating library C:\WINCE600\platform\Z2170P\lib\ARMV4I\retail\null_battdrvr.lib and object C:\WINCE600\platform\Z2170P\lib\ARMV4I\retail\null_battdrvr.exp
BUILD: [00:0000000048:WARNN ] C:\WINCE600\PLATFORM\Z2170P\SRC\DRIVERS\BATTERY\NULL\: Missing source file: C:\WINCE600\public\common\sdk\lib\ARMV4I\retail\coredll.lib.
BUILD: [00:0000000049:INFO  ] Will Build C:\WINCE600\public\common\oak\lib\ARMV4I\retail\battdrvr_mdd.lib because target: C:\WINCE600\platform\Z2170P\target\ARMV4I\retail\null_battdrvr.dll is missing.
BUILD: [00:0000000050:INFO  ] Will Build C:\WINCE600\PLATFORM\Z2170P\SRC\DRIVERS\BATTERY\battdrvr.def because target: C:\WINCE600\platform\Z2170P\target\ARMV4I\retail\null_battdrvr.dll is missing.
BUILD: [00:0000000051:INFO  ] Will Build C:\WINCE600\platform\Z2170P\lib\ARMV4I\retail\ceddk.lib because target: C:\WINCE600\platform\Z2170P\target\ARMV4I\retail\null_battdrvr.dll is missing.
BUILD: [00:0000000052:INFO  ] Will Build C:\WINCE600\public\common\sdk\lib\ARMV4I\retail\coredll.lib because filename is missing from build database
BUILD: [00:0000000053:INFO  ] Will Build C:\WINCE600\PLATFORM\Z2170P\SRC\DRIVERS\BATTERY\NULL\obj\ARMV4I\retail\null_batt_pdd.obj because target: C:\WINCE600\platform\Z2170P\target\ARMV4I\retail\null_battdrvr.dll is missing.
BUILD: [00:0000000054:INFO  ] Will Build C:\WINCE600\PLATFORM\Z2170P\SRC\DRIVERS\BATTERY\NULL\ because target: C:\WINCE600\platform\Z2170P\target\ARMV4I\retail\null_battdrvr.dll is missing.
BUILD: [00:0000000055:PROGC ] Building LINK Pass in C:\WINCE600\PLATFORM\Z2170P\SRC\DRIVERS\BATTERY\NULL\ directory.
BUILD: [00:0000000056:PROG  ] 'NMAKE.EXE TargetExeFiles  -i -c BUILDMSG=Stop.  BUILDROOT=C:\WINCE600\PLATFORM\Z2170P CLEANBUILD=1 LINKONLY=1 NOPASS0=1MAKEDLL=1'
BUILD: [01:0000000057:INFO  ] makefile.def: Including C:\WINCE600\public\common\oak\misc\Sources.default
BUILD: [01:0000000058:INFO  ] makefile.def: BUILDROOT is C:\WINCE600\PLATFORM\Z2170P
BUILD: [01:0000000059:INFO  ] makefile.def: Including C:\WINCE600\PLATFORM\Z2170P\sources.cmn
BUILD: [01:0000000060:INFO  ] makefile.def: Including C:\WINCE600\PLATFORM\Z2170P\SRC\DRIVERS\BATTERY\NULL\sources
BUILD: [01:0000000061:INFO  ] makefile.def: Including C:\WINCE600\public\common\oak\misc\Sources.CE
BUILD: [01:0000000062:INFO  ] Directory: C:\WINCE600\PLATFORM\Z2170P\SRC\DRIVERS\BATTERY\NULL
BUILD: [01:0000000063:INFO  ] TARGETNAME: null_battdrvr
BUILD: [01:0000000064:INFO  ] makefile.def: Including C:\WINCE600\public\common\oak\misc\sources.ReleaseType_PLATFORM
BUILD: [01:0000000065:INFO  ] 	set LIB=C:\WINCE600\sdk\CE\lib
BUILD: [01:0000000066:PROGC ] Linking C:\WINCE600\platform\Z2170P\target\ARMV4I\retail\null_battdrvr.dll
BUILD: [01:0000000067:INFO  ] 	link /LARGEADDRESSAWARE -out:C:\WINCE600\platform\Z2170P\target\ARMV4I\retail\null_battdrvr.dll -dll -machine:thumb @C:\DOCUME~1\brian.hsu\LOCALS~1\Temp\nm109.tmp
BUILD: [01:0000000068:INFO  ] Microsoft (R) Incremental Linker Version 8.00.50727.42
BUILD: [01:0000000069:INFO  ] Copyright (C) Microsoft Corporation.  All rights reserved.
BUILD: [01:0000000070:INFO  ] 
BUILD: [01:0000000071:INFO  ] -nodefaultlib 
BUILD: [01:0000000072:INFO  ] -include:DllMain -entry:_DllMainCRTStartup 
BUILD: [01:0000000073:INFO  ] -pdb:C:\WINCE600\platform\Z2170P\target\ARMV4I\retail\null_battdrvr.pdb 
BUILD: [01:0000000074:INFO  ] -pdbaltpath:null_battdrvr.pdb 
BUILD: [01:0000000075:INFO  ] /opt:ref /verbose 
BUILD: [01:0000000076:INFO  ] -debug -debugtype:cv -incremental:no 
BUILD: [01:0000000077:INFO  ] -map:C:\WINCE600\platform\Z2170P\target\ARMV4I\retail\null_battdrvr.map 
BUILD: [01:0000000078:INFO  ] -savebaserelocations:C:\WINCE600\platform\Z2170P\target\ARMV4I\retail\null_battdrvr.rel 
BUILD: [01:0000000079:INFO  ] -MERGE:.rdata=.text -merge:.astart=.text -align:4096 -ignore:4001,4070,4078,4086,4089,4096,4099,4108,4229 /STACK:65536,4096 -debugtype:cv,fixup -incremental:no 
BUILD: [01:0000000080:INFO  ] /subsystem:windowsce,6.00 
BUILD: [01:0000000081:INFO  ] /base:0x10000000 
BUILD: [01:0000000082:INFO  ] obj\ARMV4I\retail\null_batt_pdd.obj 
BUILD: [01:0000000083:INFO  ] C:\WINCE600\OSDesigns\Z2170P\Z2170P\Wince600\Z2170P_ARMV4I\cesysgen\oak\lib\ARMV4I\retail\battdrvr_mdd.lib 
BUILD: [01:0000000084:INFO  ] C:\WINCE600\platform\Z2170P\lib\ARMV4I\retail\ceddk.lib C:\WINCE600\OSDesigns\Z2170P\Z2170P\Wince600\Z2170P_ARMV4I\cesysgen\sdk\lib\ARMV4I\retail\coredll.lib C:\WINCE600\OSDesigns\Z2170P\Z2170P\Wince600\Z2170P_ARMV4I\cesysgen\oak\lib\ARMV4I\retail\corelib0.lib C:\WINCE600\OSDesigns\Z2170P\Z2170P\Wince600\Z2170P_ARMV4I\cesysgen\oak\lib\ARMV4I\retail\corelib1.lib 
BUILD: [01:0000000085:INFO  ] C:\WINCE600\platform\Z2170P\lib\ARMV4I\retail\null_battdrvr.exp 
BUILD: [01:0000000086:INFO  ] 
BUILD: [01:0000000087:INFO  ] Starting pass 1
BUILD: [01:0000000088:INFO  ] 
BUILD: [01:0000000089:INFO  ] Searching libraries
BUILD: [01:0000000090:INFO  ]     Searching C:\WINCE600\OSDesigns\Z2170P\Z2170P\Wince600\Z2170P_ARMV4I\cesysgen\oak\lib\ARMV4I\retail\battdrvr_mdd.lib:
BUILD: [01:0000000091:INFO  ]       Found DllMain
BUILD: [01:0000000092:INFO  ]         Loaded battdrvr_mdd.lib(battdrvr.obj)
BUILD: [01:0000000093:INFO  ]       Found BatteryAPIStopwatch
BUILD: [01:0000000094:INFO  ]         Referenced in battdrvr_mdd.lib(battdrvr.obj)
BUILD: [01:0000000095:INFO  ]         Loaded battdrvr_mdd.lib(battapi.obj)
BUILD: [01:0000000096:INFO  ]     Searching C:\WINCE600\platform\Z2170P\lib\ARMV4I\retail\ceddk.lib:
BUILD: [01:0000000097:INFO  ]     Searching C:\WINCE600\OSDesigns\Z2170P\Z2170P\Wince600\Z2170P_ARMV4I\cesysgen\sdk\lib\ARMV4I\retail\coredll.lib:
BUILD: [01:0000000098:INFO  ]       Found NKDbgPrintfW
BUILD: [01:0000000099:INFO  ]         Referenced in null_batt_pdd.obj
BUILD: [01:0000000100:INFO  ]         Loaded coredll.lib(COREDLL.dll)
BUILD: [01:0000000101:INFO  ]       Found EventModify
BUILD: [01:0000000102:INFO  ]         Referenced in battdrvr_mdd.lib(battdrvr.obj)
BUILD: [01:0000000103:INFO  ]         Loaded coredll.lib(COREDLL.dll)
BUILD: [01:0000000104:INFO  ]       Found WaitForSingleObject
BUILD: [01:0000000105:INFO  ]         Referenced in battdrvr_mdd.lib(battdrvr.obj)
BUILD: [01:0000000106:INFO  ]         Loaded coredll.lib(COREDLL.dll)
BUILD: [01:0000000107:INFO  ]       Found PowerPolicyNotify
BUILD: [01:0000000108:INFO  ]         Referenced in battdrvr_mdd.lib(battdrvr.obj)
BUILD: [01:0000000109:INFO  ]         Loaded coredll.lib(COREDLL.dll)
BUILD: [01:0000000110:INFO  ]       Found CeSetThreadPriority
BUILD: [01:0000000111:INFO  ]         Referenced in battdrvr_mdd.lib(battdrvr.obj)
BUILD: [01:0000000112:INFO  ]         Loaded coredll.lib(COREDLL.dll)
BUILD: [01:0000000113:INFO  ]       Found DeleteCriticalSection
BUILD: [01:0000000114:INFO  ]         Referenced in battdrvr_mdd.lib(battdrvr.obj)
BUILD: [01:0000000115:INFO  ]         Loaded coredll.lib(COREDLL.dll)
BUILD: [01:0000000116:INFO  ]       Found LocalFree
BUILD: [01:0000000117:INFO  ]         Referenced in battdrvr_mdd.lib(battdrvr.obj)
BUILD: [01:0000000118:INFO  ]         Loaded coredll.lib(COREDLL.dll)
BUILD: [01:0000000119:INFO  ]       Found CloseHandle
BUILD: [01:0000000120:INFO  ]         Referenced in battdrvr_mdd.lib(battdrvr.obj)
BUILD: [01:0000000121:INFO  ]         Loaded coredll.lib(COREDLL.dll)
BUILD: [01:0000000122:INFO  ]       Found CreateThread
BUILD: [01:0000000123:INFO  ]         Referenced in battdrvr_mdd.lib(battdrvr.obj)
BUILD: [01:0000000124:INFO  ]         Loaded coredll.lib(COREDLL.dll)
BUILD: [01:0000000125:INFO  ]       Found LocalAlloc
BUILD: [01:0000000126:INFO  ]         Referenced in battdrvr_mdd.lib(battdrvr.obj)
BUILD: [01:0000000127:INFO  ]         Loaded coredll.lib(COREDLL.dll)
BUILD: [01:0000000128:INFO  ]       Found RegCloseKey
BUILD: [01:0000000129:INFO  ]         Referenced in battdrvr_mdd.lib(battdrvr.obj)
BUILD: [01:0000000130:INFO  ]         Loaded coredll.lib(COREDLL.dll)
BUILD: [01:0000000131:INFO  ]       Found RegQueryValueExW
BUILD: [01:0000000132:INFO  ]         Referenced in battdrvr_mdd.lib(battdrvr.obj)
BUILD: [01:0000000133:INFO  ]         Loaded coredll.lib(COREDLL.dll)
BUILD: [01:0000000134:INFO  ]       Found OpenDeviceKey
BUILD: [01:0000000135:INFO  ]         Referenced in battdrvr_mdd.lib(battdrvr.obj)
BUILD: [01:0000000136:INFO  ]         Loaded coredll.lib(COREDLL.dll)
BUILD: [01:0000000137:INFO  ]       Found CreateEventW
BUILD: [01:0000000138:INFO  ]         Referenced in battdrvr_mdd.lib(battdrvr.obj)
BUILD: [01:0000000139:INFO  ]         Loaded coredll.lib(COREDLL.dll)
BUILD: [01:0000000140:INFO  ]       Found InitializeCriticalSection
BUILD: [01:0000000141:INFO  ]         Referenced in battdrvr_mdd.lib(battdrvr.obj)
BUILD: [01:0000000142:INFO  ]         Loaded coredll.lib(COREDLL.dll)
BUILD: [01:0000000143:INFO  ]       Found OpenEventW
BUILD: [01:0000000144:INFO  ]         Referenced in battdrvr_mdd.lib(battdrvr.obj)
BUILD: [01:0000000145:INFO  ]         Loaded coredll.lib(COREDLL.dll)
BUILD: [01:0000000146:INFO  ]       Found GetLastError
BUILD: [01:0000000147:INFO  ]         Referenced in battdrvr_mdd.lib(battdrvr.obj)
BUILD: [01:0000000148:INFO  ]         Loaded coredll.lib(COREDLL.dll)
BUILD: [01:0000000149:INFO  ]       Found LeaveCriticalSection
BUILD: [01:0000000150:INFO  ]         Referenced in battdrvr_mdd.lib(battdrvr.obj)
BUILD: [01:0000000151:INFO  ]         Referenced in battdrvr_mdd.lib(battapi.obj)
BUILD: [01:0000000152:INFO  ]         Loaded coredll.lib(COREDLL.dll)
BUILD: [01:0000000153:INFO  ]       Found EnterCriticalSection
BUILD: [01:0000000154:INFO  ]         Referenced in battdrvr_mdd.lib(battdrvr.obj)
BUILD: [01:0000000155:INFO  ]         Referenced in battdrvr_mdd.lib(battapi.obj)
BUILD: [01:0000000156:INFO  ]         Loaded coredll.lib(COREDLL.dll)
BUILD: [01:0000000157:INFO  ]       Found SetLastError
BUILD: [01:0000000158:INFO  ]         Referenced in battdrvr_mdd.lib(battdrvr.obj)
BUILD: [01:0000000159:INFO  ]         Referenced in battdrvr_mdd.lib(battapi.obj)
BUILD: [01:0000000160:INFO  ]         Loaded coredll.lib(COREDLL.dll)
BUILD: [01:0000000161:INFO  ]       Found CeSetPowerOnEvent
BUILD: [01:0000000162:INFO  ]         Referenced in battdrvr_mdd.lib(battdrvr.obj)
BUILD: [01:0000000163:INFO  ]         Loaded coredll.lib(COREDLL.dll)
BUILD: [01:0000000164:INFO  ]       Found DisableThreadLibraryCalls
BUILD: [01:0000000165:INFO  ]         Referenced in battdrvr_mdd.lib(battdrvr.obj)
BUILD: [01:0000000166:INFO  ]         Loaded coredll.lib(COREDLL.dll)
BUILD: [01:0000000167:INFO  ]       Found GetTickCount
BUILD: [01:0000000168:INFO  ]         Referenced in battdrvr_mdd.lib(battapi.obj)
BUILD: [01:0000000169:INFO  ]         Loaded coredll.lib(COREDLL.dll)
BUILD: [01:0000000170:INFO  ]       Found SystemTimeToFileTime
BUILD: [01:0000000171:INFO  ]         Referenced in battdrvr_mdd.lib(battapi.obj)
BUILD: [01:0000000172:INFO  ]         Loaded coredll.lib(COREDLL.dll)
BUILD: [01:0000000173:INFO  ]       Found GetLocalTime
BUILD: [01:0000000174:INFO  ]         Referenced in battdrvr_mdd.lib(battapi.obj)
BUILD: [01:0000000175:INFO  ]         Loaded coredll.lib(COREDLL.dll)
BUILD: [01:0000000176:INFO  ]       Found FileTimeToSystemTime
BUILD: [01:0000000177:INFO  ]         Referenced in battdrvr_mdd.lib(battapi.obj)
BUILD: [01:0000000178:INFO  ]         Loaded coredll.lib(COREDLL.dll)
BUILD: [01:0000000179:INFO  ]       Found __IMPORT_DESCRIPTOR_COREDLL
BUILD: [01:0000000180:INFO  ]         Referenced in coredll.lib(COREDLL.dll)
BUILD: [01:0000000181:INFO  ]         Referenced in coredll.lib(COREDLL.dll)
BUILD: [01:0000000182:INFO  ]         Referenced in coredll.lib(COREDLL.dll)
BUILD: [01:0000000183:INFO  ]         Referenced in coredll.lib(COREDLL.dll)
BUILD: [01:0000000184:INFO  ]         Referenced in coredll.lib(COREDLL.dll)
BUILD: [01:0000000185:INFO  ]         Referenced in coredll.lib(COREDLL.dll)
BUILD: [01:0000000186:INFO  ]         Referenced in coredll.lib(COREDLL.dll)
BUILD: [01:0000000187:INFO  ]         Referenced in coredll.lib(COREDLL.dll)
BUILD: [01:0000000188:INFO  ]         Referenced in coredll.lib(COREDLL.dll)
BUILD: [01:0000000189:INFO  ]         Referenced in coredll.lib(COREDLL.dll)
BUILD: [01:0000000190:INFO  ]         Referenced in coredll.lib(COREDLL.dll)
BUILD: [01:0000000191:INFO  ]         Referenced in coredll.lib(COREDLL.dll)
BUILD: [01:0000000192:INFO  ]         Referenced in coredll.lib(COREDLL.dll)
BUILD: [01:0000000193:INFO  ]         Referenced in coredll.lib(COREDLL.dll)
BUILD: [01:0000000194:INFO  ]         Referenced in coredll.lib(COREDLL.dll)
BUILD: [01:0000000195:INFO  ]         Referenced in coredll.lib(COREDLL.dll)
BUILD: [01:0000000196:INFO  ]         Referenced in coredll.lib(COREDLL.dll)
BUILD: [01:0000000197:INFO  ]         Referenced in coredll.lib(COREDLL.dll)
BUILD: [01:0000000198:INFO  ]         Referenced in coredll.lib(COREDLL.dll)
BUILD: [01:0000000199:INFO  ]         Referenced in coredll.lib(COREDLL.dll)
BUILD: [01:0000000200:INFO  ]         Referenced in coredll.lib(COREDLL.dll)
BUILD: [01:0000000201:INFO  ]         Referenced in coredll.lib(COREDLL.dll)
BUILD: [01:0000000202:INFO  ]         Referenced in coredll.lib(COREDLL.dll)
BUILD: [01:0000000203:INFO  ]         Referenced in coredll.lib(COREDLL.dll)
BUILD: [01:0000000204:INFO  ]         Referenced in coredll.lib(COREDLL.dll)
BUILD: [01:0000000205:INFO  ]         Referenced in coredll.lib(COREDLL.dll)
BUILD: [01:0000000206:INFO  ]         Loaded coredll.lib(COREDLL.dll)
BUILD: [01:0000000207:INFO  ]       Found __NULL_IMPORT_DESCRIPTOR
BUILD: [01:0000000208:INFO  ]         Referenced in coredll.lib(COREDLL.dll)
BUILD: [01:0000000209:INFO  ]         Loaded coredll.lib(COREDLL.dll)
BUILD: [01:0000000210:INFO  ]       Found COREDLL_NULL_THUNK_DATA
BUILD: [01:0000000211:INFO  ]         Referenced in coredll.lib(COREDLL.dll)
BUILD: [01:0000000212:INFO  ]         Loaded coredll.lib(COREDLL.dll)
BUILD: [01:0000000213:INFO  ]     Searching C:\WINCE600\OSDesigns\Z2170P\Z2170P\Wince600\Z2170P_ARMV4I\cesysgen\oak\lib\ARMV4I\retail\corelib0.lib:
BUILD: [01:0000000214:INFO  ]       Found _DllMainCRTStartup
BUILD: [01:0000000215:INFO  ]         Loaded corelib0.lib(pegdmain.obj)
BUILD: [01:0000000216:INFO  ]       Found _cexit
BUILD: [01:0000000217:INFO  ]         Referenced in corelib0.lib(pegdmain.obj)
BUILD: [01:0000000218:INFO  ]         Loaded corelib0.lib(cexit.obj)
BUILD: [01:0000000219:INFO  ]       Found _cinit
BUILD: [01:0000000220:INFO  ]         Referenced in corelib0.lib(pegdmain.obj)
BUILD: [01:0000000221:INFO  ]         Loaded corelib0.lib(crt0dat.obj)
BUILD: [01:0000000222:INFO  ]       Found __security_init_cookie
BUILD: [01:0000000223:INFO  ]         Referenced in corelib0.lib(pegdmain.obj)
BUILD: [01:0000000224:INFO  ]         Loaded corelib0.lib(seccinit.obj)
BUILD: [01:0000000225:INFO  ]       Found __onexitend
BUILD: [01:0000000226:INFO  ]         Referenced in corelib0.lib(cexit.obj)
BUILD: [01:0000000227:INFO  ]         Loaded corelib0.lib(onexit.obj)
BUILD: [01:0000000228:INFO  ]       Found __xt_z
BUILD: [01:0000000229:INFO  ]         Referenced in corelib0.lib(cexit.obj)
BUILD: [01:0000000230:INFO  ]         Loaded corelib0.lib(crt0init.obj)
BUILD: [01:0000000231:INFO  ]     Searching C:\WINCE600\OSDesigns\Z2170P\Z2170P\Wince600\Z2170P_ARMV4I\cesysgen\oak\lib\ARMV4I\retail\corelib1.lib:
BUILD: [01:0000000232:INFO  ]       Found memcpy
BUILD: [01:0000000233:INFO  ]         Referenced in battdrvr_mdd.lib(battdrvr.obj)
BUILD: [01:0000000234:INFO  ]         Referenced in battdrvr_mdd.lib(battapi.obj)
BUILD: [01:0000000235:INFO  ]         Loaded corelib1.lib(COREDLL.dll)
BUILD: [01:0000000236:INFO  ]       Found memcmp
BUILD: [01:0000000237:INFO  ]         Referenced in battdrvr_mdd.lib(battdrvr.obj)
BUILD: [01:0000000238:INFO  ]         Loaded corelib1.lib(COREDLL.dll)
BUILD: [01:0000000239:INFO  ]       Found memset
BUILD: [01:0000000240:INFO  ]         Referenced in battdrvr_mdd.lib(battdrvr.obj)
BUILD: [01:0000000241:INFO  ]         Loaded corelib1.lib(COREDLL.dll)
BUILD: [01:0000000242:INFO  ]       Found __C_specific_handler
BUILD: [01:0000000243:INFO  ]         Referenced in battdrvr_mdd.lib(battdrvr.obj)
BUILD: [01:0000000244:INFO  ]         Referenced in battdrvr_mdd.lib(battapi.obj)
BUILD: [01:0000000245:INFO  ]         Referenced in corelib0.lib(pegdmain.obj)
BUILD: [01:0000000246:INFO  ]         Referenced in corelib0.lib(onexit.obj)
BUILD: [01:0000000247:INFO  ]         Loaded corelib1.lib(COREDLL.dll)
BUILD: [01:0000000248:INFO  ]       Found _XcptFilter
BUILD: [01:0000000249:INFO  ]         Referenced in corelib0.lib(pegdmain.obj)
BUILD: [01:0000000250:INFO  ]         Loaded corelib1.lib(COREDLL.dll)
BUILD: [01:0000000251:INFO  ]       Found free
BUILD: [01:0000000252:INFO  ]         Referenced in corelib0.lib(cexit.obj)
BUILD: [01:0000000253:INFO  ]         Referenced in corelib0.lib(onexit.obj)
BUILD: [01:0000000254:INFO  ]         Loaded corelib1.lib(COREDLL.dll)
BUILD: [01:0000000255:INFO  ]       Found __security_gen_cookie2
BUILD: [01:0000000256:INFO  ]         Referenced in corelib0.lib(seccinit.obj)
BUILD: [01:0000000257:INFO  ]         Loaded corelib1.lib(COREDLL.dll)
BUILD: [01:0000000258:INFO  ]       Found malloc
BUILD: [01:0000000259:INFO  ]         Referenced in corelib0.lib(onexit.obj)
BUILD: [01:0000000260:INFO  ]         Loaded corelib1.lib(COREDLL.dll)
BUILD: [01:0000000261:INFO  ]       Found realloc
BUILD: [01:0000000262:INFO  ]         Referenced in corelib0.lib(onexit.obj)
BUILD: [01:0000000263:INFO  ]         Loaded corelib1.lib(COREDLL.dll)
BUILD: [01:0000000264:INFO  ]       Found _msize
BUILD: [01:0000000265:INFO  ]         Referenced in corelib0.lib(onexit.obj)
BUILD: [01:0000000266:INFO  ]         Loaded corelib1.lib(COREDLL.dll)
BUILD: [01:0000000267:INFO  ]     Searching C:\WINCE600\OSDesigns\Z2170P\Z2170P\Wince600\Z2170P_ARMV4I\cesysgen\oak\lib\ARMV4I\retail\battdrvr_mdd.lib:
BUILD: [01:0000000268:INFO  ]     Searching C:\WINCE600\platform\Z2170P\lib\ARMV4I\retail\ceddk.lib:
BUILD: [01:0000000269:INFO  ]     Searching C:\WINCE600\OSDesigns\Z2170P\Z2170P\Wince600\Z2170P_ARMV4I\cesysgen\sdk\lib\ARMV4I\retail\coredll.lib:
BUILD: [01:0000000270:INFO  ]       Found InterlockedExchange
BUILD: [01:0000000271:INFO  ]         Referenced in corelib0.lib(cexit.obj)
BUILD: [01:0000000272:INFO  ]         Loaded coredll.lib(COREDLL.dll)
BUILD: [01:0000000273:INFO  ]       Found TerminateProcess
BUILD: [01:0000000274:INFO  ]         Referenced in corelib0.lib(cexit.obj)
BUILD: [01:0000000275:INFO  ]         Loaded coredll.lib(COREDLL.dll)
BUILD: [01:0000000276:INFO  ]       Found InterlockedCompareExchange
BUILD: [01:0000000277:INFO  ]         Referenced in corelib0.lib(onexit.obj)
BUILD: [01:0000000278:INFO  ]         Loaded coredll.lib(COREDLL.dll)
BUILD: [01:0000000279:INFO  ] 
BUILD: [01:0000000280:INFO  ] Finished searching libraries
BUILD: [01:0000000281:INFO  ] 
BUILD: [01:0000000282:INFO  ] Finished pass 1
BUILD: [01:0000000283:INFO  ] 
BUILD: [01:0000000284:INFO  ]     Discarded __imp_malloc from corelib1.lib(COREDLL.dll)
BUILD: [01:0000000285:INFO  ]     Discarded __imp_realloc from corelib1.lib(COREDLL.dll)
BUILD: [01:0000000286:INFO  ]     Discarded __imp__msize from corelib1.lib(COREDLL.dll)
BUILD: [01:0000000287:INFO  ]     Discarded __imp_InterlockedCompareExchange from coredll.lib(COREDLL.dll)
BUILD: [01:0000000288:INFO  ]     Discarded '.pdata' from null_batt_pdd.obj
BUILD: [01:0000000289:INFO  ]     Discarded '.pdata' from battdrvr_mdd.lib(battdrvr.obj)
BUILD: [01:0000000290:INFO  ]     Discarded '.pdata' from battdrvr_mdd.lib(battdrvr.obj)
BUILD: [01:0000000291:INFO  ]     Discarded '.pdata' from battdrvr_mdd.lib(battapi.obj)
BUILD: [01:0000000292:INFO  ]     Discarded '.pdata' from battdrvr_mdd.lib(battapi.obj)
BUILD: [01:0000000293:INFO  ]     Discarded '.pdata' from corelib0.lib(cexit.obj)
BUILD: [01:0000000294:INFO  ]     Discarded '.pdata' from corelib0.lib(cexit.obj)
BUILD: [01:0000000295:INFO  ]     Discarded '.pdata' from corelib0.lib(cexit.obj)
BUILD: [01:0000000296:INFO  ]     Discarded '.pdata' from corelib0.lib(cexit.obj)
BUILD: [01:0000000297:INFO  ]     Discarded '.pdata' from corelib0.lib(onexit.obj)
BUILD: [01:0000000298:INFO  ]     Discarded '.pdata' from corelib0.lib(onexit.obj)
BUILD: [01:0000000299:INFO  ]     Discarded '.pdata' from corelib0.lib(onexit.obj)
BUILD: [01:0000000300:INFO  ]     Discarded '.pdata' from corelib0.lib(onexit.obj)
BUILD: [01:0000000301:INFO  ]     Discarded '.pdata' from corelib0.lib(onexit.obj)
BUILD: [01:0000000302:INFO  ]     Discarded '.pdata' from corelib0.lib(onexit.obj)
BUILD: [01:0000000303:INFO  ]     Discarded BatteryPddIOControl from null_batt_pdd.obj
BUILD: [01:0000000304:INFO  ]     Discarded SetEvent from battdrvr_mdd.lib(battdrvr.obj)
BUILD: [01:0000000305:INFO  ]     Discarded GetCurrentThread from battdrvr_mdd.lib(battdrvr.obj)
BUILD: [01:0000000306:INFO  ]     Discarded add64_64_64 from battdrvr_mdd.lib(battapi.obj)
BUILD: [01:0000000307:INFO  ]     Discarded sub64_64_64 from battdrvr_mdd.lib(battapi.obj)
BUILD: [01:0000000308:INFO  ]     Discarded GetCurrentProcess from corelib0.lib(cexit.obj)
BUILD: [01:0000000309:INFO  ]     Discarded exit from corelib0.lib(cexit.obj)
BUILD: [01:0000000310:INFO  ]     Discarded _exit from corelib0.lib(cexit.obj)
BUILD: [01:0000000311:INFO  ]     Discarded _c_exit from corelib0.lib(cexit.obj)
BUILD: [01:0000000312:INFO  ]     Discarded lockexit from corelib0.lib(onexit.obj)
BUILD: [01:0000000313:INFO  ]     Discarded unlockexit from corelib0.lib(onexit.obj)
BUILD: [01:0000000314:INFO  ]     Discarded _onexit_nolock from corelib0.lib(onexit.obj)
BUILD: [01:0000000315:INFO  ]     Discarded _onexit from corelib0.lib(onexit.obj)
BUILD: [01:0000000316:INFO  ]     Discarded atexit from corelib0.lib(onexit.obj)
BUILD: [01:0000000317:INFO  ]     Discarded malloc from corelib1.lib(COREDLL.dll)
BUILD: [01:0000000318:INFO  ]     Discarded realloc from corelib1.lib(COREDLL.dll)
BUILD: [01:0000000319:INFO  ]     Discarded _msize from corelib1.lib(COREDLL.dll)
BUILD: [01:0000000320:INFO  ]     Discarded InterlockedCompareExchange from coredll.lib(COREDLL.dll)
BUILD: [01:0000000321:INFO  ]     Discarded '.xdata' from corelib0.lib(onexit.obj)
BUILD: [01:0000000322:INFO  ]     Discarded '.idata$4' from corelib1.lib(COREDLL.dll)
BUILD: [01:0000000323:INFO  ]     Discarded '.idata$4' from corelib1.lib(COREDLL.dll)
BUILD: [01:0000000324:INFO  ]     Discarded '.idata$4' from corelib1.lib(COREDLL.dll)
BUILD: [01:0000000325:INFO  ]     Discarded '.idata$4' from coredll.lib(COREDLL.dll)
BUILD: [01:0000000326:INFO  ] Starting pass 2
BUILD: [01:0000000327:INFO  ]      null_battdrvr.exp
BUILD: [01:0000000328:INFO  ]      null_batt_pdd.obj
BUILD: [01:0000000329:INFO  ]      battdrvr_mdd.lib(battdrvr.obj)
BUILD: [01:0000000330:INFO  ]      battdrvr_mdd.lib(battapi.obj)
BUILD: [01:0000000331:INFO  ]      coredll.lib(COREDLL.dll)
BUILD: [01:0000000332:INFO  ]      coredll.lib(COREDLL.dll)
BUILD: [01:0000000333:INFO  ]      coredll.lib(COREDLL.dll)
BUILD: [01:0000000334:INFO  ]      coredll.lib(COREDLL.dll)
BUILD: [01:0000000335:INFO  ]      coredll.lib(COREDLL.dll)
BUILD: [01:0000000336:INFO  ]      coredll.lib(COREDLL.dll)
BUILD: [01:0000000337:INFO  ]      coredll.lib(COREDLL.dll)
BUILD: [01:0000000338:INFO  ]      coredll.lib(COREDLL.dll)
BUILD: [01:0000000339:INFO  ]      coredll.lib(COREDLL.dll)
BUILD: [01:0000000340:INFO  ]      coredll.lib(COREDLL.dll)
BUILD: [01:0000000341:INFO  ]      coredll.lib(COREDLL.dll)
BUILD: [01:0000000342:INFO  ]      coredll.lib(COREDLL.dll)
BUILD: [01:0000000343:INFO  ]      coredll.lib(COREDLL.dll)
BUILD: [01:0000000344:INFO  ]      coredll.lib(COREDLL.dll)
BUILD: [01:0000000345:INFO  ]      coredll.lib(COREDLL.dll)
BUILD: [01:0000000346:INFO  ]      coredll.lib(COREDLL.dll)
BUILD: [01:0000000347:INFO  ]      coredll.lib(COREDLL.dll)
BUILD: [01:0000000348:INFO  ]      coredll.lib(COREDLL.dll)
BUILD: [01:0000000349:INFO  ]      coredll.lib(COREDLL.dll)
BUILD: [01:0000000350:INFO  ]      coredll.lib(COREDLL.dll)
BUILD: [01:0000000351:INFO  ]      coredll.lib(COREDLL.dll)
BUILD: [01:0000000352:INFO  ]      coredll.lib(COREDLL.dll)
BUILD: [01:0000000353:INFO  ]      coredll.lib(COREDLL.dll)
BUILD: [01:0000000354:INFO  ]      coredll.lib(COREDLL.dll)
BUILD: [01:0000000355:INFO  ]      coredll.lib(COREDLL.dll)
BUILD: [01:0000000356:INFO  ]      coredll.lib(COREDLL.dll)
BUILD: [01:0000000357:INFO  ]      coredll.lib(COREDLL.dll)
BUILD: [01:0000000358:INFO  ]      coredll.lib(COREDLL.dll)
BUILD: [01:0000000359:INFO  ]      coredll.lib(COREDLL.dll)
BUILD: [01:0000000360:INFO  ]      coredll.lib(COREDLL.dll)
BUILD: [01:0000000361:INFO  ]      coredll.lib(COREDLL.dll)
BUILD: [01:0000000362:INFO  ]      coredll.lib(COREDLL.dll)
BUILD: [01:0000000363:INFO  ]      corelib0.lib(seccinit.obj)
BUILD: [01:0000000364:INFO  ]      corelib0.lib(pegdmain.obj)
BUILD: [01:0000000365:INFO  ]      corelib0.lib(onexit.obj)
BUILD: [01:0000000366:INFO  ]      corelib0.lib(crt0init.obj)
BUILD: [01:0000000367:INFO  ]      corelib0.lib(crt0dat.obj)
BUILD: [01:0000000368:INFO  ]      corelib0.lib(cexit.obj)
BUILD: [01:0000000369:INFO  ]      corelib1.lib(COREDLL.dll)
BUILD: [01:0000000370:INFO  ]      corelib1.lib(COREDLL.dll)
BUILD: [01:0000000371:INFO  ]      corelib1.lib(COREDLL.dll)
BUILD: [01:0000000372:INFO  ]      corelib1.lib(COREDLL.dll)
BUILD: [01:0000000373:INFO  ]      corelib1.lib(COREDLL.dll)
BUILD: [01:0000000374:INFO  ]      corelib1.lib(COREDLL.dll)
BUILD: [01:0000000375:INFO  ]      corelib1.lib(COREDLL.dll)
BUILD: [01:0000000376:INFO  ]      corelib1.lib(COREDLL.dll)
BUILD: [01:0000000377:INFO  ]      corelib1.lib(COREDLL.dll)
BUILD: [01:0000000378:INFO  ]      corelib1.lib(COREDLL.dll)
BUILD: [01:0000000379:INFO  ] Finished pass 2
BUILD: [01:0000000380:INFO  ] 	editbin /nxcompat C:\WINCE600\platform\Z2170P\target\ARMV4I\retail\null_battdrvr.dll
BUILD: [01:0000000381:INFO  ] Microsoft (R) COFF/PE Editor Version 8.00.50727.42
BUILD: [01:0000000382:INFO  ] Copyright (C) Microsoft Corporation.  All rights reserved.
BUILD: [01:0000000383:INFO  ] 
BUILD: [01:0000000384:INFO  ] 
BUILD: [01:0000000385:INFO  ] 	copylink /S:a /D:f /E:a /R:n C:\WINCE600\platform\Z2170P\target\ARMV4I\retail\null_battdrvr.map C:\WINCE600\OSDesigns\Z2170P\Z2170P\RelDir\Z2170P_ARMV4I_Release\null_battdrvr.map
BUILD: [01:0000000386:INFO  ] 	if exist C:\WINCE600\platform\Z2170P\target\ARMV4I\retail\null_battdrvr.pdb copylink /S:a /D:f /E:a /R:n C:\WINCE600\platform\Z2170P\target\ARMV4I\retail\null_battdrvr.pdb C:\WINCE600\OSDesigns\Z2170P\Z2170P\RelDir\Z2170P_ARMV4I_Release
BUILD: [01:0000000387:INFO  ] 	if exist C:\WINCE600\platform\Z2170P\target\ARMV4I\retail\null_battdrvr.rel copylink /S:a /D:f /E:a /R:n C:\WINCE600\platform\Z2170P\target\ARMV4I\retail\null_battdrvr.rel C:\WINCE600\OSDesigns\Z2170P\Z2170P\RelDir\Z2170P_ARMV4I_Release\null_battdrvr.rel
BUILD: [01:0000000388:INFO  ] 	copylink /S:a /D:f /E:a /R:n C:\WINCE600\platform\Z2170P\target\ARMV4I\retail\null_battdrvr.dll C:\WINCE600\OSDesigns\Z2170P\Z2170P\RelDir\Z2170P_ARMV4I_Release\null_battdrvr.dll
BUILD: [00:0000000389:PROGC ] Saving C:\WINCE600\PLATFORM\Z2170P\Build.dat.
BUILD: [00:0000000390:INFO  ] Done.
BUILD: [00:0000000391:PROGC ] Done.
BUILD: [00:0000000392:PROGC ]                        Files  Warnings  Errors
BUILD: [00:0000000393:PROGC ] Midl                       0         0       0
BUILD: [00:0000000394:PROGC ] Message                    0         0       0
BUILD: [00:0000000395:PROGC ] Precomp Header             0         0       0
BUILD: [00:0000000396:PROGC ] Resource                   0         0       0
BUILD: [00:0000000397:PROGC ] MASM                       0         0       0
BUILD: [00:0000000398:PROGC ] SHASM                      0         0       0
BUILD: [00:0000000399:PROGC ] ARMASM                     0         0       0
BUILD: [00:0000000400:PROGC ] MIPSASM                    0         0       0
BUILD: [00:0000000401:PROGC ] C++                        0         0       0
BUILD: [00:0000000402:PROGC ] C                          1         0       0
BUILD: [00:0000000403:PROGC ] Static Libraries           0         0       0
BUILD: [00:0000000404:PROGC ] Exe's                      0         0       0
BUILD: [00:0000000405:PROGC ] Dll's                      2         0       0
BUILD: [00:0000000406:PROGC ] Preprocess deffile         0         0       0
BUILD: [00:0000000407:PROGC ] Resx                       0         0       0
BUILD: [00:0000000408:PROGC ] CSharp Compile             0         0       0
BUILD: [00:0000000409:PROGC ] Other                      0         0       0
BUILD: [00:0000000410:PROGC ] 
BUILD: [00:0000000411:PROGC ] Total                      3         0       0
BUILD: [00:0000000412:PROGC ] 
BUILD: [00:0000000413:PROGC ] 0 Warnings,  0 Errors
BUILD: [00:0000000414:PROGC ] GetSystemTimes (seconds): Idle: 8     Kernel: 10    User: 1    
BUILD: [00:0000000415:PROGC ] Elapsed  time  (seconds): 2    
