BUILD: [Thrd:Sequence:Type  ] Message
BUILD: [00:0000000000:PROGC ] Build started with parameters: -c
BUILD: [00:0000000001:PROGC ] Build started in directory: C:\WINCE600\PLATFORM\Z2170P\SRC\OAL\OALLIB
BUILD: [00:0000000002:PROGC ] Checking for C:\WINCE600\sdk\bin\i386\srccheck.exe.
BUILD: [00:0000000003:PROGC ] Running passes WCEFILES0, MIDL, MC, ASN, THUNK, PRECOMPHEADER, COMPILE, LIB, LINK, MANAGEDRESX, MANAGEDMOD, MANAGEDDLL, MANAGEDEXE, MANAGEDWIN for ARM.
BUILD: [00:0000000004:PROGC ] Ignoring build database (-c specified).
BUILD: [00:0000000005:PROGC ] Computing include file dependencies:
BUILD: [00:0000000006:PROGC ] Checking for SDK include directory: C:\WINCE600\sdk\CE\inc.
BUILD: [00:0000000007:PROGC ] Scan C:\WINCE600\PLATFORM\Z2170P\SRC\OAL\OALLIB\
BUILD: [00:0000000008:PROGC ] Saving C:\WINCE600\PLATFORM\Z2170P\Build.dat.
BUILD: [00:0000000009:INFO  ] Done.
BUILD: [00:0000000010:INFO  ] Will Build C:\WINCE600\PLATFORM\Z2170P\SRC\OAL\OALLIB\init.c because target: obj\ARMV4I\retail\init.obj is missing.
BUILD: [00:0000000011:INFO  ] Will Build C:\WINCE600\PLATFORM\Z2170P\SRC\OAL\OALLIB\intr.c because target: obj\ARMV4I\retail\intr.obj is missing.
BUILD: [00:0000000012:INFO  ] Will Build C:\WINCE600\PLATFORM\Z2170P\SRC\OAL\OALLIB\fiq.c because target: obj\ARMV4I\retail\fiq.obj is missing.
BUILD: [00:0000000013:INFO  ] Will Build C:\WINCE600\PLATFORM\Z2170P\SRC\OAL\OALLIB\ioctl.c because target: obj\ARMV4I\retail\ioctl.obj is missing.
BUILD: [00:0000000014:INFO  ] Will Build C:\WINCE600\PLATFORM\Z2170P\SRC\OAL\OALLIB\power.c because target: obj\ARMV4I\retail\power.obj is missing.
BUILD: [00:0000000015:INFO  ] Will Build C:\WINCE600\PLATFORM\Z2170P\SRC\OAL\OALLIB\oem_latency.c because target: obj\ARMV4I\retail\oem_latency.obj is missing.
BUILD: [00:0000000016:INFO  ] Will Build C:\WINCE600\PLATFORM\Z2170P\SRC\OAL\OALLIB\oem_padwakeup.c because target: obj\ARMV4I\retail\oem_padwakeup.obj is missing.
BUILD: [00:0000000017:INFO  ] Will Build C:\WINCE600\PLATFORM\Z2170P\SRC\OAL\OALLIB\oem_prcm_device.c because target: obj\ARMV4I\retail\oem_prcm_device.obj is missing.
BUILD: [00:0000000018:INFO  ] Will Build C:\WINCE600\PLATFORM\Z2170P\SRC\OAL\OALLIB\oem_pm.c because target: obj\ARMV4I\retail\oem_pm.obj is missing.
BUILD: [00:0000000019:INFO  ] Will Build C:\WINCE600\PLATFORM\Z2170P\SRC\OAL\OALLIB\oem_intrex.c because target: obj\ARMV4I\retail\oem_intrex.obj is missing.
BUILD: [00:0000000020:INFO  ] Will Build C:\WINCE600\PLATFORM\Z2170P\SRC\OAL\OALLIB\oem_prof.c because target: obj\ARMV4I\retail\oem_prof.obj is missing.
BUILD: [00:0000000021:INFO  ] Will Build C:\WINCE600\PLATFORM\Z2170P\SRC\OAL\OALLIB\opp_map.c because target: obj\ARMV4I\retail\opp_map.obj is missing.
BUILD: [00:0000000022:INFO  ] Will Build C:\WINCE600\PLATFORM\Z2170P\SRC\OAL\OALLIB\startup.s because target: obj\ARMV4I\retail\startup.obj is missing.
BUILD: [00:0000000023:PROGC ] Building COMPILE Pass in C:\WINCE600\PLATFORM\Z2170P\SRC\OAL\OALLIB\ directory.
BUILD: [00:0000000024:PROG  ] 'NMAKE.EXE TargetCompilePass  -i -c BUILDMSG=Stop.  BUILDROOT=C:\WINCE600\PLATFORM\Z2170P CLEANBUILD=1 NOLINK=1 NOPASS0=1'
BUILD: [01:0000000025:INFO  ] makefile.def: Including C:\WINCE600\public\common\oak\misc\Sources.default
BUILD: [01:0000000026:INFO  ] makefile.def: BUILDROOT is C:\WINCE600\PLATFORM\Z2170P
BUILD: [01:0000000027:INFO  ] makefile.def: Including C:\WINCE600\PLATFORM\Z2170P\sources.cmn
BUILD: [01:0000000028:INFO  ] makefile.def: Including C:\WINCE600\PLATFORM\Z2170P\SRC\OAL\OALLIB\sources
BUILD: [01:0000000029:INFO  ] makefile.def: Including C:\WINCE600\public\common\oak\misc\Sources.CE
BUILD: [01:0000000030:INFO  ] Directory: C:\WINCE600\PLATFORM\Z2170P\SRC\OAL\OALLIB
BUILD: [01:0000000031:INFO  ] TARGETNAME: oal
BUILD: [01:0000000032:INFO  ] makefile.def: Including C:\WINCE600\public\common\oak\misc\sources.ReleaseType_PLATFORM
BUILD: [01:0000000033:PROGC ] Compiling .\init.c
BUILD: [01:0000000034:INFO  ] cl -nologo   /Gy -Foobj\ARMV4I\retail\init.obj -c -IARM\ -I. -IC:\WINCE600\platform\COMMON\src\inc -IC:\WINCE600\platform\Z2170P\src\inc -IC:\WINCE600\platform\COMMON\src\soc\COMMON_TI_V1\TRITON\inc -IC:\WINCE600\platform\COMMON\src\soc\COMMON_TI_V1\TPS659xx\inc -IC:\WINCE600\platform\COMMON\src\soc\COMMON_TI_V1\COMMON_TI\inc -IC:\WINCE600\platform\COMMON\src\soc\COMMON_TI_V1\OMAP3530\inc -IC:\WINCE600\public\common\sdk\inc -IC:\WINCE600\public\common\oak\inc -IC:\WINCE600\public\common\ddk\inc -IC:\WINCE600\sdk\CE\inc -I.\Resource\0409 -Ox -Os -GF -Zi -FdC:\WINCE600\platform\Z2170P\lib\ARMV4I\retail\oal.pdb -D_CRT_SECURE_NO_DEPRECATE -D_USE_32BIT_TIME_T -DUNICODE -D_UNICODE -DUNDER_CE=600 -D_WIN32_WCE=0x600 -DWINCEOEM -DWINCEINTERNAL -DWIN32 -DSTRICT -DARM -DARMV4I -D_ARM_ -DNDEBUG=1  -D_SOC_MODEL=OMAP3530 -D_TRITON_MODEL=TPS659xx -DCEDDK_USEDDKMACRO -D_WINCEOSVER=600 -DBSP_EVM2 -DBSP_OPM_SELECT_37XX=4 -DBSP_OPM_SELECT_35XX=5 -DBSP_RTC_WAKES_CPU -DBSP_SDRAM_BANK1_ENABLE -DOAL -DINTERNATIONAL -DINTLMSG_CODEPAGE=1252 -FAsc -Faobj\ARMV4I\retail\init.cod -WX -QRimplicit-import- -Zi  -Zc:wchar_t- -Zc:forScope- -wd4867 -wd4430 -MT -U_MT -W4 /analyze   /GR- -QRarch4T -DTHUMBSUPPORT -QRinterwork-return  /GS C:\WINCE600\PLATFORM\Z2170P\SRC\OAL\OALLIB\.\init.c
BUILD: [01:0000000035:INFO  ] init.c
BUILD: [01:0000000036:PROGC ] Compiling .\intr.c
BUILD: [01:0000000037:INFO  ] cl -nologo   /Gy -Foobj\ARMV4I\retail\intr.obj -c -IARM\ -I. -IC:\WINCE600\platform\COMMON\src\inc -IC:\WINCE600\platform\Z2170P\src\inc -IC:\WINCE600\platform\COMMON\src\soc\COMMON_TI_V1\TRITON\inc -IC:\WINCE600\platform\COMMON\src\soc\COMMON_TI_V1\TPS659xx\inc -IC:\WINCE600\platform\COMMON\src\soc\COMMON_TI_V1\COMMON_TI\inc -IC:\WINCE600\platform\COMMON\src\soc\COMMON_TI_V1\OMAP3530\inc -IC:\WINCE600\public\common\sdk\inc -IC:\WINCE600\public\common\oak\inc -IC:\WINCE600\public\common\ddk\inc -IC:\WINCE600\sdk\CE\inc -I.\Resource\0409 -Ox -Os -GF -Zi -FdC:\WINCE600\platform\Z2170P\lib\ARMV4I\retail\oal.pdb -D_CRT_SECURE_NO_DEPRECATE -D_USE_32BIT_TIME_T -DUNICODE -D_UNICODE -DUNDER_CE=600 -D_WIN32_WCE=0x600 -DWINCEOEM -DWINCEINTERNAL -DWIN32 -DSTRICT -DARM -DARMV4I -D_ARM_ -DNDEBUG=1  -D_SOC_MODEL=OMAP3530 -D_TRITON_MODEL=TPS659xx -DCEDDK_USEDDKMACRO -D_WINCEOSVER=600 -DBSP_EVM2 -DBSP_OPM_SELECT_37XX=4 -DBSP_OPM_SELECT_35XX=5 -DBSP_RTC_WAKES_CPU -DBSP_SDRAM_BANK1_ENABLE -DOAL -DINTERNATIONAL -DINTLMSG_CODEPAGE=1252 -FAsc -Faobj\ARMV4I\retail\intr.cod -WX -QRimplicit-import- -Zi  -Zc:wchar_t- -Zc:forScope- -wd4867 -wd4430 -MT -U_MT -W4 /analyze   /GR- -QRarch4T -DTHUMBSUPPORT -QRinterwork-return  /GS C:\WINCE600\PLATFORM\Z2170P\SRC\OAL\OALLIB\.\intr.c
BUILD: [01:0000000038:INFO  ] intr.c
BUILD: [01:0000000039:PROGC ] Compiling .\fiq.c
BUILD: [01:0000000040:INFO  ] cl -nologo   /Gy -Foobj\ARMV4I\retail\fiq.obj -c -IARM\ -I. -IC:\WINCE600\platform\COMMON\src\inc -IC:\WINCE600\platform\Z2170P\src\inc -IC:\WINCE600\platform\COMMON\src\soc\COMMON_TI_V1\TRITON\inc -IC:\WINCE600\platform\COMMON\src\soc\COMMON_TI_V1\TPS659xx\inc -IC:\WINCE600\platform\COMMON\src\soc\COMMON_TI_V1\COMMON_TI\inc -IC:\WINCE600\platform\COMMON\src\soc\COMMON_TI_V1\OMAP3530\inc -IC:\WINCE600\public\common\sdk\inc -IC:\WINCE600\public\common\oak\inc -IC:\WINCE600\public\common\ddk\inc -IC:\WINCE600\sdk\CE\inc -I.\Resource\0409 -Ox -Os -GF -Zi -FdC:\WINCE600\platform\Z2170P\lib\ARMV4I\retail\oal.pdb -D_CRT_SECURE_NO_DEPRECATE -D_USE_32BIT_TIME_T -DUNICODE -D_UNICODE -DUNDER_CE=600 -D_WIN32_WCE=0x600 -DWINCEOEM -DWINCEINTERNAL -DWIN32 -DSTRICT -DARM -DARMV4I -D_ARM_ -DNDEBUG=1  -D_SOC_MODEL=OMAP3530 -D_TRITON_MODEL=TPS659xx -DCEDDK_USEDDKMACRO -D_WINCEOSVER=600 -DBSP_EVM2 -DBSP_OPM_SELECT_37XX=4 -DBSP_OPM_SELECT_35XX=5 -DBSP_RTC_WAKES_CPU -DBSP_SDRAM_BANK1_ENABLE -DOAL -DINTERNATIONAL -DINTLMSG_CODEPAGE=1252 -FAsc -Faobj\ARMV4I\retail\fiq.cod -WX -QRimplicit-import- -Zi  -Zc:wchar_t- -Zc:forScope- -wd4867 -wd4430 -MT -U_MT -W4 /analyze   /GR- -QRarch4T -DTHUMBSUPPORT -QRinterwork-return  /GS C:\WINCE600\PLATFORM\Z2170P\SRC\OAL\OALLIB\.\fiq.c
BUILD: [01:0000000041:INFO  ] fiq.c
BUILD: [01:0000000042:PROGC ] Compiling .\ioctl.c
BUILD: [01:0000000043:INFO  ] cl -nologo   /Gy -Foobj\ARMV4I\retail\ioctl.obj -c -IARM\ -I. -IC:\WINCE600\platform\COMMON\src\inc -IC:\WINCE600\platform\Z2170P\src\inc -IC:\WINCE600\platform\COMMON\src\soc\COMMON_TI_V1\TRITON\inc -IC:\WINCE600\platform\COMMON\src\soc\COMMON_TI_V1\TPS659xx\inc -IC:\WINCE600\platform\COMMON\src\soc\COMMON_TI_V1\COMMON_TI\inc -IC:\WINCE600\platform\COMMON\src\soc\COMMON_TI_V1\OMAP3530\inc -IC:\WINCE600\public\common\sdk\inc -IC:\WINCE600\public\common\oak\inc -IC:\WINCE600\public\common\ddk\inc -IC:\WINCE600\sdk\CE\inc -I.\Resource\0409 -Ox -Os -GF -Zi -FdC:\WINCE600\platform\Z2170P\lib\ARMV4I\retail\oal.pdb -D_CRT_SECURE_NO_DEPRECATE -D_USE_32BIT_TIME_T -DUNICODE -D_UNICODE -DUNDER_CE=600 -D_WIN32_WCE=0x600 -DWINCEOEM -DWINCEINTERNAL -DWIN32 -DSTRICT -DARM -DARMV4I -D_ARM_ -DNDEBUG=1  -D_SOC_MODEL=OMAP3530 -D_TRITON_MODEL=TPS659xx -DCEDDK_USEDDKMACRO -D_WINCEOSVER=600 -DBSP_EVM2 -DBSP_OPM_SELECT_37XX=4 -DBSP_OPM_SELECT_35XX=5 -DBSP_RTC_WAKES_CPU -DBSP_SDRAM_BANK1_ENABLE -DOAL -DINTERNATIONAL -DINTLMSG_CODEPAGE=1252 -FAsc -Faobj\ARMV4I\retail\ioctl.cod -WX -QRimplicit-import- -Zi  -Zc:wchar_t- -Zc:forScope- -wd4867 -wd4430 -MT -U_MT -W4 /analyze   /GR- -QRarch4T -DTHUMBSUPPORT -QRinterwork-return  /GS C:\WINCE600\PLATFORM\Z2170P\SRC\OAL\OALLIB\.\ioctl.c
BUILD: [01:0000000044:INFO  ] ioctl.c
BUILD: [01:0000000045:PROGC ] Compiling .\power.c
BUILD: [01:0000000046:INFO  ] cl -nologo   /Gy -Foobj\ARMV4I\retail\power.obj -c -IARM\ -I. -IC:\WINCE600\platform\COMMON\src\inc -IC:\WINCE600\platform\Z2170P\src\inc -IC:\WINCE600\platform\COMMON\src\soc\COMMON_TI_V1\TRITON\inc -IC:\WINCE600\platform\COMMON\src\soc\COMMON_TI_V1\TPS659xx\inc -IC:\WINCE600\platform\COMMON\src\soc\COMMON_TI_V1\COMMON_TI\inc -IC:\WINCE600\platform\COMMON\src\soc\COMMON_TI_V1\OMAP3530\inc -IC:\WINCE600\public\common\sdk\inc -IC:\WINCE600\public\common\oak\inc -IC:\WINCE600\public\common\ddk\inc -IC:\WINCE600\sdk\CE\inc -I.\Resource\0409 -Ox -Os -GF -Zi -FdC:\WINCE600\platform\Z2170P\lib\ARMV4I\retail\oal.pdb -D_CRT_SECURE_NO_DEPRECATE -D_USE_32BIT_TIME_T -DUNICODE -D_UNICODE -DUNDER_CE=600 -D_WIN32_WCE=0x600 -DWINCEOEM -DWINCEINTERNAL -DWIN32 -DSTRICT -DARM -DARMV4I -D_ARM_ -DNDEBUG=1  -D_SOC_MODEL=OMAP3530 -D_TRITON_MODEL=TPS659xx -DCEDDK_USEDDKMACRO -D_WINCEOSVER=600 -DBSP_EVM2 -DBSP_OPM_SELECT_37XX=4 -DBSP_OPM_SELECT_35XX=5 -DBSP_RTC_WAKES_CPU -DBSP_SDRAM_BANK1_ENABLE -DOAL -DINTERNATIONAL -DINTLMSG_CODEPAGE=1252 -FAsc -Faobj\ARMV4I\retail\power.cod -WX -QRimplicit-import- -Zi  -Zc:wchar_t- -Zc:forScope- -wd4867 -wd4430 -MT -U_MT -W4 /analyze   /GR- -QRarch4T -DTHUMBSUPPORT -QRinterwork-return  /GS C:\WINCE600\PLATFORM\Z2170P\SRC\OAL\OALLIB\.\power.c
BUILD: [01:0000000047:INFO  ] power.c
BUILD: [01:0000000048:PROGC ] Compiling .\oem_latency.c
BUILD: [01:0000000049:INFO  ] cl -nologo   /Gy -Foobj\ARMV4I\retail\oem_latency.obj -c -IARM\ -I. -IC:\WINCE600\platform\COMMON\src\inc -IC:\WINCE600\platform\Z2170P\src\inc -IC:\WINCE600\platform\COMMON\src\soc\COMMON_TI_V1\TRITON\inc -IC:\WINCE600\platform\COMMON\src\soc\COMMON_TI_V1\TPS659xx\inc -IC:\WINCE600\platform\COMMON\src\soc\COMMON_TI_V1\COMMON_TI\inc -IC:\WINCE600\platform\COMMON\src\soc\COMMON_TI_V1\OMAP3530\inc -IC:\WINCE600\public\common\sdk\inc -IC:\WINCE600\public\common\oak\inc -IC:\WINCE600\public\common\ddk\inc -IC:\WINCE600\sdk\CE\inc -I.\Resource\0409 -Ox -Os -GF -Zi -FdC:\WINCE600\platform\Z2170P\lib\ARMV4I\retail\oal.pdb -D_CRT_SECURE_NO_DEPRECATE -D_USE_32BIT_TIME_T -DUNICODE -D_UNICODE -DUNDER_CE=600 -D_WIN32_WCE=0x600 -DWINCEOEM -DWINCEINTERNAL -DWIN32 -DSTRICT -DARM -DARMV4I -D_ARM_ -DNDEBUG=1  -D_SOC_MODEL=OMAP3530 -D_TRITON_MODEL=TPS659xx -DCEDDK_USEDDKMACRO -D_WINCEOSVER=600 -DBSP_EVM2 -DBSP_OPM_SELECT_37XX=4 -DBSP_OPM_SELECT_35XX=5 -DBSP_RTC_WAKES_CPU -DBSP_SDRAM_BANK1_ENABLE -DOAL -DINTERNATIONAL -DINTLMSG_CODEPAGE=1252 -FAsc -Faobj\ARMV4I\retail\oem_latency.cod -WX -QRimplicit-import- -Zi  -Zc:wchar_t- -Zc:forScope- -wd4867 -wd4430 -MT -U_MT -W4 /analyze   /GR- -QRarch4T -DTHUMBSUPPORT -QRinterwork-return  /GS C:\WINCE600\PLATFORM\Z2170P\SRC\OAL\OALLIB\.\oem_latency.c
BUILD: [01:0000000050:INFO  ] oem_latency.c
BUILD: [01:0000000051:PROGC ] Compiling .\oem_padwakeup.c
BUILD: [01:0000000052:INFO  ] cl -nologo   /Gy -Foobj\ARMV4I\retail\oem_padwakeup.obj -c -IARM\ -I. -IC:\WINCE600\platform\COMMON\src\inc -IC:\WINCE600\platform\Z2170P\src\inc -IC:\WINCE600\platform\COMMON\src\soc\COMMON_TI_V1\TRITON\inc -IC:\WINCE600\platform\COMMON\src\soc\COMMON_TI_V1\TPS659xx\inc -IC:\WINCE600\platform\COMMON\src\soc\COMMON_TI_V1\COMMON_TI\inc -IC:\WINCE600\platform\COMMON\src\soc\COMMON_TI_V1\OMAP3530\inc -IC:\WINCE600\public\common\sdk\inc -IC:\WINCE600\public\common\oak\inc -IC:\WINCE600\public\common\ddk\inc -IC:\WINCE600\sdk\CE\inc -I.\Resource\0409 -Ox -Os -GF -Zi -FdC:\WINCE600\platform\Z2170P\lib\ARMV4I\retail\oal.pdb -D_CRT_SECURE_NO_DEPRECATE -D_USE_32BIT_TIME_T -DUNICODE -D_UNICODE -DUNDER_CE=600 -D_WIN32_WCE=0x600 -DWINCEOEM -DWINCEINTERNAL -DWIN32 -DSTRICT -DARM -DARMV4I -D_ARM_ -DNDEBUG=1  -D_SOC_MODEL=OMAP3530 -D_TRITON_MODEL=TPS659xx -DCEDDK_USEDDKMACRO -D_WINCEOSVER=600 -DBSP_EVM2 -DBSP_OPM_SELECT_37XX=4 -DBSP_OPM_SELECT_35XX=5 -DBSP_RTC_WAKES_CPU -DBSP_SDRAM_BANK1_ENABLE -DOAL -DINTERNATIONAL -DINTLMSG_CODEPAGE=1252 -FAsc -Faobj\ARMV4I\retail\oem_padwakeup.cod -WX -QRimplicit-import- -Zi  -Zc:wchar_t- -Zc:forScope- -wd4867 -wd4430 -MT -U_MT -W4 /analyze   /GR- -QRarch4T -DTHUMBSUPPORT -QRinterwork-return  /GS C:\WINCE600\PLATFORM\Z2170P\SRC\OAL\OALLIB\.\oem_padwakeup.c
BUILD: [01:0000000053:INFO  ] oem_padwakeup.c
BUILD: [01:0000000054:PROGC ] Compiling .\oem_prcm_device.c
BUILD: [01:0000000055:INFO  ] cl -nologo   /Gy -Foobj\ARMV4I\retail\oem_prcm_device.obj -c -IARM\ -I. -IC:\WINCE600\platform\COMMON\src\inc -IC:\WINCE600\platform\Z2170P\src\inc -IC:\WINCE600\platform\COMMON\src\soc\COMMON_TI_V1\TRITON\inc -IC:\WINCE600\platform\COMMON\src\soc\COMMON_TI_V1\TPS659xx\inc -IC:\WINCE600\platform\COMMON\src\soc\COMMON_TI_V1\COMMON_TI\inc -IC:\WINCE600\platform\COMMON\src\soc\COMMON_TI_V1\OMAP3530\inc -IC:\WINCE600\public\common\sdk\inc -IC:\WINCE600\public\common\oak\inc -IC:\WINCE600\public\common\ddk\inc -IC:\WINCE600\sdk\CE\inc -I.\Resource\0409 -Ox -Os -GF -Zi -FdC:\WINCE600\platform\Z2170P\lib\ARMV4I\retail\oal.pdb -D_CRT_SECURE_NO_DEPRECATE -D_USE_32BIT_TIME_T -DUNICODE -D_UNICODE -DUNDER_CE=600 -D_WIN32_WCE=0x600 -DWINCEOEM -DWINCEINTERNAL -DWIN32 -DSTRICT -DARM -DARMV4I -D_ARM_ -DNDEBUG=1  -D_SOC_MODEL=OMAP3530 -D_TRITON_MODEL=TPS659xx -DCEDDK_USEDDKMACRO -D_WINCEOSVER=600 -DBSP_EVM2 -DBSP_OPM_SELECT_37XX=4 -DBSP_OPM_SELECT_35XX=5 -DBSP_RTC_WAKES_CPU -DBSP_SDRAM_BANK1_ENABLE -DOAL -DINTERNATIONAL -DINTLMSG_CODEPAGE=1252 -FAsc -Faobj\ARMV4I\retail\oem_prcm_device.cod -WX -QRimplicit-import- -Zi  -Zc:wchar_t- -Zc:forScope- -wd4867 -wd4430 -MT -U_MT -W4 /analyze   /GR- -QRarch4T -DTHUMBSUPPORT -QRinterwork-return  /GS C:\WINCE600\PLATFORM\Z2170P\SRC\OAL\OALLIB\.\oem_prcm_device.c
BUILD: [01:0000000056:INFO  ] oem_prcm_device.c
BUILD: [01:0000000057:PROGC ] Compiling .\oem_pm.c
BUILD: [01:0000000058:INFO  ] cl -nologo   /Gy -Foobj\ARMV4I\retail\oem_pm.obj -c -IARM\ -I. -IC:\WINCE600\platform\COMMON\src\inc -IC:\WINCE600\platform\Z2170P\src\inc -IC:\WINCE600\platform\COMMON\src\soc\COMMON_TI_V1\TRITON\inc -IC:\WINCE600\platform\COMMON\src\soc\COMMON_TI_V1\TPS659xx\inc -IC:\WINCE600\platform\COMMON\src\soc\COMMON_TI_V1\COMMON_TI\inc -IC:\WINCE600\platform\COMMON\src\soc\COMMON_TI_V1\OMAP3530\inc -IC:\WINCE600\public\common\sdk\inc -IC:\WINCE600\public\common\oak\inc -IC:\WINCE600\public\common\ddk\inc -IC:\WINCE600\sdk\CE\inc -I.\Resource\0409 -Ox -Os -GF -Zi -FdC:\WINCE600\platform\Z2170P\lib\ARMV4I\retail\oal.pdb -D_CRT_SECURE_NO_DEPRECATE -D_USE_32BIT_TIME_T -DUNICODE -D_UNICODE -DUNDER_CE=600 -D_WIN32_WCE=0x600 -DWINCEOEM -DWINCEINTERNAL -DWIN32 -DSTRICT -DARM -DARMV4I -D_ARM_ -DNDEBUG=1  -D_SOC_MODEL=OMAP3530 -D_TRITON_MODEL=TPS659xx -DCEDDK_USEDDKMACRO -D_WINCEOSVER=600 -DBSP_EVM2 -DBSP_OPM_SELECT_37XX=4 -DBSP_OPM_SELECT_35XX=5 -DBSP_RTC_WAKES_CPU -DBSP_SDRAM_BANK1_ENABLE -DOAL -DINTERNATIONAL -DINTLMSG_CODEPAGE=1252 -FAsc -Faobj\ARMV4I\retail\oem_pm.cod -WX -QRimplicit-import- -Zi  -Zc:wchar_t- -Zc:forScope- -wd4867 -wd4430 -MT -U_MT -W4 /analyze   /GR- -QRarch4T -DTHUMBSUPPORT -QRinterwork-return  /GS C:\WINCE600\PLATFORM\Z2170P\SRC\OAL\OALLIB\.\oem_pm.c
BUILD: [01:0000000059:INFO  ] oem_pm.c
BUILD: [01:0000000060:PROGC ] Compiling .\oem_intrex.c
BUILD: [01:0000000061:INFO  ] cl -nologo   /Gy -Foobj\ARMV4I\retail\oem_intrex.obj -c -IARM\ -I. -IC:\WINCE600\platform\COMMON\src\inc -IC:\WINCE600\platform\Z2170P\src\inc -IC:\WINCE600\platform\COMMON\src\soc\COMMON_TI_V1\TRITON\inc -IC:\WINCE600\platform\COMMON\src\soc\COMMON_TI_V1\TPS659xx\inc -IC:\WINCE600\platform\COMMON\src\soc\COMMON_TI_V1\COMMON_TI\inc -IC:\WINCE600\platform\COMMON\src\soc\COMMON_TI_V1\OMAP3530\inc -IC:\WINCE600\public\common\sdk\inc -IC:\WINCE600\public\common\oak\inc -IC:\WINCE600\public\common\ddk\inc -IC:\WINCE600\sdk\CE\inc -I.\Resource\0409 -Ox -Os -GF -Zi -FdC:\WINCE600\platform\Z2170P\lib\ARMV4I\retail\oal.pdb -D_CRT_SECURE_NO_DEPRECATE -D_USE_32BIT_TIME_T -DUNICODE -D_UNICODE -DUNDER_CE=600 -D_WIN32_WCE=0x600 -DWINCEOEM -DWINCEINTERNAL -DWIN32 -DSTRICT -DARM -DARMV4I -D_ARM_ -DNDEBUG=1  -D_SOC_MODEL=OMAP3530 -D_TRITON_MODEL=TPS659xx -DCEDDK_USEDDKMACRO -D_WINCEOSVER=600 -DBSP_EVM2 -DBSP_OPM_SELECT_37XX=4 -DBSP_OPM_SELECT_35XX=5 -DBSP_RTC_WAKES_CPU -DBSP_SDRAM_BANK1_ENABLE -DOAL -DINTERNATIONAL -DINTLMSG_CODEPAGE=1252 -FAsc -Faobj\ARMV4I\retail\oem_intrex.cod -WX -QRimplicit-import- -Zi  -Zc:wchar_t- -Zc:forScope- -wd4867 -wd4430 -MT -U_MT -W4 /analyze   /GR- -QRarch4T -DTHUMBSUPPORT -QRinterwork-return  /GS C:\WINCE600\PLATFORM\Z2170P\SRC\OAL\OALLIB\.\oem_intrex.c
BUILD: [01:0000000062:INFO  ] oem_intrex.c
BUILD: [01:0000000063:PROGC ] Compiling .\oem_prof.c
BUILD: [01:0000000064:INFO  ] cl -nologo   /Gy -Foobj\ARMV4I\retail\oem_prof.obj -c -IARM\ -I. -IC:\WINCE600\platform\COMMON\src\inc -IC:\WINCE600\platform\Z2170P\src\inc -IC:\WINCE600\platform\COMMON\src\soc\COMMON_TI_V1\TRITON\inc -IC:\WINCE600\platform\COMMON\src\soc\COMMON_TI_V1\TPS659xx\inc -IC:\WINCE600\platform\COMMON\src\soc\COMMON_TI_V1\COMMON_TI\inc -IC:\WINCE600\platform\COMMON\src\soc\COMMON_TI_V1\OMAP3530\inc -IC:\WINCE600\public\common\sdk\inc -IC:\WINCE600\public\common\oak\inc -IC:\WINCE600\public\common\ddk\inc -IC:\WINCE600\sdk\CE\inc -I.\Resource\0409 -Ox -Os -GF -Zi -FdC:\WINCE600\platform\Z2170P\lib\ARMV4I\retail\oal.pdb -D_CRT_SECURE_NO_DEPRECATE -D_USE_32BIT_TIME_T -DUNICODE -D_UNICODE -DUNDER_CE=600 -D_WIN32_WCE=0x600 -DWINCEOEM -DWINCEINTERNAL -DWIN32 -DSTRICT -DARM -DARMV4I -D_ARM_ -DNDEBUG=1  -D_SOC_MODEL=OMAP3530 -D_TRITON_MODEL=TPS659xx -DCEDDK_USEDDKMACRO -D_WINCEOSVER=600 -DBSP_EVM2 -DBSP_OPM_SELECT_37XX=4 -DBSP_OPM_SELECT_35XX=5 -DBSP_RTC_WAKES_CPU -DBSP_SDRAM_BANK1_ENABLE -DOAL -DINTERNATIONAL -DINTLMSG_CODEPAGE=1252 -FAsc -Faobj\ARMV4I\retail\oem_prof.cod -WX -QRimplicit-import- -Zi  -Zc:wchar_t- -Zc:forScope- -wd4867 -wd4430 -MT -U_MT -W4 /analyze   /GR- -QRarch4T -DTHUMBSUPPORT -QRinterwork-return  /GS C:\WINCE600\PLATFORM\Z2170P\SRC\OAL\OALLIB\.\oem_prof.c
BUILD: [01:0000000065:INFO  ] oem_prof.c
BUILD: [01:0000000066:PROGC ] Compiling .\opp_map.c
BUILD: [01:0000000067:INFO  ] cl -nologo   /Gy -Foobj\ARMV4I\retail\opp_map.obj -c -IARM\ -I. -IC:\WINCE600\platform\COMMON\src\inc -IC:\WINCE600\platform\Z2170P\src\inc -IC:\WINCE600\platform\COMMON\src\soc\COMMON_TI_V1\TRITON\inc -IC:\WINCE600\platform\COMMON\src\soc\COMMON_TI_V1\TPS659xx\inc -IC:\WINCE600\platform\COMMON\src\soc\COMMON_TI_V1\COMMON_TI\inc -IC:\WINCE600\platform\COMMON\src\soc\COMMON_TI_V1\OMAP3530\inc -IC:\WINCE600\public\common\sdk\inc -IC:\WINCE600\public\common\oak\inc -IC:\WINCE600\public\common\ddk\inc -IC:\WINCE600\sdk\CE\inc -I.\Resource\0409 -Ox -Os -GF -Zi -FdC:\WINCE600\platform\Z2170P\lib\ARMV4I\retail\oal.pdb -D_CRT_SECURE_NO_DEPRECATE -D_USE_32BIT_TIME_T -DUNICODE -D_UNICODE -DUNDER_CE=600 -D_WIN32_WCE=0x600 -DWINCEOEM -DWINCEINTERNAL -DWIN32 -DSTRICT -DARM -DARMV4I -D_ARM_ -DNDEBUG=1  -D_SOC_MODEL=OMAP3530 -D_TRITON_MODEL=TPS659xx -DCEDDK_USEDDKMACRO -D_WINCEOSVER=600 -DBSP_EVM2 -DBSP_OPM_SELECT_37XX=4 -DBSP_OPM_SELECT_35XX=5 -DBSP_RTC_WAKES_CPU -DBSP_SDRAM_BANK1_ENABLE -DOAL -DINTERNATIONAL -DINTLMSG_CODEPAGE=1252 -FAsc -Faobj\ARMV4I\retail\opp_map.cod -WX -QRimplicit-import- -Zi  -Zc:wchar_t- -Zc:forScope- -wd4867 -wd4430 -MT -U_MT -W4 /analyze   /GR- -QRarch4T -DTHUMBSUPPORT -QRinterwork-return  /GS C:\WINCE600\PLATFORM\Z2170P\SRC\OAL\OALLIB\.\opp_map.c
BUILD: [01:0000000068:INFO  ] opp_map.c
BUILD: [01:0000000069:PROGC ] Assembling .\startup.s
BUILD: [01:0000000070:INFO  ] 	armasm -coff  -list obj\ARMV4I\retail\startup.lst -wi 150 -l 0 -cr -pd "BSP_SDRAM_BANK1_ENABLE SETL {TRUE}"  -i C:\WINCE600\platform\COMMON\src\inc,C:\WINCE600\platform\Z2170P\src\inc,C:\WINCE600\platform\COMMON\src\soc\COMMON_TI_V1\TRITON\inc,C:\WINCE600\platform\COMMON\src\soc\COMMON_TI_V1\TPS659xx\inc,C:\WINCE600\platform\COMMON\src\soc\COMMON_TI_V1\COMMON_TI\inc,C:\WINCE600\platform\COMMON\src\soc\COMMON_TI_V1\OMAP3530\inc,C:\WINCE600\public\common\sdk\inc,C:\WINCE600\public\common\oak\inc,C:\WINCE600\public\common\ddk\inc,C:\WINCE600\sdk\CE\inc -i arm -arch 4t -pd "Thumbing SETL {FALSE}" -pd "Interworking SETL {TRUE}"  C:\WINCE600\PLATFORM\Z2170P\SRC\OAL\OALLIB\.\startup.s obj\ARMV4I\retail\startup.obj
BUILD: [01:0000000071:INFO  ] Microsoft (R) ARM Macro Assembler Version 14.01.60511
BUILD: [01:0000000072:INFO  ] Copyright (C) Microsoft Corporation.  All rights reserved.
BUILD: [01:0000000073:INFO  ] 
BUILD: [01:0000000074:WARNN ] C:\WINCE600\PLATFORM\Z2170P\SRC\OAL\OALLIB\startup.s(62) warning : A0241: Instruction clz not supported for -cpu "-arch 4t"
BUILD: [01:0000000075:INFO  ]         clz     r5, r4                          ; r5 find bit position of way size increment
BUILD: [01:0000000076:INFO  ] Assembly terminated, errors: 0, warnings: 1 
BUILD: [00:0000000077:INFO  ] Will Build C:\WINCE600\PLATFORM\Z2170P\SRC\OAL\OALLIB\obj\ARMV4I\retail\init.obj because target: C:\WINCE600\platform\Z2170P\lib\ARMV4I\retail\oal.lib is missing.
BUILD: [00:0000000078:INFO  ] Will Build C:\WINCE600\PLATFORM\Z2170P\SRC\OAL\OALLIB\obj\ARMV4I\retail\intr.obj because target: C:\WINCE600\platform\Z2170P\lib\ARMV4I\retail\oal.lib is missing.
BUILD: [00:0000000079:INFO  ] Will Build C:\WINCE600\PLATFORM\Z2170P\SRC\OAL\OALLIB\obj\ARMV4I\retail\fiq.obj because target: C:\WINCE600\platform\Z2170P\lib\ARMV4I\retail\oal.lib is missing.
BUILD: [00:0000000080:INFO  ] Will Build C:\WINCE600\PLATFORM\Z2170P\SRC\OAL\OALLIB\obj\ARMV4I\retail\ioctl.obj because target: C:\WINCE600\platform\Z2170P\lib\ARMV4I\retail\oal.lib is missing.
BUILD: [00:0000000081:INFO  ] Will Build C:\WINCE600\PLATFORM\Z2170P\SRC\OAL\OALLIB\obj\ARMV4I\retail\power.obj because target: C:\WINCE600\platform\Z2170P\lib\ARMV4I\retail\oal.lib is missing.
BUILD: [00:0000000082:INFO  ] Will Build C:\WINCE600\PLATFORM\Z2170P\SRC\OAL\OALLIB\obj\ARMV4I\retail\oem_latency.obj because target: C:\WINCE600\platform\Z2170P\lib\ARMV4I\retail\oal.lib is missing.
BUILD: [00:0000000083:INFO  ] Will Build C:\WINCE600\PLATFORM\Z2170P\SRC\OAL\OALLIB\obj\ARMV4I\retail\oem_padwakeup.obj because target: C:\WINCE600\platform\Z2170P\lib\ARMV4I\retail\oal.lib is missing.
BUILD: [00:0000000084:INFO  ] Will Build C:\WINCE600\PLATFORM\Z2170P\SRC\OAL\OALLIB\obj\ARMV4I\retail\oem_prcm_device.obj because target: C:\WINCE600\platform\Z2170P\lib\ARMV4I\retail\oal.lib is missing.
BUILD: [00:0000000085:INFO  ] Will Build C:\WINCE600\PLATFORM\Z2170P\SRC\OAL\OALLIB\obj\ARMV4I\retail\oem_pm.obj because target: C:\WINCE600\platform\Z2170P\lib\ARMV4I\retail\oal.lib is missing.
BUILD: [00:0000000086:INFO  ] Will Build C:\WINCE600\PLATFORM\Z2170P\SRC\OAL\OALLIB\obj\ARMV4I\retail\oem_intrex.obj because target: C:\WINCE600\platform\Z2170P\lib\ARMV4I\retail\oal.lib is missing.
BUILD: [00:0000000087:INFO  ] Will Build C:\WINCE600\PLATFORM\Z2170P\SRC\OAL\OALLIB\obj\ARMV4I\retail\oem_prof.obj because target: C:\WINCE600\platform\Z2170P\lib\ARMV4I\retail\oal.lib is missing.
BUILD: [00:0000000088:INFO  ] Will Build C:\WINCE600\PLATFORM\Z2170P\SRC\OAL\OALLIB\obj\ARMV4I\retail\opp_map.obj because target: C:\WINCE600\platform\Z2170P\lib\ARMV4I\retail\oal.lib is missing.
BUILD: [00:0000000089:INFO  ] Will Build C:\WINCE600\PLATFORM\Z2170P\SRC\OAL\OALLIB\obj\ARMV4I\retail\startup.obj because target: C:\WINCE600\platform\Z2170P\lib\ARMV4I\retail\oal.lib is missing.
BUILD: [00:0000000090:INFO  ] Will Build C:\WINCE600\PLATFORM\Z2170P\SRC\OAL\OALLIB\ because target: C:\WINCE600\platform\Z2170P\lib\ARMV4I\retail\oal.lib is missing.
BUILD: [00:0000000091:PROGC ] Building LIB Pass in C:\WINCE600\PLATFORM\Z2170P\SRC\OAL\OALLIB\ directory.
BUILD: [00:0000000092:PROG  ] 'NMAKE.EXE TargetLibFiles  -i -c BUILDMSG=Stop.  BUILDROOT=C:\WINCE600\PLATFORM\Z2170P CLEANBUILD=1 LINKONLY=1 NOPASS0=1'
BUILD: [01:0000000093:INFO  ] makefile.def: Including C:\WINCE600\public\common\oak\misc\Sources.default
BUILD: [01:0000000094:INFO  ] makefile.def: BUILDROOT is C:\WINCE600\PLATFORM\Z2170P
BUILD: [01:0000000095:INFO  ] makefile.def: Including C:\WINCE600\PLATFORM\Z2170P\sources.cmn
BUILD: [01:0000000096:INFO  ] makefile.def: Including C:\WINCE600\PLATFORM\Z2170P\SRC\OAL\OALLIB\sources
BUILD: [01:0000000097:INFO  ] makefile.def: Including C:\WINCE600\public\common\oak\misc\Sources.CE
BUILD: [01:0000000098:INFO  ] Directory: C:\WINCE600\PLATFORM\Z2170P\SRC\OAL\OALLIB
BUILD: [01:0000000099:INFO  ] TARGETNAME: oal
BUILD: [01:0000000100:INFO  ] makefile.def: Including C:\WINCE600\public\common\oak\misc\sources.ReleaseType_PLATFORM
BUILD: [01:0000000101:PROGC ] Linking C:\WINCE600\platform\Z2170P\lib\ARMV4I\retail\oal.lib
BUILD: [01:0000000102:INFO  ] 	link -lib -out:C:\WINCE600\platform\Z2170P\lib\ARMV4I\retail\oal.lib -machine:thumb @C:\DOCUME~1\brian.hsu\LOCALS~1\Temp\nm307.tmp
BUILD: [00:0000000103:PROGC ] Saving C:\WINCE600\PLATFORM\Z2170P\Build.dat.
BUILD: [00:0000000104:INFO  ] Done.
BUILD: [00:0000000105:PROGC ] Done.
BUILD: [00:0000000106:PROGC ]                        Files  Warnings  Errors
BUILD: [00:0000000107:PROGC ] Midl                       0         0       0
BUILD: [00:0000000108:PROGC ] Message                    0         0       0
BUILD: [00:0000000109:PROGC ] Precomp Header             0         0       0
BUILD: [00:0000000110:PROGC ] Resource                   0         0       0
BUILD: [00:0000000111:PROGC ] MASM                       0         0       0
BUILD: [00:0000000112:PROGC ] SHASM                      0         0       0
BUILD: [00:0000000113:PROGC ] ARMASM                     1         1       0
BUILD: [00:0000000114:PROGC ] MIPSASM                    0         0       0
BUILD: [00:0000000115:PROGC ] C++                        0         0       0
BUILD: [00:0000000116:PROGC ] C                         12         0       0
BUILD: [00:0000000117:PROGC ] Static Libraries           1         0       0
BUILD: [00:0000000118:PROGC ] Exe's                      0         0       0
BUILD: [00:0000000119:PROGC ] Dll's                      0         0       0
BUILD: [00:0000000120:PROGC ] Preprocess deffile         0         0       0
BUILD: [00:0000000121:PROGC ] Resx                       0         0       0
BUILD: [00:0000000122:PROGC ] CSharp Compile             0         0       0
BUILD: [00:0000000123:PROGC ] Other                      0         0       0
BUILD: [00:0000000124:PROGC ] 
BUILD: [00:0000000125:PROGC ] Total                     14         1       0
BUILD: [00:0000000126:PROGC ] 
BUILD: [00:0000000127:PROGC ] 1 Warnings,  0 Errors
BUILD: [00:0000000128:PROGC ] GetSystemTimes (seconds): Idle: 46    Kernel: 51    User: 8    
BUILD: [00:0000000129:PROGC ] Elapsed  time  (seconds): 15   
