BUILD: [Thrd:Sequence:Type  ] Message
BUILD: [00:0000000000:PROGC ] Build started with parameters: -c
BUILD: [00:0000000001:PROGC ] Build started in directory: C:\WINCE600\PLATFORM\EVM_OMAP3530\SRC\BOOTLOADER\STUB
BUILD: [00:0000000002:PROGC ] Checking for C:\WINCE600\sdk\bin\i386\srccheck.exe.
BUILD: [00:0000000003:PROGC ] Running passes WCEFILES0, MIDL, MC, ASN, THUNK, PRECOMPHEADER, COMPILE, LIB, LINK, MANAGEDRESX, MANAGEDMOD, MANAGEDDLL, MANAGEDEXE, MANAGEDWIN for ARM.
BUILD: [00:0000000004:PROGC ] Ignoring build database (-c specified).
BUILD: [00:0000000005:PROGC ] Computing include file dependencies:
BUILD: [00:0000000006:PROGC ] Checking for SDK include directory: C:\WINCE600\sdk\CE\inc.
BUILD: [00:0000000007:PROGC ] Scan C:\WINCE600\PLATFORM\EVM_OMAP3530\SRC\BOOTLOADER\STUB\EBOOT\
BUILD: [00:0000000008:PROGC ] Scan C:\WINCE600\PLATFORM\EVM_OMAP3530\SRC\BOOTLOADER\STUB\XLDR\
BUILD: [00:0000000009:PROGC ] Saving C:\WINCE600\PLATFORM\EVM_OMAP3530\Build.dat.
BUILD: [00:0000000010:INFO  ] Done.
BUILD: [00:0000000011:INFO  ] Will Build C:\WINCE600\PLATFORM\EVM_OMAP3530\SRC\BOOTLOADER\STUB\bsp_bootstubs.c because target: obj\ARMV4I\retail\bsp_bootstubs.obj is missing.
BUILD: [00:0000000012:PROGC ] Building COMPILE Pass in C:\WINCE600\PLATFORM\EVM_OMAP3530\SRC\BOOTLOADER\STUB\EBOOT\ directory.
BUILD: [00:0000000013:PROG  ] 'NMAKE.EXE TargetCompilePass  -i -c BUILDMSG=Stop.  BUILDROOT=C:\WINCE600\PLATFORM\EVM_OMAP3530 CLEANBUILD=1 NOLINK=1 NOPASS0=1'
BUILD: [01:0000000014:INFO  ] makefile.def: Including C:\WINCE600\public\common\oak\misc\Sources.default
BUILD: [01:0000000015:INFO  ] makefile.def: BUILDROOT is C:\WINCE600\PLATFORM\EVM_OMAP3530
BUILD: [01:0000000016:INFO  ] makefile.def: Including C:\WINCE600\PLATFORM\EVM_OMAP3530\sources.cmn
BUILD: [01:0000000017:INFO  ] makefile.def: Including C:\WINCE600\PLATFORM\EVM_OMAP3530\SRC\BOOTLOADER\STUB\EBOOT\sources
BUILD: [01:0000000018:INFO  ] makefile.def: Including C:\WINCE600\public\common\oak\misc\Sources.CE
BUILD: [01:0000000019:INFO  ] Directory: C:\WINCE600\PLATFORM\EVM_OMAP3530\SRC\BOOTLOADER\STUB\EBOOT
BUILD: [01:0000000020:INFO  ] TARGETNAME: bsp_bootstubs
BUILD: [01:0000000021:INFO  ] makefile.def: Including C:\WINCE600\public\common\oak\misc\sources.ReleaseType_PLATFORM
BUILD: [01:0000000022:PROGC ] Compiling ..\bsp_bootstubs.c
BUILD: [01:0000000023:INFO  ] cl -nologo   /Gy -Foobj\ARMV4I\retail\bsp_bootstubs.obj -c -IARM\ -I. -IC:\WINCE600\platform\COMMON\src\inc -IC:\WINCE600\platform\EVM_OMAP3530\src\inc -IC:\WINCE600\platform\COMMON\src\soc\COMMON_TI_V1\TRITON\inc -IC:\WINCE600\platform\COMMON\src\soc\COMMON_TI_V1\TPS659xx\inc -IC:\WINCE600\platform\COMMON\src\soc\COMMON_TI_V1\COMMON_TI\inc -IC:\WINCE600\platform\COMMON\src\soc\COMMON_TI_V1\OMAP3530\inc -IC:\WINCE600\public\common\sdk\inc -IC:\WINCE600\public\common\oak\inc -IC:\WINCE600\public\common\ddk\inc -IC:\WINCE600\sdk\CE\inc -I.\Resource\0409 -Ox -Os -GF -Zi -FdC:\WINCE600\platform\EVM_OMAP3530\lib\ARMV4I\retail\bsp_bootstubs.pdb -D_CRT_SECURE_NO_DEPRECATE -D_USE_32BIT_TIME_T -DUNICODE -D_UNICODE -DUNDER_CE=600 -D_WIN32_WCE=0x600 -DWINCEOEM -DWINCEINTERNAL -DWIN32 -DSTRICT -DARM -DARMV4I -D_ARM_ -DNDEBUG=1  -D_SOC_MODEL=OMAP3530 -D_TRITON_MODEL=TPS659xx -DCEDDK_USEDDKMACRO -D_WINCEOSVER=600 -DBSP_EVM2 -DBSP_OPM_SELECT_37XX=4 -DBSP_OPM_SELECT_35XX=5 -DSYSGEN_CMEM=1 -DSYSGEN_DSPLINK=1 -DBSP_RTC_WAKES_CPU -DBSP_SDRAM_BANK1_ENABLE -DINTERNATIONAL -DINTLMSG_CODEPAGE=1252 -FAsc -Faobj\ARMV4I\retail\bsp_bootstubs.cod -WX -QRimplicit-import- -Zi  -Zc:wchar_t- -Zc:forScope- -wd4867 -wd4430 -MT -U_MT -W4 /analyze   /GR- -QRarch4T -DTHUMBSUPPORT -QRinterwork-return  /GS C:\WINCE600\PLATFORM\EVM_OMAP3530\SRC\BOOTLOADER\STUB\EBOOT\..\bsp_bootstubs.c
BUILD: [01:0000000024:INFO  ] bsp_bootstubs.c
BUILD: [00:0000000025:INFO  ] Will Build C:\WINCE600\PLATFORM\EVM_OMAP3530\SRC\BOOTLOADER\STUB\bsp_bootstubs.c because target: obj\ARMV4I\retail\bsp_bootstubs.obj is missing.
BUILD: [00:0000000026:PROGC ] Building COMPILE Pass in C:\WINCE600\PLATFORM\EVM_OMAP3530\SRC\BOOTLOADER\STUB\XLDR\ directory.
BUILD: [00:0000000027:PROG  ] 'NMAKE.EXE TargetCompilePass  -i -c BUILDMSG=Stop.  BUILDROOT=C:\WINCE600\PLATFORM\EVM_OMAP3530 CLEANBUILD=1 NOLINK=1 NOPASS0=1'
BUILD: [01:0000000028:INFO  ] makefile.def: Including C:\WINCE600\public\common\oak\misc\Sources.default
BUILD: [01:0000000029:INFO  ] makefile.def: BUILDROOT is C:\WINCE600\PLATFORM\EVM_OMAP3530
BUILD: [01:0000000030:INFO  ] makefile.def: Including C:\WINCE600\PLATFORM\EVM_OMAP3530\sources.cmn
BUILD: [01:0000000031:INFO  ] makefile.def: Including C:\WINCE600\PLATFORM\EVM_OMAP3530\SRC\BOOTLOADER\STUB\XLDR\sources
BUILD: [01:0000000032:INFO  ] makefile.def: Including C:\WINCE600\public\common\oak\misc\Sources.CE
BUILD: [01:0000000033:INFO  ] Directory: C:\WINCE600\PLATFORM\EVM_OMAP3530\SRC\BOOTLOADER\STUB\XLDR
BUILD: [01:0000000034:INFO  ] TARGETNAME: bsp_bootstubs_xldr
BUILD: [01:0000000035:INFO  ] makefile.def: Including C:\WINCE600\public\common\oak\misc\sources.ReleaseType_PLATFORM
BUILD: [01:0000000036:PROGC ] Compiling ..\bsp_bootstubs.c
BUILD: [01:0000000037:INFO  ] cl -nologo   /Gy -Foobj\ARMV4I\retail\bsp_bootstubs.obj -c -IARM\ -I. -IC:\WINCE600\platform\COMMON\src\inc -IC:\WINCE600\platform\EVM_OMAP3530\src\inc -IC:\WINCE600\platform\COMMON\src\soc\COMMON_TI_V1\TRITON\inc -IC:\WINCE600\platform\COMMON\src\soc\COMMON_TI_V1\TPS659xx\inc -IC:\WINCE600\platform\COMMON\src\soc\COMMON_TI_V1\COMMON_TI\inc -IC:\WINCE600\platform\COMMON\src\soc\COMMON_TI_V1\OMAP3530\inc -IC:\WINCE600\public\common\sdk\inc -IC:\WINCE600\public\common\oak\inc -IC:\WINCE600\public\common\ddk\inc -IC:\WINCE600\sdk\CE\inc -I.\Resource\0409 -Ox -Os -GF -Zi -FdC:\WINCE600\platform\EVM_OMAP3530\lib\ARMV4I\retail\bsp_bootstubs_xldr.pdb -D_CRT_SECURE_NO_DEPRECATE -D_USE_32BIT_TIME_T -DUNICODE -D_UNICODE -DUNDER_CE=600 -D_WIN32_WCE=0x600 -DWINCEOEM -DWINCEINTERNAL -DWIN32 -DSTRICT -DARM -DARMV4I -D_ARM_ -DNDEBUG=1  -D_SOC_MODEL=OMAP3530 -D_TRITON_MODEL=TPS659xx -DCEDDK_USEDDKMACRO -D_WINCEOSVER=600 -DBSP_EVM2 -DBSP_OPM_SELECT_37XX=4 -DBSP_OPM_SELECT_35XX=5 -DSYSGEN_CMEM=1 -DSYSGEN_DSPLINK=1 -DBSP_RTC_WAKES_CPU -DBSP_SDRAM_BANK1_ENABLE -DBOOT_XLDR -DINTERNATIONAL -DINTLMSG_CODEPAGE=1252 -FAsc -Faobj\ARMV4I\retail\bsp_bootstubs.cod -WX -QRimplicit-import- -Zi  -Zc:wchar_t- -Zc:forScope- -wd4867 -wd4430 -MT -U_MT -W4 /analyze   /GR- -QRarch4T -DTHUMBSUPPORT -QRinterwork-return  /GS C:\WINCE600\PLATFORM\EVM_OMAP3530\SRC\BOOTLOADER\STUB\XLDR\..\bsp_bootstubs.c
BUILD: [01:0000000038:INFO  ] bsp_bootstubs.c
BUILD: [00:0000000039:INFO  ] Will Build C:\WINCE600\PLATFORM\EVM_OMAP3530\SRC\BOOTLOADER\STUB\EBOOT\obj\ARMV4I\retail\bsp_bootstubs.obj because target: C:\WINCE600\platform\EVM_OMAP3530\lib\ARMV4I\retail\bsp_bootstubs.lib is missing.
BUILD: [00:0000000040:INFO  ] Will Build C:\WINCE600\PLATFORM\EVM_OMAP3530\SRC\BOOTLOADER\STUB\EBOOT\ because target: C:\WINCE600\platform\EVM_OMAP3530\lib\ARMV4I\retail\bsp_bootstubs.lib is missing.
BUILD: [00:0000000041:PROGC ] Building LIB Pass in C:\WINCE600\PLATFORM\EVM_OMAP3530\SRC\BOOTLOADER\STUB\EBOOT\ directory.
BUILD: [00:0000000042:PROG  ] 'NMAKE.EXE TargetLibFiles  -i -c BUILDMSG=Stop.  BUILDROOT=C:\WINCE600\PLATFORM\EVM_OMAP3530 CLEANBUILD=1 LINKONLY=1 NOPASS0=1'
BUILD: [01:0000000043:INFO  ] makefile.def: Including C:\WINCE600\public\common\oak\misc\Sources.default
BUILD: [01:0000000044:INFO  ] makefile.def: BUILDROOT is C:\WINCE600\PLATFORM\EVM_OMAP3530
BUILD: [01:0000000045:INFO  ] makefile.def: Including C:\WINCE600\PLATFORM\EVM_OMAP3530\sources.cmn
BUILD: [01:0000000046:INFO  ] makefile.def: Including C:\WINCE600\PLATFORM\EVM_OMAP3530\SRC\BOOTLOADER\STUB\EBOOT\sources
BUILD: [01:0000000047:INFO  ] makefile.def: Including C:\WINCE600\public\common\oak\misc\Sources.CE
BUILD: [01:0000000048:INFO  ] Directory: C:\WINCE600\PLATFORM\EVM_OMAP3530\SRC\BOOTLOADER\STUB\EBOOT
BUILD: [01:0000000049:INFO  ] TARGETNAME: bsp_bootstubs
BUILD: [01:0000000050:INFO  ] makefile.def: Including C:\WINCE600\public\common\oak\misc\sources.ReleaseType_PLATFORM
BUILD: [01:0000000051:PROGC ] Linking C:\WINCE600\platform\EVM_OMAP3530\lib\ARMV4I\retail\bsp_bootstubs.lib
BUILD: [01:0000000052:INFO  ] 	link -lib -out:C:\WINCE600\platform\EVM_OMAP3530\lib\ARMV4I\retail\bsp_bootstubs.lib -machine:thumb @C:\DOCUME~1\brian.hsu\LOCALS~1\Temp\nm54B.tmp
BUILD: [00:0000000053:INFO  ] Will Build C:\WINCE600\PLATFORM\EVM_OMAP3530\SRC\BOOTLOADER\STUB\XLDR\obj\ARMV4I\retail\bsp_bootstubs.obj because target: C:\WINCE600\platform\EVM_OMAP3530\lib\ARMV4I\retail\bsp_bootstubs_xldr.lib is missing.
BUILD: [00:0000000054:INFO  ] Will Build C:\WINCE600\PLATFORM\EVM_OMAP3530\SRC\BOOTLOADER\STUB\XLDR\ because target: C:\WINCE600\platform\EVM_OMAP3530\lib\ARMV4I\retail\bsp_bootstubs_xldr.lib is missing.
BUILD: [00:0000000055:PROGC ] Building LIB Pass in C:\WINCE600\PLATFORM\EVM_OMAP3530\SRC\BOOTLOADER\STUB\XLDR\ directory.
BUILD: [00:0000000056:PROG  ] 'NMAKE.EXE TargetLibFiles  -i -c BUILDMSG=Stop.  BUILDROOT=C:\WINCE600\PLATFORM\EVM_OMAP3530 CLEANBUILD=1 LINKONLY=1 NOPASS0=1'
BUILD: [01:0000000057:INFO  ] makefile.def: Including C:\WINCE600\public\common\oak\misc\Sources.default
BUILD: [01:0000000058:INFO  ] makefile.def: BUILDROOT is C:\WINCE600\PLATFORM\EVM_OMAP3530
BUILD: [01:0000000059:INFO  ] makefile.def: Including C:\WINCE600\PLATFORM\EVM_OMAP3530\sources.cmn
BUILD: [01:0000000060:INFO  ] makefile.def: Including C:\WINCE600\PLATFORM\EVM_OMAP3530\SRC\BOOTLOADER\STUB\XLDR\sources
BUILD: [01:0000000061:INFO  ] makefile.def: Including C:\WINCE600\public\common\oak\misc\Sources.CE
BUILD: [01:0000000062:INFO  ] Directory: C:\WINCE600\PLATFORM\EVM_OMAP3530\SRC\BOOTLOADER\STUB\XLDR
BUILD: [01:0000000063:INFO  ] TARGETNAME: bsp_bootstubs_xldr
BUILD: [01:0000000064:INFO  ] makefile.def: Including C:\WINCE600\public\common\oak\misc\sources.ReleaseType_PLATFORM
BUILD: [01:0000000065:PROGC ] Linking C:\WINCE600\platform\EVM_OMAP3530\lib\ARMV4I\retail\bsp_bootstubs_xldr.lib
BUILD: [01:0000000066:INFO  ] 	link -lib -out:C:\WINCE600\platform\EVM_OMAP3530\lib\ARMV4I\retail\bsp_bootstubs_xldr.lib -machine:thumb @C:\DOCUME~1\brian.hsu\LOCALS~1\Temp\nm54C.tmp
BUILD: [00:0000000067:PROGC ] Saving C:\WINCE600\PLATFORM\EVM_OMAP3530\Build.dat.
BUILD: [00:0000000068:INFO  ] Done.
BUILD: [00:0000000069:PROGC ] Done.
BUILD: [00:0000000070:PROGC ]                        Files  Warnings  Errors
BUILD: [00:0000000071:PROGC ] Midl                       0         0       0
BUILD: [00:0000000072:PROGC ] Message                    0         0       0
BUILD: [00:0000000073:PROGC ] Precomp Header             0         0       0
BUILD: [00:0000000074:PROGC ] Resource                   0         0       0
BUILD: [00:0000000075:PROGC ] MASM                       0         0       0
BUILD: [00:0000000076:PROGC ] SHASM                      0         0       0
BUILD: [00:0000000077:PROGC ] ARMASM                     0         0       0
BUILD: [00:0000000078:PROGC ] MIPSASM                    0         0       0
BUILD: [00:0000000079:PROGC ] C++                        0         0       0
BUILD: [00:0000000080:PROGC ] C                          2         0       0
BUILD: [00:0000000081:PROGC ] Static Libraries           2         0       0
BUILD: [00:0000000082:PROGC ] Exe's                      0         0       0
BUILD: [00:0000000083:PROGC ] Dll's                      0         0       0
BUILD: [00:0000000084:PROGC ] Preprocess deffile         0         0       0
BUILD: [00:0000000085:PROGC ] Resx                       0         0       0
BUILD: [00:0000000086:PROGC ] CSharp Compile             0         0       0
BUILD: [00:0000000087:PROGC ] Other                      0         0       0
BUILD: [00:0000000088:PROGC ] 
BUILD: [00:0000000089:PROGC ] Total                      4         0       0
BUILD: [00:0000000090:PROGC ] 
BUILD: [00:0000000091:PROGC ] 0 Warnings,  0 Errors
BUILD: [00:0000000092:PROGC ] GetSystemTimes (seconds): Idle: 10    Kernel: 11    User: 2    
BUILD: [00:0000000093:PROGC ] Elapsed  time  (seconds): 3    
