BUILD: [Thrd:Sequence:Type  ] Message
BUILD: [00:0000000000:PROGC ] Build started with parameters: -c
BUILD: [00:0000000001:PROGC ] Build started in directory: C:\WINCE600\PLATFORM\COMMON\SRC\SOC\COMMON_TI_V1\COMMON_TI\BLOCK
BUILD: [00:0000000002:PROGC ] Checking for C:\WINCE600\sdk\bin\i386\srccheck.exe.
BUILD: [00:0000000003:PROGC ] Running passes WCEFILES0, MIDL, MC, ASN, THUNK, PRECOMPHEADER, COMPILE, LIB, LINK, MANAGEDRESX, MANAGEDMOD, MANAGEDDLL, MANAGEDEXE, MANAGEDWIN for ARM.
BUILD: [00:0000000004:PROGC ] Ignoring build database (-c specified).
BUILD: [00:0000000005:PROGC ] Computing include file dependencies:
BUILD: [00:0000000006:PROGC ] Checking for SDK include directory: C:\WINCE600\sdk\CE\inc.
BUILD: [00:0000000007:PROGC ] Scan C:\WINCE600\PLATFORM\COMMON\SRC\SOC\COMMON_TI_V1\COMMON_TI\BLOCK\NAND\BOOT\
BUILD: [00:0000000008:PROGC ] Scan C:\WINCE600\PLATFORM\COMMON\SRC\SOC\COMMON_TI_V1\COMMON_TI\BLOCK\NAND\DEVICE\
BUILD: [00:0000000009:PROGC ] Saving C:\WINCE600\PLATFORM\COMMON\Build.dat.
BUILD: [00:0000000010:INFO  ] Done.
BUILD: [00:0000000011:INFO  ] Will Build C:\WINCE600\PLATFORM\COMMON\SRC\SOC\COMMON_TI_V1\COMMON_TI\BLOCK\NAND\fmd.c because target: obj\ARMV4I\retail\fmd.obj is missing.
BUILD: [00:0000000012:INFO  ] Will Build C:\WINCE600\PLATFORM\COMMON\SRC\SOC\COMMON_TI_V1\COMMON_TI\BLOCK\NAND\gpmc_ecc.c because target: obj\ARMV4I\retail\gpmc_ecc.obj is missing.
BUILD: [00:0000000013:INFO  ] Will Build C:\WINCE600\PLATFORM\COMMON\SRC\SOC\COMMON_TI_V1\COMMON_TI\BLOCK\NAND\omap_bch_decoder.c because target: obj\ARMV4I\retail\omap_bch_decoder.obj is missing.
BUILD: [00:0000000014:PROGC ] Building COMPILE Pass in C:\WINCE600\PLATFORM\COMMON\SRC\SOC\COMMON_TI_V1\COMMON_TI\BLOCK\NAND\BOOT\ directory.
BUILD: [00:0000000015:PROG  ] 'NMAKE.EXE TargetCompilePass  -i -c BUILDMSG=Stop.  BUILDROOT=C:\WINCE600\PLATFORM\COMMON CLEANBUILD=1 NOLINK=1 NOPASS0=1'
BUILD: [01:0000000016:INFO  ] makefile.def: Including C:\WINCE600\public\common\oak\misc\Sources.default
BUILD: [01:0000000017:INFO  ] makefile.def: BUILDROOT is C:\WINCE600\PLATFORM\COMMON
BUILD: [01:0000000018:INFO  ] makefile.def: Including C:\WINCE600\PLATFORM\COMMON\sources.cmn
BUILD: [01:0000000019:INFO  ] makefile.def: Including C:\WINCE600\PLATFORM\COMMON\SRC\SOC\COMMON_TI_V1\COMMON_TI\BLOCK\NAND\BOOT\sources
BUILD: [01:0000000020:INFO  ] makefile.def: Including C:\WINCE600\public\common\oak\misc\Sources.CE
BUILD: [01:0000000021:INFO  ] Directory: C:\WINCE600\PLATFORM\COMMON\SRC\SOC\COMMON_TI_V1\COMMON_TI\BLOCK\NAND\BOOT
BUILD: [01:0000000022:INFO  ] TARGETNAME: common_ti_fmd_nand_boot
BUILD: [01:0000000023:INFO  ] makefile.def: Including C:\WINCE600\public\common\oak\misc\sources.ReleaseType_PLATFORMCOMMON
BUILD: [01:0000000024:PROGC ] Compiling ..\fmd.c
BUILD: [01:0000000025:INFO  ] cl -nologo   /Gy -Foobj\ARMV4I\retail\fmd.obj -c -IARM\ -I. -IC:\WINCE600\platform\common\src\inc -IC:\WINCE600\platform\COMMON\src\soc\COMMON_TI_V1\COMMON_TI\inc -I.. -IC:\WINCE600\public\common\oak\inc -IC:\WINCE600\public\common\sdk\inc -IC:\WINCE600\public\common\ddk\inc -IC:\WINCE600\sdk\CE\inc -I.\Resource\0409 -Ox -Os -GF -Zi -FdC:\WINCE600\platform\common\lib\ARMV4I\retail\common_ti_fmd_nand_boot.pdb -D_CRT_SECURE_NO_DEPRECATE -D_USE_32BIT_TIME_T -DUNICODE -D_UNICODE -DUNDER_CE=600 -D_WIN32_WCE=0x600 -DWINCEOEM -DWINCEINTERNAL -DWIN32 -DSTRICT -DARM -DARMV4I -D_ARM_ -DNDEBUG=1  -Dproject_cebase -DCEDDK_USEDDKMACRO -D_WINCEOSVER=600 -DOAL_BSP_CALLBACKS -DOAL_ILTIMING -DBOOT_MODE -DINTERNATIONAL -DINTLMSG_CODEPAGE=1252 -FAsc -Faobj\ARMV4I\retail\fmd.cod -WX -QRimplicit-import- -Zi  -Zc:wchar_t- -Zc:forScope- -wd4867 -wd4430 -MT -U_MT -W4    /GR- -QRarch4T -DTHUMBSUPPORT -QRinterwork-return  /GS C:\WINCE600\PLATFORM\COMMON\SRC\SOC\COMMON_TI_V1\COMMON_TI\BLOCK\NAND\BOOT\..\fmd.c
BUILD: [01:0000000026:INFO  ] fmd.c
BUILD: [01:0000000027:PROGC ] Compiling ..\gpmc_ecc.c
BUILD: [01:0000000028:INFO  ] cl -nologo   /Gy -Foobj\ARMV4I\retail\gpmc_ecc.obj -c -IARM\ -I. -IC:\WINCE600\platform\common\src\inc -IC:\WINCE600\platform\COMMON\src\soc\COMMON_TI_V1\COMMON_TI\inc -I.. -IC:\WINCE600\public\common\oak\inc -IC:\WINCE600\public\common\sdk\inc -IC:\WINCE600\public\common\ddk\inc -IC:\WINCE600\sdk\CE\inc -I.\Resource\0409 -Ox -Os -GF -Zi -FdC:\WINCE600\platform\common\lib\ARMV4I\retail\common_ti_fmd_nand_boot.pdb -D_CRT_SECURE_NO_DEPRECATE -D_USE_32BIT_TIME_T -DUNICODE -D_UNICODE -DUNDER_CE=600 -D_WIN32_WCE=0x600 -DWINCEOEM -DWINCEINTERNAL -DWIN32 -DSTRICT -DARM -DARMV4I -D_ARM_ -DNDEBUG=1  -Dproject_cebase -DCEDDK_USEDDKMACRO -D_WINCEOSVER=600 -DOAL_BSP_CALLBACKS -DOAL_ILTIMING -DBOOT_MODE -DINTERNATIONAL -DINTLMSG_CODEPAGE=1252 -FAsc -Faobj\ARMV4I\retail\gpmc_ecc.cod -WX -QRimplicit-import- -Zi  -Zc:wchar_t- -Zc:forScope- -wd4867 -wd4430 -MT -U_MT -W4    /GR- -QRarch4T -DTHUMBSUPPORT -QRinterwork-return  /GS C:\WINCE600\PLATFORM\COMMON\SRC\SOC\COMMON_TI_V1\COMMON_TI\BLOCK\NAND\BOOT\..\gpmc_ecc.c
BUILD: [01:0000000029:INFO  ] gpmc_ecc.c
BUILD: [01:0000000030:PROGC ] Compiling ..\omap_bch_decoder.c
BUILD: [01:0000000031:INFO  ] cl -nologo   /Gy -Foobj\ARMV4I\retail\omap_bch_decoder.obj -c -IARM\ -I. -IC:\WINCE600\platform\common\src\inc -IC:\WINCE600\platform\COMMON\src\soc\COMMON_TI_V1\COMMON_TI\inc -I.. -IC:\WINCE600\public\common\oak\inc -IC:\WINCE600\public\common\sdk\inc -IC:\WINCE600\public\common\ddk\inc -IC:\WINCE600\sdk\CE\inc -I.\Resource\0409 -Ox -Os -GF -Zi -FdC:\WINCE600\platform\common\lib\ARMV4I\retail\common_ti_fmd_nand_boot.pdb -D_CRT_SECURE_NO_DEPRECATE -D_USE_32BIT_TIME_T -DUNICODE -D_UNICODE -DUNDER_CE=600 -D_WIN32_WCE=0x600 -DWINCEOEM -DWINCEINTERNAL -DWIN32 -DSTRICT -DARM -DARMV4I -D_ARM_ -DNDEBUG=1  -Dproject_cebase -DCEDDK_USEDDKMACRO -D_WINCEOSVER=600 -DOAL_BSP_CALLBACKS -DOAL_ILTIMING -DBOOT_MODE -DINTERNATIONAL -DINTLMSG_CODEPAGE=1252 -FAsc -Faobj\ARMV4I\retail\omap_bch_decoder.cod -WX -QRimplicit-import- -Zi  -Zc:wchar_t- -Zc:forScope- -wd4867 -wd4430 -MT -U_MT -W4    /GR- -QRarch4T -DTHUMBSUPPORT -QRinterwork-return  /GS C:\WINCE600\PLATFORM\COMMON\SRC\SOC\COMMON_TI_V1\COMMON_TI\BLOCK\NAND\BOOT\..\omap_bch_decoder.c
BUILD: [01:0000000032:INFO  ] omap_bch_decoder.c
BUILD: [00:0000000033:INFO  ] Will Build C:\WINCE600\PLATFORM\COMMON\SRC\SOC\COMMON_TI_V1\COMMON_TI\BLOCK\NAND\fmd.c because target: obj\ARMV4I\retail\fmd.obj is missing.
BUILD: [00:0000000034:INFO  ] Will Build C:\WINCE600\PLATFORM\COMMON\SRC\SOC\COMMON_TI_V1\COMMON_TI\BLOCK\NAND\gpmc_ecc.c because target: obj\ARMV4I\retail\gpmc_ecc.obj is missing.
BUILD: [00:0000000035:INFO  ] Will Build C:\WINCE600\PLATFORM\COMMON\SRC\SOC\COMMON_TI_V1\COMMON_TI\BLOCK\NAND\omap_bch_decoder.c because target: obj\ARMV4I\retail\omap_bch_decoder.obj is missing.
BUILD: [00:0000000036:PROGC ] Building COMPILE Pass in C:\WINCE600\PLATFORM\COMMON\SRC\SOC\COMMON_TI_V1\COMMON_TI\BLOCK\NAND\DEVICE\ directory.
BUILD: [00:0000000037:PROG  ] 'NMAKE.EXE TargetCompilePass  -i -c BUILDMSG=Stop.  BUILDROOT=C:\WINCE600\PLATFORM\COMMON CLEANBUILD=1 NOLINK=1 NOPASS0=1'
BUILD: [01:0000000038:INFO  ] makefile.def: Including C:\WINCE600\public\common\oak\misc\Sources.default
BUILD: [01:0000000039:INFO  ] makefile.def: BUILDROOT is C:\WINCE600\PLATFORM\COMMON
BUILD: [01:0000000040:INFO  ] makefile.def: Including C:\WINCE600\PLATFORM\COMMON\sources.cmn
BUILD: [01:0000000041:INFO  ] makefile.def: Including C:\WINCE600\PLATFORM\COMMON\SRC\SOC\COMMON_TI_V1\COMMON_TI\BLOCK\NAND\DEVICE\sources
BUILD: [01:0000000042:INFO  ] makefile.def: Including C:\WINCE600\public\common\oak\misc\Sources.CE
BUILD: [01:0000000043:INFO  ] Directory: C:\WINCE600\PLATFORM\COMMON\SRC\SOC\COMMON_TI_V1\COMMON_TI\BLOCK\NAND\DEVICE
BUILD: [01:0000000044:INFO  ] TARGETNAME: common_ti_fmd_nand_device
BUILD: [01:0000000045:INFO  ] makefile.def: Including C:\WINCE600\public\common\oak\misc\sources.ReleaseType_PLATFORMCOMMON
BUILD: [01:0000000046:PROGC ] Compiling ..\fmd.c
BUILD: [01:0000000047:INFO  ] cl -nologo   /Gy -Foobj\ARMV4I\retail\fmd.obj -c -IARM\ -I. -IC:\WINCE600\platform\common\src\inc -IC:\WINCE600\platform\COMMON\src\soc\COMMON_TI_V1\COMMON_TI\inc -I.. -IC:\WINCE600\public\common\oak\inc -IC:\WINCE600\public\common\sdk\inc -IC:\WINCE600\public\common\ddk\inc -IC:\WINCE600\sdk\CE\inc -I.\Resource\0409 -Ox -Os -GF -Zi -FdC:\WINCE600\platform\common\lib\ARMV4I\retail\common_ti_fmd_nand_device.pdb -D_CRT_SECURE_NO_DEPRECATE -D_USE_32BIT_TIME_T -DUNICODE -D_UNICODE -DUNDER_CE=600 -D_WIN32_WCE=0x600 -DWINCEOEM -DWINCEINTERNAL -DWIN32 -DSTRICT -DARM -DARMV4I -D_ARM_ -DNDEBUG=1  -Dproject_cebase -DCEDDK_USEDDKMACRO -D_WINCEOSVER=600 -DOAL_BSP_CALLBACKS -DOAL_ILTIMING -DDEVICE_MODE -DINTERNATIONAL -DINTLMSG_CODEPAGE=1252 -FAsc -Faobj\ARMV4I\retail\fmd.cod -WX -QRimplicit-import- -Zi  -Zc:wchar_t- -Zc:forScope- -wd4867 -wd4430 -MT -U_MT -W4    /GR- -QRarch4T -DTHUMBSUPPORT -QRinterwork-return  /GS C:\WINCE600\PLATFORM\COMMON\SRC\SOC\COMMON_TI_V1\COMMON_TI\BLOCK\NAND\DEVICE\..\fmd.c
BUILD: [01:0000000048:INFO  ] fmd.c
BUILD: [01:0000000049:PROGC ] Compiling ..\gpmc_ecc.c
BUILD: [01:0000000050:INFO  ] cl -nologo   /Gy -Foobj\ARMV4I\retail\gpmc_ecc.obj -c -IARM\ -I. -IC:\WINCE600\platform\common\src\inc -IC:\WINCE600\platform\COMMON\src\soc\COMMON_TI_V1\COMMON_TI\inc -I.. -IC:\WINCE600\public\common\oak\inc -IC:\WINCE600\public\common\sdk\inc -IC:\WINCE600\public\common\ddk\inc -IC:\WINCE600\sdk\CE\inc -I.\Resource\0409 -Ox -Os -GF -Zi -FdC:\WINCE600\platform\common\lib\ARMV4I\retail\common_ti_fmd_nand_device.pdb -D_CRT_SECURE_NO_DEPRECATE -D_USE_32BIT_TIME_T -DUNICODE -D_UNICODE -DUNDER_CE=600 -D_WIN32_WCE=0x600 -DWINCEOEM -DWINCEINTERNAL -DWIN32 -DSTRICT -DARM -DARMV4I -D_ARM_ -DNDEBUG=1  -Dproject_cebase -DCEDDK_USEDDKMACRO -D_WINCEOSVER=600 -DOAL_BSP_CALLBACKS -DOAL_ILTIMING -DDEVICE_MODE -DINTERNATIONAL -DINTLMSG_CODEPAGE=1252 -FAsc -Faobj\ARMV4I\retail\gpmc_ecc.cod -WX -QRimplicit-import- -Zi  -Zc:wchar_t- -Zc:forScope- -wd4867 -wd4430 -MT -U_MT -W4    /GR- -QRarch4T -DTHUMBSUPPORT -QRinterwork-return  /GS C:\WINCE600\PLATFORM\COMMON\SRC\SOC\COMMON_TI_V1\COMMON_TI\BLOCK\NAND\DEVICE\..\gpmc_ecc.c
BUILD: [01:0000000051:INFO  ] gpmc_ecc.c
BUILD: [01:0000000052:PROGC ] Compiling ..\omap_bch_decoder.c
BUILD: [01:0000000053:INFO  ] cl -nologo   /Gy -Foobj\ARMV4I\retail\omap_bch_decoder.obj -c -IARM\ -I. -IC:\WINCE600\platform\common\src\inc -IC:\WINCE600\platform\COMMON\src\soc\COMMON_TI_V1\COMMON_TI\inc -I.. -IC:\WINCE600\public\common\oak\inc -IC:\WINCE600\public\common\sdk\inc -IC:\WINCE600\public\common\ddk\inc -IC:\WINCE600\sdk\CE\inc -I.\Resource\0409 -Ox -Os -GF -Zi -FdC:\WINCE600\platform\common\lib\ARMV4I\retail\common_ti_fmd_nand_device.pdb -D_CRT_SECURE_NO_DEPRECATE -D_USE_32BIT_TIME_T -DUNICODE -D_UNICODE -DUNDER_CE=600 -D_WIN32_WCE=0x600 -DWINCEOEM -DWINCEINTERNAL -DWIN32 -DSTRICT -DARM -DARMV4I -D_ARM_ -DNDEBUG=1  -Dproject_cebase -DCEDDK_USEDDKMACRO -D_WINCEOSVER=600 -DOAL_BSP_CALLBACKS -DOAL_ILTIMING -DDEVICE_MODE -DINTERNATIONAL -DINTLMSG_CODEPAGE=1252 -FAsc -Faobj\ARMV4I\retail\omap_bch_decoder.cod -WX -QRimplicit-import- -Zi  -Zc:wchar_t- -Zc:forScope- -wd4867 -wd4430 -MT -U_MT -W4    /GR- -QRarch4T -DTHUMBSUPPORT -QRinterwork-return  /GS C:\WINCE600\PLATFORM\COMMON\SRC\SOC\COMMON_TI_V1\COMMON_TI\BLOCK\NAND\DEVICE\..\omap_bch_decoder.c
BUILD: [01:0000000054:INFO  ] omap_bch_decoder.c
BUILD: [00:0000000055:INFO  ] Will Build C:\WINCE600\PLATFORM\COMMON\SRC\SOC\COMMON_TI_V1\COMMON_TI\BLOCK\NAND\BOOT\obj\ARMV4I\retail\fmd.obj because target: C:\WINCE600\platform\common\lib\ARMV4I\retail\common_ti_fmd_nand_boot.lib is missing.
BUILD: [00:0000000056:INFO  ] Will Build C:\WINCE600\PLATFORM\COMMON\SRC\SOC\COMMON_TI_V1\COMMON_TI\BLOCK\NAND\BOOT\obj\ARMV4I\retail\gpmc_ecc.obj because target: C:\WINCE600\platform\common\lib\ARMV4I\retail\common_ti_fmd_nand_boot.lib is missing.
BUILD: [00:0000000057:INFO  ] Will Build C:\WINCE600\PLATFORM\COMMON\SRC\SOC\COMMON_TI_V1\COMMON_TI\BLOCK\NAND\BOOT\obj\ARMV4I\retail\omap_bch_decoder.obj because target: C:\WINCE600\platform\common\lib\ARMV4I\retail\common_ti_fmd_nand_boot.lib is missing.
BUILD: [00:0000000058:INFO  ] Will Build C:\WINCE600\PLATFORM\COMMON\SRC\SOC\COMMON_TI_V1\COMMON_TI\BLOCK\NAND\BOOT\ because target: C:\WINCE600\platform\common\lib\ARMV4I\retail\common_ti_fmd_nand_boot.lib is missing.
BUILD: [00:0000000059:PROGC ] Building LIB Pass in C:\WINCE600\PLATFORM\COMMON\SRC\SOC\COMMON_TI_V1\COMMON_TI\BLOCK\NAND\BOOT\ directory.
BUILD: [00:0000000060:PROG  ] 'NMAKE.EXE TargetLibFiles  -i -c BUILDMSG=Stop.  BUILDROOT=C:\WINCE600\PLATFORM\COMMON CLEANBUILD=1 LINKONLY=1 NOPASS0=1'
BUILD: [01:0000000061:INFO  ] makefile.def: Including C:\WINCE600\public\common\oak\misc\Sources.default
BUILD: [01:0000000062:INFO  ] makefile.def: BUILDROOT is C:\WINCE600\PLATFORM\COMMON
BUILD: [01:0000000063:INFO  ] makefile.def: Including C:\WINCE600\PLATFORM\COMMON\sources.cmn
BUILD: [01:0000000064:INFO  ] makefile.def: Including C:\WINCE600\PLATFORM\COMMON\SRC\SOC\COMMON_TI_V1\COMMON_TI\BLOCK\NAND\BOOT\sources
BUILD: [01:0000000065:INFO  ] makefile.def: Including C:\WINCE600\public\common\oak\misc\Sources.CE
BUILD: [01:0000000066:INFO  ] Directory: C:\WINCE600\PLATFORM\COMMON\SRC\SOC\COMMON_TI_V1\COMMON_TI\BLOCK\NAND\BOOT
BUILD: [01:0000000067:INFO  ] TARGETNAME: common_ti_fmd_nand_boot
BUILD: [01:0000000068:INFO  ] makefile.def: Including C:\WINCE600\public\common\oak\misc\sources.ReleaseType_PLATFORMCOMMON
BUILD: [01:0000000069:PROGC ] Linking C:\WINCE600\platform\common\lib\ARMV4I\retail\common_ti_fmd_nand_boot.lib
BUILD: [01:0000000070:INFO  ] 	link -lib -out:C:\WINCE600\platform\common\lib\ARMV4I\retail\common_ti_fmd_nand_boot.lib -machine:thumb @C:\DOCUME~1\brian.hsu\LOCALS~1\Temp\nm2C4.tmp
BUILD: [00:0000000071:INFO  ] Will Build C:\WINCE600\PLATFORM\COMMON\SRC\SOC\COMMON_TI_V1\COMMON_TI\BLOCK\NAND\DEVICE\obj\ARMV4I\retail\fmd.obj because target: C:\WINCE600\platform\common\lib\ARMV4I\retail\common_ti_fmd_nand_device.lib is missing.
BUILD: [00:0000000072:INFO  ] Will Build C:\WINCE600\PLATFORM\COMMON\SRC\SOC\COMMON_TI_V1\COMMON_TI\BLOCK\NAND\DEVICE\obj\ARMV4I\retail\gpmc_ecc.obj because target: C:\WINCE600\platform\common\lib\ARMV4I\retail\common_ti_fmd_nand_device.lib is missing.
BUILD: [00:0000000073:INFO  ] Will Build C:\WINCE600\PLATFORM\COMMON\SRC\SOC\COMMON_TI_V1\COMMON_TI\BLOCK\NAND\DEVICE\obj\ARMV4I\retail\omap_bch_decoder.obj because target: C:\WINCE600\platform\common\lib\ARMV4I\retail\common_ti_fmd_nand_device.lib is missing.
BUILD: [00:0000000074:INFO  ] Will Build C:\WINCE600\PLATFORM\COMMON\SRC\SOC\COMMON_TI_V1\COMMON_TI\BLOCK\NAND\DEVICE\ because target: C:\WINCE600\platform\common\lib\ARMV4I\retail\common_ti_fmd_nand_device.lib is missing.
BUILD: [00:0000000075:PROGC ] Building LIB Pass in C:\WINCE600\PLATFORM\COMMON\SRC\SOC\COMMON_TI_V1\COMMON_TI\BLOCK\NAND\DEVICE\ directory.
BUILD: [00:0000000076:PROG  ] 'NMAKE.EXE TargetLibFiles  -i -c BUILDMSG=Stop.  BUILDROOT=C:\WINCE600\PLATFORM\COMMON CLEANBUILD=1 LINKONLY=1 NOPASS0=1'
BUILD: [01:0000000077:INFO  ] makefile.def: Including C:\WINCE600\public\common\oak\misc\Sources.default
BUILD: [01:0000000078:INFO  ] makefile.def: BUILDROOT is C:\WINCE600\PLATFORM\COMMON
BUILD: [01:0000000079:INFO  ] makefile.def: Including C:\WINCE600\PLATFORM\COMMON\sources.cmn
BUILD: [01:0000000080:INFO  ] makefile.def: Including C:\WINCE600\PLATFORM\COMMON\SRC\SOC\COMMON_TI_V1\COMMON_TI\BLOCK\NAND\DEVICE\sources
BUILD: [01:0000000081:INFO  ] makefile.def: Including C:\WINCE600\public\common\oak\misc\Sources.CE
BUILD: [01:0000000082:INFO  ] Directory: C:\WINCE600\PLATFORM\COMMON\SRC\SOC\COMMON_TI_V1\COMMON_TI\BLOCK\NAND\DEVICE
BUILD: [01:0000000083:INFO  ] TARGETNAME: common_ti_fmd_nand_device
BUILD: [01:0000000084:INFO  ] makefile.def: Including C:\WINCE600\public\common\oak\misc\sources.ReleaseType_PLATFORMCOMMON
BUILD: [01:0000000085:PROGC ] Linking C:\WINCE600\platform\common\lib\ARMV4I\retail\common_ti_fmd_nand_device.lib
BUILD: [01:0000000086:INFO  ] 	link -lib -out:C:\WINCE600\platform\common\lib\ARMV4I\retail\common_ti_fmd_nand_device.lib -machine:thumb @C:\DOCUME~1\brian.hsu\LOCALS~1\Temp\nm2C5.tmp
BUILD: [00:0000000087:PROGC ] Saving C:\WINCE600\PLATFORM\COMMON\Build.dat.
BUILD: [00:0000000088:INFO  ] Done.
BUILD: [00:0000000089:PROGC ] Done.
BUILD: [00:0000000090:PROGC ]                        Files  Warnings  Errors
BUILD: [00:0000000091:PROGC ] Midl                       0         0       0
BUILD: [00:0000000092:PROGC ] Message                    0         0       0
BUILD: [00:0000000093:PROGC ] Precomp Header             0         0       0
BUILD: [00:0000000094:PROGC ] Resource                   0         0       0
BUILD: [00:0000000095:PROGC ] MASM                       0         0       0
BUILD: [00:0000000096:PROGC ] SHASM                      0         0       0
BUILD: [00:0000000097:PROGC ] ARMASM                     0         0       0
BUILD: [00:0000000098:PROGC ] MIPSASM                    0         0       0
BUILD: [00:0000000099:PROGC ] C++                        0         0       0
BUILD: [00:0000000100:PROGC ] C                          6         0       0
BUILD: [00:0000000101:PROGC ] Static Libraries           2         0       0
BUILD: [00:0000000102:PROGC ] Exe's                      0         0       0
BUILD: [00:0000000103:PROGC ] Dll's                      0         0       0
BUILD: [00:0000000104:PROGC ] Preprocess deffile         0         0       0
BUILD: [00:0000000105:PROGC ] Resx                       0         0       0
BUILD: [00:0000000106:PROGC ] CSharp Compile             0         0       0
BUILD: [00:0000000107:PROGC ] Other                      0         0       0
BUILD: [00:0000000108:PROGC ] 
BUILD: [00:0000000109:PROGC ] Total                      8         0       0
BUILD: [00:0000000110:PROGC ] 
BUILD: [00:0000000111:PROGC ] 0 Warnings,  0 Errors
BUILD: [00:0000000112:PROGC ] GetSystemTimes (seconds): Idle: 11    Kernel: 13    User: 2    
BUILD: [00:0000000113:PROGC ] Elapsed  time  (seconds): 3    
