BUILD: [Thrd:Sequence:Type  ] Message
BUILD: [00:0000000000:PROGC ] Build started with parameters: -c
BUILD: [00:0000000001:PROGC ] Build started in directory: C:\WINCE600\PLATFORM\Z2170P\SRC\DRIVERS\BACKLIGHT
BUILD: [00:0000000002:PROGC ] Checking for C:\WINCE600\sdk\bin\i386\srccheck.exe.
BUILD: [00:0000000003:PROGC ] Running passes WCEFILES0, MIDL, MC, ASN, THUNK, PRECOMPHEADER, COMPILE, LIB, LINK, MANAGEDRESX, MANAGEDMOD, MANAGEDDLL, MANAGEDEXE, MANAGEDWIN for ARM.
BUILD: [00:0000000004:PROGC ] Ignoring build database (-c specified).
BUILD: [00:0000000005:PROGC ] Computing include file dependencies:
BUILD: [00:0000000006:PROGC ] Checking for SDK include directory: C:\WINCE600\sdk\CE\inc.
BUILD: [00:0000000007:PROGC ] Scan C:\WINCE600\PLATFORM\Z2170P\SRC\DRIVERS\BACKLIGHT\
BUILD: [00:0000000008:PROGC ] Saving C:\WINCE600\PLATFORM\Z2170P\Build.dat.
BUILD: [00:0000000009:INFO  ] Done.
BUILD: [00:0000000010:INFO  ] Will Build C:\WINCE600\PLATFORM\Z2170P\SRC\DRIVERS\BACKLIGHT\tled_backlight.cpp because target: obj\ARMV4I\retail\tled_backlight.obj is missing.
BUILD: [00:0000000011:INFO  ] Will Build C:\WINCE600\PLATFORM\Z2170P\SRC\DRIVERS\BACKLIGHT\gpio_backlight.cpp because target: obj\ARMV4I\retail\gpio_backlight.obj is missing.
BUILD: [00:0000000012:PROGC ] Building COMPILE Pass in C:\WINCE600\PLATFORM\Z2170P\SRC\DRIVERS\BACKLIGHT\ directory.
BUILD: [00:0000000013:PROG  ] 'NMAKE.EXE TargetCompilePass  -i -c BUILDMSG=Stop.  BUILDROOT=C:\WINCE600\PLATFORM\Z2170P CLEANBUILD=1 NOLINK=1 NOPASS0=1'
BUILD: [01:0000000014:INFO  ] makefile.def: Including C:\WINCE600\public\common\oak\misc\Sources.default
BUILD: [01:0000000015:INFO  ] makefile.def: BUILDROOT is C:\WINCE600\PLATFORM\Z2170P
BUILD: [01:0000000016:INFO  ] makefile.def: Including C:\WINCE600\PLATFORM\Z2170P\sources.cmn
BUILD: [01:0000000017:INFO  ] makefile.def: Including C:\WINCE600\PLATFORM\Z2170P\SRC\DRIVERS\BACKLIGHT\sources
BUILD: [01:0000000018:INFO  ] makefile.def: Including C:\WINCE600\public\common\oak\misc\Sources.CE
BUILD: [01:0000000019:INFO  ] Directory: C:\WINCE600\PLATFORM\Z2170P\SRC\DRIVERS\BACKLIGHT
BUILD: [01:0000000020:INFO  ] TARGETNAME: backlight
BUILD: [01:0000000021:INFO  ] makefile.def: Including C:\WINCE600\public\common\oak\misc\sources.ReleaseType_PLATFORM
BUILD: [01:0000000022:PROGC ] Compiling .\tled_backlight.cpp
BUILD: [01:0000000023:INFO  ] cl -nologo    /Gy -Foobj\ARMV4I\retail\tled_backlight.obj -c -IARM\ -I. -IC:\WINCE600\platform\COMMON\src\inc -IC:\WINCE600\platform\Z2170P\src\inc -IC:\WINCE600\platform\COMMON\src\soc\COMMON_TI_V1\TRITON\inc -IC:\WINCE600\platform\COMMON\src\soc\COMMON_TI_V1\TPS659xx\inc -IC:\WINCE600\platform\COMMON\src\soc\COMMON_TI_V1\COMMON_TI\inc -IC:\WINCE600\platform\COMMON\src\soc\COMMON_TI_V1\OMAP3530\inc -IC:\WINCE600\public\common\sdk\inc -IC:\WINCE600\public\common\oak\inc -IC:\WINCE600\public\common\ddk\inc -IC:\WINCE600\sdk\CE\inc -I.\Resource\0409 -Ox -Os -GF -Zi -FdC:\WINCE600\platform\Z2170P\target\ARMV4I\retail\backlight.pdb -D_CRT_SECURE_NO_DEPRECATE -D_USE_32BIT_TIME_T -DUNICODE -D_UNICODE -DUNDER_CE=600 -D_WIN32_WCE=0x600 -DWINCEOEM -DWINCEINTERNAL -DWIN32 -DSTRICT -DARM -DARMV4I -D_ARM_ -DNDEBUG=1  -D_SOC_MODEL=OMAP3530 -D_TRITON_MODEL=TPS659xx -DCEDDK_USEDDKMACRO -D_WINCEOSVER=600 -DBSP_EVM2 -DBSP_OPM_SELECT_37XX=4 -DBSP_OPM_SELECT_35XX=5 -DBSP_RTC_WAKES_CPU -DBSP_SDRAM_BANK1_ENABLE -DINTERNATIONAL -DINTLMSG_CODEPAGE=1252 -FAsc -Faobj\ARMV4I\retail\tled_backlight.cod -WX -QRimplicit-import- -Zi  -Zc:wchar_t- -Zc:forScope- -wd4867 -wd4430 -MT -U_MT -W4 /analyze   /GR- -QRarch4T -DTHUMBSUPPORT -QRinterwork-return  /GS C:\WINCE600\PLATFORM\Z2170P\SRC\DRIVERS\BACKLIGHT\.\tled_backlight.cpp
BUILD: [01:0000000024:INFO  ] tled_backlight.cpp
BUILD: [01:0000000025:PROGC ] Compiling .\gpio_backlight.cpp
BUILD: [01:0000000026:INFO  ] cl -nologo    /Gy -Foobj\ARMV4I\retail\gpio_backlight.obj -c -IARM\ -I. -IC:\WINCE600\platform\COMMON\src\inc -IC:\WINCE600\platform\Z2170P\src\inc -IC:\WINCE600\platform\COMMON\src\soc\COMMON_TI_V1\TRITON\inc -IC:\WINCE600\platform\COMMON\src\soc\COMMON_TI_V1\TPS659xx\inc -IC:\WINCE600\platform\COMMON\src\soc\COMMON_TI_V1\COMMON_TI\inc -IC:\WINCE600\platform\COMMON\src\soc\COMMON_TI_V1\OMAP3530\inc -IC:\WINCE600\public\common\sdk\inc -IC:\WINCE600\public\common\oak\inc -IC:\WINCE600\public\common\ddk\inc -IC:\WINCE600\sdk\CE\inc -I.\Resource\0409 -Ox -Os -GF -Zi -FdC:\WINCE600\platform\Z2170P\target\ARMV4I\retail\backlight.pdb -D_CRT_SECURE_NO_DEPRECATE -D_USE_32BIT_TIME_T -DUNICODE -D_UNICODE -DUNDER_CE=600 -D_WIN32_WCE=0x600 -DWINCEOEM -DWINCEINTERNAL -DWIN32 -DSTRICT -DARM -DARMV4I -D_ARM_ -DNDEBUG=1  -D_SOC_MODEL=OMAP3530 -D_TRITON_MODEL=TPS659xx -DCEDDK_USEDDKMACRO -D_WINCEOSVER=600 -DBSP_EVM2 -DBSP_OPM_SELECT_37XX=4 -DBSP_OPM_SELECT_35XX=5 -DBSP_RTC_WAKES_CPU -DBSP_SDRAM_BANK1_ENABLE -DINTERNATIONAL -DINTLMSG_CODEPAGE=1252 -FAsc -Faobj\ARMV4I\retail\gpio_backlight.cod -WX -QRimplicit-import- -Zi  -Zc:wchar_t- -Zc:forScope- -wd4867 -wd4430 -MT -U_MT -W4 /analyze   /GR- -QRarch4T -DTHUMBSUPPORT -QRinterwork-return  /GS C:\WINCE600\PLATFORM\Z2170P\SRC\DRIVERS\BACKLIGHT\.\gpio_backlight.cpp
BUILD: [01:0000000027:INFO  ] gpio_backlight.cpp
BUILD: [00:0000000028:INFO  ] Will Build C:\WINCE600\platform\common\lib\ARMV4I\retail\common_ti_backlight_mdd.lib because target: C:\WINCE600\platform\Z2170P\lib\ARMV4I\retail\backlight.lib is missing.
BUILD: [00:0000000029:INFO  ] Will Build C:\WINCE600\PLATFORM\Z2170P\SRC\DRIVERS\BACKLIGHT\obj\ARMV4I\retail\tled_backlight.obj because target: C:\WINCE600\platform\Z2170P\lib\ARMV4I\retail\backlight.lib is missing.
BUILD: [00:0000000030:INFO  ] Will Build C:\WINCE600\PLATFORM\Z2170P\SRC\DRIVERS\BACKLIGHT\obj\ARMV4I\retail\gpio_backlight.obj because target: C:\WINCE600\platform\Z2170P\lib\ARMV4I\retail\backlight.lib is missing.
BUILD: [00:0000000031:INFO  ] Will Build C:\WINCE600\PLATFORM\Z2170P\SRC\DRIVERS\BACKLIGHT\ because target: C:\WINCE600\platform\Z2170P\lib\ARMV4I\retail\backlight.lib is missing.
BUILD: [00:0000000032:PROGC ] Building LIB Pass in C:\WINCE600\PLATFORM\Z2170P\SRC\DRIVERS\BACKLIGHT\ directory.
BUILD: [00:0000000033:PROG  ] 'NMAKE.EXE TargetLibFiles  -i -c BUILDMSG=Stop.  BUILDROOT=C:\WINCE600\PLATFORM\Z2170P CLEANBUILD=1 LINKONLY=1 NOPASS0=1'
BUILD: [01:0000000034:INFO  ] makefile.def: Including C:\WINCE600\public\common\oak\misc\Sources.default
BUILD: [01:0000000035:INFO  ] makefile.def: BUILDROOT is C:\WINCE600\PLATFORM\Z2170P
BUILD: [01:0000000036:INFO  ] makefile.def: Including C:\WINCE600\PLATFORM\Z2170P\sources.cmn
BUILD: [01:0000000037:INFO  ] makefile.def: Including C:\WINCE600\PLATFORM\Z2170P\SRC\DRIVERS\BACKLIGHT\sources
BUILD: [01:0000000038:INFO  ] makefile.def: Including C:\WINCE600\public\common\oak\misc\Sources.CE
BUILD: [01:0000000039:INFO  ] Directory: C:\WINCE600\PLATFORM\Z2170P\SRC\DRIVERS\BACKLIGHT
BUILD: [01:0000000040:INFO  ] TARGETNAME: backlight
BUILD: [01:0000000041:INFO  ] makefile.def: Including C:\WINCE600\public\common\oak\misc\sources.ReleaseType_PLATFORM
BUILD: [01:0000000042:PROGC ] Linking C:\WINCE600\platform\Z2170P\lib\ARMV4I\retail\backlight.lib
BUILD: [01:0000000043:INFO  ] 	link -lib -out:C:\WINCE600\platform\Z2170P\lib\ARMV4I\retail\backlight.lib -def:backlight.def -machine:thumb @C:\DOCUME~1\brian.hsu\LOCALS~1\Temp\nm50A.tmp
BUILD: [01:0000000044:INFO  ] Microsoft (R) Library Manager Version 8.00.50727.42
BUILD: [01:0000000045:INFO  ] Copyright (C) Microsoft Corporation.  All rights reserved.
BUILD: [01:0000000046:INFO  ] 
BUILD: [01:0000000047:INFO  ] -nodefaultlib 
BUILD: [01:0000000048:INFO  ] -ignore:4001 
BUILD: [01:0000000049:INFO  ] /subsystem:windowsce,6.00 
BUILD: [01:0000000050:INFO  ] obj\ARMV4I\retail\tled_backlight.obj obj\ARMV4I\retail\gpio_backlight.obj 
BUILD: [01:0000000051:INFO  ] C:\WINCE600\platform\common\lib\ARMV4I\retail\common_ti_backlight_mdd.lib 
BUILD: [01:0000000052:INFO  ]    Creating library C:\WINCE600\platform\Z2170P\lib\ARMV4I\retail\backlight.lib and object C:\WINCE600\platform\Z2170P\lib\ARMV4I\retail\backlight.exp
BUILD: [00:0000000053:WARNN ] C:\WINCE600\PLATFORM\Z2170P\SRC\DRIVERS\BACKLIGHT\: Missing source file: C:\WINCE600\public\common\sdk\lib\ARMV4I\retail\coredll.lib.
BUILD: [00:0000000054:INFO  ] Will Build C:\WINCE600\platform\common\lib\ARMV4I\retail\common_ti_backlight_mdd.lib because target: C:\WINCE600\platform\Z2170P\target\ARMV4I\retail\backlight.dll is missing.
BUILD: [00:0000000055:INFO  ] Will Build C:\WINCE600\platform\Z2170P\lib\ARMV4I\retail\ceddk.lib because target: C:\WINCE600\platform\Z2170P\target\ARMV4I\retail\backlight.dll is missing.
BUILD: [00:0000000056:INFO  ] Will Build C:\WINCE600\public\common\sdk\lib\ARMV4I\retail\coredll.lib because filename is missing from build database
BUILD: [00:0000000057:INFO  ] Will Build C:\WINCE600\PLATFORM\Z2170P\SRC\DRIVERS\BACKLIGHT\obj\ARMV4I\retail\tled_backlight.obj because target: C:\WINCE600\platform\Z2170P\target\ARMV4I\retail\backlight.dll is missing.
BUILD: [00:0000000058:INFO  ] Will Build C:\WINCE600\PLATFORM\Z2170P\SRC\DRIVERS\BACKLIGHT\obj\ARMV4I\retail\gpio_backlight.obj because target: C:\WINCE600\platform\Z2170P\target\ARMV4I\retail\backlight.dll is missing.
BUILD: [00:0000000059:INFO  ] Will Build C:\WINCE600\PLATFORM\Z2170P\SRC\DRIVERS\BACKLIGHT\ because target: C:\WINCE600\platform\Z2170P\target\ARMV4I\retail\backlight.dll is missing.
BUILD: [00:0000000060:PROGC ] Building LINK Pass in C:\WINCE600\PLATFORM\Z2170P\SRC\DRIVERS\BACKLIGHT\ directory.
BUILD: [00:0000000061:PROG  ] 'NMAKE.EXE TargetExeFiles  -i -c BUILDMSG=Stop.  BUILDROOT=C:\WINCE600\PLATFORM\Z2170P CLEANBUILD=1 LINKONLY=1 NOPASS0=1MAKEDLL=1'
BUILD: [01:0000000062:INFO  ] makefile.def: Including C:\WINCE600\public\common\oak\misc\Sources.default
BUILD: [01:0000000063:INFO  ] makefile.def: BUILDROOT is C:\WINCE600\PLATFORM\Z2170P
BUILD: [01:0000000064:INFO  ] makefile.def: Including C:\WINCE600\PLATFORM\Z2170P\sources.cmn
BUILD: [01:0000000065:INFO  ] makefile.def: Including C:\WINCE600\PLATFORM\Z2170P\SRC\DRIVERS\BACKLIGHT\sources
BUILD: [01:0000000066:INFO  ] makefile.def: Including C:\WINCE600\public\common\oak\misc\Sources.CE
BUILD: [01:0000000067:INFO  ] Directory: C:\WINCE600\PLATFORM\Z2170P\SRC\DRIVERS\BACKLIGHT
BUILD: [01:0000000068:INFO  ] TARGETNAME: backlight
BUILD: [01:0000000069:INFO  ] makefile.def: Including C:\WINCE600\public\common\oak\misc\sources.ReleaseType_PLATFORM
BUILD: [01:0000000070:INFO  ] 	set LIB=C:\WINCE600\sdk\CE\lib
BUILD: [01:0000000071:PROGC ] Linking C:\WINCE600\platform\Z2170P\target\ARMV4I\retail\backlight.dll
BUILD: [01:0000000072:INFO  ] 	link /LARGEADDRESSAWARE -out:C:\WINCE600\platform\Z2170P\target\ARMV4I\retail\backlight.dll -dll -machine:thumb @C:\DOCUME~1\brian.hsu\LOCALS~1\Temp\nm50B.tmp
BUILD: [01:0000000073:INFO  ] Microsoft (R) Incremental Linker Version 8.00.50727.42
BUILD: [01:0000000074:INFO  ] Copyright (C) Microsoft Corporation.  All rights reserved.
BUILD: [01:0000000075:INFO  ] 
BUILD: [01:0000000076:INFO  ] -nodefaultlib 
BUILD: [01:0000000077:INFO  ] -include:DllMain -entry:_DllMainCRTStartup 
BUILD: [01:0000000078:INFO  ] -pdb:C:\WINCE600\platform\Z2170P\target\ARMV4I\retail\backlight.pdb 
BUILD: [01:0000000079:INFO  ] -pdbaltpath:backlight.pdb 
BUILD: [01:0000000080:INFO  ] /opt:ref /verbose 
BUILD: [01:0000000081:INFO  ] -debug -debugtype:cv -incremental:no 
BUILD: [01:0000000082:INFO  ] -map:C:\WINCE600\platform\Z2170P\target\ARMV4I\retail\backlight.map 
BUILD: [01:0000000083:INFO  ] -savebaserelocations:C:\WINCE600\platform\Z2170P\target\ARMV4I\retail\backlight.rel 
BUILD: [01:0000000084:INFO  ] -MERGE:.rdata=.text -merge:.astart=.text -align:4096 -ignore:4001,4070,4078,4086,4089,4096,4099,4108,4229 /STACK:65536,4096 -debugtype:cv,fixup -incremental:no 
BUILD: [01:0000000085:INFO  ] /subsystem:windowsce,6.00 
BUILD: [01:0000000086:INFO  ] /base:0x10000000 
BUILD: [01:0000000087:INFO  ] obj\ARMV4I\retail\tled_backlight.obj obj\ARMV4I\retail\gpio_backlight.obj 
BUILD: [01:0000000088:INFO  ] C:\WINCE600\platform\common\lib\ARMV4I\retail\common_ti_backlight_mdd.lib 
BUILD: [01:0000000089:INFO  ] C:\WINCE600\platform\Z2170P\lib\ARMV4I\retail\ceddk.lib C:\WINCE600\OSDesigns\Z2170P\Z2170P\Wince600\Z2170P_ARMV4I\cesysgen\sdk\lib\ARMV4I\retail\coredll.lib C:\WINCE600\OSDesigns\Z2170P\Z2170P\Wince600\Z2170P_ARMV4I\cesysgen\oak\lib\ARMV4I\retail\corelib0.lib C:\WINCE600\OSDesigns\Z2170P\Z2170P\Wince600\Z2170P_ARMV4I\cesysgen\oak\lib\ARMV4I\retail\corelib1.lib 
BUILD: [01:0000000090:INFO  ] C:\WINCE600\platform\Z2170P\lib\ARMV4I\retail\backlight.exp 
BUILD: [01:0000000091:INFO  ] 
BUILD: [01:0000000092:INFO  ] Starting pass 1
BUILD: [01:0000000093:INFO  ] 
BUILD: [01:0000000094:INFO  ] Searching libraries
BUILD: [01:0000000095:INFO  ]     Searching C:\WINCE600\platform\common\lib\ARMV4I\retail\common_ti_backlight_mdd.lib:
BUILD: [01:0000000096:INFO  ]       Found DllMain
BUILD: [01:0000000097:INFO  ]         Loaded common_ti_backlight_mdd.lib(bkldrvapi.obj)
BUILD: [01:0000000098:INFO  ]       Found "unsigned long __cdecl fnBackLightThread(void *)" (?fnBackLightThread@@YAKPAX@Z)
BUILD: [01:0000000099:INFO  ]         Referenced in common_ti_backlight_mdd.lib(bkldrvapi.obj)
BUILD: [01:0000000100:INFO  ]         Loaded common_ti_backlight_mdd.lib(bkldrvmain.obj)
BUILD: [01:0000000101:INFO  ]     Searching C:\WINCE600\platform\Z2170P\lib\ARMV4I\retail\ceddk.lib:
BUILD: [01:0000000102:INFO  ]       Found GetDeviceRegistryParams
BUILD: [01:0000000103:INFO  ]         Referenced in tled_backlight.obj
BUILD: [01:0000000104:INFO  ]         Referenced in gpio_backlight.obj
BUILD: [01:0000000105:INFO  ]         Loaded ceddk.lib(CEDDK.dll)
BUILD: [01:0000000106:INFO  ]       Found GPIOSetMode
BUILD: [01:0000000107:INFO  ]         Referenced in gpio_backlight.obj
BUILD: [01:0000000108:INFO  ]         Loaded ceddk.lib(CEDDK.dll)
BUILD: [01:0000000109:INFO  ]       Found GPIOOpen
BUILD: [01:0000000110:INFO  ]         Referenced in gpio_backlight.obj
BUILD: [01:0000000111:INFO  ]         Loaded ceddk.lib(CEDDK.dll)
BUILD: [01:0000000112:INFO  ]       Found GPIOClose
BUILD: [01:0000000113:INFO  ]         Referenced in gpio_backlight.obj
BUILD: [01:0000000114:INFO  ]         Loaded ceddk.lib(CEDDK.dll)
BUILD: [01:0000000115:INFO  ]       Found GPIOSetBit
BUILD: [01:0000000116:INFO  ]         Referenced in gpio_backlight.obj
BUILD: [01:0000000117:INFO  ]         Loaded ceddk.lib(CEDDK.dll)
BUILD: [01:0000000118:INFO  ]       Found GPIOClrBit
BUILD: [01:0000000119:INFO  ]         Referenced in gpio_backlight.obj
BUILD: [01:0000000120:INFO  ]         Loaded ceddk.lib(CEDDK.dll)
BUILD: [01:0000000121:INFO  ]       Found IsDVIMode
BUILD: [01:0000000122:INFO  ]         Referenced in common_ti_backlight_mdd.lib(bkldrvapi.obj)
BUILD: [01:0000000123:INFO  ]         Loaded ceddk.lib(CEDDK.dll)
BUILD: [01:0000000124:INFO  ]       Found __IMPORT_DESCRIPTOR_CEDDK
BUILD: [01:0000000125:INFO  ]         Referenced in ceddk.lib(CEDDK.dll)
BUILD: [01:0000000126:INFO  ]         Referenced in ceddk.lib(CEDDK.dll)
BUILD: [01:0000000127:INFO  ]         Referenced in ceddk.lib(CEDDK.dll)
BUILD: [01:0000000128:INFO  ]         Referenced in ceddk.lib(CEDDK.dll)
BUILD: [01:0000000129:INFO  ]         Referenced in ceddk.lib(CEDDK.dll)
BUILD: [01:0000000130:INFO  ]         Referenced in ceddk.lib(CEDDK.dll)
BUILD: [01:0000000131:INFO  ]         Referenced in ceddk.lib(CEDDK.dll)
BUILD: [01:0000000132:INFO  ]         Loaded ceddk.lib(CEDDK.dll)
BUILD: [01:0000000133:INFO  ]       Found __NULL_IMPORT_DESCRIPTOR
BUILD: [01:0000000134:INFO  ]         Referenced in ceddk.lib(CEDDK.dll)
BUILD: [01:0000000135:INFO  ]         Loaded ceddk.lib(CEDDK.dll)
BUILD: [01:0000000136:INFO  ]       Found CEDDK_NULL_THUNK_DATA
BUILD: [01:0000000137:INFO  ]         Referenced in ceddk.lib(CEDDK.dll)
BUILD: [01:0000000138:INFO  ]         Loaded ceddk.lib(CEDDK.dll)
BUILD: [01:0000000139:INFO  ]     Searching C:\WINCE600\OSDesigns\Z2170P\Z2170P\Wince600\Z2170P_ARMV4I\cesysgen\sdk\lib\ARMV4I\retail\coredll.lib:
BUILD: [01:0000000140:INFO  ]       Found LocalFree
BUILD: [01:0000000141:INFO  ]         Referenced in tled_backlight.obj
BUILD: [01:0000000142:INFO  ]         Referenced in common_ti_backlight_mdd.lib(bkldrvapi.obj)
BUILD: [01:0000000143:INFO  ]         Loaded coredll.lib(COREDLL.dll)
BUILD: [01:0000000144:INFO  ]       Found DeviceIoControl
BUILD: [01:0000000145:INFO  ]         Referenced in tled_backlight.obj
BUILD: [01:0000000146:INFO  ]         Loaded coredll.lib(COREDLL.dll)
BUILD: [01:0000000147:INFO  ]       Found CloseHandle
BUILD: [01:0000000148:INFO  ]         Referenced in tled_backlight.obj
BUILD: [01:0000000149:INFO  ]         Referenced in common_ti_backlight_mdd.lib(bkldrvapi.obj)
BUILD: [01:0000000150:INFO  ]         Loaded coredll.lib(COREDLL.dll)
BUILD: [01:0000000151:INFO  ]       Found LocalAlloc
BUILD: [01:0000000152:INFO  ]         Referenced in tled_backlight.obj
BUILD: [01:0000000153:INFO  ]         Referenced in common_ti_backlight_mdd.lib(bkldrvapi.obj)
BUILD: [01:0000000154:INFO  ]         Loaded coredll.lib(COREDLL.dll)
BUILD: [01:0000000155:INFO  ]       Found CreateFileW
BUILD: [01:0000000156:INFO  ]         Referenced in tled_backlight.obj
BUILD: [01:0000000157:INFO  ]         Loaded coredll.lib(COREDLL.dll)
BUILD: [01:0000000158:INFO  ]       Found NKDbgPrintfW
BUILD: [01:0000000159:INFO  ]         Referenced in tled_backlight.obj
BUILD: [01:0000000160:INFO  ]         Referenced in gpio_backlight.obj
BUILD: [01:0000000161:INFO  ]         Referenced in common_ti_backlight_mdd.lib(bkldrvmain.obj)
BUILD: [01:0000000162:INFO  ]         Loaded coredll.lib(COREDLL.dll)
BUILD: [01:0000000163:INFO  ]       Found EventModify
BUILD: [01:0000000164:INFO  ]         Referenced in common_ti_backlight_mdd.lib(bkldrvapi.obj)
BUILD: [01:0000000165:INFO  ]         Loaded coredll.lib(COREDLL.dll)
BUILD: [01:0000000166:INFO  ]       Found FreeLibrary
BUILD: [01:0000000167:INFO  ]         Referenced in common_ti_backlight_mdd.lib(bkldrvapi.obj)
BUILD: [01:0000000168:INFO  ]         Loaded coredll.lib(COREDLL.dll)
BUILD: [01:0000000169:INFO  ]       Found WaitForSingleObject
BUILD: [01:0000000170:INFO  ]         Referenced in common_ti_backlight_mdd.lib(bkldrvapi.obj)
BUILD: [01:0000000171:INFO  ]         Loaded coredll.lib(COREDLL.dll)
BUILD: [01:0000000172:INFO  ]       Found CreateThread
BUILD: [01:0000000173:INFO  ]         Referenced in common_ti_backlight_mdd.lib(bkldrvapi.obj)
BUILD: [01:0000000174:INFO  ]         Loaded coredll.lib(COREDLL.dll)
BUILD: [01:0000000175:INFO  ]       Found GetProcAddressW
BUILD: [01:0000000176:INFO  ]         Referenced in common_ti_backlight_mdd.lib(bkldrvapi.obj)
BUILD: [01:0000000177:INFO  ]         Loaded coredll.lib(COREDLL.dll)
BUILD: [01:0000000178:INFO  ]       Found LoadLibraryW
BUILD: [01:0000000179:INFO  ]         Referenced in common_ti_backlight_mdd.lib(bkldrvapi.obj)
BUILD: [01:0000000180:INFO  ]         Loaded coredll.lib(COREDLL.dll)
BUILD: [01:0000000181:INFO  ]       Found CreateEventW
BUILD: [01:0000000182:INFO  ]         Referenced in common_ti_backlight_mdd.lib(bkldrvapi.obj)
BUILD: [01:0000000183:INFO  ]         Loaded coredll.lib(COREDLL.dll)
BUILD: [01:0000000184:INFO  ]       Found RegCloseKey
BUILD: [01:0000000185:INFO  ]         Referenced in common_ti_backlight_mdd.lib(bkldrvapi.obj)
BUILD: [01:0000000186:INFO  ]         Referenced in common_ti_backlight_mdd.lib(bkldrvmain.obj)
BUILD: [01:0000000187:INFO  ]         Loaded coredll.lib(COREDLL.dll)
BUILD: [01:0000000188:INFO  ]       Found RegQueryValueExW
BUILD: [01:0000000189:INFO  ]         Referenced in common_ti_backlight_mdd.lib(bkldrvapi.obj)
BUILD: [01:0000000190:INFO  ]         Referenced in common_ti_backlight_mdd.lib(bkldrvmain.obj)
BUILD: [01:0000000191:INFO  ]         Loaded coredll.lib(COREDLL.dll)
BUILD: [01:0000000192:INFO  ]       Found RegOpenKeyExW
BUILD: [01:0000000193:INFO  ]         Referenced in common_ti_backlight_mdd.lib(bkldrvapi.obj)
BUILD: [01:0000000194:INFO  ]         Referenced in common_ti_backlight_mdd.lib(bkldrvmain.obj)
BUILD: [01:0000000195:INFO  ]         Loaded coredll.lib(COREDLL.dll)
BUILD: [01:0000000196:INFO  ]       Found SetLastError
BUILD: [01:0000000197:INFO  ]         Referenced in common_ti_backlight_mdd.lib(bkldrvapi.obj)
BUILD: [01:0000000198:INFO  ]         Loaded coredll.lib(COREDLL.dll)
BUILD: [01:0000000199:INFO  ]       Found ReleasePowerRequirement
BUILD: [01:0000000200:INFO  ]         Referenced in common_ti_backlight_mdd.lib(bkldrvapi.obj)
BUILD: [01:0000000201:INFO  ]         Loaded coredll.lib(COREDLL.dll)
BUILD: [01:0000000202:INFO  ]       Found SetPowerRequirement
BUILD: [01:0000000203:INFO  ]         Referenced in common_ti_backlight_mdd.lib(bkldrvapi.obj)
BUILD: [01:0000000204:INFO  ]         Loaded coredll.lib(COREDLL.dll)
BUILD: [01:0000000205:INFO  ]       Found StringCbCatW
BUILD: [01:0000000206:INFO  ]         Referenced in common_ti_backlight_mdd.lib(bkldrvapi.obj)
BUILD: [01:0000000207:INFO  ]         Loaded coredll.lib(COREDLL.dll)
BUILD: [01:0000000208:INFO  ]       Found WaitForAPIReady
BUILD: [01:0000000209:INFO  ]         Referenced in common_ti_backlight_mdd.lib(bkldrvmain.obj)
BUILD: [01:0000000210:INFO  ]         Loaded coredll.lib(COREDLL.dll)
BUILD: [01:0000000211:INFO  ]       Found SetDevicePower
BUILD: [01:0000000212:INFO  ]         Referenced in common_ti_backlight_mdd.lib(bkldrvmain.obj)
BUILD: [01:0000000213:INFO  ]         Loaded coredll.lib(COREDLL.dll)
BUILD: [01:0000000214:INFO  ]       Found CeFindNextRegChange
BUILD: [01:0000000215:INFO  ]         Referenced in common_ti_backlight_mdd.lib(bkldrvmain.obj)
BUILD: [01:0000000216:INFO  ]         Loaded coredll.lib(COREDLL.dll)
BUILD: [01:0000000217:INFO  ]       Found CeFindCloseRegChange
BUILD: [01:0000000218:INFO  ]         Referenced in common_ti_backlight_mdd.lib(bkldrvmain.obj)
BUILD: [01:0000000219:INFO  ]         Loaded coredll.lib(COREDLL.dll)
BUILD: [01:0000000220:INFO  ]       Found StopDeviceNotifications
BUILD: [01:0000000221:INFO  ]         Referenced in common_ti_backlight_mdd.lib(bkldrvmain.obj)
BUILD: [01:0000000222:INFO  ]         Loaded coredll.lib(COREDLL.dll)
BUILD: [01:0000000223:INFO  ]       Found CloseMsgQueue
BUILD: [01:0000000224:INFO  ]         Referenced in common_ti_backlight_mdd.lib(bkldrvmain.obj)
BUILD: [01:0000000225:INFO  ]         Loaded coredll.lib(COREDLL.dll)
BUILD: [01:0000000226:INFO  ]       Found StopPowerNotifications
BUILD: [01:0000000227:INFO  ]         Referenced in common_ti_backlight_mdd.lib(bkldrvmain.obj)
BUILD: [01:0000000228:INFO  ]         Loaded coredll.lib(COREDLL.dll)
BUILD: [01:0000000229:INFO  ]       Found ReadMsgQueue
BUILD: [01:0000000230:INFO  ]         Referenced in common_ti_backlight_mdd.lib(bkldrvmain.obj)
BUILD: [01:0000000231:INFO  ]         Loaded coredll.lib(COREDLL.dll)
BUILD: [01:0000000232:INFO  ]       Found WaitForMultipleObjects
BUILD: [01:0000000233:INFO  ]         Referenced in common_ti_backlight_mdd.lib(bkldrvmain.obj)
BUILD: [01:0000000234:INFO  ]         Loaded coredll.lib(COREDLL.dll)
BUILD: [01:0000000235:INFO  ]       Found CeFindFirstRegChange
BUILD: [01:0000000236:INFO  ]         Referenced in common_ti_backlight_mdd.lib(bkldrvmain.obj)
BUILD: [01:0000000237:INFO  ]         Loaded coredll.lib(COREDLL.dll)
BUILD: [01:0000000238:INFO  ]       Found RequestDeviceNotifications
BUILD: [01:0000000239:INFO  ]         Referenced in common_ti_backlight_mdd.lib(bkldrvmain.obj)
BUILD: [01:0000000240:INFO  ]         Loaded coredll.lib(COREDLL.dll)
BUILD: [01:0000000241:INFO  ]       Found RequestPowerNotifications
BUILD: [01:0000000242:INFO  ]         Referenced in common_ti_backlight_mdd.lib(bkldrvmain.obj)
BUILD: [01:0000000243:INFO  ]         Loaded coredll.lib(COREDLL.dll)
BUILD: [01:0000000244:INFO  ]       Found CreateMsgQueue
BUILD: [01:0000000245:INFO  ]         Referenced in common_ti_backlight_mdd.lib(bkldrvmain.obj)
BUILD: [01:0000000246:INFO  ]         Loaded coredll.lib(COREDLL.dll)
BUILD: [01:0000000247:INFO  ]       Found __IMPORT_DESCRIPTOR_COREDLL
BUILD: [01:0000000248:INFO  ]         Referenced in coredll.lib(COREDLL.dll)
BUILD: [01:0000000249:INFO  ]         Referenced in coredll.lib(COREDLL.dll)
BUILD: [01:0000000250:INFO  ]         Referenced in coredll.lib(COREDLL.dll)
BUILD: [01:0000000251:INFO  ]         Referenced in coredll.lib(COREDLL.dll)
BUILD: [01:0000000252:INFO  ]         Referenced in coredll.lib(COREDLL.dll)
BUILD: [01:0000000253:INFO  ]         Referenced in coredll.lib(COREDLL.dll)
BUILD: [01:0000000254:INFO  ]         Referenced in coredll.lib(COREDLL.dll)
BUILD: [01:0000000255:INFO  ]         Referenced in coredll.lib(COREDLL.dll)
BUILD: [01:0000000256:INFO  ]         Referenced in coredll.lib(COREDLL.dll)
BUILD: [01:0000000257:INFO  ]         Referenced in coredll.lib(COREDLL.dll)
BUILD: [01:0000000258:INFO  ]         Referenced in coredll.lib(COREDLL.dll)
BUILD: [01:0000000259:INFO  ]         Referenced in coredll.lib(COREDLL.dll)
BUILD: [01:0000000260:INFO  ]         Referenced in coredll.lib(COREDLL.dll)
BUILD: [01:0000000261:INFO  ]         Referenced in coredll.lib(COREDLL.dll)
BUILD: [01:0000000262:INFO  ]         Referenced in coredll.lib(COREDLL.dll)
BUILD: [01:0000000263:INFO  ]         Referenced in coredll.lib(COREDLL.dll)
BUILD: [01:0000000264:INFO  ]         Referenced in coredll.lib(COREDLL.dll)
BUILD: [01:0000000265:INFO  ]         Referenced in coredll.lib(COREDLL.dll)
BUILD: [01:0000000266:INFO  ]         Referenced in coredll.lib(COREDLL.dll)
BUILD: [01:0000000267:INFO  ]         Referenced in coredll.lib(COREDLL.dll)
BUILD: [01:0000000268:INFO  ]         Referenced in coredll.lib(COREDLL.dll)
BUILD: [01:0000000269:INFO  ]         Referenced in coredll.lib(COREDLL.dll)
BUILD: [01:0000000270:INFO  ]         Referenced in coredll.lib(COREDLL.dll)
BUILD: [01:0000000271:INFO  ]         Referenced in coredll.lib(COREDLL.dll)
BUILD: [01:0000000272:INFO  ]         Referenced in coredll.lib(COREDLL.dll)
BUILD: [01:0000000273:INFO  ]         Referenced in coredll.lib(COREDLL.dll)
BUILD: [01:0000000274:INFO  ]         Referenced in coredll.lib(COREDLL.dll)
BUILD: [01:0000000275:INFO  ]         Referenced in coredll.lib(COREDLL.dll)
BUILD: [01:0000000276:INFO  ]         Referenced in coredll.lib(COREDLL.dll)
BUILD: [01:0000000277:INFO  ]         Referenced in coredll.lib(COREDLL.dll)
BUILD: [01:0000000278:INFO  ]         Referenced in coredll.lib(COREDLL.dll)
BUILD: [01:0000000279:INFO  ]         Referenced in coredll.lib(COREDLL.dll)
BUILD: [01:0000000280:INFO  ]         Referenced in coredll.lib(COREDLL.dll)
BUILD: [01:0000000281:INFO  ]         Loaded coredll.lib(COREDLL.dll)
BUILD: [01:0000000282:INFO  ]       Found COREDLL_NULL_THUNK_DATA
BUILD: [01:0000000283:INFO  ]         Referenced in coredll.lib(COREDLL.dll)
BUILD: [01:0000000284:INFO  ]         Loaded coredll.lib(COREDLL.dll)
BUILD: [01:0000000285:INFO  ]     Searching C:\WINCE600\OSDesigns\Z2170P\Z2170P\Wince600\Z2170P_ARMV4I\cesysgen\oak\lib\ARMV4I\retail\corelib0.lib:
BUILD: [01:0000000286:INFO  ]       Found _DllMainCRTStartup
BUILD: [01:0000000287:INFO  ]         Loaded corelib0.lib(pegdmain.obj)
BUILD: [01:0000000288:INFO  ]       Found __GSHandlerCheck
BUILD: [01:0000000289:INFO  ]         Referenced in common_ti_backlight_mdd.lib(bkldrvmain.obj)
BUILD: [01:0000000290:INFO  ]         Loaded corelib0.lib(gshandler.obj)
BUILD: [01:0000000291:INFO  ]       Found __security_cookie
BUILD: [01:0000000292:INFO  ]         Referenced in common_ti_backlight_mdd.lib(bkldrvmain.obj)
BUILD: [01:0000000293:INFO  ]         Loaded corelib0.lib(seccinit.obj)
BUILD: [01:0000000294:INFO  ]       Found __security_check_cookie
BUILD: [01:0000000295:INFO  ]         Referenced in common_ti_backlight_mdd.lib(bkldrvmain.obj)
BUILD: [01:0000000296:INFO  ]         Referenced in corelib0.lib(gshandler.obj)
BUILD: [01:0000000297:INFO  ]         Loaded corelib0.lib(armsecgs.obj)
BUILD: [01:0000000298:INFO  ]       Found _cexit
BUILD: [01:0000000299:INFO  ]         Referenced in corelib0.lib(pegdmain.obj)
BUILD: [01:0000000300:INFO  ]         Loaded corelib0.lib(cexit.obj)
BUILD: [01:0000000301:INFO  ]       Found _cinit
BUILD: [01:0000000302:INFO  ]         Referenced in corelib0.lib(pegdmain.obj)
BUILD: [01:0000000303:INFO  ]         Loaded corelib0.lib(crt0dat.obj)
BUILD: [01:0000000304:INFO  ]       Found __onexitend
BUILD: [01:0000000305:INFO  ]         Referenced in corelib0.lib(cexit.obj)
BUILD: [01:0000000306:INFO  ]         Loaded corelib0.lib(onexit.obj)
BUILD: [01:0000000307:INFO  ]       Found __xt_z
BUILD: [01:0000000308:INFO  ]         Referenced in corelib0.lib(cexit.obj)
BUILD: [01:0000000309:INFO  ]         Loaded corelib0.lib(crt0init.obj)
BUILD: [01:0000000310:INFO  ]     Searching C:\WINCE600\OSDesigns\Z2170P\Z2170P\Wince600\Z2170P_ARMV4I\cesysgen\oak\lib\ARMV4I\retail\corelib1.lib:
BUILD: [01:0000000311:INFO  ]       Found "void * __cdecl operator new(unsigned int)" (??2@YAPAXI@Z)
BUILD: [01:0000000312:INFO  ]         Referenced in gpio_backlight.obj
BUILD: [01:0000000313:INFO  ]         Loaded corelib1.lib(COREDLL.dll)
BUILD: [01:0000000314:INFO  ]       Found "void __cdecl operator delete(void *)" (??3@YAXPAX@Z)
BUILD: [01:0000000315:INFO  ]         Referenced in common_ti_backlight_mdd.lib(bkldrvapi.obj)
BUILD: [01:0000000316:INFO  ]         Loaded corelib1.lib(COREDLL.dll)
BUILD: [01:0000000317:INFO  ]       Found __C_specific_handler
BUILD: [01:0000000318:INFO  ]         Referenced in common_ti_backlight_mdd.lib(bkldrvapi.obj)
BUILD: [01:0000000319:INFO  ]         Referenced in common_ti_backlight_mdd.lib(bkldrvmain.obj)
BUILD: [01:0000000320:INFO  ]         Referenced in corelib0.lib(pegdmain.obj)
BUILD: [01:0000000321:INFO  ]         Referenced in corelib0.lib(onexit.obj)
BUILD: [01:0000000322:INFO  ]         Loaded corelib1.lib(COREDLL.dll)
BUILD: [01:0000000323:INFO  ]       Found memset
BUILD: [01:0000000324:INFO  ]         Referenced in common_ti_backlight_mdd.lib(bkldrvapi.obj)
BUILD: [01:0000000325:INFO  ]         Referenced in common_ti_backlight_mdd.lib(bkldrvmain.obj)
BUILD: [01:0000000326:INFO  ]         Loaded corelib1.lib(COREDLL.dll)
BUILD: [01:0000000327:INFO  ]       Found swscanf
BUILD: [01:0000000328:INFO  ]         Referenced in common_ti_backlight_mdd.lib(bkldrvmain.obj)
BUILD: [01:0000000329:INFO  ]         Loaded corelib1.lib(COREDLL.dll)
BUILD: [01:0000000330:INFO  ]       Found memcpy
BUILD: [01:0000000331:INFO  ]         Referenced in common_ti_backlight_mdd.lib(bkldrvmain.obj)
BUILD: [01:0000000332:INFO  ]         Loaded corelib1.lib(COREDLL.dll)
BUILD: [01:0000000333:INFO  ]       Found _XcptFilter
BUILD: [01:0000000334:INFO  ]         Referenced in corelib0.lib(pegdmain.obj)
BUILD: [01:0000000335:INFO  ]         Loaded corelib1.lib(COREDLL.dll)
BUILD: [01:0000000336:INFO  ]       Found __security_gen_cookie2
BUILD: [01:0000000337:INFO  ]         Referenced in corelib0.lib(seccinit.obj)
BUILD: [01:0000000338:INFO  ]         Loaded corelib1.lib(COREDLL.dll)
BUILD: [01:0000000339:INFO  ]       Found __report_gsfailure
BUILD: [01:0000000340:INFO  ]         Referenced in corelib0.lib(armsecgs.obj)
BUILD: [01:0000000341:INFO  ]         Loaded corelib1.lib(COREDLL.dll)
BUILD: [01:0000000342:INFO  ]       Found free
BUILD: [01:0000000343:INFO  ]         Referenced in corelib0.lib(cexit.obj)
BUILD: [01:0000000344:INFO  ]         Referenced in corelib0.lib(onexit.obj)
BUILD: [01:0000000345:INFO  ]         Loaded corelib1.lib(COREDLL.dll)
BUILD: [01:0000000346:INFO  ]       Found malloc
BUILD: [01:0000000347:INFO  ]         Referenced in corelib0.lib(onexit.obj)
BUILD: [01:0000000348:INFO  ]         Loaded corelib1.lib(COREDLL.dll)
BUILD: [01:0000000349:INFO  ]       Found realloc
BUILD: [01:0000000350:INFO  ]         Referenced in corelib0.lib(onexit.obj)
BUILD: [01:0000000351:INFO  ]         Loaded corelib1.lib(COREDLL.dll)
BUILD: [01:0000000352:INFO  ]       Found _msize
BUILD: [01:0000000353:INFO  ]         Referenced in corelib0.lib(onexit.obj)
BUILD: [01:0000000354:INFO  ]         Loaded corelib1.lib(COREDLL.dll)
BUILD: [01:0000000355:INFO  ]     Searching C:\WINCE600\platform\common\lib\ARMV4I\retail\common_ti_backlight_mdd.lib:
BUILD: [01:0000000356:INFO  ]     Searching C:\WINCE600\platform\Z2170P\lib\ARMV4I\retail\ceddk.lib:
BUILD: [01:0000000357:INFO  ]     Searching C:\WINCE600\OSDesigns\Z2170P\Z2170P\Wince600\Z2170P_ARMV4I\cesysgen\sdk\lib\ARMV4I\retail\coredll.lib:
BUILD: [01:0000000358:INFO  ]       Found DeleteCriticalSection
BUILD: [01:0000000359:INFO  ]         Referenced in corelib0.lib(cexit.obj)
BUILD: [01:0000000360:INFO  ]         Referenced in corelib0.lib(onexit.obj)
BUILD: [01:0000000361:INFO  ]         Loaded coredll.lib(COREDLL.dll)
BUILD: [01:0000000362:INFO  ]       Found InterlockedExchange
BUILD: [01:0000000363:INFO  ]         Referenced in corelib0.lib(cexit.obj)
BUILD: [01:0000000364:INFO  ]         Loaded coredll.lib(COREDLL.dll)
BUILD: [01:0000000365:INFO  ]       Found TerminateProcess
BUILD: [01:0000000366:INFO  ]         Referenced in corelib0.lib(cexit.obj)
BUILD: [01:0000000367:INFO  ]         Loaded coredll.lib(COREDLL.dll)
BUILD: [01:0000000368:INFO  ]       Found EnterCriticalSection
BUILD: [01:0000000369:INFO  ]         Referenced in corelib0.lib(onexit.obj)
BUILD: [01:0000000370:INFO  ]         Loaded coredll.lib(COREDLL.dll)
BUILD: [01:0000000371:INFO  ]       Found InterlockedCompareExchange
BUILD: [01:0000000372:INFO  ]         Referenced in corelib0.lib(onexit.obj)
BUILD: [01:0000000373:INFO  ]         Loaded coredll.lib(COREDLL.dll)
BUILD: [01:0000000374:INFO  ]       Found InitializeCriticalSection
BUILD: [01:0000000375:INFO  ]         Referenced in corelib0.lib(onexit.obj)
BUILD: [01:0000000376:INFO  ]         Loaded coredll.lib(COREDLL.dll)
BUILD: [01:0000000377:INFO  ]       Found LeaveCriticalSection
BUILD: [01:0000000378:INFO  ]         Referenced in corelib0.lib(onexit.obj)
BUILD: [01:0000000379:INFO  ]         Loaded coredll.lib(COREDLL.dll)
BUILD: [01:0000000380:INFO  ] 
BUILD: [01:0000000381:INFO  ] Finished searching libraries
BUILD: [01:0000000382:INFO  ] 
BUILD: [01:0000000383:INFO  ] Finished pass 1
BUILD: [01:0000000384:INFO  ] 
BUILD: [01:0000000385:INFO  ]     Discarded __imp_malloc from corelib1.lib(COREDLL.dll)
BUILD: [01:0000000386:INFO  ]     Discarded __imp_realloc from corelib1.lib(COREDLL.dll)
BUILD: [01:0000000387:INFO  ]     Discarded __imp__msize from corelib1.lib(COREDLL.dll)
BUILD: [01:0000000388:INFO  ]     Discarded __imp_EnterCriticalSection from coredll.lib(COREDLL.dll)
BUILD: [01:0000000389:INFO  ]     Discarded __imp_InterlockedCompareExchange from coredll.lib(COREDLL.dll)
BUILD: [01:0000000390:INFO  ]     Discarded __imp_InitializeCriticalSection from coredll.lib(COREDLL.dll)
BUILD: [01:0000000391:INFO  ]     Discarded __imp_LeaveCriticalSection from coredll.lib(COREDLL.dll)
BUILD: [01:0000000392:INFO  ]     Discarded '.pdata' from tled_backlight.obj
BUILD: [01:0000000393:INFO  ]     Discarded '.pdata' from tled_backlight.obj
BUILD: [01:0000000394:INFO  ]     Discarded '.pdata' from tled_backlight.obj
BUILD: [01:0000000395:INFO  ]     Discarded '.pdata' from tled_backlight.obj
BUILD: [01:0000000396:INFO  ]     Discarded '.pdata' from tled_backlight.obj
BUILD: [01:0000000397:INFO  ]     Discarded '.pdata' from gpio_backlight.obj
BUILD: [01:0000000398:INFO  ]     Discarded '.pdata' from gpio_backlight.obj
BUILD: [01:0000000399:INFO  ]     Discarded '.pdata' from gpio_backlight.obj
BUILD: [01:0000000400:INFO  ]     Discarded '.pdata' from gpio_backlight.obj
BUILD: [01:0000000401:INFO  ]     Discarded '.pdata' from common_ti_backlight_mdd.lib(bkldrvapi.obj)
BUILD: [01:0000000402:INFO  ]     Discarded '.pdata' from common_ti_backlight_mdd.lib(bkldrvmain.obj)
BUILD: [01:0000000403:INFO  ]     Discarded '.pdata' from common_ti_backlight_mdd.lib(bkldrvmain.obj)
BUILD: [01:0000000404:INFO  ]     Discarded '.pdata' from common_ti_backlight_mdd.lib(bkldrvmain.obj)
BUILD: [01:0000000405:INFO  ]     Discarded '.pdata' from corelib0.lib(cexit.obj)
BUILD: [01:0000000406:INFO  ]     Discarded '.pdata' from corelib0.lib(cexit.obj)
BUILD: [01:0000000407:INFO  ]     Discarded '.pdata' from corelib0.lib(cexit.obj)
BUILD: [01:0000000408:INFO  ]     Discarded '.pdata' from corelib0.lib(cexit.obj)
BUILD: [01:0000000409:INFO  ]     Discarded '.pdata' from corelib0.lib(onexit.obj)
BUILD: [01:0000000410:INFO  ]     Discarded '.pdata' from corelib0.lib(onexit.obj)
BUILD: [01:0000000411:INFO  ]     Discarded '.pdata' from corelib0.lib(onexit.obj)
BUILD: [01:0000000412:INFO  ]     Discarded '.pdata' from corelib0.lib(onexit.obj)
BUILD: [01:0000000413:INFO  ]     Discarded '.pdata' from corelib0.lib(onexit.obj)
BUILD: [01:0000000414:INFO  ]     Discarded '.pdata' from corelib0.lib(onexit.obj)
BUILD: [01:0000000415:INFO  ]     Discarded "const CBacklightRoot::`vftable'" (??_7CBacklightRoot@@6B@) from gpio_backlight.obj
BUILD: [01:0000000416:INFO  ]     Discarded "const TLED_Backlight::`vftable'" (??_7TLED_Backlight@@6B@) from gpio_backlight.obj
BUILD: [01:0000000417:INFO  ]     Discarded "public: virtual int __cdecl CBacklightRoot::Initialize(unsigned short const *)" (?Initialize@CBacklightRoot@@UAAHPBG@Z) from tled_backlight.obj
BUILD: [01:0000000418:INFO  ]     Discarded "public: virtual int __cdecl CBacklightRoot::Uninitialize(void)" (?Uninitialize@CBacklightRoot@@UAAHXZ) from tled_backlight.obj
BUILD: [01:0000000419:INFO  ]     Discarded "public: virtual int __cdecl CBacklightRoot::SetPowerState(enum _CEDEVICE_POWER_STATE)" (?SetPowerState@CBacklightRoot@@UAAHW4_CEDEVICE_POWER_STATE@@@Z) from tled_backlight.obj
BUILD: [01:0000000420:INFO  ]     Discarded TLEDClose from tled_backlight.obj
BUILD: [01:0000000421:INFO  ]     Discarded TLEDSetDutyCycle from tled_backlight.obj
BUILD: [01:0000000422:INFO  ]     Discarded "public: __cdecl CBacklightRoot::CBacklightRoot(void)" (??0CBacklightRoot@@QAA@XZ) from gpio_backlight.obj
BUILD: [01:0000000423:INFO  ]     Discarded "public: virtual unsigned char __cdecl CBacklightRoot::BacklightGetSupportedStates(void)" (?BacklightGetSupportedStates@CBacklightRoot@@UAAEXZ) from gpio_backlight.obj
BUILD: [01:0000000424:INFO  ]     Discarded "public: __cdecl TLED_Backlight::TLED_Backlight(void)" (??0TLED_Backlight@@QAA@XZ) from gpio_backlight.obj
BUILD: [01:0000000425:INFO  ]     Discarded "public: __cdecl GPIO_Backlight::GPIO_Backlight(void)" (??0GPIO_Backlight@@QAA@XZ) from gpio_backlight.obj
BUILD: [01:0000000426:INFO  ]     Discarded SetEvent from common_ti_backlight_mdd.lib(bkldrvapi.obj)
BUILD: [01:0000000427:INFO  ]     Discarded "int __cdecl IsTapOn(struct BKL_MDD_INFO *)" (?IsTapOn@@YAHPAUBKL_MDD_INFO@@@Z) from common_ti_backlight_mdd.lib(bkldrvmain.obj)
BUILD: [01:0000000428:INFO  ]     Discarded "unsigned long __cdecl GetTimeout(struct BKL_MDD_INFO *)" (?GetTimeout@@YAKPAUBKL_MDD_INFO@@@Z) from common_ti_backlight_mdd.lib(bkldrvmain.obj)
BUILD: [01:0000000429:INFO  ]     Discarded "void __cdecl BKL_SetDevicePower(struct BKL_MDD_INFO *,enum _CEDEVICE_POWER_STATE)" (?BKL_SetDevicePower@@YAXPAUBKL_MDD_INFO@@W4_CEDEVICE_POWER_STATE@@@Z) from common_ti_backlight_mdd.lib(bkldrvmain.obj)
BUILD: [01:0000000430:INFO  ]     Discarded GetCurrentProcess from corelib0.lib(cexit.obj)
BUILD: [01:0000000431:INFO  ]     Discarded exit from corelib0.lib(cexit.obj)
BUILD: [01:0000000432:INFO  ]     Discarded _exit from corelib0.lib(cexit.obj)
BUILD: [01:0000000433:INFO  ]     Discarded _c_exit from corelib0.lib(cexit.obj)
BUILD: [01:0000000434:INFO  ]     Discarded lockexit from corelib0.lib(onexit.obj)
BUILD: [01:0000000435:INFO  ]     Discarded unlockexit from corelib0.lib(onexit.obj)
BUILD: [01:0000000436:INFO  ]     Discarded _onexit_nolock from corelib0.lib(onexit.obj)
BUILD: [01:0000000437:INFO  ]     Discarded _onexit from corelib0.lib(onexit.obj)
BUILD: [01:0000000438:INFO  ]     Discarded atexit from corelib0.lib(onexit.obj)
BUILD: [01:0000000439:INFO  ]     Discarded malloc from corelib1.lib(COREDLL.dll)
BUILD: [01:0000000440:INFO  ]     Discarded realloc from corelib1.lib(COREDLL.dll)
BUILD: [01:0000000441:INFO  ]     Discarded _msize from corelib1.lib(COREDLL.dll)
BUILD: [01:0000000442:INFO  ]     Discarded EnterCriticalSection from coredll.lib(COREDLL.dll)
BUILD: [01:0000000443:INFO  ]     Discarded InterlockedCompareExchange from coredll.lib(COREDLL.dll)
BUILD: [01:0000000444:INFO  ]     Discarded InitializeCriticalSection from coredll.lib(COREDLL.dll)
BUILD: [01:0000000445:INFO  ]     Discarded LeaveCriticalSection from coredll.lib(COREDLL.dll)
BUILD: [01:0000000446:INFO  ]     Discarded '.xdata' from corelib0.lib(onexit.obj)
BUILD: [01:0000000447:INFO  ]     Discarded '.idata$4' from corelib1.lib(COREDLL.dll)
BUILD: [01:0000000448:INFO  ]     Discarded '.idata$4' from corelib1.lib(COREDLL.dll)
BUILD: [01:0000000449:INFO  ]     Discarded '.idata$4' from corelib1.lib(COREDLL.dll)
BUILD: [01:0000000450:INFO  ]     Discarded '.idata$4' from coredll.lib(COREDLL.dll)
BUILD: [01:0000000451:INFO  ]     Discarded '.idata$4' from coredll.lib(COREDLL.dll)
BUILD: [01:0000000452:INFO  ]     Discarded '.idata$4' from coredll.lib(COREDLL.dll)
BUILD: [01:0000000453:INFO  ]     Discarded '.idata$4' from coredll.lib(COREDLL.dll)
BUILD: [01:0000000454:INFO  ] Starting pass 2
BUILD: [01:0000000455:INFO  ]      backlight.exp
BUILD: [01:0000000456:INFO  ]      gpio_backlight.obj
BUILD: [01:0000000457:INFO  ]      tled_backlight.obj
BUILD: [01:0000000458:INFO  ]      common_ti_backlight_mdd.lib(bkldrvapi.obj)
BUILD: [01:0000000459:INFO  ]      common_ti_backlight_mdd.lib(bkldrvmain.obj)
BUILD: [01:0000000460:INFO  ]      ceddk.lib(CEDDK.dll)
BUILD: [01:0000000461:INFO  ]      ceddk.lib(CEDDK.dll)
BUILD: [01:0000000462:INFO  ]      ceddk.lib(CEDDK.dll)
BUILD: [01:0000000463:INFO  ]      ceddk.lib(CEDDK.dll)
BUILD: [01:0000000464:INFO  ]      ceddk.lib(CEDDK.dll)
BUILD: [01:0000000465:INFO  ]      ceddk.lib(CEDDK.dll)
BUILD: [01:0000000466:INFO  ]      ceddk.lib(CEDDK.dll)
BUILD: [01:0000000467:INFO  ]      ceddk.lib(CEDDK.dll)
BUILD: [01:0000000468:INFO  ]      ceddk.lib(CEDDK.dll)
BUILD: [01:0000000469:INFO  ]      ceddk.lib(CEDDK.dll)
BUILD: [01:0000000470:INFO  ]      coredll.lib(COREDLL.dll)
BUILD: [01:0000000471:INFO  ]      coredll.lib(COREDLL.dll)
BUILD: [01:0000000472:INFO  ]      coredll.lib(COREDLL.dll)
BUILD: [01:0000000473:INFO  ]      coredll.lib(COREDLL.dll)
BUILD: [01:0000000474:INFO  ]      coredll.lib(COREDLL.dll)
BUILD: [01:0000000475:INFO  ]      coredll.lib(COREDLL.dll)
BUILD: [01:0000000476:INFO  ]      coredll.lib(COREDLL.dll)
BUILD: [01:0000000477:INFO  ]      coredll.lib(COREDLL.dll)
BUILD: [01:0000000478:INFO  ]      coredll.lib(COREDLL.dll)
BUILD: [01:0000000479:INFO  ]      coredll.lib(COREDLL.dll)
BUILD: [01:0000000480:INFO  ]      coredll.lib(COREDLL.dll)
BUILD: [01:0000000481:INFO  ]      coredll.lib(COREDLL.dll)
BUILD: [01:0000000482:INFO  ]      coredll.lib(COREDLL.dll)
BUILD: [01:0000000483:INFO  ]      coredll.lib(COREDLL.dll)
BUILD: [01:0000000484:INFO  ]      coredll.lib(COREDLL.dll)
BUILD: [01:0000000485:INFO  ]      coredll.lib(COREDLL.dll)
BUILD: [01:0000000486:INFO  ]      coredll.lib(COREDLL.dll)
BUILD: [01:0000000487:INFO  ]      coredll.lib(COREDLL.dll)
BUILD: [01:0000000488:INFO  ]      coredll.lib(COREDLL.dll)
BUILD: [01:0000000489:INFO  ]      coredll.lib(COREDLL.dll)
BUILD: [01:0000000490:INFO  ]      coredll.lib(COREDLL.dll)
BUILD: [01:0000000491:INFO  ]      coredll.lib(COREDLL.dll)
BUILD: [01:0000000492:INFO  ]      coredll.lib(COREDLL.dll)
BUILD: [01:0000000493:INFO  ]      coredll.lib(COREDLL.dll)
BUILD: [01:0000000494:INFO  ]      coredll.lib(COREDLL.dll)
BUILD: [01:0000000495:INFO  ]      coredll.lib(COREDLL.dll)
BUILD: [01:0000000496:INFO  ]      coredll.lib(COREDLL.dll)
BUILD: [01:0000000497:INFO  ]      coredll.lib(COREDLL.dll)
BUILD: [01:0000000498:INFO  ]      coredll.lib(COREDLL.dll)
BUILD: [01:0000000499:INFO  ]      coredll.lib(COREDLL.dll)
BUILD: [01:0000000500:INFO  ]      coredll.lib(COREDLL.dll)
BUILD: [01:0000000501:INFO  ]      coredll.lib(COREDLL.dll)
BUILD: [01:0000000502:INFO  ]      coredll.lib(COREDLL.dll)
BUILD: [01:0000000503:INFO  ]      coredll.lib(COREDLL.dll)
BUILD: [01:0000000504:INFO  ]      coredll.lib(COREDLL.dll)
BUILD: [01:0000000505:INFO  ]      coredll.lib(COREDLL.dll)
BUILD: [01:0000000506:INFO  ]      coredll.lib(COREDLL.dll)
BUILD: [01:0000000507:INFO  ]      coredll.lib(COREDLL.dll)
BUILD: [01:0000000508:INFO  ]      coredll.lib(COREDLL.dll)
BUILD: [01:0000000509:INFO  ]      coredll.lib(COREDLL.dll)
BUILD: [01:0000000510:INFO  ]      coredll.lib(COREDLL.dll)
BUILD: [01:0000000511:INFO  ]      coredll.lib(COREDLL.dll)
BUILD: [01:0000000512:INFO  ]      corelib0.lib(seccinit.obj)
BUILD: [01:0000000513:INFO  ]      corelib0.lib(pegdmain.obj)
BUILD: [01:0000000514:INFO  ]      corelib0.lib(onexit.obj)
BUILD: [01:0000000515:INFO  ]      corelib0.lib(crt0init.obj)
BUILD: [01:0000000516:INFO  ]      corelib0.lib(crt0dat.obj)
BUILD: [01:0000000517:INFO  ]      corelib0.lib(cexit.obj)
BUILD: [01:0000000518:INFO  ]      corelib0.lib(gshandler.obj)
BUILD: [01:0000000519:INFO  ]      corelib0.lib(armsecgs.obj)
BUILD: [01:0000000520:INFO  ]      corelib1.lib(COREDLL.dll)
BUILD: [01:0000000521:INFO  ]      corelib1.lib(COREDLL.dll)
BUILD: [01:0000000522:INFO  ]      corelib1.lib(COREDLL.dll)
BUILD: [01:0000000523:INFO  ]      corelib1.lib(COREDLL.dll)
BUILD: [01:0000000524:INFO  ]      corelib1.lib(COREDLL.dll)
BUILD: [01:0000000525:INFO  ]      corelib1.lib(COREDLL.dll)
BUILD: [01:0000000526:INFO  ]      corelib1.lib(COREDLL.dll)
BUILD: [01:0000000527:INFO  ]      corelib1.lib(COREDLL.dll)
BUILD: [01:0000000528:INFO  ]      corelib1.lib(COREDLL.dll)
BUILD: [01:0000000529:INFO  ]      corelib1.lib(COREDLL.dll)
BUILD: [01:0000000530:INFO  ]      corelib1.lib(COREDLL.dll)
BUILD: [01:0000000531:INFO  ]      corelib1.lib(COREDLL.dll)
BUILD: [01:0000000532:INFO  ]      corelib1.lib(COREDLL.dll)
BUILD: [01:0000000533:INFO  ] Finished pass 2
BUILD: [01:0000000534:INFO  ] 	editbin /nxcompat C:\WINCE600\platform\Z2170P\target\ARMV4I\retail\backlight.dll
BUILD: [01:0000000535:INFO  ] Microsoft (R) COFF/PE Editor Version 8.00.50727.42
BUILD: [01:0000000536:INFO  ] Copyright (C) Microsoft Corporation.  All rights reserved.
BUILD: [01:0000000537:INFO  ] 
BUILD: [01:0000000538:INFO  ] 
BUILD: [01:0000000539:INFO  ] 	copylink /S:a /D:f /E:a /R:n C:\WINCE600\platform\Z2170P\target\ARMV4I\retail\backlight.map C:\WINCE600\OSDesigns\Z2170P\Z2170P\RelDir\Z2170P_ARMV4I_Release\backlight.map
BUILD: [01:0000000540:INFO  ] 	if exist C:\WINCE600\platform\Z2170P\target\ARMV4I\retail\backlight.pdb copylink /S:a /D:f /E:a /R:n C:\WINCE600\platform\Z2170P\target\ARMV4I\retail\backlight.pdb C:\WINCE600\OSDesigns\Z2170P\Z2170P\RelDir\Z2170P_ARMV4I_Release
BUILD: [01:0000000541:INFO  ] 	if exist C:\WINCE600\platform\Z2170P\target\ARMV4I\retail\backlight.rel copylink /S:a /D:f /E:a /R:n C:\WINCE600\platform\Z2170P\target\ARMV4I\retail\backlight.rel C:\WINCE600\OSDesigns\Z2170P\Z2170P\RelDir\Z2170P_ARMV4I_Release\backlight.rel
BUILD: [01:0000000542:INFO  ] 	copylink /S:a /D:f /E:a /R:n C:\WINCE600\platform\Z2170P\target\ARMV4I\retail\backlight.dll C:\WINCE600\OSDesigns\Z2170P\Z2170P\RelDir\Z2170P_ARMV4I_Release\backlight.dll
BUILD: [00:0000000543:PROGC ] Saving C:\WINCE600\PLATFORM\Z2170P\Build.dat.
BUILD: [00:0000000544:INFO  ] Done.
BUILD: [00:0000000545:PROGC ] Done.
BUILD: [00:0000000546:PROGC ]                        Files  Warnings  Errors
BUILD: [00:0000000547:PROGC ] Midl                       0         0       0
BUILD: [00:0000000548:PROGC ] Message                    0         0       0
BUILD: [00:0000000549:PROGC ] Precomp Header             0         0       0
BUILD: [00:0000000550:PROGC ] Resource                   0         0       0
BUILD: [00:0000000551:PROGC ] MASM                       0         0       0
BUILD: [00:0000000552:PROGC ] SHASM                      0         0       0
BUILD: [00:0000000553:PROGC ] ARMASM                     0         0       0
BUILD: [00:0000000554:PROGC ] MIPSASM                    0         0       0
BUILD: [00:0000000555:PROGC ] C++                        2         0       0
BUILD: [00:0000000556:PROGC ] C                          0         0       0
BUILD: [00:0000000557:PROGC ] Static Libraries           0         0       0
BUILD: [00:0000000558:PROGC ] Exe's                      0         0       0
BUILD: [00:0000000559:PROGC ] Dll's                      2         0       0
BUILD: [00:0000000560:PROGC ] Preprocess deffile         0         0       0
BUILD: [00:0000000561:PROGC ] Resx                       0         0       0
BUILD: [00:0000000562:PROGC ] CSharp Compile             0         0       0
BUILD: [00:0000000563:PROGC ] Other                      0         0       0
BUILD: [00:0000000564:PROGC ] 
BUILD: [00:0000000565:PROGC ] Total                      4         0       0
BUILD: [00:0000000566:PROGC ] 
BUILD: [00:0000000567:PROGC ] 0 Warnings,  0 Errors
BUILD: [00:0000000568:PROGC ] GetSystemTimes (seconds): Idle: 11    Kernel: 13    User: 2    
BUILD: [00:0000000569:PROGC ] Elapsed  time  (seconds): 4    
