BUILD: [Thrd:Sequence:Type  ] Message
BUILD: [00:0000000000:PROGC ] Build started with parameters: -c
BUILD: [00:0000000001:PROGC ] Build started in directory: C:\WINCE600\PLATFORM\COMMON\SRC\SOC\COMMON_TI_V1\TPS659XX
BUILD: [00:0000000002:PROGC ] Checking for C:\WINCE600\sdk\bin\i386\srccheck.exe.
BUILD: [00:0000000003:PROGC ] Running passes WCEFILES0, MIDL, MC, ASN, THUNK, PRECOMPHEADER, COMPILE, LIB, LINK, MANAGEDRESX, MANAGEDMOD, MANAGEDDLL, MANAGEDEXE, MANAGEDWIN for ARM.
BUILD: [00:0000000004:PROGC ] Ignoring build database (-c specified).
BUILD: [00:0000000005:PROGC ] Computing include file dependencies:
BUILD: [00:0000000006:PROGC ] Checking for SDK include directory: C:\WINCE600\sdk\CE\inc.
BUILD: [00:0000000007:PROGC ] Scan C:\WINCE600\PLATFORM\COMMON\SRC\SOC\COMMON_TI_V1\TPS659XX\MISC\
BUILD: [00:0000000008:PROGC ] Scan C:\WINCE600\PLATFORM\COMMON\SRC\SOC\COMMON_TI_V1\TPS659XX\GPIO\OAL\
BUILD: [00:0000000009:PROGC ] Scan C:\WINCE600\PLATFORM\COMMON\SRC\SOC\COMMON_TI_V1\TPS659XX\GPIO\DEVICE\
BUILD: [00:0000000010:PROGC ] Scan C:\WINCE600\PLATFORM\COMMON\SRC\SOC\COMMON_TI_V1\TPS659XX\OALRTC\
BUILD: [00:0000000011:PROGC ] Scan C:\WINCE600\PLATFORM\COMMON\SRC\SOC\COMMON_TI_V1\TPS659XX\DRIVER\
BUILD: [00:0000000012:PROGC ] Scan C:\WINCE600\PLATFORM\COMMON\SRC\SOC\COMMON_TI_V1\TPS659XX\MADC\
BUILD: [00:0000000013:PROGC ] Scan C:\WINCE600\PLATFORM\COMMON\SRC\SOC\COMMON_TI_V1\TPS659XX\WAVE\
BUILD: [00:0000000014:PROGC ] Scan C:\WINCE600\PLATFORM\COMMON\SRC\SOC\COMMON_TI_V1\TPS659XX\KEYPAD\
BUILD: [00:0000000015:PROGC ] Scan C:\WINCE600\PLATFORM\COMMON\SRC\SOC\COMMON_TI_V1\TPS659XX\TLED\
BUILD: [00:0000000016:PROGC ] Scan C:\WINCE600\PLATFORM\COMMON\SRC\SOC\COMMON_TI_V1\TPS659XX\BCI\
BUILD: [00:0000000017:PROGC ] Scan C:\WINCE600\PLATFORM\COMMON\SRC\SOC\COMMON_TI_V1\TPS659XX\USBOTG\
BUILD: [00:0000000018:PROGC ] Saving C:\WINCE600\PLATFORM\COMMON\Build.dat.
BUILD: [00:0000000019:INFO  ] Done.
BUILD: [00:0000000020:INFO  ] Will Build C:\WINCE600\PLATFORM\COMMON\SRC\SOC\COMMON_TI_V1\TPS659XX\MISC\misc.c because target: obj\ARMV4I\retail\misc.obj is missing.
BUILD: [00:0000000021:PROGC ] Building COMPILE Pass in C:\WINCE600\PLATFORM\COMMON\SRC\SOC\COMMON_TI_V1\TPS659XX\MISC\ directory.
BUILD: [00:0000000022:PROG  ] 'NMAKE.EXE TargetCompilePass  -i -c BUILDMSG=Stop.  BUILDROOT=C:\WINCE600\PLATFORM\COMMON CLEANBUILD=1 NOLINK=1 NOPASS0=1'
BUILD: [01:0000000023:INFO  ] makefile.def: Including C:\WINCE600\public\common\oak\misc\Sources.default
BUILD: [01:0000000024:INFO  ] makefile.def: BUILDROOT is C:\WINCE600\PLATFORM\COMMON
BUILD: [01:0000000025:INFO  ] makefile.def: Including C:\WINCE600\PLATFORM\COMMON\sources.cmn
BUILD: [01:0000000026:INFO  ] makefile.def: Including C:\WINCE600\PLATFORM\COMMON\SRC\SOC\COMMON_TI_V1\TPS659XX\MISC\sources
BUILD: [01:0000000027:INFO  ] makefile.def: Including C:\WINCE600\public\common\oak\misc\Sources.CE
BUILD: [01:0000000028:INFO  ] Directory: C:\WINCE600\PLATFORM\COMMON\SRC\SOC\COMMON_TI_V1\TPS659XX\MISC
BUILD: [01:0000000029:INFO  ] TARGETNAME: tps659xx_misc
BUILD: [01:0000000030:INFO  ] makefile.def: Including C:\WINCE600\public\common\oak\misc\sources.ReleaseType_PLATFORMCOMMON
BUILD: [01:0000000031:PROGC ] Compiling .\misc.c
BUILD: [01:0000000032:INFO  ] cl -nologo   /Gy -Foobj\ARMV4I\retail\misc.obj -c -IARM\ -I. -IC:\WINCE600\platform\common\src\inc -IC:\WINCE600\platform\COMMON\src\soc\COMMON_TI_V1\COMMON_TI\inc -IC:\WINCE600\platform\COMMON\src\soc\COMMON_TI_V1\TRITON\inc -IC:\WINCE600\platform\COMMON\src\soc\COMMON_TI_V1\TPS659XX\inc -IC:\WINCE600\public\common\oak\inc -IC:\WINCE600\public\common\sdk\inc -IC:\WINCE600\public\common\ddk\inc -IC:\WINCE600\sdk\CE\inc -I.\Resource\0409 -Ox -Os -GF -Zi -FdC:\WINCE600\platform\common\lib\ARMV4I\retail\tps659xx_misc.pdb -D_CRT_SECURE_NO_DEPRECATE -D_USE_32BIT_TIME_T -DUNICODE -D_UNICODE -DUNDER_CE=600 -D_WIN32_WCE=0x600 -DWINCEOEM -DWINCEINTERNAL -DWIN32 -DSTRICT -DARM -DARMV4I -D_ARM_ -DNDEBUG=1  -Dproject_cebase -DCEDDK_USEDDKMACRO -D_WINCEOSVER=600 -DINTERNATIONAL -DINTLMSG_CODEPAGE=1252 -FAsc -Faobj\ARMV4I\retail\misc.cod -WX -QRimplicit-import- -Zi  -Zc:wchar_t- -Zc:forScope- -wd4867 -wd4430 -MT -U_MT -W4    /GR- -QRarch4T -DTHUMBSUPPORT -QRinterwork-return  /GS C:\WINCE600\PLATFORM\COMMON\SRC\SOC\COMMON_TI_V1\TPS659XX\MISC\.\misc.c
BUILD: [01:0000000033:INFO  ] misc.c
BUILD: [00:0000000034:INFO  ] Will Build C:\WINCE600\PLATFORM\COMMON\SRC\SOC\COMMON_TI_V1\TPS659XX\GPIO\tps659xx_gpio.cpp because target: obj\ARMV4I\retail\tps659xx_gpio.obj is missing.
BUILD: [00:0000000035:PROGC ] Building COMPILE Pass in C:\WINCE600\PLATFORM\COMMON\SRC\SOC\COMMON_TI_V1\TPS659XX\GPIO\OAL\ directory.
BUILD: [00:0000000036:PROG  ] 'NMAKE.EXE TargetCompilePass  -i -c BUILDMSG=Stop.  BUILDROOT=C:\WINCE600\PLATFORM\COMMON CLEANBUILD=1 NOLINK=1 NOPASS0=1'
BUILD: [01:0000000037:INFO  ] makefile.def: Including C:\WINCE600\public\common\oak\misc\Sources.default
BUILD: [01:0000000038:INFO  ] makefile.def: BUILDROOT is C:\WINCE600\PLATFORM\COMMON
BUILD: [01:0000000039:INFO  ] makefile.def: Including C:\WINCE600\PLATFORM\COMMON\sources.cmn
BUILD: [01:0000000040:INFO  ] makefile.def: Including C:\WINCE600\PLATFORM\COMMON\SRC\SOC\COMMON_TI_V1\TPS659XX\GPIO\OAL\sources
BUILD: [01:0000000041:INFO  ] makefile.def: Including C:\WINCE600\public\common\oak\misc\Sources.CE
BUILD: [01:0000000042:INFO  ] Directory: C:\WINCE600\PLATFORM\COMMON\SRC\SOC\COMMON_TI_V1\TPS659XX\GPIO\OAL
BUILD: [01:0000000043:INFO  ] TARGETNAME: tps659xx_oal_gpio
BUILD: [01:0000000044:INFO  ] makefile.def: Including C:\WINCE600\public\common\oak\misc\sources.ReleaseType_PLATFORMCOMMON
BUILD: [01:0000000045:PROGC ] Compiling ..\tps659xx_gpio.cpp
BUILD: [01:0000000046:INFO  ] cl -nologo    /Gy -Foobj\ARMV4I\retail\tps659xx_gpio.obj -c -IARM\ -I. -IC:\WINCE600\platform\common\src\inc -IC:\WINCE600\platform\COMMON\src\soc\COMMON_TI_V1\COMMON_TI\inc -IC:\WINCE600\platform\COMMON\src\soc\COMMON_TI_V1\TRITON\inc -IC:\WINCE600\platform\COMMON\src\soc\COMMON_TI_V1\TPS659XX\inc -IC:\WINCE600\public\common\oak\inc -IC:\WINCE600\public\common\sdk\inc -IC:\WINCE600\public\common\ddk\inc -IC:\WINCE600\sdk\CE\inc -I.\Resource\0409 -Ox -Os -GF -Zi -FdC:\WINCE600\platform\common\lib\ARMV4I\retail\tps659xx_oal_gpio.pdb -D_CRT_SECURE_NO_DEPRECATE -D_USE_32BIT_TIME_T -DUNICODE -D_UNICODE -DUNDER_CE=600 -D_WIN32_WCE=0x600 -DWINCEOEM -DWINCEINTERNAL -DWIN32 -DSTRICT -DARM -DARMV4I -D_ARM_ -DNDEBUG=1  -Dproject_cebase -DCEDDK_USEDDKMACRO -D_WINCEOSVER=600 -DOAL -DINTERNATIONAL -DINTLMSG_CODEPAGE=1252 -FAsc -Faobj\ARMV4I\retail\tps659xx_gpio.cod -WX -QRimplicit-import- -Zi  -Zc:wchar_t- -Zc:forScope- -wd4867 -wd4430 -MT -U_MT -W4    /GR- -QRarch4T -DTHUMBSUPPORT -QRinterwork-return  /GS C:\WINCE600\PLATFORM\COMMON\SRC\SOC\COMMON_TI_V1\TPS659XX\GPIO\OAL\..\tps659xx_gpio.cpp
BUILD: [01:0000000047:INFO  ] tps659xx_gpio.cpp
BUILD: [00:0000000048:INFO  ] Will Build C:\WINCE600\PLATFORM\COMMON\SRC\SOC\COMMON_TI_V1\TPS659XX\GPIO\tps659xx_gpio.cpp because target: obj\ARMV4I\retail\tps659xx_gpio.obj is missing.
BUILD: [00:0000000049:PROGC ] Building COMPILE Pass in C:\WINCE600\PLATFORM\COMMON\SRC\SOC\COMMON_TI_V1\TPS659XX\GPIO\DEVICE\ directory.
BUILD: [00:0000000050:PROG  ] 'NMAKE.EXE TargetCompilePass  -i -c BUILDMSG=Stop.  BUILDROOT=C:\WINCE600\PLATFORM\COMMON CLEANBUILD=1 NOLINK=1 NOPASS0=1'
BUILD: [01:0000000051:INFO  ] makefile.def: Including C:\WINCE600\public\common\oak\misc\Sources.default
BUILD: [01:0000000052:INFO  ] makefile.def: BUILDROOT is C:\WINCE600\PLATFORM\COMMON
BUILD: [01:0000000053:INFO  ] makefile.def: Including C:\WINCE600\PLATFORM\COMMON\sources.cmn
BUILD: [01:0000000054:INFO  ] makefile.def: Including C:\WINCE600\PLATFORM\COMMON\SRC\SOC\COMMON_TI_V1\TPS659XX\GPIO\DEVICE\sources
BUILD: [01:0000000055:INFO  ] makefile.def: Including C:\WINCE600\public\common\oak\misc\Sources.CE
BUILD: [01:0000000056:INFO  ] Directory: C:\WINCE600\PLATFORM\COMMON\SRC\SOC\COMMON_TI_V1\TPS659XX\GPIO\DEVICE
BUILD: [01:0000000057:INFO  ] TARGETNAME: tps659xx_device_gpio
BUILD: [01:0000000058:INFO  ] makefile.def: Including C:\WINCE600\public\common\oak\misc\sources.ReleaseType_PLATFORMCOMMON
BUILD: [01:0000000059:PROGC ] Compiling ..\tps659xx_gpio.cpp
BUILD: [01:0000000060:INFO  ] cl -nologo    /Gy -Foobj\ARMV4I\retail\tps659xx_gpio.obj -c -IARM\ -I. -IC:\WINCE600\platform\common\src\inc -IC:\WINCE600\platform\COMMON\src\soc\COMMON_TI_V1\COMMON_TI\inc -IC:\WINCE600\platform\COMMON\src\soc\COMMON_TI_V1\TRITON\inc -IC:\WINCE600\platform\COMMON\src\soc\COMMON_TI_V1\TPS659XX\inc -IC:\WINCE600\public\common\oak\inc -IC:\WINCE600\public\common\sdk\inc -IC:\WINCE600\public\common\ddk\inc -IC:\WINCE600\sdk\CE\inc -I.\Resource\0409 -Ox -Os -GF -Zi -FdC:\WINCE600\platform\common\lib\ARMV4I\retail\tps659xx_device_gpio.pdb -D_CRT_SECURE_NO_DEPRECATE -D_USE_32BIT_TIME_T -DUNICODE -D_UNICODE -DUNDER_CE=600 -D_WIN32_WCE=0x600 -DWINCEOEM -DWINCEINTERNAL -DWIN32 -DSTRICT -DARM -DARMV4I -D_ARM_ -DNDEBUG=1  -Dproject_cebase -DCEDDK_USEDDKMACRO -D_WINCEOSVER=600 -DDEVICE -DINTERNATIONAL -DINTLMSG_CODEPAGE=1252 -FAsc -Faobj\ARMV4I\retail\tps659xx_gpio.cod -WX -QRimplicit-import- -Zi  -Zc:wchar_t- -Zc:forScope- -wd4867 -wd4430 -MT -U_MT -W4    /GR- -QRarch4T -DTHUMBSUPPORT -QRinterwork-return  /GS C:\WINCE600\PLATFORM\COMMON\SRC\SOC\COMMON_TI_V1\TPS659XX\GPIO\DEVICE\..\tps659xx_gpio.cpp
BUILD: [01:0000000061:INFO  ] tps659xx_gpio.cpp
BUILD: [00:0000000062:INFO  ] Will Build C:\WINCE600\PLATFORM\COMMON\SRC\SOC\COMMON_TI_V1\TPS659XX\OALRTC\rtc.c because target: obj\ARMV4I\retail\rtc.obj is missing.
BUILD: [00:0000000063:PROGC ] Building COMPILE Pass in C:\WINCE600\PLATFORM\COMMON\SRC\SOC\COMMON_TI_V1\TPS659XX\OALRTC\ directory.
BUILD: [00:0000000064:PROG  ] 'NMAKE.EXE TargetCompilePass  -i -c BUILDMSG=Stop.  BUILDROOT=C:\WINCE600\PLATFORM\COMMON CLEANBUILD=1 NOLINK=1 NOPASS0=1'
BUILD: [01:0000000065:INFO  ] makefile.def: Including C:\WINCE600\public\common\oak\misc\Sources.default
BUILD: [01:0000000066:INFO  ] makefile.def: BUILDROOT is C:\WINCE600\PLATFORM\COMMON
BUILD: [01:0000000067:INFO  ] makefile.def: Including C:\WINCE600\PLATFORM\COMMON\sources.cmn
BUILD: [01:0000000068:INFO  ] makefile.def: Including C:\WINCE600\PLATFORM\COMMON\SRC\SOC\COMMON_TI_V1\TPS659XX\OALRTC\sources
BUILD: [01:0000000069:INFO  ] makefile.def: Including C:\WINCE600\public\common\oak\misc\Sources.CE
BUILD: [01:0000000070:INFO  ] Directory: C:\WINCE600\PLATFORM\COMMON\SRC\SOC\COMMON_TI_V1\TPS659XX\OALRTC
BUILD: [01:0000000071:INFO  ] TARGETNAME: tps659xx_oal_rtc
BUILD: [01:0000000072:INFO  ] makefile.def: Including C:\WINCE600\public\common\oak\misc\sources.ReleaseType_PLATFORMCOMMON
BUILD: [01:0000000073:PROGC ] Compiling .\rtc.c
BUILD: [01:0000000074:INFO  ] cl -nologo   /Gy -Foobj\ARMV4I\retail\rtc.obj -c -IARM\ -I. -IC:\WINCE600\platform\common\src\inc -IC:\WINCE600\platform\COMMON\src\soc\COMMON_TI_V1\COMMON_TI\inc -IC:\WINCE600\platform\COMMON\src\soc\COMMON_TI_V1\TRITON\inc -IC:\WINCE600\platform\COMMON\src\soc\COMMON_TI_V1\TPS659XX\inc -IC:\WINCE600\public\common\oak\inc -IC:\WINCE600\public\common\sdk\inc -IC:\WINCE600\public\common\ddk\inc -IC:\WINCE600\sdk\CE\inc -I.\Resource\0409 -Ox -Os -GF -Zi -FdC:\WINCE600\platform\common\lib\ARMV4I\retail\tps659xx_oal_rtc.pdb -D_CRT_SECURE_NO_DEPRECATE -D_USE_32BIT_TIME_T -DUNICODE -D_UNICODE -DUNDER_CE=600 -D_WIN32_WCE=0x600 -DWINCEOEM -DWINCEINTERNAL -DWIN32 -DSTRICT -DARM -DARMV4I -D_ARM_ -DNDEBUG=1  -Dproject_cebase -DCEDDK_USEDDKMACRO -D_WINCEOSVER=600 -DINTERNATIONAL -DINTLMSG_CODEPAGE=1252 -FAsc -Faobj\ARMV4I\retail\rtc.cod -WX -QRimplicit-import- -Zi  -Zc:wchar_t- -Zc:forScope- -wd4867 -wd4430 -MT -U_MT -W4    /GR- -QRarch4T -DTHUMBSUPPORT -QRinterwork-return  /GS C:\WINCE600\PLATFORM\COMMON\SRC\SOC\COMMON_TI_V1\TPS659XX\OALRTC\.\rtc.c
BUILD: [01:0000000075:INFO  ] rtc.c
BUILD: [00:0000000076:INFO  ] Will Build C:\WINCE600\PLATFORM\COMMON\SRC\SOC\COMMON_TI_V1\TPS659XX\DRIVER\tps659xx.cpp because target: obj\ARMV4I\retail\tps659xx.obj is missing.
BUILD: [00:0000000077:PROGC ] Building COMPILE Pass in C:\WINCE600\PLATFORM\COMMON\SRC\SOC\COMMON_TI_V1\TPS659XX\DRIVER\ directory.
BUILD: [00:0000000078:PROG  ] 'NMAKE.EXE TargetCompilePass  -i -c BUILDMSG=Stop.  BUILDROOT=C:\WINCE600\PLATFORM\COMMON CLEANBUILD=1 NOLINK=1 NOPASS0=1'
BUILD: [01:0000000079:INFO  ] makefile.def: Including C:\WINCE600\public\common\oak\misc\Sources.default
BUILD: [01:0000000080:INFO  ] makefile.def: BUILDROOT is C:\WINCE600\PLATFORM\COMMON
BUILD: [01:0000000081:INFO  ] makefile.def: Including C:\WINCE600\PLATFORM\COMMON\sources.cmn
BUILD: [01:0000000082:INFO  ] makefile.def: Including C:\WINCE600\PLATFORM\COMMON\SRC\SOC\COMMON_TI_V1\TPS659XX\DRIVER\sources
BUILD: [01:0000000083:INFO  ] makefile.def: Including C:\WINCE600\public\common\oak\misc\Sources.CE
BUILD: [01:0000000084:INFO  ] Directory: C:\WINCE600\PLATFORM\COMMON\SRC\SOC\COMMON_TI_V1\TPS659XX\DRIVER
BUILD: [01:0000000085:INFO  ] TARGETNAME: tps659xx_lib
BUILD: [01:0000000086:INFO  ] makefile.def: Including C:\WINCE600\public\common\oak\misc\sources.ReleaseType_PLATFORMCOMMON
BUILD: [01:0000000087:PROGC ] Compiling .\tps659xx.cpp
BUILD: [01:0000000088:INFO  ] cl -nologo    /Gy -Foobj\ARMV4I\retail\tps659xx.obj -c -IARM\ -I. -IC:\WINCE600\platform\common\src\inc -IC:\WINCE600\platform\COMMON\src\soc\COMMON_TI_V1\COMMON_TI\inc -IC:\WINCE600\platform\COMMON\src\soc\COMMON_TI_V1\TRITON\inc -IC:\WINCE600\platform\COMMON\src\soc\COMMON_TI_V1\TPS659XX\inc -IC:\WINCE600\public\common\oak\inc -IC:\WINCE600\public\common\sdk\inc -IC:\WINCE600\public\common\ddk\inc -IC:\WINCE600\sdk\CE\inc -I.\Resource\0409 -Ox -Os -GF -Zi -FdC:\WINCE600\platform\common\lib\ARMV4I\retail\tps659xx_lib.pdb -D_CRT_SECURE_NO_DEPRECATE -D_USE_32BIT_TIME_T -DUNICODE -D_UNICODE -DUNDER_CE=600 -D_WIN32_WCE=0x600 -DWINCEOEM -DWINCEINTERNAL -DWIN32 -DSTRICT -DARM -DARMV4I -D_ARM_ -DNDEBUG=1  -Dproject_cebase -DCEDDK_USEDDKMACRO -D_WINCEOSVER=600 -DINTERNATIONAL -DINTLMSG_CODEPAGE=1252 -FAsc -Faobj\ARMV4I\retail\tps659xx.cod -WX -QRimplicit-import- -Zi  -Zc:wchar_t- -Zc:forScope- -wd4867 -wd4430 -MT -U_MT -W4    /GR- -QRarch4T -DTHUMBSUPPORT -QRinterwork-return  /GS C:\WINCE600\PLATFORM\COMMON\SRC\SOC\COMMON_TI_V1\TPS659XX\DRIVER\.\tps659xx.cpp
BUILD: [01:0000000089:INFO  ] tps659xx.cpp
BUILD: [00:0000000090:INFO  ] Will Build C:\WINCE600\PLATFORM\COMMON\SRC\SOC\COMMON_TI_V1\TPS659XX\MADC\madc.cpp because target: obj\ARMV4I\retail\madc.obj is missing.
BUILD: [00:0000000091:PROGC ] Building COMPILE Pass in C:\WINCE600\PLATFORM\COMMON\SRC\SOC\COMMON_TI_V1\TPS659XX\MADC\ directory.
BUILD: [00:0000000092:PROG  ] 'NMAKE.EXE TargetCompilePass  -i -c BUILDMSG=Stop.  BUILDROOT=C:\WINCE600\PLATFORM\COMMON CLEANBUILD=1 NOLINK=1 NOPASS0=1'
BUILD: [01:0000000093:INFO  ] makefile.def: Including C:\WINCE600\public\common\oak\misc\Sources.default
BUILD: [01:0000000094:INFO  ] makefile.def: BUILDROOT is C:\WINCE600\PLATFORM\COMMON
BUILD: [01:0000000095:INFO  ] makefile.def: Including C:\WINCE600\PLATFORM\COMMON\sources.cmn
BUILD: [01:0000000096:INFO  ] makefile.def: Including C:\WINCE600\PLATFORM\COMMON\SRC\SOC\COMMON_TI_V1\TPS659XX\MADC\sources
BUILD: [01:0000000097:INFO  ] makefile.def: Including C:\WINCE600\public\common\oak\misc\Sources.CE
BUILD: [01:0000000098:INFO  ] Directory: C:\WINCE600\PLATFORM\COMMON\SRC\SOC\COMMON_TI_V1\TPS659XX\MADC
BUILD: [01:0000000099:INFO  ] TARGETNAME: tps659xx_madc
BUILD: [01:0000000100:INFO  ] makefile.def: Including C:\WINCE600\public\common\oak\misc\sources.ReleaseType_PLATFORMCOMMON
BUILD: [01:0000000101:PROGC ] Compiling .\madc.cpp
BUILD: [01:0000000102:INFO  ] cl -nologo    /Gy -Foobj\ARMV4I\retail\madc.obj -c -IARM\ -I. -IC:\WINCE600\platform\common\src\inc -IC:\WINCE600\platform\COMMON\src\soc\COMMON_TI_V1\COMMON_TI\inc -IC:\WINCE600\platform\COMMON\src\soc\COMMON_TI_V1\TRITON\inc -IC:\WINCE600\platform\COMMON\src\soc\COMMON_TI_V1\TPS659XX\inc -IC:\WINCE600\public\common\oak\inc -IC:\WINCE600\public\common\sdk\inc -IC:\WINCE600\public\common\ddk\inc -IC:\WINCE600\sdk\CE\inc -I.\Resource\0409 -Ox -Os -GF -Zi -FdC:\WINCE600\platform\common\lib\ARMV4I\retail\tps659xx_madc.pdb -D_CRT_SECURE_NO_DEPRECATE -D_USE_32BIT_TIME_T -DUNICODE -D_UNICODE -DUNDER_CE=600 -D_WIN32_WCE=0x600 -DWINCEOEM -DWINCEINTERNAL -DWIN32 -DSTRICT -DARM -DARMV4I -D_ARM_ -DNDEBUG=1  -Dproject_cebase -DCEDDK_USEDDKMACRO -D_WINCEOSVER=600 -DINTERNATIONAL -DINTLMSG_CODEPAGE=1252 -FAsc -Faobj\ARMV4I\retail\madc.cod -WX -QRimplicit-import- -Zi  -Zc:wchar_t- -Zc:forScope- -wd4867 -wd4430 -MT -U_MT -W4    /GR- -QRarch4T -DTHUMBSUPPORT -QRinterwork-return  /GS C:\WINCE600\PLATFORM\COMMON\SRC\SOC\COMMON_TI_V1\TPS659XX\MADC\.\madc.cpp
BUILD: [01:0000000103:INFO  ] madc.cpp
BUILD: [00:0000000104:INFO  ] Will Build C:\WINCE600\PLATFORM\COMMON\SRC\SOC\COMMON_TI_V1\TPS659XX\WAVE\debug.cpp because target: obj\ARMV4I\retail\debug.obj is missing.
BUILD: [00:0000000105:INFO  ] Will Build C:\WINCE600\PLATFORM\COMMON\SRC\SOC\COMMON_TI_V1\TPS659XX\WAVE\tps659xx_audio.cpp because target: obj\ARMV4I\retail\tps659xx_audio.obj is missing.
BUILD: [00:0000000106:PROGC ] Building COMPILE Pass in C:\WINCE600\PLATFORM\COMMON\SRC\SOC\COMMON_TI_V1\TPS659XX\WAVE\ directory.
BUILD: [00:0000000107:PROG  ] 'NMAKE.EXE TargetCompilePass  -i -c BUILDMSG=Stop.  BUILDROOT=C:\WINCE600\PLATFORM\COMMON CLEANBUILD=1 NOLINK=1 NOPASS0=1'
BUILD: [01:0000000108:INFO  ] makefile.def: Including C:\WINCE600\public\common\oak\misc\Sources.default
BUILD: [01:0000000109:INFO  ] makefile.def: BUILDROOT is C:\WINCE600\PLATFORM\COMMON
BUILD: [01:0000000110:INFO  ] makefile.def: Including C:\WINCE600\PLATFORM\COMMON\sources.cmn
BUILD: [01:0000000111:INFO  ] makefile.def: Including C:\WINCE600\PLATFORM\COMMON\SRC\SOC\COMMON_TI_V1\TPS659XX\WAVE\sources
BUILD: [01:0000000112:INFO  ] makefile.def: Including C:\WINCE600\public\common\oak\misc\Sources.CE
BUILD: [01:0000000113:INFO  ] Directory: C:\WINCE600\PLATFORM\COMMON\SRC\SOC\COMMON_TI_V1\TPS659XX\WAVE
BUILD: [01:0000000114:INFO  ] TARGETNAME: tps659xx_wave
BUILD: [01:0000000115:INFO  ] makefile.def: Including C:\WINCE600\public\common\oak\misc\sources.ReleaseType_PLATFORMCOMMON
BUILD: [01:0000000116:PROGC ] Compiling .\debug.cpp
BUILD: [01:0000000117:INFO  ] cl -nologo    /Gy -Foobj\ARMV4I\retail\debug.obj -c -IARM\ -I. -IC:\WINCE600\platform\common\src\inc -IC:\WINCE600\platform\COMMON\src\soc\COMMON_TI_V1\COMMON_TI\inc -IC:\WINCE600\platform\COMMON\src\soc\COMMON_TI_V1\TRITON\inc -IC:\WINCE600\platform\COMMON\src\soc\COMMON_TI_V1\TPS659XX\inc -IC:\WINCE600\public\common\oak\inc -IC:\WINCE600\public\common\sdk\inc -IC:\WINCE600\public\common\ddk\inc -IC:\WINCE600\sdk\CE\inc -I.\Resource\0409 -Ox -Os -GF -Zi -FdC:\WINCE600\platform\common\lib\ARMV4I\retail\tps659xx_wave.pdb -D_CRT_SECURE_NO_DEPRECATE -D_USE_32BIT_TIME_T -DUNICODE -D_UNICODE -DUNDER_CE=600 -D_WIN32_WCE=0x600 -DWINCEOEM -DWINCEINTERNAL -DWIN32 -DSTRICT -DARM -DARMV4I -D_ARM_ -DNDEBUG=1  -Dproject_cebase -DCEDDK_USEDDKMACRO -D_WINCEOSVER=600 -DINTERNATIONAL -DINTLMSG_CODEPAGE=1252 -FAsc -Faobj\ARMV4I\retail\debug.cod -WX -QRimplicit-import- -Zi  -Zc:wchar_t- -Zc:forScope- -wd4867 -wd4430 -MT -U_MT -W4    /GR- -QRarch4T -DTHUMBSUPPORT -QRinterwork-return  /GS C:\WINCE600\PLATFORM\COMMON\SRC\SOC\COMMON_TI_V1\TPS659XX\WAVE\.\debug.cpp
BUILD: [01:0000000118:INFO  ] debug.cpp
BUILD: [01:0000000119:PROGC ] Compiling .\tps659xx_audio.cpp
BUILD: [01:0000000120:INFO  ] cl -nologo    /Gy -Foobj\ARMV4I\retail\tps659xx_audio.obj -c -IARM\ -I. -IC:\WINCE600\platform\common\src\inc -IC:\WINCE600\platform\COMMON\src\soc\COMMON_TI_V1\COMMON_TI\inc -IC:\WINCE600\platform\COMMON\src\soc\COMMON_TI_V1\TRITON\inc -IC:\WINCE600\platform\COMMON\src\soc\COMMON_TI_V1\TPS659XX\inc -IC:\WINCE600\public\common\oak\inc -IC:\WINCE600\public\common\sdk\inc -IC:\WINCE600\public\common\ddk\inc -IC:\WINCE600\sdk\CE\inc -I.\Resource\0409 -Ox -Os -GF -Zi -FdC:\WINCE600\platform\common\lib\ARMV4I\retail\tps659xx_wave.pdb -D_CRT_SECURE_NO_DEPRECATE -D_USE_32BIT_TIME_T -DUNICODE -D_UNICODE -DUNDER_CE=600 -D_WIN32_WCE=0x600 -DWINCEOEM -DWINCEINTERNAL -DWIN32 -DSTRICT -DARM -DARMV4I -D_ARM_ -DNDEBUG=1  -Dproject_cebase -DCEDDK_USEDDKMACRO -D_WINCEOSVER=600 -DINTERNATIONAL -DINTLMSG_CODEPAGE=1252 -FAsc -Faobj\ARMV4I\retail\tps659xx_audio.cod -WX -QRimplicit-import- -Zi  -Zc:wchar_t- -Zc:forScope- -wd4867 -wd4430 -MT -U_MT -W4    /GR- -QRarch4T -DTHUMBSUPPORT -QRinterwork-return  /GS C:\WINCE600\PLATFORM\COMMON\SRC\SOC\COMMON_TI_V1\TPS659XX\WAVE\.\tps659xx_audio.cpp
BUILD: [01:0000000121:INFO  ] tps659xx_audio.cpp
BUILD: [00:0000000122:INFO  ] Will Build C:\WINCE600\PLATFORM\COMMON\SRC\SOC\COMMON_TI_V1\TPS659XX\KEYPAD\keypad.c because target: obj\ARMV4I\retail\keypad.obj is missing.
BUILD: [00:0000000123:PROGC ] Building COMPILE Pass in C:\WINCE600\PLATFORM\COMMON\SRC\SOC\COMMON_TI_V1\TPS659XX\KEYPAD\ directory.
BUILD: [00:0000000124:PROG  ] 'NMAKE.EXE TargetCompilePass  -i -c BUILDMSG=Stop.  BUILDROOT=C:\WINCE600\PLATFORM\COMMON CLEANBUILD=1 NOLINK=1 NOPASS0=1'
BUILD: [01:0000000125:INFO  ] makefile.def: Including C:\WINCE600\public\common\oak\misc\Sources.default
BUILD: [01:0000000126:INFO  ] makefile.def: BUILDROOT is C:\WINCE600\PLATFORM\COMMON
BUILD: [01:0000000127:INFO  ] makefile.def: Including C:\WINCE600\PLATFORM\COMMON\sources.cmn
BUILD: [01:0000000128:INFO  ] makefile.def: Including C:\WINCE600\PLATFORM\COMMON\SRC\SOC\COMMON_TI_V1\TPS659XX\KEYPAD\sources
BUILD: [01:0000000129:INFO  ] makefile.def: Including C:\WINCE600\public\common\oak\misc\Sources.CE
BUILD: [01:0000000130:INFO  ] Directory: C:\WINCE600\PLATFORM\COMMON\SRC\SOC\COMMON_TI_V1\TPS659XX\KEYPAD
BUILD: [01:0000000131:INFO  ] TARGETNAME: tps659xx_keypad
BUILD: [01:0000000132:INFO  ] makefile.def: Including C:\WINCE600\public\common\oak\misc\sources.ReleaseType_PLATFORMCOMMON
BUILD: [01:0000000133:PROGC ] Compiling .\keypad.c
BUILD: [01:0000000134:INFO  ] cl -nologo   /Gy -Foobj\ARMV4I\retail\keypad.obj -c -IARM\ -I. -IC:\WINCE600\platform\common\src\inc -IC:\WINCE600\platform\COMMON\src\soc\COMMON_TI_V1\COMMON_TI\inc -IC:\WINCE600\platform\COMMON\src\soc\COMMON_TI_V1\TRITON\inc -IC:\WINCE600\platform\COMMON\src\soc\COMMON_TI_V1\TPS659XX\inc -IC:\WINCE600\public\common\oak\inc -IC:\WINCE600\public\common\sdk\inc -IC:\WINCE600\public\common\ddk\inc -IC:\WINCE600\sdk\CE\inc -I.\Resource\0409 -Ox -Os -GF -Zi -FdC:\WINCE600\platform\common\lib\ARMV4I\retail\tps659xx_keypad.pdb -D_CRT_SECURE_NO_DEPRECATE -D_USE_32BIT_TIME_T -DUNICODE -D_UNICODE -DUNDER_CE=600 -D_WIN32_WCE=0x600 -DWINCEOEM -DWINCEINTERNAL -DWIN32 -DSTRICT -DARM -DARMV4I -D_ARM_ -DNDEBUG=1  -Dproject_cebase -DCEDDK_USEDDKMACRO -D_WINCEOSVER=600 -DINTERNATIONAL -DINTLMSG_CODEPAGE=1252 -FAsc -Faobj\ARMV4I\retail\keypad.cod -WX -QRimplicit-import- -Zi  -Zc:wchar_t- -Zc:forScope- -wd4867 -wd4430 -MT -U_MT -W4    /GR- -QRarch4T -DTHUMBSUPPORT -QRinterwork-return  /GS C:\WINCE600\PLATFORM\COMMON\SRC\SOC\COMMON_TI_V1\TPS659XX\KEYPAD\.\keypad.c
BUILD: [01:0000000135:INFO  ] keypad.c
BUILD: [00:0000000136:INFO  ] Will Build C:\WINCE600\PLATFORM\COMMON\SRC\SOC\COMMON_TI_V1\TPS659XX\TLED\tled.cpp because target: obj\ARMV4I\retail\tled.obj is missing.
BUILD: [00:0000000137:PROGC ] Building COMPILE Pass in C:\WINCE600\PLATFORM\COMMON\SRC\SOC\COMMON_TI_V1\TPS659XX\TLED\ directory.
BUILD: [00:0000000138:PROG  ] 'NMAKE.EXE TargetCompilePass  -i -c BUILDMSG=Stop.  BUILDROOT=C:\WINCE600\PLATFORM\COMMON CLEANBUILD=1 NOLINK=1 NOPASS0=1'
BUILD: [01:0000000139:INFO  ] makefile.def: Including C:\WINCE600\public\common\oak\misc\Sources.default
BUILD: [01:0000000140:INFO  ] makefile.def: BUILDROOT is C:\WINCE600\PLATFORM\COMMON
BUILD: [01:0000000141:INFO  ] makefile.def: Including C:\WINCE600\PLATFORM\COMMON\sources.cmn
BUILD: [01:0000000142:INFO  ] makefile.def: Including C:\WINCE600\PLATFORM\COMMON\SRC\SOC\COMMON_TI_V1\TPS659XX\TLED\sources
BUILD: [01:0000000143:INFO  ] makefile.def: Including C:\WINCE600\public\common\oak\misc\Sources.CE
BUILD: [01:0000000144:INFO  ] Directory: C:\WINCE600\PLATFORM\COMMON\SRC\SOC\COMMON_TI_V1\TPS659XX\TLED
BUILD: [01:0000000145:INFO  ] TARGETNAME: tps659xx_tled
BUILD: [01:0000000146:INFO  ] makefile.def: Including C:\WINCE600\public\common\oak\misc\sources.ReleaseType_PLATFORMCOMMON
BUILD: [01:0000000147:PROGC ] Compiling .\tled.cpp
BUILD: [01:0000000148:INFO  ] cl -nologo    /Gy -Foobj\ARMV4I\retail\tled.obj -c -IARM\ -I. -IC:\WINCE600\platform\common\src\inc -IC:\WINCE600\platform\COMMON\src\soc\COMMON_TI_V1\COMMON_TI\inc -IC:\WINCE600\platform\COMMON\src\soc\COMMON_TI_V1\TRITON\inc -IC:\WINCE600\platform\COMMON\src\soc\COMMON_TI_V1\TPS659XX\inc -IC:\WINCE600\public\common\oak\inc -IC:\WINCE600\public\common\sdk\inc -IC:\WINCE600\public\common\ddk\inc -IC:\WINCE600\sdk\CE\inc -I.\Resource\0409 -Ox -Os -GF -Zi -FdC:\WINCE600\platform\common\lib\ARMV4I\retail\tps659xx_tled.pdb -D_CRT_SECURE_NO_DEPRECATE -D_USE_32BIT_TIME_T -DUNICODE -D_UNICODE -DUNDER_CE=600 -D_WIN32_WCE=0x600 -DWINCEOEM -DWINCEINTERNAL -DWIN32 -DSTRICT -DARM -DARMV4I -D_ARM_ -DNDEBUG=1  -Dproject_cebase -DCEDDK_USEDDKMACRO -D_WINCEOSVER=600 -DINTERNATIONAL -DINTLMSG_CODEPAGE=1252 -FAsc -Faobj\ARMV4I\retail\tled.cod -WX -QRimplicit-import- -Zi  -Zc:wchar_t- -Zc:forScope- -wd4867 -wd4430 -MT -U_MT -W4    /GR- -QRarch4T -DTHUMBSUPPORT -QRinterwork-return  /GS C:\WINCE600\PLATFORM\COMMON\SRC\SOC\COMMON_TI_V1\TPS659XX\TLED\.\tled.cpp
BUILD: [01:0000000149:INFO  ] tled.cpp
BUILD: [00:0000000150:INFO  ] Will Build C:\WINCE600\PLATFORM\COMMON\SRC\SOC\COMMON_TI_V1\TPS659XX\BCI\bci.c because target: obj\ARMV4I\retail\bci.obj is missing.
BUILD: [00:0000000151:PROGC ] Building COMPILE Pass in C:\WINCE600\PLATFORM\COMMON\SRC\SOC\COMMON_TI_V1\TPS659XX\BCI\ directory.
BUILD: [00:0000000152:PROG  ] 'NMAKE.EXE TargetCompilePass  -i -c BUILDMSG=Stop.  BUILDROOT=C:\WINCE600\PLATFORM\COMMON CLEANBUILD=1 NOLINK=1 NOPASS0=1'
BUILD: [01:0000000153:INFO  ] makefile.def: Including C:\WINCE600\public\common\oak\misc\Sources.default
BUILD: [01:0000000154:INFO  ] makefile.def: BUILDROOT is C:\WINCE600\PLATFORM\COMMON
BUILD: [01:0000000155:INFO  ] makefile.def: Including C:\WINCE600\PLATFORM\COMMON\sources.cmn
BUILD: [01:0000000156:INFO  ] makefile.def: Including C:\WINCE600\PLATFORM\COMMON\SRC\SOC\COMMON_TI_V1\TPS659XX\BCI\sources
BUILD: [01:0000000157:INFO  ] makefile.def: Including C:\WINCE600\public\common\oak\misc\Sources.CE
BUILD: [01:0000000158:INFO  ] Directory: C:\WINCE600\PLATFORM\COMMON\SRC\SOC\COMMON_TI_V1\TPS659XX\BCI
BUILD: [01:0000000159:INFO  ] TARGETNAME: tps659xx_bci
BUILD: [01:0000000160:INFO  ] makefile.def: Including C:\WINCE600\public\common\oak\misc\sources.ReleaseType_PLATFORMCOMMON
BUILD: [01:0000000161:PROGC ] Compiling .\bci.c
BUILD: [01:0000000162:INFO  ] cl -nologo   /Gy -Foobj\ARMV4I\retail\bci.obj -c -IARM\ -I. -IC:\WINCE600\platform\common\src\inc -IC:\WINCE600\platform\COMMON\src\soc\COMMON_TI_V1\COMMON_TI\inc -IC:\WINCE600\platform\COMMON\src\soc\COMMON_TI_V1\TRITON\inc -IC:\WINCE600\platform\COMMON\src\soc\COMMON_TI_V1\TPS659XX\inc -IC:\WINCE600\public\common\oak\inc -IC:\WINCE600\public\common\sdk\inc -IC:\WINCE600\public\common\ddk\inc -IC:\WINCE600\sdk\CE\inc -I.\Resource\0409 -Ox -Os -GF -Zi -FdC:\WINCE600\platform\common\lib\ARMV4I\retail\tps659xx_bci.pdb -D_CRT_SECURE_NO_DEPRECATE -D_USE_32BIT_TIME_T -DUNICODE -D_UNICODE -DUNDER_CE=600 -D_WIN32_WCE=0x600 -DWINCEOEM -DWINCEINTERNAL -DWIN32 -DSTRICT -DARM -DARMV4I -D_ARM_ -DNDEBUG=1  -Dproject_cebase -DCEDDK_USEDDKMACRO -D_WINCEOSVER=600 -DINTERNATIONAL -DINTLMSG_CODEPAGE=1252 -FAsc -Faobj\ARMV4I\retail\bci.cod -WX -QRimplicit-import- -Zi  -Zc:wchar_t- -Zc:forScope- -wd4867 -wd4430 -MT -U_MT -W4    /GR- -QRarch4T -DTHUMBSUPPORT -QRinterwork-return  /GS C:\WINCE600\PLATFORM\COMMON\SRC\SOC\COMMON_TI_V1\TPS659XX\BCI\.\bci.c
BUILD: [01:0000000163:INFO  ] bci.c
BUILD: [00:0000000164:INFO  ] Will Build C:\WINCE600\PLATFORM\COMMON\SRC\SOC\COMMON_TI_V1\TPS659XX\USBOTG\tps659xx_musb.cpp because target: obj\ARMV4I\retail\tps659xx_musb.obj is missing.
BUILD: [00:0000000165:PROGC ] Building COMPILE Pass in C:\WINCE600\PLATFORM\COMMON\SRC\SOC\COMMON_TI_V1\TPS659XX\USBOTG\ directory.
BUILD: [00:0000000166:PROG  ] 'NMAKE.EXE TargetCompilePass  -i -c BUILDMSG=Stop.  BUILDROOT=C:\WINCE600\PLATFORM\COMMON CLEANBUILD=1 NOLINK=1 NOPASS0=1'
BUILD: [01:0000000167:INFO  ] makefile.def: Including C:\WINCE600\public\common\oak\misc\Sources.default
BUILD: [01:0000000168:INFO  ] makefile.def: BUILDROOT is C:\WINCE600\PLATFORM\COMMON
BUILD: [01:0000000169:INFO  ] makefile.def: Including C:\WINCE600\PLATFORM\COMMON\sources.cmn
BUILD: [01:0000000170:INFO  ] makefile.def: Including C:\WINCE600\PLATFORM\COMMON\SRC\SOC\COMMON_TI_V1\TPS659XX\USBOTG\sources
BUILD: [01:0000000171:INFO  ] makefile.def: Including C:\WINCE600\public\common\oak\misc\Sources.CE
BUILD: [01:0000000172:INFO  ] Directory: C:\WINCE600\PLATFORM\COMMON\SRC\SOC\COMMON_TI_V1\TPS659XX\USBOTG
BUILD: [01:0000000173:INFO  ] TARGETNAME: tps659xx_usbotg
BUILD: [01:0000000174:INFO  ] makefile.def: Including C:\WINCE600\public\common\oak\misc\sources.ReleaseType_PLATFORMCOMMON
BUILD: [01:0000000175:PROGC ] Compiling .\tps659xx_musb.cpp
BUILD: [01:0000000176:INFO  ] cl -nologo    /Gy -Foobj\ARMV4I\retail\tps659xx_musb.obj -c -IARM\ -I. -IC:\WINCE600\platform\common\src\inc -IC:\WINCE600\platform\COMMON\src\soc\COMMON_TI_V1\COMMON_TI\inc -IC:\WINCE600\platform\COMMON\src\soc\COMMON_TI_V1\TRITON\inc -IC:\WINCE600\platform\COMMON\src\soc\COMMON_TI_V1\TPS659XX\inc -IC:\WINCE600\public\common\oak\inc -IC:\WINCE600\public\common\sdk\inc -IC:\WINCE600\public\common\ddk\inc -IC:\WINCE600\sdk\CE\inc -I.\Resource\0409 -Ox -Os -GF -Zi -FdC:\WINCE600\platform\common\lib\ARMV4I\retail\tps659xx_usbotg.pdb -D_CRT_SECURE_NO_DEPRECATE -D_USE_32BIT_TIME_T -DUNICODE -D_UNICODE -DUNDER_CE=600 -D_WIN32_WCE=0x600 -DWINCEOEM -DWINCEINTERNAL -DWIN32 -DSTRICT -DARM -DARMV4I -D_ARM_ -DNDEBUG=1  -Dproject_cebase -DCEDDK_USEDDKMACRO -D_WINCEOSVER=600 -DINTERNATIONAL -DINTLMSG_CODEPAGE=1252 -FAsc -Faobj\ARMV4I\retail\tps659xx_musb.cod -WX -QRimplicit-import- -Zi  -Zc:wchar_t- -Zc:forScope- -wd4867 -wd4430 -MT -U_MT -W4    /GR- -QRarch4T -DTHUMBSUPPORT -QRinterwork-return  /GS C:\WINCE600\PLATFORM\COMMON\SRC\SOC\COMMON_TI_V1\TPS659XX\USBOTG\.\tps659xx_musb.cpp
BUILD: [01:0000000177:INFO  ] tps659xx_musb.cpp
BUILD: [00:0000000178:INFO  ] Will Build C:\WINCE600\PLATFORM\COMMON\SRC\SOC\COMMON_TI_V1\TPS659XX\MISC\obj\ARMV4I\retail\misc.obj because target: C:\WINCE600\platform\common\lib\ARMV4I\retail\tps659xx_misc.lib is missing.
BUILD: [00:0000000179:INFO  ] Will Build C:\WINCE600\PLATFORM\COMMON\SRC\SOC\COMMON_TI_V1\TPS659XX\MISC\ because target: C:\WINCE600\platform\common\lib\ARMV4I\retail\tps659xx_misc.lib is missing.
BUILD: [00:0000000180:PROGC ] Building LIB Pass in C:\WINCE600\PLATFORM\COMMON\SRC\SOC\COMMON_TI_V1\TPS659XX\MISC\ directory.
BUILD: [00:0000000181:PROG  ] 'NMAKE.EXE TargetLibFiles  -i -c BUILDMSG=Stop.  BUILDROOT=C:\WINCE600\PLATFORM\COMMON CLEANBUILD=1 LINKONLY=1 NOPASS0=1'
BUILD: [01:0000000182:INFO  ] makefile.def: Including C:\WINCE600\public\common\oak\misc\Sources.default
BUILD: [01:0000000183:INFO  ] makefile.def: BUILDROOT is C:\WINCE600\PLATFORM\COMMON
BUILD: [01:0000000184:INFO  ] makefile.def: Including C:\WINCE600\PLATFORM\COMMON\sources.cmn
BUILD: [01:0000000185:INFO  ] makefile.def: Including C:\WINCE600\PLATFORM\COMMON\SRC\SOC\COMMON_TI_V1\TPS659XX\MISC\sources
BUILD: [01:0000000186:INFO  ] makefile.def: Including C:\WINCE600\public\common\oak\misc\Sources.CE
BUILD: [01:0000000187:INFO  ] Directory: C:\WINCE600\PLATFORM\COMMON\SRC\SOC\COMMON_TI_V1\TPS659XX\MISC
BUILD: [01:0000000188:INFO  ] TARGETNAME: tps659xx_misc
BUILD: [01:0000000189:INFO  ] makefile.def: Including C:\WINCE600\public\common\oak\misc\sources.ReleaseType_PLATFORMCOMMON
BUILD: [01:0000000190:PROGC ] Linking C:\WINCE600\platform\common\lib\ARMV4I\retail\tps659xx_misc.lib
BUILD: [01:0000000191:INFO  ] 	link -lib -out:C:\WINCE600\platform\common\lib\ARMV4I\retail\tps659xx_misc.lib -machine:thumb @C:\DOCUME~1\brian.hsu\LOCALS~1\Temp\nmA91.tmp
BUILD: [00:0000000192:INFO  ] Will Build C:\WINCE600\PLATFORM\COMMON\SRC\SOC\COMMON_TI_V1\TPS659XX\GPIO\OAL\obj\ARMV4I\retail\tps659xx_gpio.obj because target: C:\WINCE600\platform\common\lib\ARMV4I\retail\tps659xx_oal_gpio.lib is missing.
BUILD: [00:0000000193:INFO  ] Will Build C:\WINCE600\PLATFORM\COMMON\SRC\SOC\COMMON_TI_V1\TPS659XX\GPIO\OAL\ because target: C:\WINCE600\platform\common\lib\ARMV4I\retail\tps659xx_oal_gpio.lib is missing.
BUILD: [00:0000000194:PROGC ] Building LIB Pass in C:\WINCE600\PLATFORM\COMMON\SRC\SOC\COMMON_TI_V1\TPS659XX\GPIO\OAL\ directory.
BUILD: [00:0000000195:PROG  ] 'NMAKE.EXE TargetLibFiles  -i -c BUILDMSG=Stop.  BUILDROOT=C:\WINCE600\PLATFORM\COMMON CLEANBUILD=1 LINKONLY=1 NOPASS0=1'
BUILD: [01:0000000196:INFO  ] makefile.def: Including C:\WINCE600\public\common\oak\misc\Sources.default
BUILD: [01:0000000197:INFO  ] makefile.def: BUILDROOT is C:\WINCE600\PLATFORM\COMMON
BUILD: [01:0000000198:INFO  ] makefile.def: Including C:\WINCE600\PLATFORM\COMMON\sources.cmn
BUILD: [01:0000000199:INFO  ] makefile.def: Including C:\WINCE600\PLATFORM\COMMON\SRC\SOC\COMMON_TI_V1\TPS659XX\GPIO\OAL\sources
BUILD: [01:0000000200:INFO  ] makefile.def: Including C:\WINCE600\public\common\oak\misc\Sources.CE
BUILD: [01:0000000201:INFO  ] Directory: C:\WINCE600\PLATFORM\COMMON\SRC\SOC\COMMON_TI_V1\TPS659XX\GPIO\OAL
BUILD: [01:0000000202:INFO  ] TARGETNAME: tps659xx_oal_gpio
BUILD: [01:0000000203:INFO  ] makefile.def: Including C:\WINCE600\public\common\oak\misc\sources.ReleaseType_PLATFORMCOMMON
BUILD: [01:0000000204:PROGC ] Linking C:\WINCE600\platform\common\lib\ARMV4I\retail\tps659xx_oal_gpio.lib
BUILD: [01:0000000205:INFO  ] 	link -lib -out:C:\WINCE600\platform\common\lib\ARMV4I\retail\tps659xx_oal_gpio.lib -machine:thumb @C:\DOCUME~1\brian.hsu\LOCALS~1\Temp\nmA92.tmp
BUILD: [00:0000000206:INFO  ] Will Build C:\WINCE600\PLATFORM\COMMON\SRC\SOC\COMMON_TI_V1\TPS659XX\GPIO\DEVICE\obj\ARMV4I\retail\tps659xx_gpio.obj because target: C:\WINCE600\platform\common\lib\ARMV4I\retail\tps659xx_device_gpio.lib is missing.
BUILD: [00:0000000207:INFO  ] Will Build C:\WINCE600\PLATFORM\COMMON\SRC\SOC\COMMON_TI_V1\TPS659XX\GPIO\DEVICE\ because target: C:\WINCE600\platform\common\lib\ARMV4I\retail\tps659xx_device_gpio.lib is missing.
BUILD: [00:0000000208:PROGC ] Building LIB Pass in C:\WINCE600\PLATFORM\COMMON\SRC\SOC\COMMON_TI_V1\TPS659XX\GPIO\DEVICE\ directory.
BUILD: [00:0000000209:PROG  ] 'NMAKE.EXE TargetLibFiles  -i -c BUILDMSG=Stop.  BUILDROOT=C:\WINCE600\PLATFORM\COMMON CLEANBUILD=1 LINKONLY=1 NOPASS0=1'
BUILD: [01:0000000210:INFO  ] makefile.def: Including C:\WINCE600\public\common\oak\misc\Sources.default
BUILD: [01:0000000211:INFO  ] makefile.def: BUILDROOT is C:\WINCE600\PLATFORM\COMMON
BUILD: [01:0000000212:INFO  ] makefile.def: Including C:\WINCE600\PLATFORM\COMMON\sources.cmn
BUILD: [01:0000000213:INFO  ] makefile.def: Including C:\WINCE600\PLATFORM\COMMON\SRC\SOC\COMMON_TI_V1\TPS659XX\GPIO\DEVICE\sources
BUILD: [01:0000000214:INFO  ] makefile.def: Including C:\WINCE600\public\common\oak\misc\Sources.CE
BUILD: [01:0000000215:INFO  ] Directory: C:\WINCE600\PLATFORM\COMMON\SRC\SOC\COMMON_TI_V1\TPS659XX\GPIO\DEVICE
BUILD: [01:0000000216:INFO  ] TARGETNAME: tps659xx_device_gpio
BUILD: [01:0000000217:INFO  ] makefile.def: Including C:\WINCE600\public\common\oak\misc\sources.ReleaseType_PLATFORMCOMMON
BUILD: [01:0000000218:PROGC ] Linking C:\WINCE600\platform\common\lib\ARMV4I\retail\tps659xx_device_gpio.lib
BUILD: [01:0000000219:INFO  ] 	link -lib -out:C:\WINCE600\platform\common\lib\ARMV4I\retail\tps659xx_device_gpio.lib -machine:thumb @C:\DOCUME~1\brian.hsu\LOCALS~1\Temp\nmA93.tmp
BUILD: [00:0000000220:INFO  ] Will Build C:\WINCE600\PLATFORM\COMMON\SRC\SOC\COMMON_TI_V1\TPS659XX\OALRTC\obj\ARMV4I\retail\rtc.obj because target: C:\WINCE600\platform\common\lib\ARMV4I\retail\tps659xx_oal_rtc.lib is missing.
BUILD: [00:0000000221:INFO  ] Will Build C:\WINCE600\PLATFORM\COMMON\SRC\SOC\COMMON_TI_V1\TPS659XX\OALRTC\ because target: C:\WINCE600\platform\common\lib\ARMV4I\retail\tps659xx_oal_rtc.lib is missing.
BUILD: [00:0000000222:PROGC ] Building LIB Pass in C:\WINCE600\PLATFORM\COMMON\SRC\SOC\COMMON_TI_V1\TPS659XX\OALRTC\ directory.
BUILD: [00:0000000223:PROG  ] 'NMAKE.EXE TargetLibFiles  -i -c BUILDMSG=Stop.  BUILDROOT=C:\WINCE600\PLATFORM\COMMON CLEANBUILD=1 LINKONLY=1 NOPASS0=1'
BUILD: [01:0000000224:INFO  ] makefile.def: Including C:\WINCE600\public\common\oak\misc\Sources.default
BUILD: [01:0000000225:INFO  ] makefile.def: BUILDROOT is C:\WINCE600\PLATFORM\COMMON
BUILD: [01:0000000226:INFO  ] makefile.def: Including C:\WINCE600\PLATFORM\COMMON\sources.cmn
BUILD: [01:0000000227:INFO  ] makefile.def: Including C:\WINCE600\PLATFORM\COMMON\SRC\SOC\COMMON_TI_V1\TPS659XX\OALRTC\sources
BUILD: [01:0000000228:INFO  ] makefile.def: Including C:\WINCE600\public\common\oak\misc\Sources.CE
BUILD: [01:0000000229:INFO  ] Directory: C:\WINCE600\PLATFORM\COMMON\SRC\SOC\COMMON_TI_V1\TPS659XX\OALRTC
BUILD: [01:0000000230:INFO  ] TARGETNAME: tps659xx_oal_rtc
BUILD: [01:0000000231:INFO  ] makefile.def: Including C:\WINCE600\public\common\oak\misc\sources.ReleaseType_PLATFORMCOMMON
BUILD: [01:0000000232:PROGC ] Linking C:\WINCE600\platform\common\lib\ARMV4I\retail\tps659xx_oal_rtc.lib
BUILD: [01:0000000233:INFO  ] 	link -lib -out:C:\WINCE600\platform\common\lib\ARMV4I\retail\tps659xx_oal_rtc.lib -machine:thumb @C:\DOCUME~1\brian.hsu\LOCALS~1\Temp\nmA94.tmp
BUILD: [00:0000000234:INFO  ] Will Build C:\WINCE600\PLATFORM\COMMON\SRC\SOC\COMMON_TI_V1\TPS659XX\DRIVER\obj\ARMV4I\retail\tps659xx.obj because target: C:\WINCE600\platform\common\lib\ARMV4I\retail\tps659xx_lib.lib is missing.
BUILD: [00:0000000235:INFO  ] Will Build C:\WINCE600\PLATFORM\COMMON\SRC\SOC\COMMON_TI_V1\TPS659XX\DRIVER\ because target: C:\WINCE600\platform\common\lib\ARMV4I\retail\tps659xx_lib.lib is missing.
BUILD: [00:0000000236:PROGC ] Building LIB Pass in C:\WINCE600\PLATFORM\COMMON\SRC\SOC\COMMON_TI_V1\TPS659XX\DRIVER\ directory.
BUILD: [00:0000000237:PROG  ] 'NMAKE.EXE TargetLibFiles  -i -c BUILDMSG=Stop.  BUILDROOT=C:\WINCE600\PLATFORM\COMMON CLEANBUILD=1 LINKONLY=1 NOPASS0=1'
BUILD: [01:0000000238:INFO  ] makefile.def: Including C:\WINCE600\public\common\oak\misc\Sources.default
BUILD: [01:0000000239:INFO  ] makefile.def: BUILDROOT is C:\WINCE600\PLATFORM\COMMON
BUILD: [01:0000000240:INFO  ] makefile.def: Including C:\WINCE600\PLATFORM\COMMON\sources.cmn
BUILD: [01:0000000241:INFO  ] makefile.def: Including C:\WINCE600\PLATFORM\COMMON\SRC\SOC\COMMON_TI_V1\TPS659XX\DRIVER\sources
BUILD: [01:0000000242:INFO  ] makefile.def: Including C:\WINCE600\public\common\oak\misc\Sources.CE
BUILD: [01:0000000243:INFO  ] Directory: C:\WINCE600\PLATFORM\COMMON\SRC\SOC\COMMON_TI_V1\TPS659XX\DRIVER
BUILD: [01:0000000244:INFO  ] TARGETNAME: tps659xx_lib
BUILD: [01:0000000245:INFO  ] makefile.def: Including C:\WINCE600\public\common\oak\misc\sources.ReleaseType_PLATFORMCOMMON
BUILD: [01:0000000246:PROGC ] Linking C:\WINCE600\platform\common\lib\ARMV4I\retail\tps659xx_lib.lib
BUILD: [01:0000000247:INFO  ] 	link -lib -out:C:\WINCE600\platform\common\lib\ARMV4I\retail\tps659xx_lib.lib -machine:thumb @C:\DOCUME~1\brian.hsu\LOCALS~1\Temp\nmA95.tmp
BUILD: [00:0000000248:INFO  ] Will Build C:\WINCE600\PLATFORM\COMMON\SRC\SOC\COMMON_TI_V1\TPS659XX\MADC\obj\ARMV4I\retail\madc.obj because target: C:\WINCE600\platform\common\lib\ARMV4I\retail\tps659xx_madc.lib is missing.
BUILD: [00:0000000249:INFO  ] Will Build C:\WINCE600\PLATFORM\COMMON\SRC\SOC\COMMON_TI_V1\TPS659XX\MADC\ because target: C:\WINCE600\platform\common\lib\ARMV4I\retail\tps659xx_madc.lib is missing.
BUILD: [00:0000000250:PROGC ] Building LIB Pass in C:\WINCE600\PLATFORM\COMMON\SRC\SOC\COMMON_TI_V1\TPS659XX\MADC\ directory.
BUILD: [00:0000000251:PROG  ] 'NMAKE.EXE TargetLibFiles  -i -c BUILDMSG=Stop.  BUILDROOT=C:\WINCE600\PLATFORM\COMMON CLEANBUILD=1 LINKONLY=1 NOPASS0=1'
BUILD: [01:0000000252:INFO  ] makefile.def: Including C:\WINCE600\public\common\oak\misc\Sources.default
BUILD: [01:0000000253:INFO  ] makefile.def: BUILDROOT is C:\WINCE600\PLATFORM\COMMON
BUILD: [01:0000000254:INFO  ] makefile.def: Including C:\WINCE600\PLATFORM\COMMON\sources.cmn
BUILD: [01:0000000255:INFO  ] makefile.def: Including C:\WINCE600\PLATFORM\COMMON\SRC\SOC\COMMON_TI_V1\TPS659XX\MADC\sources
BUILD: [01:0000000256:INFO  ] makefile.def: Including C:\WINCE600\public\common\oak\misc\Sources.CE
BUILD: [01:0000000257:INFO  ] Directory: C:\WINCE600\PLATFORM\COMMON\SRC\SOC\COMMON_TI_V1\TPS659XX\MADC
BUILD: [01:0000000258:INFO  ] TARGETNAME: tps659xx_madc
BUILD: [01:0000000259:INFO  ] makefile.def: Including C:\WINCE600\public\common\oak\misc\sources.ReleaseType_PLATFORMCOMMON
BUILD: [01:0000000260:PROGC ] Linking C:\WINCE600\platform\common\lib\ARMV4I\retail\tps659xx_madc.lib
BUILD: [01:0000000261:INFO  ] 	link -lib -out:C:\WINCE600\platform\common\lib\ARMV4I\retail\tps659xx_madc.lib -machine:thumb @C:\DOCUME~1\brian.hsu\LOCALS~1\Temp\nmA96.tmp
BUILD: [00:0000000262:INFO  ] Will Build C:\WINCE600\PLATFORM\COMMON\SRC\SOC\COMMON_TI_V1\TPS659XX\WAVE\obj\ARMV4I\retail\debug.obj because target: C:\WINCE600\platform\common\lib\ARMV4I\retail\tps659xx_wave.lib is missing.
BUILD: [00:0000000263:INFO  ] Will Build C:\WINCE600\PLATFORM\COMMON\SRC\SOC\COMMON_TI_V1\TPS659XX\WAVE\obj\ARMV4I\retail\tps659xx_audio.obj because target: C:\WINCE600\platform\common\lib\ARMV4I\retail\tps659xx_wave.lib is missing.
BUILD: [00:0000000264:INFO  ] Will Build C:\WINCE600\PLATFORM\COMMON\SRC\SOC\COMMON_TI_V1\TPS659XX\WAVE\ because target: C:\WINCE600\platform\common\lib\ARMV4I\retail\tps659xx_wave.lib is missing.
BUILD: [00:0000000265:PROGC ] Building LIB Pass in C:\WINCE600\PLATFORM\COMMON\SRC\SOC\COMMON_TI_V1\TPS659XX\WAVE\ directory.
BUILD: [00:0000000266:PROG  ] 'NMAKE.EXE TargetLibFiles  -i -c BUILDMSG=Stop.  BUILDROOT=C:\WINCE600\PLATFORM\COMMON CLEANBUILD=1 LINKONLY=1 NOPASS0=1'
BUILD: [01:0000000267:INFO  ] makefile.def: Including C:\WINCE600\public\common\oak\misc\Sources.default
BUILD: [01:0000000268:INFO  ] makefile.def: BUILDROOT is C:\WINCE600\PLATFORM\COMMON
BUILD: [01:0000000269:INFO  ] makefile.def: Including C:\WINCE600\PLATFORM\COMMON\sources.cmn
BUILD: [01:0000000270:INFO  ] makefile.def: Including C:\WINCE600\PLATFORM\COMMON\SRC\SOC\COMMON_TI_V1\TPS659XX\WAVE\sources
BUILD: [01:0000000271:INFO  ] makefile.def: Including C:\WINCE600\public\common\oak\misc\Sources.CE
BUILD: [01:0000000272:INFO  ] Directory: C:\WINCE600\PLATFORM\COMMON\SRC\SOC\COMMON_TI_V1\TPS659XX\WAVE
BUILD: [01:0000000273:INFO  ] TARGETNAME: tps659xx_wave
BUILD: [01:0000000274:INFO  ] makefile.def: Including C:\WINCE600\public\common\oak\misc\sources.ReleaseType_PLATFORMCOMMON
BUILD: [01:0000000275:PROGC ] Linking C:\WINCE600\platform\common\lib\ARMV4I\retail\tps659xx_wave.lib
BUILD: [01:0000000276:INFO  ] 	link -lib -out:C:\WINCE600\platform\common\lib\ARMV4I\retail\tps659xx_wave.lib -machine:thumb @C:\DOCUME~1\brian.hsu\LOCALS~1\Temp\nmA97.tmp
BUILD: [00:0000000277:INFO  ] Will Build C:\WINCE600\PLATFORM\COMMON\SRC\SOC\COMMON_TI_V1\TPS659XX\KEYPAD\obj\ARMV4I\retail\keypad.obj because target: C:\WINCE600\platform\common\lib\ARMV4I\retail\tps659xx_keypad.lib is missing.
BUILD: [00:0000000278:INFO  ] Will Build C:\WINCE600\PLATFORM\COMMON\SRC\SOC\COMMON_TI_V1\TPS659XX\KEYPAD\ because target: C:\WINCE600\platform\common\lib\ARMV4I\retail\tps659xx_keypad.lib is missing.
BUILD: [00:0000000279:PROGC ] Building LIB Pass in C:\WINCE600\PLATFORM\COMMON\SRC\SOC\COMMON_TI_V1\TPS659XX\KEYPAD\ directory.
BUILD: [00:0000000280:PROG  ] 'NMAKE.EXE TargetLibFiles  -i -c BUILDMSG=Stop.  BUILDROOT=C:\WINCE600\PLATFORM\COMMON CLEANBUILD=1 LINKONLY=1 NOPASS0=1'
BUILD: [01:0000000281:INFO  ] makefile.def: Including C:\WINCE600\public\common\oak\misc\Sources.default
BUILD: [01:0000000282:INFO  ] makefile.def: BUILDROOT is C:\WINCE600\PLATFORM\COMMON
BUILD: [01:0000000283:INFO  ] makefile.def: Including C:\WINCE600\PLATFORM\COMMON\sources.cmn
BUILD: [01:0000000284:INFO  ] makefile.def: Including C:\WINCE600\PLATFORM\COMMON\SRC\SOC\COMMON_TI_V1\TPS659XX\KEYPAD\sources
BUILD: [01:0000000285:INFO  ] makefile.def: Including C:\WINCE600\public\common\oak\misc\Sources.CE
BUILD: [01:0000000286:INFO  ] Directory: C:\WINCE600\PLATFORM\COMMON\SRC\SOC\COMMON_TI_V1\TPS659XX\KEYPAD
BUILD: [01:0000000287:INFO  ] TARGETNAME: tps659xx_keypad
BUILD: [01:0000000288:INFO  ] makefile.def: Including C:\WINCE600\public\common\oak\misc\sources.ReleaseType_PLATFORMCOMMON
BUILD: [01:0000000289:PROGC ] Linking C:\WINCE600\platform\common\lib\ARMV4I\retail\tps659xx_keypad.lib
BUILD: [01:0000000290:INFO  ] 	link -lib -out:C:\WINCE600\platform\common\lib\ARMV4I\retail\tps659xx_keypad.lib -machine:thumb @C:\DOCUME~1\brian.hsu\LOCALS~1\Temp\nmA98.tmp
BUILD: [00:0000000291:INFO  ] Will Build C:\WINCE600\PLATFORM\COMMON\SRC\SOC\COMMON_TI_V1\TPS659XX\TLED\obj\ARMV4I\retail\tled.obj because target: C:\WINCE600\platform\common\lib\ARMV4I\retail\tps659xx_tled.lib is missing.
BUILD: [00:0000000292:INFO  ] Will Build C:\WINCE600\PLATFORM\COMMON\SRC\SOC\COMMON_TI_V1\TPS659XX\TLED\ because target: C:\WINCE600\platform\common\lib\ARMV4I\retail\tps659xx_tled.lib is missing.
BUILD: [00:0000000293:PROGC ] Building LIB Pass in C:\WINCE600\PLATFORM\COMMON\SRC\SOC\COMMON_TI_V1\TPS659XX\TLED\ directory.
BUILD: [00:0000000294:PROG  ] 'NMAKE.EXE TargetLibFiles  -i -c BUILDMSG=Stop.  BUILDROOT=C:\WINCE600\PLATFORM\COMMON CLEANBUILD=1 LINKONLY=1 NOPASS0=1'
BUILD: [01:0000000295:INFO  ] makefile.def: Including C:\WINCE600\public\common\oak\misc\Sources.default
BUILD: [01:0000000296:INFO  ] makefile.def: BUILDROOT is C:\WINCE600\PLATFORM\COMMON
BUILD: [01:0000000297:INFO  ] makefile.def: Including C:\WINCE600\PLATFORM\COMMON\sources.cmn
BUILD: [01:0000000298:INFO  ] makefile.def: Including C:\WINCE600\PLATFORM\COMMON\SRC\SOC\COMMON_TI_V1\TPS659XX\TLED\sources
BUILD: [01:0000000299:INFO  ] makefile.def: Including C:\WINCE600\public\common\oak\misc\Sources.CE
BUILD: [01:0000000300:INFO  ] Directory: C:\WINCE600\PLATFORM\COMMON\SRC\SOC\COMMON_TI_V1\TPS659XX\TLED
BUILD: [01:0000000301:INFO  ] TARGETNAME: tps659xx_tled
BUILD: [01:0000000302:INFO  ] makefile.def: Including C:\WINCE600\public\common\oak\misc\sources.ReleaseType_PLATFORMCOMMON
BUILD: [01:0000000303:PROGC ] Linking C:\WINCE600\platform\common\lib\ARMV4I\retail\tps659xx_tled.lib
BUILD: [01:0000000304:INFO  ] 	link -lib -out:C:\WINCE600\platform\common\lib\ARMV4I\retail\tps659xx_tled.lib -machine:thumb @C:\DOCUME~1\brian.hsu\LOCALS~1\Temp\nmA99.tmp
BUILD: [00:0000000305:INFO  ] Will Build C:\WINCE600\PLATFORM\COMMON\SRC\SOC\COMMON_TI_V1\TPS659XX\BCI\obj\ARMV4I\retail\bci.obj because target: C:\WINCE600\platform\common\lib\ARMV4I\retail\tps659xx_bci.lib is missing.
BUILD: [00:0000000306:INFO  ] Will Build C:\WINCE600\PLATFORM\COMMON\SRC\SOC\COMMON_TI_V1\TPS659XX\BCI\ because target: C:\WINCE600\platform\common\lib\ARMV4I\retail\tps659xx_bci.lib is missing.
BUILD: [00:0000000307:PROGC ] Building LIB Pass in C:\WINCE600\PLATFORM\COMMON\SRC\SOC\COMMON_TI_V1\TPS659XX\BCI\ directory.
BUILD: [00:0000000308:PROG  ] 'NMAKE.EXE TargetLibFiles  -i -c BUILDMSG=Stop.  BUILDROOT=C:\WINCE600\PLATFORM\COMMON CLEANBUILD=1 LINKONLY=1 NOPASS0=1'
BUILD: [01:0000000309:INFO  ] makefile.def: Including C:\WINCE600\public\common\oak\misc\Sources.default
BUILD: [01:0000000310:INFO  ] makefile.def: BUILDROOT is C:\WINCE600\PLATFORM\COMMON
BUILD: [01:0000000311:INFO  ] makefile.def: Including C:\WINCE600\PLATFORM\COMMON\sources.cmn
BUILD: [01:0000000312:INFO  ] makefile.def: Including C:\WINCE600\PLATFORM\COMMON\SRC\SOC\COMMON_TI_V1\TPS659XX\BCI\sources
BUILD: [01:0000000313:INFO  ] makefile.def: Including C:\WINCE600\public\common\oak\misc\Sources.CE
BUILD: [01:0000000314:INFO  ] Directory: C:\WINCE600\PLATFORM\COMMON\SRC\SOC\COMMON_TI_V1\TPS659XX\BCI
BUILD: [01:0000000315:INFO  ] TARGETNAME: tps659xx_bci
BUILD: [01:0000000316:INFO  ] makefile.def: Including C:\WINCE600\public\common\oak\misc\sources.ReleaseType_PLATFORMCOMMON
BUILD: [01:0000000317:PROGC ] Linking C:\WINCE600\platform\common\lib\ARMV4I\retail\tps659xx_bci.lib
BUILD: [01:0000000318:INFO  ] 	link -lib -out:C:\WINCE600\platform\common\lib\ARMV4I\retail\tps659xx_bci.lib -machine:thumb @C:\DOCUME~1\brian.hsu\LOCALS~1\Temp\nmA9A.tmp
BUILD: [00:0000000319:INFO  ] Will Build C:\WINCE600\PLATFORM\COMMON\SRC\SOC\COMMON_TI_V1\TPS659XX\USBOTG\obj\ARMV4I\retail\tps659xx_musb.obj because target: C:\WINCE600\platform\common\lib\ARMV4I\retail\tps659xx_usbotg.lib is missing.
BUILD: [00:0000000320:INFO  ] Will Build C:\WINCE600\PLATFORM\COMMON\SRC\SOC\COMMON_TI_V1\TPS659XX\USBOTG\ because target: C:\WINCE600\platform\common\lib\ARMV4I\retail\tps659xx_usbotg.lib is missing.
BUILD: [00:0000000321:PROGC ] Building LIB Pass in C:\WINCE600\PLATFORM\COMMON\SRC\SOC\COMMON_TI_V1\TPS659XX\USBOTG\ directory.
BUILD: [00:0000000322:PROG  ] 'NMAKE.EXE TargetLibFiles  -i -c BUILDMSG=Stop.  BUILDROOT=C:\WINCE600\PLATFORM\COMMON CLEANBUILD=1 LINKONLY=1 NOPASS0=1'
BUILD: [01:0000000323:INFO  ] makefile.def: Including C:\WINCE600\public\common\oak\misc\Sources.default
BUILD: [01:0000000324:INFO  ] makefile.def: BUILDROOT is C:\WINCE600\PLATFORM\COMMON
BUILD: [01:0000000325:INFO  ] makefile.def: Including C:\WINCE600\PLATFORM\COMMON\sources.cmn
BUILD: [01:0000000326:INFO  ] makefile.def: Including C:\WINCE600\PLATFORM\COMMON\SRC\SOC\COMMON_TI_V1\TPS659XX\USBOTG\sources
BUILD: [01:0000000327:INFO  ] makefile.def: Including C:\WINCE600\public\common\oak\misc\Sources.CE
BUILD: [01:0000000328:INFO  ] Directory: C:\WINCE600\PLATFORM\COMMON\SRC\SOC\COMMON_TI_V1\TPS659XX\USBOTG
BUILD: [01:0000000329:INFO  ] TARGETNAME: tps659xx_usbotg
BUILD: [01:0000000330:INFO  ] makefile.def: Including C:\WINCE600\public\common\oak\misc\sources.ReleaseType_PLATFORMCOMMON
BUILD: [01:0000000331:PROGC ] Linking C:\WINCE600\platform\common\lib\ARMV4I\retail\tps659xx_usbotg.lib
BUILD: [01:0000000332:INFO  ] 	link -lib -out:C:\WINCE600\platform\common\lib\ARMV4I\retail\tps659xx_usbotg.lib -machine:thumb @C:\DOCUME~1\brian.hsu\LOCALS~1\Temp\nmA9B.tmp
BUILD: [00:0000000333:PROGC ] Saving C:\WINCE600\PLATFORM\COMMON\Build.dat.
BUILD: [00:0000000334:INFO  ] Done.
BUILD: [00:0000000335:PROGC ] Done.
BUILD: [00:0000000336:PROGC ]                        Files  Warnings  Errors
BUILD: [00:0000000337:PROGC ] Midl                       0         0       0
BUILD: [00:0000000338:PROGC ] Message                    0         0       0
BUILD: [00:0000000339:PROGC ] Precomp Header             0         0       0
BUILD: [00:0000000340:PROGC ] Resource                   0         0       0
BUILD: [00:0000000341:PROGC ] MASM                       0         0       0
BUILD: [00:0000000342:PROGC ] SHASM                      0         0       0
BUILD: [00:0000000343:PROGC ] ARMASM                     0         0       0
BUILD: [00:0000000344:PROGC ] MIPSASM                    0         0       0
BUILD: [00:0000000345:PROGC ] C++                        8         0       0
BUILD: [00:0000000346:PROGC ] C                          4         0       0
BUILD: [00:0000000347:PROGC ] Static Libraries          11         0       0
BUILD: [00:0000000348:PROGC ] Exe's                      0         0       0
BUILD: [00:0000000349:PROGC ] Dll's                      0         0       0
BUILD: [00:0000000350:PROGC ] Preprocess deffile         0         0       0
BUILD: [00:0000000351:PROGC ] Resx                       0         0       0
BUILD: [00:0000000352:PROGC ] CSharp Compile             0         0       0
BUILD: [00:0000000353:PROGC ] Other                      0         0       0
BUILD: [00:0000000354:PROGC ] 
BUILD: [00:0000000355:PROGC ] Total                     23         0       0
BUILD: [00:0000000356:PROGC ] 
BUILD: [00:0000000357:PROGC ] 0 Warnings,  0 Errors
BUILD: [00:0000000358:PROGC ] GetSystemTimes (seconds): Idle: 33    Kernel: 39    User: 6    
BUILD: [00:0000000359:PROGC ] Elapsed  time  (seconds): 11   
