BUILD: [Thrd:Sequence:Type  ] Message
BUILD: [00:0000000000:PROGC ] Build started with parameters: -c
BUILD: [00:0000000001:PROGC ] Build started in directory: C:\WINCE600\PLATFORM\COMMON\SRC\SOC\COMMON_TI_V1\TRITON
BUILD: [00:0000000002:PROGC ] Checking for C:\WINCE600\sdk\bin\i386\srccheck.exe.
BUILD: [00:0000000003:PROGC ] Running passes WCEFILES0, MIDL, MC, ASN, THUNK, PRECOMPHEADER, COMPILE, LIB, LINK, MANAGEDRESX, MANAGEDMOD, MANAGEDDLL, MANAGEDEXE, MANAGEDWIN for ARM.
BUILD: [00:0000000004:PROGC ] Ignoring build database (-c specified).
BUILD: [00:0000000005:PROGC ] Computing include file dependencies:
BUILD: [00:0000000006:PROGC ] Checking for SDK include directory: C:\WINCE600\sdk\CE\inc.
BUILD: [00:0000000007:PROGC ] Scan C:\WINCE600\PLATFORM\COMMON\SRC\SOC\COMMON_TI_V1\TRITON\TWL\OAL\
BUILD: [00:0000000008:PROGC ] Scan C:\WINCE600\PLATFORM\COMMON\SRC\SOC\COMMON_TI_V1\TRITON\TWL\DEVICE\
BUILD: [00:0000000009:PROGC ] Saving C:\WINCE600\PLATFORM\COMMON\Build.dat.
BUILD: [00:0000000010:INFO  ] Done.
BUILD: [00:0000000011:INFO  ] Will Build C:\WINCE600\PLATFORM\COMMON\SRC\SOC\COMMON_TI_V1\TRITON\TWL\OAL\twl_access.c because target: obj\ARMV4I\retail\twl_access.obj is missing.
BUILD: [00:0000000012:PROGC ] Building COMPILE Pass in C:\WINCE600\PLATFORM\COMMON\SRC\SOC\COMMON_TI_V1\TRITON\TWL\OAL\ directory.
BUILD: [00:0000000013:PROG  ] 'NMAKE.EXE TargetCompilePass  -i -c BUILDMSG=Stop.  BUILDROOT=C:\WINCE600\PLATFORM\COMMON CLEANBUILD=1 NOLINK=1 NOPASS0=1'
BUILD: [01:0000000014:INFO  ] makefile.def: Including C:\WINCE600\public\common\oak\misc\Sources.default
BUILD: [01:0000000015:INFO  ] makefile.def: BUILDROOT is C:\WINCE600\PLATFORM\COMMON
BUILD: [01:0000000016:INFO  ] makefile.def: Including C:\WINCE600\PLATFORM\COMMON\sources.cmn
BUILD: [01:0000000017:INFO  ] makefile.def: Including C:\WINCE600\PLATFORM\COMMON\SRC\SOC\COMMON_TI_V1\TRITON\TWL\OAL\sources
BUILD: [01:0000000018:INFO  ] makefile.def: Including C:\WINCE600\public\common\oak\misc\Sources.CE
BUILD: [01:0000000019:INFO  ] Directory: C:\WINCE600\PLATFORM\COMMON\SRC\SOC\COMMON_TI_V1\TRITON\TWL\OAL
BUILD: [01:0000000020:INFO  ] TARGETNAME: triton_oal
BUILD: [01:0000000021:INFO  ] makefile.def: Including C:\WINCE600\public\common\oak\misc\sources.ReleaseType_PLATFORMCOMMON
BUILD: [01:0000000022:PROGC ] Compiling .\twl_access.c
BUILD: [01:0000000023:INFO  ] cl -nologo   /Gy -Foobj\ARMV4I\retail\twl_access.obj -c -IARM\ -I. -IC:\WINCE600\platform\common\src\inc -IC:\WINCE600\platform\COMMON\src\soc\COMMON_TI_V1\COMMON_TI\inc -IC:\WINCE600\platform\COMMON\src\soc\COMMON_TI_V1\TRITON\inc -IC:\WINCE600\public\common\oak\inc -IC:\WINCE600\public\common\sdk\inc -IC:\WINCE600\public\common\ddk\inc -IC:\WINCE600\sdk\CE\inc -I.\Resource\0409 -Ox -Os -GF -Zi -FdC:\WINCE600\platform\common\lib\ARMV4I\retail\triton_oal.pdb -D_CRT_SECURE_NO_DEPRECATE -D_USE_32BIT_TIME_T -DUNICODE -D_UNICODE -DUNDER_CE=600 -D_WIN32_WCE=0x600 -DWINCEOEM -DWINCEINTERNAL -DWIN32 -DSTRICT -DARM -DARMV4I -D_ARM_ -DNDEBUG=1  -Dproject_cebase -DCEDDK_USEDDKMACRO -D_WINCEOSVER=600 -DOAL -DTWL_DEBUG_ZONES -DINTERNATIONAL -DINTLMSG_CODEPAGE=1252 -FAsc -Faobj\ARMV4I\retail\twl_access.cod -WX -QRimplicit-import- -Zi  -Zc:wchar_t- -Zc:forScope- -wd4867 -wd4430 -MT -U_MT -W4    /GR- -QRarch4T -DTHUMBSUPPORT -QRinterwork-return  /GS C:\WINCE600\PLATFORM\COMMON\SRC\SOC\COMMON_TI_V1\TRITON\TWL\OAL\.\twl_access.c
BUILD: [01:0000000024:INFO  ] twl_access.c
BUILD: [00:0000000025:INFO  ] Will Build C:\WINCE600\PLATFORM\COMMON\SRC\SOC\COMMON_TI_V1\TRITON\TWL\DEVICE\twl_access.c because target: obj\ARMV4I\retail\twl_access.obj is missing.
BUILD: [00:0000000026:PROGC ] Building COMPILE Pass in C:\WINCE600\PLATFORM\COMMON\SRC\SOC\COMMON_TI_V1\TRITON\TWL\DEVICE\ directory.
BUILD: [00:0000000027:PROG  ] 'NMAKE.EXE TargetCompilePass  -i -c BUILDMSG=Stop.  BUILDROOT=C:\WINCE600\PLATFORM\COMMON CLEANBUILD=1 NOLINK=1 NOPASS0=1'
BUILD: [01:0000000028:INFO  ] makefile.def: Including C:\WINCE600\public\common\oak\misc\Sources.default
BUILD: [01:0000000029:INFO  ] makefile.def: BUILDROOT is C:\WINCE600\PLATFORM\COMMON
BUILD: [01:0000000030:INFO  ] makefile.def: Including C:\WINCE600\PLATFORM\COMMON\sources.cmn
BUILD: [01:0000000031:INFO  ] makefile.def: Including C:\WINCE600\PLATFORM\COMMON\SRC\SOC\COMMON_TI_V1\TRITON\TWL\DEVICE\sources
BUILD: [01:0000000032:INFO  ] makefile.def: Including C:\WINCE600\public\common\oak\misc\Sources.CE
BUILD: [01:0000000033:INFO  ] Directory: C:\WINCE600\PLATFORM\COMMON\SRC\SOC\COMMON_TI_V1\TRITON\TWL\DEVICE
BUILD: [01:0000000034:INFO  ] TARGETNAME: triton_device
BUILD: [01:0000000035:INFO  ] makefile.def: Including C:\WINCE600\public\common\oak\misc\sources.ReleaseType_PLATFORMCOMMON
BUILD: [01:0000000036:PROGC ] Compiling .\twl_access.c
BUILD: [01:0000000037:INFO  ] cl -nologo   /Gy -Foobj\ARMV4I\retail\twl_access.obj -c -IARM\ -I. -IC:\WINCE600\platform\common\src\inc -IC:\WINCE600\platform\COMMON\src\soc\COMMON_TI_V1\COMMON_TI\inc -IC:\WINCE600\platform\COMMON\src\soc\COMMON_TI_V1\TRITON\inc -IC:\WINCE600\public\common\oak\inc -IC:\WINCE600\public\common\sdk\inc -IC:\WINCE600\public\common\ddk\inc -IC:\WINCE600\sdk\CE\inc -I.\Resource\0409 -Ox -Os -GF -Zi -FdC:\WINCE600\platform\common\lib\ARMV4I\retail\triton_device.pdb -D_CRT_SECURE_NO_DEPRECATE -D_USE_32BIT_TIME_T -DUNICODE -D_UNICODE -DUNDER_CE=600 -D_WIN32_WCE=0x600 -DWINCEOEM -DWINCEINTERNAL -DWIN32 -DSTRICT -DARM -DARMV4I -D_ARM_ -DNDEBUG=1  -Dproject_cebase -DCEDDK_USEDDKMACRO -D_WINCEOSVER=600 -DOAL -DTWL_DEBUG_ZONES -DINTERNATIONAL -DINTLMSG_CODEPAGE=1252 -FAsc -Faobj\ARMV4I\retail\twl_access.cod -WX -QRimplicit-import- -Zi  -Zc:wchar_t- -Zc:forScope- -wd4867 -wd4430 -MT -U_MT -W4    /GR- -QRarch4T -DTHUMBSUPPORT -QRinterwork-return  /GS C:\WINCE600\PLATFORM\COMMON\SRC\SOC\COMMON_TI_V1\TRITON\TWL\DEVICE\.\twl_access.c
BUILD: [01:0000000038:INFO  ] twl_access.c
BUILD: [00:0000000039:INFO  ] Will Build C:\WINCE600\PLATFORM\COMMON\SRC\SOC\COMMON_TI_V1\TRITON\TWL\OAL\obj\ARMV4I\retail\twl_access.obj because target: C:\WINCE600\platform\common\lib\ARMV4I\retail\triton_oal.lib is missing.
BUILD: [00:0000000040:INFO  ] Will Build C:\WINCE600\PLATFORM\COMMON\SRC\SOC\COMMON_TI_V1\TRITON\TWL\OAL\ because target: C:\WINCE600\platform\common\lib\ARMV4I\retail\triton_oal.lib is missing.
BUILD: [00:0000000041:PROGC ] Building LIB Pass in C:\WINCE600\PLATFORM\COMMON\SRC\SOC\COMMON_TI_V1\TRITON\TWL\OAL\ directory.
BUILD: [00:0000000042:PROG  ] 'NMAKE.EXE TargetLibFiles  -i -c BUILDMSG=Stop.  BUILDROOT=C:\WINCE600\PLATFORM\COMMON CLEANBUILD=1 LINKONLY=1 NOPASS0=1'
BUILD: [01:0000000043:INFO  ] makefile.def: Including C:\WINCE600\public\common\oak\misc\Sources.default
BUILD: [01:0000000044:INFO  ] makefile.def: BUILDROOT is C:\WINCE600\PLATFORM\COMMON
BUILD: [01:0000000045:INFO  ] makefile.def: Including C:\WINCE600\PLATFORM\COMMON\sources.cmn
BUILD: [01:0000000046:INFO  ] makefile.def: Including C:\WINCE600\PLATFORM\COMMON\SRC\SOC\COMMON_TI_V1\TRITON\TWL\OAL\sources
BUILD: [01:0000000047:INFO  ] makefile.def: Including C:\WINCE600\public\common\oak\misc\Sources.CE
BUILD: [01:0000000048:INFO  ] Directory: C:\WINCE600\PLATFORM\COMMON\SRC\SOC\COMMON_TI_V1\TRITON\TWL\OAL
BUILD: [01:0000000049:INFO  ] TARGETNAME: triton_oal
BUILD: [01:0000000050:INFO  ] makefile.def: Including C:\WINCE600\public\common\oak\misc\sources.ReleaseType_PLATFORMCOMMON
BUILD: [01:0000000051:PROGC ] Linking C:\WINCE600\platform\common\lib\ARMV4I\retail\triton_oal.lib
BUILD: [01:0000000052:INFO  ] 	link -lib -out:C:\WINCE600\platform\common\lib\ARMV4I\retail\triton_oal.lib -machine:thumb @C:\DOCUME~1\brian.hsu\LOCALS~1\Temp\nmAA2.tmp
BUILD: [00:0000000053:INFO  ] Will Build C:\WINCE600\PLATFORM\COMMON\SRC\SOC\COMMON_TI_V1\TRITON\TWL\DEVICE\obj\ARMV4I\retail\twl_access.obj because target: C:\WINCE600\platform\common\lib\ARMV4I\retail\triton_device.lib is missing.
BUILD: [00:0000000054:INFO  ] Will Build C:\WINCE600\PLATFORM\COMMON\SRC\SOC\COMMON_TI_V1\TRITON\TWL\DEVICE\ because target: C:\WINCE600\platform\common\lib\ARMV4I\retail\triton_device.lib is missing.
BUILD: [00:0000000055:PROGC ] Building LIB Pass in C:\WINCE600\PLATFORM\COMMON\SRC\SOC\COMMON_TI_V1\TRITON\TWL\DEVICE\ directory.
BUILD: [00:0000000056:PROG  ] 'NMAKE.EXE TargetLibFiles  -i -c BUILDMSG=Stop.  BUILDROOT=C:\WINCE600\PLATFORM\COMMON CLEANBUILD=1 LINKONLY=1 NOPASS0=1'
BUILD: [01:0000000057:INFO  ] makefile.def: Including C:\WINCE600\public\common\oak\misc\Sources.default
BUILD: [01:0000000058:INFO  ] makefile.def: BUILDROOT is C:\WINCE600\PLATFORM\COMMON
BUILD: [01:0000000059:INFO  ] makefile.def: Including C:\WINCE600\PLATFORM\COMMON\sources.cmn
BUILD: [01:0000000060:INFO  ] makefile.def: Including C:\WINCE600\PLATFORM\COMMON\SRC\SOC\COMMON_TI_V1\TRITON\TWL\DEVICE\sources
BUILD: [01:0000000061:INFO  ] makefile.def: Including C:\WINCE600\public\common\oak\misc\Sources.CE
BUILD: [01:0000000062:INFO  ] Directory: C:\WINCE600\PLATFORM\COMMON\SRC\SOC\COMMON_TI_V1\TRITON\TWL\DEVICE
BUILD: [01:0000000063:INFO  ] TARGETNAME: triton_device
BUILD: [01:0000000064:INFO  ] makefile.def: Including C:\WINCE600\public\common\oak\misc\sources.ReleaseType_PLATFORMCOMMON
BUILD: [01:0000000065:PROGC ] Linking C:\WINCE600\platform\common\lib\ARMV4I\retail\triton_device.lib
BUILD: [01:0000000066:INFO  ] 	link -lib -out:C:\WINCE600\platform\common\lib\ARMV4I\retail\triton_device.lib -machine:thumb @C:\DOCUME~1\brian.hsu\LOCALS~1\Temp\nmAA3.tmp
BUILD: [00:0000000067:PROGC ] Saving C:\WINCE600\PLATFORM\COMMON\Build.dat.
BUILD: [00:0000000068:INFO  ] Done.
BUILD: [00:0000000069:PROGC ] Done.
BUILD: [00:0000000070:PROGC ]                        Files  Warnings  Errors
BUILD: [00:0000000071:PROGC ] Midl                       0         0       0
BUILD: [00:0000000072:PROGC ] Message                    0         0       0
BUILD: [00:0000000073:PROGC ] Precomp Header             0         0       0
BUILD: [00:0000000074:PROGC ] Resource                   0         0       0
BUILD: [00:0000000075:PROGC ] MASM                       0         0       0
BUILD: [00:0000000076:PROGC ] SHASM                      0         0       0
BUILD: [00:0000000077:PROGC ] ARMASM                     0         0       0
BUILD: [00:0000000078:PROGC ] MIPSASM                    0         0       0
BUILD: [00:0000000079:PROGC ] C++                        0         0       0
BUILD: [00:0000000080:PROGC ] C                          2         0       0
BUILD: [00:0000000081:PROGC ] Static Libraries           2         0       0
BUILD: [00:0000000082:PROGC ] Exe's                      0         0       0
BUILD: [00:0000000083:PROGC ] Dll's                      0         0       0
BUILD: [00:0000000084:PROGC ] Preprocess deffile         0         0       0
BUILD: [00:0000000085:PROGC ] Resx                       0         0       0
BUILD: [00:0000000086:PROGC ] CSharp Compile             0         0       0
BUILD: [00:0000000087:PROGC ] Other                      0         0       0
BUILD: [00:0000000088:PROGC ] 
BUILD: [00:0000000089:PROGC ] Total                      4         0       0
BUILD: [00:0000000090:PROGC ] 
BUILD: [00:0000000091:PROGC ] 0 Warnings,  0 Errors
BUILD: [00:0000000092:PROGC ] GetSystemTimes (seconds): Idle: 6     Kernel: 7     User: 1    
BUILD: [00:0000000093:PROGC ] Elapsed  time  (seconds): 2    
